Analysis done on: 
Wed Jul 21 08:17:38 CDT 2021
+ crom=/home/a-m/azzaea/software/wdl/cromwell-63.jar
+ resultsDir=cwl.cromwell
+ logsDir=cwl.cromwell/logs
+ ymlsDir=cwl.cromwell/logs/ymls
+ hostsDir=' cwl.cromwell/hosts'
+ mkdir -p cwl.cromwell cwl.cromwell/logs cwl.cromwell/logs/ymls cwl.cromwell/hosts
+ progress=cwl.cromwell/logs/progress_bioinfoScaling.txt
+ echo 'Starting BioInfo Scalability Analysis'
+ echo '##############################################################################################'
+ java -jar /home/a-m/azzaea/software/wdl/cromwell-63.jar --version
+ echo '##############################################################################################'
+ ifstat -t -T -n -w
ifstat: invalid time constant divisor
+ log1=cwl.cromwell/logs/bioinfoScaling_processes-1_host.txt
+ log2=cwl.cromwell/logs/bioinfoScaling_processes-2_host.txt
+ tee -a cwl.cromwell/logs/bioinfoScaling_processes-1_host.txt cwl.cromwell/logs/bioinfoScaling_processes-2_host.txt
+ echo cores,tasks,user,system,elapsed,cpu,avMemory,involuntaryContextSwitch,voluntaryContextSwitch,faults,inputs,outputs,socketsIn,socketsOut,exitStatus
cores,tasks,user,system,elapsed,cpu,avMemory,involuntaryContextSwitch,voluntaryContextSwitch,faults,inputs,outputs,socketsIn,socketsOut,exitStatus
+ ymlinput=cwl.cromwell/logs/ymls/host_process_workflow
+ cat host_process_workflow.yml.tmpl
+ for line in '{1..10}'
++ sed -n 1p
++ cat cores.txt
+ cores=1
+ tasks=1
+ tee -a cwl.cromwell/logs/bioinfoScaling_processes-1_host.txt cwl.cromwell/logs/bioinfoScaling_processes-2_host.txt
+ echo -n 1,1,
1,1,+ sed s/NTASKS/1/ cwl.cromwell/logs/ymls/host_process_workflow
+ sed -i s/LOG1/host1_tasks1.txt/ cwl.cromwell/logs/ymls/host_process_workflow.1.yml
+ sed -i s/LOG2/host2_tasks1.txt/ cwl.cromwell/logs/ymls/host_process_workflow.1.yml
+ sed s/CORES/1/ backend.conf
+ /usr/bin/time --format %U,%S,%e,%P,%K,%c,%w,%F,%I,%O,%r,%s,%x --append --output cwl.cromwell/logs/bioinfoScaling_processes-1_host.txt java -Dconfig.file=cwl.cromwell/logs/ymls/backend.conf.1 -jar /home/a-m/azzaea/software/wdl/cromwell-63.jar run host_process.cwl -i cwl.cromwell/logs/ymls/host_process_workflow.1.yml --type cwl -o workflow.options.json
WARNING: An illegal reflective access operation has occurred
WARNING: Illegal reflective access by org.python.core.PySystemState (file:/home/a-m/azzaea/software/wdl/cromwell-63.jar) to method java.io.Console.encoding()
WARNING: Please consider reporting this to the maintainers of org.python.core.PySystemState
WARNING: Use --illegal-access=warn to enable warnings of further illegal reflective access operations
WARNING: All illegal access operations will be denied in a future release
Workflow 06a4e984-d299-4b3d-b121-7995cf4a1b27 transitioned to state Failed
+ /usr/bin/time --format %U,%S,%e,%P,%K,%c,%w,%F,%I,%O,%r,%s,%x --append --output cwl.cromwell/logs/bioinfoScaling_processes-2_host.txt java -Dconfig.file=cwl.cromwell/logs/ymls/backend.conf.1 -jar /home/a-m/azzaea/software/wdl/cromwell-63.jar run host_workflow.cwl -i cwl.cromwell/logs/ymls/host_process_workflow.1.yml --type cwl -o workflow.options.json
WARNING: An illegal reflective access operation has occurred
WARNING: Illegal reflective access by org.python.core.PySystemState (file:/home/a-m/azzaea/software/wdl/cromwell-63.jar) to method java.io.Console.encoding()
WARNING: Please consider reporting this to the maintainers of org.python.core.PySystemState
WARNING: Use --illegal-access=warn to enable warnings of further illegal reflective access operations
WARNING: All illegal access operations will be denied in a future release
Workflow e7a2979d-fca6-45da-b119-b162394c4501 transitioned to state Failed
+ echo -e 'Done processing * 1 * tasks, on * 1 * cores'
+ for line in '{1..10}'
++ sed -n 2p
++ cat cores.txt
+ cores=2
+ tasks=2
+ tee -a cwl.cromwell/logs/bioinfoScaling_processes-1_host.txt cwl.cromwell/logs/bioinfoScaling_processes-2_host.txt
+ echo -n 2,2,
2,2,+ sed s/NTASKS/2/ cwl.cromwell/logs/ymls/host_process_workflow
+ sed -i s/LOG1/host1_tasks2.txt/ cwl.cromwell/logs/ymls/host_process_workflow.2.yml
+ sed -i s/LOG2/host2_tasks2.txt/ cwl.cromwell/logs/ymls/host_process_workflow.2.yml
+ sed s/CORES/2/ backend.conf
+ /usr/bin/time --format %U,%S,%e,%P,%K,%c,%w,%F,%I,%O,%r,%s,%x --append --output cwl.cromwell/logs/bioinfoScaling_processes-1_host.txt java -Dconfig.file=cwl.cromwell/logs/ymls/backend.conf.2 -jar /home/a-m/azzaea/software/wdl/cromwell-63.jar run host_process.cwl -i cwl.cromwell/logs/ymls/host_process_workflow.2.yml --type cwl -o workflow.options.json
WARNING: An illegal reflective access operation has occurred
WARNING: Illegal reflective access by org.python.core.PySystemState (file:/home/a-m/azzaea/software/wdl/cromwell-63.jar) to method java.io.Console.encoding()
WARNING: Please consider reporting this to the maintainers of org.python.core.PySystemState
WARNING: Use --illegal-access=warn to enable warnings of further illegal reflective access operations
WARNING: All illegal access operations will be denied in a future release
Workflow caa20476-a530-4e7c-9e45-098ffbf91dcb transitioned to state Failed
+ /usr/bin/time --format %U,%S,%e,%P,%K,%c,%w,%F,%I,%O,%r,%s,%x --append --output cwl.cromwell/logs/bioinfoScaling_processes-2_host.txt java -Dconfig.file=cwl.cromwell/logs/ymls/backend.conf.2 -jar /home/a-m/azzaea/software/wdl/cromwell-63.jar run host_workflow.cwl -i cwl.cromwell/logs/ymls/host_process_workflow.2.yml --type cwl -o workflow.options.json
WARNING: An illegal reflective access operation has occurred
WARNING: Illegal reflective access by org.python.core.PySystemState (file:/home/a-m/azzaea/software/wdl/cromwell-63.jar) to method java.io.Console.encoding()
WARNING: Please consider reporting this to the maintainers of org.python.core.PySystemState
WARNING: Use --illegal-access=warn to enable warnings of further illegal reflective access operations
WARNING: All illegal access operations will be denied in a future release
Workflow 30085989-e220-4d55-a479-4011f8eee68f transitioned to state Failed
+ echo -e 'Done processing * 2 * tasks, on * 2 * cores'
+ for line in '{1..10}'
++ sed -n 3p
++ cat cores.txt
+ cores=4
+ tasks=4
+ tee -a cwl.cromwell/logs/bioinfoScaling_processes-1_host.txt cwl.cromwell/logs/bioinfoScaling_processes-2_host.txt
+ echo -n 4,4,
4,4,+ sed s/NTASKS/4/ cwl.cromwell/logs/ymls/host_process_workflow
+ sed -i s/LOG1/host1_tasks4.txt/ cwl.cromwell/logs/ymls/host_process_workflow.4.yml
+ sed -i s/LOG2/host2_tasks4.txt/ cwl.cromwell/logs/ymls/host_process_workflow.4.yml
+ sed s/CORES/4/ backend.conf
+ /usr/bin/time --format %U,%S,%e,%P,%K,%c,%w,%F,%I,%O,%r,%s,%x --append --output cwl.cromwell/logs/bioinfoScaling_processes-1_host.txt java -Dconfig.file=cwl.cromwell/logs/ymls/backend.conf.4 -jar /home/a-m/azzaea/software/wdl/cromwell-63.jar run host_process.cwl -i cwl.cromwell/logs/ymls/host_process_workflow.4.yml --type cwl -o workflow.options.json
WARNING: An illegal reflective access operation has occurred
WARNING: Illegal reflective access by org.python.core.PySystemState (file:/home/a-m/azzaea/software/wdl/cromwell-63.jar) to method java.io.Console.encoding()
WARNING: Please consider reporting this to the maintainers of org.python.core.PySystemState
WARNING: Use --illegal-access=warn to enable warnings of further illegal reflective access operations
WARNING: All illegal access operations will be denied in a future release
Workflow 690316c2-b6c5-420c-9712-1ad27e2ce50f transitioned to state Failed
+ /usr/bin/time --format %U,%S,%e,%P,%K,%c,%w,%F,%I,%O,%r,%s,%x --append --output cwl.cromwell/logs/bioinfoScaling_processes-2_host.txt java -Dconfig.file=cwl.cromwell/logs/ymls/backend.conf.4 -jar /home/a-m/azzaea/software/wdl/cromwell-63.jar run host_workflow.cwl -i cwl.cromwell/logs/ymls/host_process_workflow.4.yml --type cwl -o workflow.options.json
WARNING: An illegal reflective access operation has occurred
WARNING: Illegal reflective access by org.python.core.PySystemState (file:/home/a-m/azzaea/software/wdl/cromwell-63.jar) to method java.io.Console.encoding()
WARNING: Please consider reporting this to the maintainers of org.python.core.PySystemState
WARNING: Use --illegal-access=warn to enable warnings of further illegal reflective access operations
WARNING: All illegal access operations will be denied in a future release
Workflow 19a8c19b-55d4-4a3e-a4d2-000cd91bd2ae transitioned to state Failed
+ echo -e 'Done processing * 4 * tasks, on * 4 * cores'
+ for line in '{1..10}'
++ sed -n 4p
++ cat cores.txt
+ cores=8
+ tasks=8
+ tee -a cwl.cromwell/logs/bioinfoScaling_processes-1_host.txt cwl.cromwell/logs/bioinfoScaling_processes-2_host.txt
+ echo -n 8,8,
8,8,+ sed s/NTASKS/8/ cwl.cromwell/logs/ymls/host_process_workflow
+ sed -i s/LOG1/host1_tasks8.txt/ cwl.cromwell/logs/ymls/host_process_workflow.8.yml
+ sed -i s/LOG2/host2_tasks8.txt/ cwl.cromwell/logs/ymls/host_process_workflow.8.yml
+ sed s/CORES/8/ backend.conf
+ /usr/bin/time --format %U,%S,%e,%P,%K,%c,%w,%F,%I,%O,%r,%s,%x --append --output cwl.cromwell/logs/bioinfoScaling_processes-1_host.txt java -Dconfig.file=cwl.cromwell/logs/ymls/backend.conf.8 -jar /home/a-m/azzaea/software/wdl/cromwell-63.jar run host_process.cwl -i cwl.cromwell/logs/ymls/host_process_workflow.8.yml --type cwl -o workflow.options.json
WARNING: An illegal reflective access operation has occurred
WARNING: Illegal reflective access by org.python.core.PySystemState (file:/home/a-m/azzaea/software/wdl/cromwell-63.jar) to method java.io.Console.encoding()
WARNING: Please consider reporting this to the maintainers of org.python.core.PySystemState
WARNING: Use --illegal-access=warn to enable warnings of further illegal reflective access operations
WARNING: All illegal access operations will be denied in a future release
Workflow 4fb11191-ef96-455e-820e-ef945b961d2c transitioned to state Failed
+ /usr/bin/time --format %U,%S,%e,%P,%K,%c,%w,%F,%I,%O,%r,%s,%x --append --output cwl.cromwell/logs/bioinfoScaling_processes-2_host.txt java -Dconfig.file=cwl.cromwell/logs/ymls/backend.conf.8 -jar /home/a-m/azzaea/software/wdl/cromwell-63.jar run host_workflow.cwl -i cwl.cromwell/logs/ymls/host_process_workflow.8.yml --type cwl -o workflow.options.json
WARNING: An illegal reflective access operation has occurred
WARNING: Illegal reflective access by org.python.core.PySystemState (file:/home/a-m/azzaea/software/wdl/cromwell-63.jar) to method java.io.Console.encoding()
WARNING: Please consider reporting this to the maintainers of org.python.core.PySystemState
WARNING: Use --illegal-access=warn to enable warnings of further illegal reflective access operations
WARNING: All illegal access operations will be denied in a future release
Workflow af427b84-a878-468c-9409-5dd7ffa1801c transitioned to state Failed
+ echo -e 'Done processing * 8 * tasks, on * 8 * cores'
+ for line in '{1..10}'
++ sed -n 5p
++ cat cores.txt
+ cores=16
+ tasks=16
+ tee -a cwl.cromwell/logs/bioinfoScaling_processes-1_host.txt cwl.cromwell/logs/bioinfoScaling_processes-2_host.txt
+ echo -n 16,16,
16,16,+ sed s/NTASKS/16/ cwl.cromwell/logs/ymls/host_process_workflow
+ sed -i s/LOG1/host1_tasks16.txt/ cwl.cromwell/logs/ymls/host_process_workflow.16.yml
+ sed -i s/LOG2/host2_tasks16.txt/ cwl.cromwell/logs/ymls/host_process_workflow.16.yml
+ sed s/CORES/16/ backend.conf
+ /usr/bin/time --format %U,%S,%e,%P,%K,%c,%w,%F,%I,%O,%r,%s,%x --append --output cwl.cromwell/logs/bioinfoScaling_processes-1_host.txt java -Dconfig.file=cwl.cromwell/logs/ymls/backend.conf.16 -jar /home/a-m/azzaea/software/wdl/cromwell-63.jar run host_process.cwl -i cwl.cromwell/logs/ymls/host_process_workflow.16.yml --type cwl -o workflow.options.json
WARNING: An illegal reflective access operation has occurred
WARNING: Illegal reflective access by org.python.core.PySystemState (file:/home/a-m/azzaea/software/wdl/cromwell-63.jar) to method java.io.Console.encoding()
WARNING: Please consider reporting this to the maintainers of org.python.core.PySystemState
WARNING: Use --illegal-access=warn to enable warnings of further illegal reflective access operations
WARNING: All illegal access operations will be denied in a future release
Workflow d0c73b9d-e1e4-4f92-8389-7c4931ce2bd7 transitioned to state Failed
+ /usr/bin/time --format %U,%S,%e,%P,%K,%c,%w,%F,%I,%O,%r,%s,%x --append --output cwl.cromwell/logs/bioinfoScaling_processes-2_host.txt java -Dconfig.file=cwl.cromwell/logs/ymls/backend.conf.16 -jar /home/a-m/azzaea/software/wdl/cromwell-63.jar run host_workflow.cwl -i cwl.cromwell/logs/ymls/host_process_workflow.16.yml --type cwl -o workflow.options.json
WARNING: An illegal reflective access operation has occurred
WARNING: Illegal reflective access by org.python.core.PySystemState (file:/home/a-m/azzaea/software/wdl/cromwell-63.jar) to method java.io.Console.encoding()
WARNING: Please consider reporting this to the maintainers of org.python.core.PySystemState
WARNING: Use --illegal-access=warn to enable warnings of further illegal reflective access operations
WARNING: All illegal access operations will be denied in a future release
Workflow 1172524f-e21e-41be-bb18-ce2debfc037b transitioned to state Failed
+ echo -e 'Done processing * 16 * tasks, on * 16 * cores'
+ for line in '{1..10}'
++ sed -n 6p
++ cat cores.txt
+ cores=32
+ tasks=32
+ tee -a cwl.cromwell/logs/bioinfoScaling_processes-1_host.txt cwl.cromwell/logs/bioinfoScaling_processes-2_host.txt
+ echo -n 32,32,
32,32,+ sed s/NTASKS/32/ cwl.cromwell/logs/ymls/host_process_workflow
+ sed -i s/LOG1/host1_tasks32.txt/ cwl.cromwell/logs/ymls/host_process_workflow.32.yml
+ sed -i s/LOG2/host2_tasks32.txt/ cwl.cromwell/logs/ymls/host_process_workflow.32.yml
+ sed s/CORES/32/ backend.conf
+ /usr/bin/time --format %U,%S,%e,%P,%K,%c,%w,%F,%I,%O,%r,%s,%x --append --output cwl.cromwell/logs/bioinfoScaling_processes-1_host.txt java -Dconfig.file=cwl.cromwell/logs/ymls/backend.conf.32 -jar /home/a-m/azzaea/software/wdl/cromwell-63.jar run host_process.cwl -i cwl.cromwell/logs/ymls/host_process_workflow.32.yml --type cwl -o workflow.options.json
WARNING: An illegal reflective access operation has occurred
WARNING: Illegal reflective access by org.python.core.PySystemState (file:/home/a-m/azzaea/software/wdl/cromwell-63.jar) to method java.io.Console.encoding()
WARNING: Please consider reporting this to the maintainers of org.python.core.PySystemState
WARNING: Use --illegal-access=warn to enable warnings of further illegal reflective access operations
WARNING: All illegal access operations will be denied in a future release
Workflow c3f4e674-32c2-4893-8f30-27667d45ea6b transitioned to state Failed
+ /usr/bin/time --format %U,%S,%e,%P,%K,%c,%w,%F,%I,%O,%r,%s,%x --append --output cwl.cromwell/logs/bioinfoScaling_processes-2_host.txt java -Dconfig.file=cwl.cromwell/logs/ymls/backend.conf.32 -jar /home/a-m/azzaea/software/wdl/cromwell-63.jar run host_workflow.cwl -i cwl.cromwell/logs/ymls/host_process_workflow.32.yml --type cwl -o workflow.options.json
WARNING: An illegal reflective access operation has occurred
WARNING: Illegal reflective access by org.python.core.PySystemState (file:/home/a-m/azzaea/software/wdl/cromwell-63.jar) to method java.io.Console.encoding()
WARNING: Please consider reporting this to the maintainers of org.python.core.PySystemState
WARNING: Use --illegal-access=warn to enable warnings of further illegal reflective access operations
WARNING: All illegal access operations will be denied in a future release
Workflow dbd5d709-0fed-4cd5-a4b0-086dbed80c4c transitioned to state Failed
+ echo -e 'Done processing * 32 * tasks, on * 32 * cores'
+ for line in '{1..10}'
++ sed -n 7p
++ cat cores.txt
+ cores=64
+ tasks=64
+ tee -a cwl.cromwell/logs/bioinfoScaling_processes-1_host.txt cwl.cromwell/logs/bioinfoScaling_processes-2_host.txt
+ echo -n 64,64,
64,64,+ sed s/NTASKS/64/ cwl.cromwell/logs/ymls/host_process_workflow
+ sed -i s/LOG1/host1_tasks64.txt/ cwl.cromwell/logs/ymls/host_process_workflow.64.yml
+ sed -i s/LOG2/host2_tasks64.txt/ cwl.cromwell/logs/ymls/host_process_workflow.64.yml
+ sed s/CORES/64/ backend.conf
+ /usr/bin/time --format %U,%S,%e,%P,%K,%c,%w,%F,%I,%O,%r,%s,%x --append --output cwl.cromwell/logs/bioinfoScaling_processes-1_host.txt java -Dconfig.file=cwl.cromwell/logs/ymls/backend.conf.64 -jar /home/a-m/azzaea/software/wdl/cromwell-63.jar run host_process.cwl -i cwl.cromwell/logs/ymls/host_process_workflow.64.yml --type cwl -o workflow.options.json
WARNING: An illegal reflective access operation has occurred
WARNING: Illegal reflective access by org.python.core.PySystemState (file:/home/a-m/azzaea/software/wdl/cromwell-63.jar) to method java.io.Console.encoding()
WARNING: Please consider reporting this to the maintainers of org.python.core.PySystemState
WARNING: Use --illegal-access=warn to enable warnings of further illegal reflective access operations
WARNING: All illegal access operations will be denied in a future release
Workflow 0ca61cc5-726e-4b7e-80ea-41079dda2065 transitioned to state Failed
+ /usr/bin/time --format %U,%S,%e,%P,%K,%c,%w,%F,%I,%O,%r,%s,%x --append --output cwl.cromwell/logs/bioinfoScaling_processes-2_host.txt java -Dconfig.file=cwl.cromwell/logs/ymls/backend.conf.64 -jar /home/a-m/azzaea/software/wdl/cromwell-63.jar run host_workflow.cwl -i cwl.cromwell/logs/ymls/host_process_workflow.64.yml --type cwl -o workflow.options.json
WARNING: An illegal reflective access operation has occurred
WARNING: Illegal reflective access by org.python.core.PySystemState (file:/home/a-m/azzaea/software/wdl/cromwell-63.jar) to method java.io.Console.encoding()
WARNING: Please consider reporting this to the maintainers of org.python.core.PySystemState
WARNING: Use --illegal-access=warn to enable warnings of further illegal reflective access operations
WARNING: All illegal access operations will be denied in a future release
Workflow 4b69f895-e63c-4281-9629-121cf661ee53 transitioned to state Failed
+ echo -e 'Done processing * 64 * tasks, on * 64 * cores'
+ for line in '{1..10}'
++ sed -n 8p
++ cat cores.txt
+ cores=128
+ tasks=128
+ tee -a cwl.cromwell/logs/bioinfoScaling_processes-1_host.txt cwl.cromwell/logs/bioinfoScaling_processes-2_host.txt
+ echo -n 128,128,
128,128,+ sed s/NTASKS/128/ cwl.cromwell/logs/ymls/host_process_workflow
+ sed -i s/LOG1/host1_tasks128.txt/ cwl.cromwell/logs/ymls/host_process_workflow.128.yml
+ sed -i s/LOG2/host2_tasks128.txt/ cwl.cromwell/logs/ymls/host_process_workflow.128.yml
+ sed s/CORES/128/ backend.conf
+ /usr/bin/time --format %U,%S,%e,%P,%K,%c,%w,%F,%I,%O,%r,%s,%x --append --output cwl.cromwell/logs/bioinfoScaling_processes-1_host.txt java -Dconfig.file=cwl.cromwell/logs/ymls/backend.conf.128 -jar /home/a-m/azzaea/software/wdl/cromwell-63.jar run host_process.cwl -i cwl.cromwell/logs/ymls/host_process_workflow.128.yml --type cwl -o workflow.options.json
WARNING: An illegal reflective access operation has occurred
WARNING: Illegal reflective access by org.python.core.PySystemState (file:/home/a-m/azzaea/software/wdl/cromwell-63.jar) to method java.io.Console.encoding()
WARNING: Please consider reporting this to the maintainers of org.python.core.PySystemState
WARNING: Use --illegal-access=warn to enable warnings of further illegal reflective access operations
WARNING: All illegal access operations will be denied in a future release
Workflow d7d59312-58d4-4e9e-ace7-9acf718781e6 transitioned to state Failed
+ /usr/bin/time --format %U,%S,%e,%P,%K,%c,%w,%F,%I,%O,%r,%s,%x --append --output cwl.cromwell/logs/bioinfoScaling_processes-2_host.txt java -Dconfig.file=cwl.cromwell/logs/ymls/backend.conf.128 -jar /home/a-m/azzaea/software/wdl/cromwell-63.jar run host_workflow.cwl -i cwl.cromwell/logs/ymls/host_process_workflow.128.yml --type cwl -o workflow.options.json
WARNING: An illegal reflective access operation has occurred
WARNING: Illegal reflective access by org.python.core.PySystemState (file:/home/a-m/azzaea/software/wdl/cromwell-63.jar) to method java.io.Console.encoding()
WARNING: Please consider reporting this to the maintainers of org.python.core.PySystemState
WARNING: Use --illegal-access=warn to enable warnings of further illegal reflective access operations
WARNING: All illegal access operations will be denied in a future release
Workflow e2f3e5e5-3a12-4d57-b874-05a4b2899ee7 transitioned to state Failed
+ echo -e 'Done processing * 128 * tasks, on * 128 * cores'
+ for line in '{1..10}'
++ sed -n 9p
++ cat cores.txt
+ cores=256
+ tasks=256
+ tee -a cwl.cromwell/logs/bioinfoScaling_processes-1_host.txt cwl.cromwell/logs/bioinfoScaling_processes-2_host.txt
+ echo -n 256,256,
256,256,+ sed s/NTASKS/256/ cwl.cromwell/logs/ymls/host_process_workflow
+ sed -i s/LOG1/host1_tasks256.txt/ cwl.cromwell/logs/ymls/host_process_workflow.256.yml
+ sed -i s/LOG2/host2_tasks256.txt/ cwl.cromwell/logs/ymls/host_process_workflow.256.yml
+ sed s/CORES/256/ backend.conf
+ /usr/bin/time --format %U,%S,%e,%P,%K,%c,%w,%F,%I,%O,%r,%s,%x --append --output cwl.cromwell/logs/bioinfoScaling_processes-1_host.txt java -Dconfig.file=cwl.cromwell/logs/ymls/backend.conf.256 -jar /home/a-m/azzaea/software/wdl/cromwell-63.jar run host_process.cwl -i cwl.cromwell/logs/ymls/host_process_workflow.256.yml --type cwl -o workflow.options.json
WARNING: An illegal reflective access operation has occurred
WARNING: Illegal reflective access by org.python.core.PySystemState (file:/home/a-m/azzaea/software/wdl/cromwell-63.jar) to method java.io.Console.encoding()
WARNING: Please consider reporting this to the maintainers of org.python.core.PySystemState
WARNING: Use --illegal-access=warn to enable warnings of further illegal reflective access operations
WARNING: All illegal access operations will be denied in a future release
Workflow eeb50cee-8da7-4923-8c44-6f1ff4eb7d82 transitioned to state Failed
+ /usr/bin/time --format %U,%S,%e,%P,%K,%c,%w,%F,%I,%O,%r,%s,%x --append --output cwl.cromwell/logs/bioinfoScaling_processes-2_host.txt java -Dconfig.file=cwl.cromwell/logs/ymls/backend.conf.256 -jar /home/a-m/azzaea/software/wdl/cromwell-63.jar run host_workflow.cwl -i cwl.cromwell/logs/ymls/host_process_workflow.256.yml --type cwl -o workflow.options.json
WARNING: An illegal reflective access operation has occurred
WARNING: Illegal reflective access by org.python.core.PySystemState (file:/home/a-m/azzaea/software/wdl/cromwell-63.jar) to method java.io.Console.encoding()
WARNING: Please consider reporting this to the maintainers of org.python.core.PySystemState
WARNING: Use --illegal-access=warn to enable warnings of further illegal reflective access operations
WARNING: All illegal access operations will be denied in a future release
Workflow ef6608da-7b81-459f-af00-7702d483984d transitioned to state Failed
+ echo -e 'Done processing * 256 * tasks, on * 256 * cores'
+ for line in '{1..10}'
++ sed -n 10p
++ cat cores.txt
+ cores=512
+ tasks=512
+ tee -a cwl.cromwell/logs/bioinfoScaling_processes-1_host.txt cwl.cromwell/logs/bioinfoScaling_processes-2_host.txt
+ echo -n 512,512,
512,512,+ sed s/NTASKS/512/ cwl.cromwell/logs/ymls/host_process_workflow
+ sed -i s/LOG1/host1_tasks512.txt/ cwl.cromwell/logs/ymls/host_process_workflow.512.yml
+ sed -i s/LOG2/host2_tasks512.txt/ cwl.cromwell/logs/ymls/host_process_workflow.512.yml
+ sed s/CORES/512/ backend.conf
+ /usr/bin/time --format %U,%S,%e,%P,%K,%c,%w,%F,%I,%O,%r,%s,%x --append --output cwl.cromwell/logs/bioinfoScaling_processes-1_host.txt java -Dconfig.file=cwl.cromwell/logs/ymls/backend.conf.512 -jar /home/a-m/azzaea/software/wdl/cromwell-63.jar run host_process.cwl -i cwl.cromwell/logs/ymls/host_process_workflow.512.yml --type cwl -o workflow.options.json
WARNING: An illegal reflective access operation has occurred
WARNING: Illegal reflective access by org.python.core.PySystemState (file:/home/a-m/azzaea/software/wdl/cromwell-63.jar) to method java.io.Console.encoding()
WARNING: Please consider reporting this to the maintainers of org.python.core.PySystemState
WARNING: Use --illegal-access=warn to enable warnings of further illegal reflective access operations
WARNING: All illegal access operations will be denied in a future release
Workflow 5e5b2ab6-a4f8-412f-aca7-665b1c12e7bb transitioned to state Failed
+ /usr/bin/time --format %U,%S,%e,%P,%K,%c,%w,%F,%I,%O,%r,%s,%x --append --output cwl.cromwell/logs/bioinfoScaling_processes-2_host.txt java -Dconfig.file=cwl.cromwell/logs/ymls/backend.conf.512 -jar /home/a-m/azzaea/software/wdl/cromwell-63.jar run host_workflow.cwl -i cwl.cromwell/logs/ymls/host_process_workflow.512.yml --type cwl -o workflow.options.json
WARNING: An illegal reflective access operation has occurred
WARNING: Illegal reflective access by org.python.core.PySystemState (file:/home/a-m/azzaea/software/wdl/cromwell-63.jar) to method java.io.Console.encoding()
WARNING: Please consider reporting this to the maintainers of org.python.core.PySystemState
WARNING: Use --illegal-access=warn to enable warnings of further illegal reflective access operations
WARNING: All illegal access operations will be denied in a future release
Workflow 89e50cbc-6db8-4a50-8be0-0c6c7cc25022 transitioned to state Failed
+ echo -e 'Done processing * 512 * tasks, on * 512 * cores'
+ echo '##############################################################################################'
+ cd cwl.cromwell/hosts
+ echo 'nodes processes tasks'
++ ls -1v
+ for file in '`ls -1v`'
++ wc -l
++ xargs cat
++ cut -d: -f2
++ cut -d, -f1
++ grep location host1_tasks1.txt
+ nodes=0
+ sed 's/_/ /g'
+ echo 0 host1_tasks1.txt
+ for file in '`ls -1v`'
++ wc -l
++ xargs cat
++ cut -d: -f2
++ cut -d, -f1
++ grep location host1_tasks2.txt
+ nodes=0
+ sed 's/_/ /g'
+ echo 0 host1_tasks2.txt
+ for file in '`ls -1v`'
++ wc -l
++ xargs cat
++ cut -d: -f2
++ cut -d, -f1
++ grep location host1_tasks4.txt
+ nodes=0
+ sed 's/_/ /g'
+ echo 0 host1_tasks4.txt
+ for file in '`ls -1v`'
++ wc -l
++ xargs cat
++ cut -d: -f2
++ cut -d, -f1
++ grep location host1_tasks8.txt
+ nodes=0
+ sed 's/_/ /g'
+ echo 0 host1_tasks8.txt
+ for file in '`ls -1v`'
++ wc -l
++ xargs cat
++ cut -d: -f2
++ cut -d, -f1
++ grep location host1_tasks16.txt
+ nodes=0
+ sed 's/_/ /g'
+ echo 0 host1_tasks16.txt
+ for file in '`ls -1v`'
++ wc -l
++ xargs cat
++ cut -d: -f2
++ cut -d, -f1
++ grep location host1_tasks32.txt
+ nodes=0
+ sed 's/_/ /g'
+ echo 0 host1_tasks32.txt
+ for file in '`ls -1v`'
++ wc -l
++ xargs cat
++ cut -d: -f2
++ cut -d, -f1
++ grep location host1_tasks64.txt
+ nodes=0
+ sed 's/_/ /g'
+ echo 0 host1_tasks64.txt
+ for file in '`ls -1v`'
++ wc -l
++ xargs cat
++ cut -d: -f2
++ cut -d, -f1
++ grep location host1_tasks128.txt
+ nodes=0
+ sed 's/_/ /g'
+ echo 0 host1_tasks128.txt
+ for file in '`ls -1v`'
++ wc -l
++ xargs cat
++ cut -d: -f2
++ cut -d, -f1
++ grep location host1_tasks256.txt
+ nodes=0
+ sed 's/_/ /g'
+ echo 0 host1_tasks256.txt
+ for file in '`ls -1v`'
++ wc -l
++ xargs cat
++ cut -d: -f2
++ cut -d, -f1
++ grep location host1_tasks512.txt
+ nodes=0
+ sed 's/_/ /g'
+ echo 0 host1_tasks512.txt
+ for file in '`ls -1v`'
++ wc -l
++ xargs cat
++ cut -d: -f2
++ cut -d, -f1
++ grep location host2_tasks1.txt
+ nodes=0
+ sed 's/_/ /g'
+ echo 0 host2_tasks1.txt
+ for file in '`ls -1v`'
++ wc -l
++ xargs cat
++ cut -d: -f2
++ cut -d, -f1
++ grep location host2_tasks2.txt
+ nodes=0
+ sed 's/_/ /g'
+ echo 0 host2_tasks2.txt
+ for file in '`ls -1v`'
++ wc -l
++ xargs cat
++ cut -d: -f2
++ cut -d, -f1
++ grep location host2_tasks4.txt
+ nodes=0
+ sed 's/_/ /g'
+ echo 0 host2_tasks4.txt
+ for file in '`ls -1v`'
++ wc -l
++ xargs cat
++ cut -d: -f2
++ cut -d, -f1
++ grep location host2_tasks8.txt
+ nodes=0
+ sed 's/_/ /g'
+ echo 0 host2_tasks8.txt
+ for file in '`ls -1v`'
++ wc -l
++ xargs cat
++ cut -d: -f2
++ cut -d, -f1
++ grep location host2_tasks16.txt
+ nodes=0
+ sed 's/_/ /g'
+ echo 0 host2_tasks16.txt
+ for file in '`ls -1v`'
++ wc -l
++ xargs cat
++ cut -d: -f2
++ cut -d, -f1
++ grep location host2_tasks32.txt
+ nodes=0
+ sed 's/_/ /g'
+ echo 0 host2_tasks32.txt
+ for file in '`ls -1v`'
++ wc -l
++ xargs cat
++ cut -d: -f2
++ cut -d, -f1
++ grep location host2_tasks64.txt
+ nodes=0
+ sed 's/_/ /g'
+ echo 0 host2_tasks64.txt
+ for file in '`ls -1v`'
++ wc -l
++ xargs cat
++ cut -d: -f2
++ cut -d, -f1
++ grep location host2_tasks128.txt
+ nodes=0
+ sed 's/_/ /g'
+ echo 0 host2_tasks128.txt
+ for file in '`ls -1v`'
++ wc -l
++ xargs cat
++ cut -d: -f2
++ cut -d, -f1
++ grep location host2_tasks256.txt
+ nodes=0
+ sed 's/_/ /g'
+ echo 0 host2_tasks256.txt
+ for file in '`ls -1v`'
++ wc -l
++ xargs cat
++ cut -d: -f2
++ cut -d, -f1
++ grep location host2_tasks512.txt
+ nodes=0
+ sed 's/_/ /g'
+ echo 0 host2_tasks512.txt
+ mail -s 'WfMS- Bio-Scalability' azzaea@gmail.com
+ echo 'Bio-Scalability analysis completed for CWL!'
