Analysis done on: 
Mon Jun 14 19:27:11 CDT 2021
+ nextflow=/home/a-m/azzaea/software/nextflow/21.04.1.5556
+ resultsDir=nf.nf
+ logsDir=nf.nf/logs
+ confsDir=nf.nf/logs/confs
+ hostsDir=nf.nf/hosts
+ mkdir -p nf.nf nf.nf/logs nf.nf/logs/confs nf.nf/hosts
+ progress=nf.nf/logs/progress_bioinfoScaling.txt
+ echo 'Starting BioInfo Scalability Analysis'
+ echo '##############################################################################################'
+ /home/a-m/azzaea/software/nextflow/21.04.1.5556 -v
+ echo '##############################################################################################'
+ ifstat -t -T -n -w
ifstat: invalid time constant divisor
+ log1=nf.nf/logs/bioinfoScaling_processes-1_host.txt
+ log2=nf.nf/logs/bioinfoScaling_processes-2_host.txt
+ tee -a nf.nf/logs/bioinfoScaling_processes-1_host.txt nf.nf/logs/bioinfoScaling_processes-2_host.txt
+ echo cores,tasks,user,system,elapsed,cpu,avMemory,involuntaryContextSwitch,voluntaryContextSwitch,faults,inputs,outputs,socketsIn,socketsOut,exitStatus
cores,tasks,user,system,elapsed,cpu,avMemory,involuntaryContextSwitch,voluntaryContextSwitch,faults,inputs,outputs,socketsIn,socketsOut,exitStatus
+ for line in '{1..10}'
++ sed -n 1p
++ cat cores.txt
+ cores=1
+ tasks=1
+ tee -a nf.nf/logs/bioinfoScaling_processes-1_host.txt nf.nf/logs/bioinfoScaling_processes-2_host.txt
+ echo -n 1,1,
1,1,+ sed s/CORES/1/ nextflow.config.tmpl
+ /usr/bin/time --format %U,%S,%e,%P,%K,%c,%w,%F,%I,%O,%r,%s,%x --append --output nf.nf/logs/bioinfoScaling_processes-1_host.txt /home/a-m/azzaea/software/nextflow/21.04.1.5556 run host_process.nf -c nf.nf/logs/confs/nextflow.config.1 -profile cluster --ntasks=1 --log=nf.nf/hosts/host1_tasks1.txt
N E X T F L O W  ~  version 21.04.1
Launching `host_process.nf` [deadly_tuckerman] - revision: b2ae3954f9
[-        ] process > host1 -

executor >  slurm (1)
[0c/ee3c7f] process > host1 (1) [  0%] 0 of 1

executor >  slurm (1)
[0c/ee3c7f] process > host1 (1) [100%] 1 of 1 ✔

executor >  slurm (1)
[0c/ee3c7f] process > host1 (1) [100%] 1 of 1 ✔
Hostname: compute-7-1


+ /usr/bin/time --format %U,%S,%e,%P,%K,%c,%w,%F,%I,%O,%r,%s,%x --append --output nf.nf/logs/bioinfoScaling_processes-2_host.txt /home/a-m/azzaea/software/nextflow/21.04.1.5556 run host_workflow.nf -c nf.nf/logs/confs/nextflow.config.1 -profile cluster --ntasks=1 --log=nf.nf/hosts/host2_tasks1.txt
N E X T F L O W  ~  version 21.04.1
Launching `host_workflow.nf` [scruffy_plateau] - revision: 84abddf17c
[-        ] process > host1 -
[-        ] process > host2 -

executor >  slurm (1)
[e7/4ee6c2] process > host1 (1) [  0%] 0 of 1
[-        ] process > host2     -

executor >  slurm (1)
[e7/4ee6c2] process > host1 (1) [100%] 1 of 1 ✔
[-        ] process > host2     [  0%] 0 of 1

executor >  slurm (2)
[e7/4ee6c2] process > host1 (1) [100%] 1 of 1 ✔
[27/9ec528] process > host2 (1) [  0%] 0 of 1

executor >  slurm (2)
[e7/4ee6c2] process > host1 (1) [100%] 1 of 1 ✔
[27/9ec528] process > host2 (1) [100%] 1 of 1 ✔
Hostname: compute-7-1


+ echo -e 'Done processing * 1 * tasks, on * 1 * cores'
+ for line in '{1..10}'
++ sed -n 2p
++ cat cores.txt
+ cores=2
+ tasks=2
+ tee -a nf.nf/logs/bioinfoScaling_processes-1_host.txt nf.nf/logs/bioinfoScaling_processes-2_host.txt
+ echo -n 2,2,
2,2,+ sed s/CORES/2/ nextflow.config.tmpl
+ /usr/bin/time --format %U,%S,%e,%P,%K,%c,%w,%F,%I,%O,%r,%s,%x --append --output nf.nf/logs/bioinfoScaling_processes-1_host.txt /home/a-m/azzaea/software/nextflow/21.04.1.5556 run host_process.nf -c nf.nf/logs/confs/nextflow.config.2 -profile cluster --ntasks=2 --log=nf.nf/hosts/host1_tasks2.txt
N E X T F L O W  ~  version 21.04.1
Launching `host_process.nf` [gloomy_meitner] - revision: b2ae3954f9
[-        ] process > host1 -

executor >  slurm (2)
[cc/72c14a] process > host1 (2) [  0%] 0 of 2

executor >  slurm (2)
[cc/72c14a] process > host1 (2) [100%] 2 of 2 ✔

executor >  slurm (2)
[cc/72c14a] process > host1 (2) [100%] 2 of 2 ✔
Hostname: compute-7-1


executor >  slurm (2)
[cc/72c14a] process > host1 (2) [100%] 2 of 2 ✔
Hostname: compute-7-1


+ /usr/bin/time --format %U,%S,%e,%P,%K,%c,%w,%F,%I,%O,%r,%s,%x --append --output nf.nf/logs/bioinfoScaling_processes-2_host.txt /home/a-m/azzaea/software/nextflow/21.04.1.5556 run host_workflow.nf -c nf.nf/logs/confs/nextflow.config.2 -profile cluster --ntasks=2 --log=nf.nf/hosts/host2_tasks2.txt
N E X T F L O W  ~  version 21.04.1
Launching `host_workflow.nf` [mighty_kilby] - revision: 84abddf17c
[-        ] process > host1 -
[-        ] process > host2 -

executor >  slurm (2)
[8b/cb60a1] process > host1 (1) [  0%] 0 of 2
[-        ] process > host2     -

executor >  slurm (3)
[8b/cb60a1] process > host1 (1) [100%] 2 of 2 ✔
[d4/e16ff4] process > host2 (1) [  0%] 0 of 2

executor >  slurm (4)
[8b/cb60a1] process > host1 (1) [100%] 2 of 2 ✔
[6b/1209e6] process > host2 (2) [  0%] 0 of 2

executor >  slurm (4)
[8b/cb60a1] process > host1 (1) [100%] 2 of 2 ✔
[d4/e16ff4] process > host2 (1) [ 50%] 1 of 2

executor >  slurm (4)
[8b/cb60a1] process > host1 (1) [100%] 2 of 2 ✔
[6b/1209e6] process > host2 (2) [100%] 2 of 2 ✔
Hostname: compute-7-1


+ echo -e 'Done processing * 2 * tasks, on * 2 * cores'
+ for line in '{1..10}'
++ sed -n 3p
++ cat cores.txt
+ cores=4
+ tasks=4
+ tee -a nf.nf/logs/bioinfoScaling_processes-1_host.txt nf.nf/logs/bioinfoScaling_processes-2_host.txt
+ echo -n 4,4,
4,4,+ sed s/CORES/4/ nextflow.config.tmpl
+ /usr/bin/time --format %U,%S,%e,%P,%K,%c,%w,%F,%I,%O,%r,%s,%x --append --output nf.nf/logs/bioinfoScaling_processes-1_host.txt /home/a-m/azzaea/software/nextflow/21.04.1.5556 run host_process.nf -c nf.nf/logs/confs/nextflow.config.4 -profile cluster --ntasks=4 --log=nf.nf/hosts/host1_tasks4.txt
N E X T F L O W  ~  version 21.04.1
Launching `host_process.nf` [furious_bhaskara] - revision: b2ae3954f9
[-        ] process > host1 -

executor >  slurm (3)
[42/72d672] process > host1 (2) [  0%] 0 of 4

executor >  slurm (4)
[77/cf7770] process > host1 (4) [  0%] 0 of 4

executor >  slurm (4)
[77/cf7770] process > host1 (4) [  0%] 0 of 4

executor >  slurm (4)
[77/cf7770] process > host1 (4) [100%] 4 of 4 ✔
Hostname: compute-7-1


executor >  slurm (4)
[77/cf7770] process > host1 (4) [100%] 4 of 4 ✔
Hostname: compute-7-1


+ /usr/bin/time --format %U,%S,%e,%P,%K,%c,%w,%F,%I,%O,%r,%s,%x --append --output nf.nf/logs/bioinfoScaling_processes-2_host.txt /home/a-m/azzaea/software/nextflow/21.04.1.5556 run host_workflow.nf -c nf.nf/logs/confs/nextflow.config.4 -profile cluster --ntasks=4 --log=nf.nf/hosts/host2_tasks4.txt
N E X T F L O W  ~  version 21.04.1
Launching `host_workflow.nf` [nasty_liskov] - revision: 84abddf17c
[-        ] process > host1 -
[-        ] process > host2 -

executor >  slurm (3)
[c4/54b199] process > host1 (1) [  0%] 0 of 4
[-        ] process > host2     -

executor >  slurm (4)
[e7/1a857b] process > host1 (4) [  0%] 0 of 4
[-        ] process > host2     -

executor >  slurm (4)
[e7/1a857b] process > host1 (4) [  0%] 0 of 4
[-        ] process > host2     -

executor >  slurm (7)
[e7/1a857b] process > host1 (4) [100%] 4 of 4 ✔
[10/78aaf9] process > host2 (3) [  0%] 0 of 4

executor >  slurm (8)
[e7/1a857b] process > host1 (4) [100%] 4 of 4 ✔
[dd/668b12] process > host2 (4) [  0%] 0 of 4

executor >  slurm (8)
[e7/1a857b] process > host1 (4) [100%] 4 of 4 ✔
[dd/668b12] process > host2 (4) [100%] 4 of 4 ✔
Hostname: compute-7-0
compute-7-1


+ echo -e 'Done processing * 4 * tasks, on * 4 * cores'
+ for line in '{1..10}'
++ sed -n 4p
++ cat cores.txt
+ cores=8
+ tasks=8
+ tee -a nf.nf/logs/bioinfoScaling_processes-1_host.txt nf.nf/logs/bioinfoScaling_processes-2_host.txt
+ echo -n 8,8,
8,8,+ sed s/CORES/8/ nextflow.config.tmpl
+ /usr/bin/time --format %U,%S,%e,%P,%K,%c,%w,%F,%I,%O,%r,%s,%x --append --output nf.nf/logs/bioinfoScaling_processes-1_host.txt /home/a-m/azzaea/software/nextflow/21.04.1.5556 run host_process.nf -c nf.nf/logs/confs/nextflow.config.8 -profile cluster --ntasks=8 --log=nf.nf/hosts/host1_tasks8.txt
N E X T F L O W  ~  version 21.04.1
Launching `host_process.nf` [jovial_meucci] - revision: b2ae3954f9
[-        ] process > host1 -

executor >  slurm (3)
[b9/f0a89c] process > host1 (1) [  0%] 0 of 8

executor >  slurm (6)
[7a/45a37c] process > host1 (6) [  0%] 0 of 8

executor >  slurm (8)
[b6/0126bf] process > host1 (8) [  0%] 0 of 8

executor >  slurm (8)
[b6/0126bf] process > host1 (8) [  0%] 0 of 8

executor >  slurm (8)
[b6/0126bf] process > host1 (8) [100%] 8 of 8 ✔
Hostname: compute-7-1


executor >  slurm (8)
[b6/0126bf] process > host1 (8) [100%] 8 of 8 ✔
Hostname: compute-7-1


+ /usr/bin/time --format %U,%S,%e,%P,%K,%c,%w,%F,%I,%O,%r,%s,%x --append --output nf.nf/logs/bioinfoScaling_processes-2_host.txt /home/a-m/azzaea/software/nextflow/21.04.1.5556 run host_workflow.nf -c nf.nf/logs/confs/nextflow.config.8 -profile cluster --ntasks=8 --log=nf.nf/hosts/host2_tasks8.txt
N E X T F L O W  ~  version 21.04.1
Launching `host_workflow.nf` [astonishing_ramanujan] - revision: 84abddf17c
[-        ] process > host1 -

executor >  slurm (2)
[83/fa59d5] process > host1 (4) [  0%] 0 of 8
[-        ] process > host2     -

executor >  slurm (7)
[5d/4bb847] process > host1 (7) [  0%] 0 of 8
[-        ] process > host2     -

executor >  slurm (8)
[69/266325] process > host1 (8) [  0%] 0 of 8
[-        ] process > host2     -

executor >  slurm (8)
[7b/ecca4d] process > host1 (2) [ 50%] 4 of 8
[-        ] process > host2     [  0%] 0 of 4

executor >  slurm (12)
[69/266325] process > host1 (8) [100%] 8 of 8 ✔
[d7/e6c468] process > host2 (4) [  0%] 0 of 8

executor >  slurm (16)
[69/266325] process > host1 (8) [100%] 8 of 8 ✔
[ea/ecfa92] process > host2 (8) [  0%] 0 of 8

executor >  slurm (16)
[69/266325] process > host1 (8) [100%] 8 of 8 ✔
[ea/ecfa92] process > host2 (8) [100%] 8 of 8 ✔
Hostname: compute-7-0
compute-7-1


+ echo -e 'Done processing * 8 * tasks, on * 8 * cores'
+ for line in '{1..10}'
++ sed -n 5p
++ cat cores.txt
+ cores=16
+ tasks=16
+ tee -a nf.nf/logs/bioinfoScaling_processes-1_host.txt nf.nf/logs/bioinfoScaling_processes-2_host.txt
+ echo -n 16,16,
16,16,+ sed s/CORES/16/ nextflow.config.tmpl
+ /usr/bin/time --format %U,%S,%e,%P,%K,%c,%w,%F,%I,%O,%r,%s,%x --append --output nf.nf/logs/bioinfoScaling_processes-1_host.txt /home/a-m/azzaea/software/nextflow/21.04.1.5556 run host_process.nf -c nf.nf/logs/confs/nextflow.config.16 -profile cluster --ntasks=16 --log=nf.nf/hosts/host1_tasks16.txt
N E X T F L O W  ~  version 21.04.1
Launching `host_process.nf` [serene_faggin] - revision: b2ae3954f9
[-        ] process > host1 -

executor >  slurm (3)
[25/5111cc] process > host1 (3) [  0%] 0 of 16

executor >  slurm (7)
[b5/2655cb] process > host1 (7) [  0%] 0 of 16

executor >  slurm (12)
[dd/030901] process > host1 (14) [  0%] 0 of 16

executor >  slurm (16)
[5e/2259a8] process > host1 (16) [  0%] 0 of 16

executor >  slurm (16)
[5e/2259a8] process > host1 (16) [  0%] 0 of 16

executor >  slurm (16)
[5e/2259a8] process > host1 (16) [100%] 16 of 16 ✔
Hostname: compute-7-1


executor >  slurm (16)
[5e/2259a8] process > host1 (16) [100%] 16 of 16 ✔
Hostname: compute-7-1


+ /usr/bin/time --format %U,%S,%e,%P,%K,%c,%w,%F,%I,%O,%r,%s,%x --append --output nf.nf/logs/bioinfoScaling_processes-2_host.txt /home/a-m/azzaea/software/nextflow/21.04.1.5556 run host_workflow.nf -c nf.nf/logs/confs/nextflow.config.16 -profile cluster --ntasks=16 --log=nf.nf/hosts/host2_tasks16.txt
N E X T F L O W  ~  version 21.04.1
Launching `host_workflow.nf` [peaceful_stonebraker] - revision: 84abddf17c
[-        ] process > host1 -
[-        ] process > host2 -

executor >  slurm (2)
[7d/5ce992] process > host1 (5) [  0%] 0 of 16
[-        ] process > host2     -

executor >  slurm (6)
[f6/364eac] process > host1 (6) [  0%] 0 of 16
[-        ] process > host2     -

executor >  slurm (10)
[fe/02af38] process > host1 (10) [  0%] 0 of 16
[-        ] process > host2      -

executor >  slurm (15)
[70/5a3534] process > host1 (8)  [  0%] 0 of 16
[-        ] process > host2      -

executor >  slurm (16)
[f1/25892f] process > host1 (16) [  0%] 0 of 16
[-        ] process > host2      -

executor >  slurm (16)
[f1/25892f] process > host1 (16) [  0%] 0 of 16
[-        ] process > host2      -

executor >  slurm (18)
[3d/007678] process > host1 (14) [ 81%] 13 of 16
[bc/b435a8] process > host2 (2)  [  0%] 0 of 13

executor >  slurm (22)
[f1/25892f] process > host1 (16) [100%] 16 of 16 ✔
[7e/048bce] process > host2 (6)  [  0%] 0 of 16

executor >  slurm (26)
[f1/25892f] process > host1 (16) [100%] 16 of 16 ✔
[b8/e3a80c] process > host2 (10) [  0%] 0 of 16

executor >  slurm (31)
[f1/25892f] process > host1 (16) [100%] 16 of 16 ✔
[ea/6eae1d] process > host2 (14) [  0%] 0 of 16

executor >  slurm (32)
[f1/25892f] process > host1 (16) [100%] 16 of 16 ✔
[9b/ac0792] process > host2 (16) [  0%] 0 of 16

executor >  slurm (32)
[f1/25892f] process > host1 (16) [100%] 16 of 16 ✔
[41/a15e31] process > host2 (15) [ 94%] 15 of 16

executor >  slurm (32)
[f1/25892f] process > host1 (16) [100%] 16 of 16 ✔
[9b/ac0792] process > host2 (16) [100%] 16 of 16 ✔
Hostname: compute-7-0
compute-7-1


+ echo -e 'Done processing * 16 * tasks, on * 16 * cores'
+ for line in '{1..10}'
++ sed -n 6p
++ cat cores.txt
+ cores=32
+ tasks=32
+ tee -a nf.nf/logs/bioinfoScaling_processes-1_host.txt nf.nf/logs/bioinfoScaling_processes-2_host.txt
+ echo -n 32,32,
32,32,+ sed s/CORES/32/ nextflow.config.tmpl
+ /usr/bin/time --format %U,%S,%e,%P,%K,%c,%w,%F,%I,%O,%r,%s,%x --append --output nf.nf/logs/bioinfoScaling_processes-1_host.txt /home/a-m/azzaea/software/nextflow/21.04.1.5556 run host_process.nf -c nf.nf/logs/confs/nextflow.config.32 -profile cluster --ntasks=32 --log=nf.nf/hosts/host1_tasks32.txt
N E X T F L O W  ~  version 21.04.1
Launching `host_process.nf` [mighty_jennings] - revision: b2ae3954f9
[-        ] process > host1 -

executor >  slurm (2)
[a7/74d811] process > host1 (4) [  0%] 0 of 32

executor >  slurm (7)
[0a/a0037e] process > host1 (7) [  0%] 0 of 32

executor >  slurm (12)
[b4/c99034] process > host1 (12) [  0%] 0 of 32

executor >  slurm (17)
[4c/84fae9] process > host1 (15) [  0%] 0 of 32

executor >  slurm (23)
[33/5ad697] process > host1 (16) [  0%] 0 of 32

executor >  slurm (30)
[67/d03bff] process > host1 (24) [  0%] 0 of 32

executor >  slurm (32)
[e6/678d23] process > host1 (32) [  0%] 0 of 32

executor >  slurm (32)
[51/f41e52] process > host1 (3)  [  3%] 1 of 32

executor >  slurm (32)
[63/c26d8d] process > host1 (27) [ 84%] 27 of 32

executor >  slurm (32)
[e6/678d23] process > host1 (32) [100%] 32 of 32 ✔
Hostname: compute-7-0
compute-7-1


executor >  slurm (32)
[e6/678d23] process > host1 (32) [100%] 32 of 32 ✔
Hostname: compute-7-0
compute-7-1


+ /usr/bin/time --format %U,%S,%e,%P,%K,%c,%w,%F,%I,%O,%r,%s,%x --append --output nf.nf/logs/bioinfoScaling_processes-2_host.txt /home/a-m/azzaea/software/nextflow/21.04.1.5556 run host_workflow.nf -c nf.nf/logs/confs/nextflow.config.32 -profile cluster --ntasks=32 --log=nf.nf/hosts/host2_tasks32.txt
N E X T F L O W  ~  version 21.04.1
Launching `host_workflow.nf` [chaotic_morse] - revision: 84abddf17c
[-        ] process > host1 -

executor >  slurm (1)
[3d/4f69b2] process > host1 (4) [  0%] 0 of 32
[-        ] process > host2     -

executor >  slurm (5)
[40/799914] process > host1 (1) [  0%] 0 of 32
[-        ] process > host2     -

executor >  slurm (10)
[d7/889006] process > host1 (12) [  0%] 0 of 32
[-        ] process > host2      -

executor >  slurm (16)
[e7/5cdbdc] process > host1 (17) [  0%] 0 of 32
[-        ] process > host2      -

executor >  slurm (21)
[4e/fde927] process > host1 (21) [  0%] 0 of 32
[-        ] process > host2      -

executor >  slurm (28)
[d6/8e0594] process > host1 (29) [  0%] 0 of 32
[-        ] process > host2      -

executor >  slurm (32)
[80/3371e9] process > host1 (32) [  0%] 0 of 32
[-        ] process > host2      -

executor >  slurm (33)
[6c/6c5c50] process > host1 (6)  [ 19%] 6 of 32
[83/92ac89] process > host2 (1)  [  0%] 0 of 7

executor >  slurm (35)
[70/6f956f] process > host1 (26) [ 78%] 25 of 32
[03/c8996f] process > host2 (2)  [  0%] 0 of 25

executor >  slurm (38)
[80/3371e9] process > host1 (32) [100%] 32 of 32 ✔
[07/617192] process > host2 (6)  [  0%] 0 of 32

executor >  slurm (43)
[80/3371e9] process > host1 (32) [100%] 32 of 32 ✔
[5c/5f1ece] process > host2 (11) [  0%] 0 of 32

executor >  slurm (48)
[80/3371e9] process > host1 (32) [100%] 32 of 32 ✔
[44/24cd2e] process > host2 (16) [  0%] 0 of 32

executor >  slurm (53)
[80/3371e9] process > host1 (32) [100%] 32 of 32 ✔
[2e/e832ba] process > host2 (21) [  0%] 0 of 32

executor >  slurm (58)
[80/3371e9] process > host1 (32) [100%] 32 of 32 ✔
[4f/7caa53] process > host2 (26) [  0%] 0 of 32

executor >  slurm (64)
[80/3371e9] process > host1 (32) [100%] 32 of 32 ✔
[b0/cd644d] process > host2 (32) [  0%] 0 of 32

executor >  slurm (64)
[80/3371e9] process > host1 (32) [100%] 32 of 32 ✔
[03/c8996f] process > host2 (2)  [  3%] 1 of 32

executor >  slurm (64)
[80/3371e9] process > host1 (32) [100%] 32 of 32 ✔
[b0/cd644d] process > host2 (32) [ 75%] 24 of 32

executor >  slurm (64)
[80/3371e9] process > host1 (32) [100%] 32 of 32 ✔
[0c/af2094] process > host2 (28) [100%] 32 of 32 ✔
Hostname: compute-7-1


+ echo -e 'Done processing * 32 * tasks, on * 32 * cores'
+ for line in '{1..10}'
++ sed -n 7p
++ cat cores.txt
+ cores=64
+ tasks=64
+ tee -a nf.nf/logs/bioinfoScaling_processes-1_host.txt nf.nf/logs/bioinfoScaling_processes-2_host.txt
+ echo -n 64,64,
64,64,+ sed s/CORES/64/ nextflow.config.tmpl
+ /usr/bin/time --format %U,%S,%e,%P,%K,%c,%w,%F,%I,%O,%r,%s,%x --append --output nf.nf/logs/bioinfoScaling_processes-1_host.txt /home/a-m/azzaea/software/nextflow/21.04.1.5556 run host_process.nf -c nf.nf/logs/confs/nextflow.config.64 -profile cluster --ntasks=64 --log=nf.nf/hosts/host1_tasks64.txt
N E X T F L O W  ~  version 21.04.1
Launching `host_process.nf` [naughty_aryabhata] - revision: b2ae3954f9
[-        ] process > host1 -

[-        ] process > host1 [  0%] 0 of 64

executor >  slurm (4)
[26/9afcbf] process > host1 (5) [  0%] 0 of 64

executor >  slurm (9)
[95/726941] process > host1 (9) [  0%] 0 of 64

executor >  slurm (15)
[cc/216572] process > host1 (15) [  0%] 0 of 64

executor >  slurm (22)
[b9/c139dd] process > host1 (25) [  0%] 0 of 64

executor >  slurm (30)
[6f/991127] process > host1 (29) [  0%] 0 of 64

executor >  slurm (39)
[76/5d52f8] process > host1 (40) [  0%] 0 of 64

executor >  slurm (48)
[e0/7f4615] process > host1 (48) [  0%] 0 of 64

executor >  slurm (57)
[18/14be2a] process > host1 (49) [  0%] 0 of 64

executor >  slurm (62)
[cd/7c5b87] process > host1 (62) [  0%] 0 of 64

executor >  slurm (64)
[ac/12e9a5] process > host1 (64) [  0%] 0 of 64

executor >  slurm (64)
[56/e98eac] process > host1 (3)  [  2%] 1 of 64

executor >  slurm (64)
[fa/c658fc] process > host1 (26) [ 36%] 23 of 64

executor >  slurm (64)
[e0/7f4615] process > host1 (48) [ 61%] 39 of 64

executor >  slurm (64)
[cd/7c5b87] process > host1 (62) [ 70%] 45 of 64

executor >  slurm (64)
[ac/12e9a5] process > host1 (64) [100%] 64 of 64 ✔

executor >  slurm (64)
[ac/12e9a5] process > host1 (64) [100%] 64 of 64 ✔
Hostname: compute-7-0
compute-7-1


executor >  slurm (64)
[ac/12e9a5] process > host1 (64) [100%] 64 of 64 ✔
Hostname: compute-7-0
compute-7-1


+ /usr/bin/time --format %U,%S,%e,%P,%K,%c,%w,%F,%I,%O,%r,%s,%x --append --output nf.nf/logs/bioinfoScaling_processes-2_host.txt /home/a-m/azzaea/software/nextflow/21.04.1.5556 run host_workflow.nf -c nf.nf/logs/confs/nextflow.config.64 -profile cluster --ntasks=64 --log=nf.nf/hosts/host2_tasks64.txt
N E X T F L O W  ~  version 21.04.1
Launching `host_workflow.nf` [friendly_wing] - revision: 84abddf17c
[-        ] process > host1 -
[-        ] process > host2 -

[-        ] process > host1 [  0%] 0 of 50
[-        ] process > host2 -

executor >  slurm (4)
[c2/1cf5b3] process > host1 (2) [  0%] 0 of 64
[-        ] process > host2     -

executor >  slurm (8)
[af/d0ac48] process > host1 (14) [  0%] 0 of 64
[-        ] process > host2      -

executor >  slurm (14)
[59/a4549b] process > host1 (15) [  0%] 0 of 64
[-        ] process > host2      -

executor >  slurm (20)
[04/bb0ef5] process > host1 (17) [  0%] 0 of 64
[-        ] process > host2      -

executor >  slurm (26)
[d1/28325f] process > host1 (25) [  0%] 0 of 64
[-        ] process > host2      -

executor >  slurm (35)
[e8/6c0cbb] process > host1 (34) [  0%] 0 of 64
[-        ] process > host2      -

executor >  slurm (44)
[f9/c44533] process > host1 (45) [  0%] 0 of 64
[-        ] process > host2      -

executor >  slurm (51)
[c3/089b77] process > host1 (51) [  0%] 0 of 64
[-        ] process > host2      -

executor >  slurm (56)
[24/b2824b] process > host1 (60) [  0%] 0 of 64
[-        ] process > host2      -

executor >  slurm (61)
[66/dc79f5] process > host1 (55) [  0%] 0 of 64
[-        ] process > host2      -

executor >  slurm (64)
[95/7c7de2] process > host1 (64) [  0%] 0 of 64
[-        ] process > host2      -

executor >  slurm (64)
[95/7c7de2] process > host1 (64) [  0%] 0 of 64
[-        ] process > host2      -

executor >  slurm (66)
[14/dbfe7b] process > host1 (22) [ 27%] 17 of 64
[8b/b654f1] process > host2 (2)  [  0%] 0 of 17

executor >  slurm (69)
[95/f43ddf] process > host1 (37) [ 41%] 26 of 64
[ef/00801a] process > host2 (5)  [  0%] 0 of 25

executor >  slurm (72)
[c1/ca4a0c] process > host1 (52) [ 67%] 43 of 64
[e4/383f17] process > host2 (8)  [  0%] 0 of 43

executor >  slurm (75)
[95/7c7de2] process > host1 (64) [ 81%] 52 of 64
[fe/6501f5] process > host2 (11) [  0%] 0 of 52

executor >  slurm (80)
[95/7c7de2] process > host1 (64) [ 81%] 52 of 64
[c8/0ef5b0] process > host2 (16) [  0%] 0 of 52

executor >  slurm (85)
[95/7c7de2] process > host1 (64) [ 81%] 52 of 64
[83/a72f38] process > host2 (21) [  0%] 0 of 52

executor >  slurm (90)
[95/7c7de2] process > host1 (64) [ 81%] 52 of 64
[5d/08e2a4] process > host2 (26) [  0%] 0 of 52

executor >  slurm (95)
[95/7c7de2] process > host1 (64) [ 81%] 52 of 64
[c9/156396] process > host2 (31) [  0%] 0 of 52

executor >  slurm (100)
[95/7c7de2] process > host1 (64) [ 81%] 52 of 64
[12/20ebff] process > host2 (36) [  0%] 0 of 52

executor >  slurm (106)
[95/7c7de2] process > host1 (64) [ 81%] 52 of 64
[8c/e7ddee] process > host2 (42) [  0%] 0 of 52

executor >  slurm (111)
[95/7c7de2] process > host1 (64) [ 81%] 52 of 64
[d4/d71c99] process > host2 (47) [  0%] 0 of 52

executor >  slurm (116)
[95/7c7de2] process > host1 (64) [ 81%] 52 of 64
[15/e24d93] process > host2 (52) [  0%] 0 of 52

executor >  slurm (117)
[24/b2824b] process > host1 (60) [100%] 64 of 64 ✔
[0f/6f97f8] process > host2 (53) [  0%] 0 of 63

executor >  slurm (121)
[24/b2824b] process > host1 (60) [100%] 64 of 64 ✔
[5d/08e2a4] process > host2 (26) [ 41%] 26 of 64

executor >  slurm (125)
[24/b2824b] process > host1 (60) [100%] 64 of 64 ✔
[c2/113b3b] process > host2 (44) [ 69%] 44 of 64

executor >  slurm (128)
[24/b2824b] process > host1 (60) [100%] 64 of 64 ✔
[9e/913cdb] process > host2 (64) [ 81%] 52 of 64

executor >  slurm (128)
[24/b2824b] process > host1 (60) [100%] 64 of 64 ✔
[fc/9833c4] process > host2 (61) [ 95%] 61 of 64

executor >  slurm (128)
[24/b2824b] process > host1 (60) [100%] 64 of 64 ✔
[9e/913cdb] process > host2 (64) [100%] 64 of 64 ✔
Hostname: compute-7-2
compute-7-0
compute-7-1
compute-7-4
compute-7-3


+ echo -e 'Done processing * 64 * tasks, on * 64 * cores'
+ for line in '{1..10}'
++ sed -n 8p
++ cat cores.txt
+ cores=128
+ tasks=128
+ tee -a nf.nf/logs/bioinfoScaling_processes-1_host.txt nf.nf/logs/bioinfoScaling_processes-2_host.txt
+ echo -n 128,128,
128,128,+ sed s/CORES/128/ nextflow.config.tmpl
+ /usr/bin/time --format %U,%S,%e,%P,%K,%c,%w,%F,%I,%O,%r,%s,%x --append --output nf.nf/logs/bioinfoScaling_processes-1_host.txt /home/a-m/azzaea/software/nextflow/21.04.1.5556 run host_process.nf -c nf.nf/logs/confs/nextflow.config.128 -profile cluster --ntasks=128 --log=nf.nf/hosts/host1_tasks128.txt
N E X T F L O W  ~  version 21.04.1
Launching `host_process.nf` [irreverent_kowalevski] - revision: b2ae3954f9
[-        ] process > host1 -

[-        ] process > host1 [  0%] 0 of 100

executor >  slurm (4)
[f0/f599b0] process > host1 (1) [  0%] 0 of 128

executor >  slurm (6)
[20/ad5fa8] process > host1 (5) [  0%] 0 of 128

executor >  slurm (12)
[cb/4dce32] process > host1 (12) [  0%] 0 of 128

executor >  slurm (18)
[b7/75c63e] process > host1 (13) [  0%] 0 of 128

executor >  slurm (23)
[a2/944f15] process > host1 (25) [  0%] 0 of 128

executor >  slurm (27)
[d6/acad35] process > host1 (28) [  0%] 0 of 128

executor >  slurm (32)
[75/b1fb7b] process > host1 (30) [  0%] 0 of 128

executor >  slurm (37)
[07/5ac571] process > host1 (38) [  0%] 0 of 128

executor >  slurm (43)
[ca/901974] process > host1 (48) [  0%] 0 of 128

executor >  slurm (48)
[7d/9d0c45] process > host1 (44) [  0%] 0 of 128

executor >  slurm (55)
[b6/3e8fed] process > host1 (62) [  0%] 0 of 128

executor >  slurm (63)
[06/e1a31e] process > host1 (60) [  0%] 0 of 128

executor >  slurm (68)
[a5/3e5660] process > host1 (77) [  0%] 0 of 128

executor >  slurm (73)
[3e/c9a28e] process > host1 (78) [  0%] 0 of 128

executor >  slurm (84)
[e6/451484] process > host1 (94) [  0%] 0 of 128

executor >  slurm (93)
[2e/d602a8] process > host1 (84) [  0%] 0 of 128

executor >  slurm (103)
[ef/10ba75] process > host1 (103) [  0%] 0 of 128

executor >  slurm (115)
[40/efb674] process > host1 (115) [  0%] 0 of 128

executor >  slurm (126)
[4a/2dca6f] process > host1 (126) [  0%] 0 of 128

executor >  slurm (128)
[de/03e487] process > host1 (128) [  0%] 0 of 128

executor >  slurm (128)
[d6/204645] process > host1 (7)   [  5%] 7 of 128

executor >  slurm (128)
[d2/2c49b8] process > host1 (33)  [ 27%] 34 of 128

executor >  slurm (128)
[80/fadc0d] process > host1 (52)  [ 38%] 48 of 128

executor >  slurm (128)
[6c/3a0477] process > host1 (71)  [ 51%] 65 of 128

executor >  slurm (128)
[de/03e487] process > host1 (128) [ 62%] 79 of 128

executor >  slurm (128)
[ca/901974] process > host1 (48)  [ 63%] 80 of 128

executor >  slurm (128)
[a6/7857df] process > host1 (111) [ 85%] 109 of 128

executor >  slurm (128)
[6c/ba9bce] process > host1 (127) [100%] 128 of 128 ✔
Hostname: compute-7-2
compute-7-0
compute-7-1
compute-7-4


+ /usr/bin/time --format %U,%S,%e,%P,%K,%c,%w,%F,%I,%O,%r,%s,%x --append --output nf.nf/logs/bioinfoScaling_processes-2_host.txt /home/a-m/azzaea/software/nextflow/21.04.1.5556 run host_workflow.nf -c nf.nf/logs/confs/nextflow.config.128 -profile cluster --ntasks=128 --log=nf.nf/hosts/host2_tasks128.txt
N E X T F L O W  ~  version 21.04.1
Launching `host_workflow.nf` [sleepy_bhaskara] - revision: 84abddf17c
[-        ] process > host1 -
[-        ] process > host2 -

[-        ] process > host1 [  0%] 0 of 48
[-        ] process > host2 -

executor >  slurm (1)
[15/247c8a] process > host1 (5) [  0%] 0 of 128
[-        ] process > host2     -

executor >  slurm (5)
[5d/95fa27] process > host1 (1) [  0%] 0 of 128
[-        ] process > host2     -

executor >  slurm (11)
[c2/d5b3f7] process > host1 (10) [  0%] 0 of 128
[-        ] process > host2      -

executor >  slurm (16)
[7e/742c31] process > host1 (18) [  0%] 0 of 128
[-        ] process > host2      -

executor >  slurm (23)
[8d/583d75] process > host1 (32) [  0%] 0 of 128
[-        ] process > host2      -

executor >  slurm (29)
[4e/958970] process > host1 (28) [  0%] 0 of 128
[-        ] process > host2      -

executor >  slurm (36)
[87/66fbf8] process > host1 (47) [  0%] 0 of 128
[-        ] process > host2      -

executor >  slurm (45)
[af/a46c11] process > host1 (40) [  0%] 0 of 128
[-        ] process > host2      -

executor >  slurm (55)
[3b/790f35] process > host1 (60) [  0%] 0 of 128
[-        ] process > host2      -

executor >  slurm (66)
[e6/5d5916] process > host1 (74) [  0%] 0 of 128
[-        ] process > host2      -

executor >  slurm (73)
[2a/4f9c8b] process > host1 (65) [  0%] 0 of 128
[-        ] process > host2      -

executor >  slurm (82)
[2d/ca97c6] process > host1 (87) [  0%] 0 of 128
[-        ] process > host2      -

executor >  slurm (87)
[d3/b91f4a] process > host1 (83) [  0%] 0 of 128
[-        ] process > host2      -

executor >  slurm (92)
[7f/2feb46] process > host1 (93) [  0%] 0 of 128
[-        ] process > host2      -

executor >  slurm (97)
[2d/76265c] process > host1 (97) [  0%] 0 of 128
[-        ] process > host2      -

executor >  slurm (105)
[47/b1b9a0] process > host1 (103) [  0%] 0 of 128
[-        ] process > host2       -

executor >  slurm (112)
[48/ddc9c7] process > host1 (110) [  0%] 0 of 128
[-        ] process > host2       -

executor >  slurm (122)
[d3/2c8fb3] process > host1 (120) [  0%] 0 of 128
[-        ] process > host2       -

executor >  slurm (128)
[a7/0460a7] process > host1 (128) [  0%] 0 of 128
[-        ] process > host2       -

executor >  slurm (128)
[15/247c8a] process > host1 (5)   [  1%] 1 of 128
[-        ] process > host2       [  0%] 0 of 1

executor >  slurm (130)
[e2/be2458] process > host1 (19)  [ 13%] 17 of 128
[b5/1f5783] process > host2 (2)   [  0%] 0 of 17

executor >  slurm (133)
[13/c15722] process > host1 (25)  [ 19%] 24 of 128
[b8/8fe634] process > host2 (5)   [  0%] 0 of 24

executor >  slurm (136)
[b8/3352d7] process > host1 (64)  [ 31%] 40 of 128
[a7/2040b5] process > host2 (8)   [  0%] 0 of 40

executor >  slurm (140)
[b4/a1d75b] process > host1 (94)  [ 41%] 53 of 128
[be/9b6553] process > host2 (12)  [  0%] 0 of 53

executor >  slurm (143)
[35/e3149b] process > host1 (127) [ 56%] 72 of 128
[6a/048cd1] process > host2 (15)  [  0%] 0 of 72

executor >  slurm (148)
[35/e3149b] process > host1 (127) [ 56%] 72 of 128
[94/a56ed4] process > host2 (20)  [  0%] 0 of 72

executor >  slurm (153)
[35/e3149b] process > host1 (127) [ 56%] 72 of 128
[3b/8f348f] process > host2 (25)  [  0%] 0 of 72

executor >  slurm (158)
[35/e3149b] process > host1 (127) [ 56%] 72 of 128
[c7/713b9d] process > host2 (30)  [  0%] 0 of 72

executor >  slurm (166)
[35/e3149b] process > host1 (127) [ 56%] 72 of 128
[07/938ee1] process > host2 (38)  [  0%] 0 of 72

executor >  slurm (171)
[35/e3149b] process > host1 (127) [ 56%] 72 of 128
[cb/bd76a2] process > host2 (43)  [  0%] 0 of 72

executor >  slurm (177)
[35/e3149b] process > host1 (127) [ 56%] 72 of 128
[19/651f41] process > host2 (49)  [  0%] 0 of 72

executor >  slurm (182)
[35/e3149b] process > host1 (127) [ 56%] 72 of 128
[30/590cd8] process > host2 (54)  [  0%] 0 of 72

executor >  slurm (190)
[35/e3149b] process > host1 (127) [ 56%] 72 of 128
[34/acdb5f] process > host2 (62)  [  0%] 0 of 72

executor >  slurm (199)
[35/e3149b] process > host1 (127) [ 56%] 72 of 128
[8d/c1aae7] process > host2 (71)  [  0%] 0 of 72

executor >  slurm (200)
[35/e3149b] process > host1 (127) [ 56%] 72 of 128
[af/da0169] process > host2 (72)  [  0%] 0 of 72

executor >  slurm (200)
[be/114d96] process > host1 (30)  [ 58%] 74 of 128
[af/da0169] process > host2 (72)  [  0%] 0 of 74

executor >  slurm (204)
[da/dccf1a] process > host1 (55)  [ 75%] 96 of 128
[4f/3c0916] process > host2 (76)  [  0%] 0 of 96

executor >  slurm (207)
[28/0fba9e] process > host1 (126) [ 99%] 127 of 128
[1c/3d92a3] process > host2 (79)  [  0%] 0 of 127

executor >  slurm (211)
[a7/0460a7] process > host1 (128) [100%] 128 of 128 ✔
[f1/baf66a] process > host2 (22)  [ 17%] 22 of 128

executor >  slurm (218)
[a7/0460a7] process > host1 (128) [100%] 128 of 128 ✔
[2f/d57d0f] process > host2 (44)  [ 34%] 44 of 128

executor >  slurm (224)
[a7/0460a7] process > host1 (128) [100%] 128 of 128 ✔
[93/f3ea45] process > host2 (61)  [ 48%] 61 of 128

executor >  slurm (234)
[a7/0460a7] process > host1 (128) [100%] 128 of 128 ✔
[8e/92bf84] process > host2 (106) [ 56%] 72 of 128

executor >  slurm (244)
[a7/0460a7] process > host1 (128) [100%] 128 of 128 ✔
[19/0f0e43] process > host2 (116) [ 56%] 72 of 128

executor >  slurm (256)
[a7/0460a7] process > host1 (128) [100%] 128 of 128 ✔
[35/b59aa9] process > host2 (128) [ 56%] 72 of 128

executor >  slurm (256)
[a7/0460a7] process > host1 (128) [100%] 128 of 128 ✔
[04/4e6468] process > host2 (82)  [ 64%] 82 of 128

executor >  slurm (256)
[a7/0460a7] process > host1 (128) [100%] 128 of 128 ✔
[6d/ebc2b2] process > host2 (123) [ 96%] 123 of 128

executor >  slurm (256)
[a7/0460a7] process > host1 (128) [100%] 128 of 128 ✔
[35/b59aa9] process > host2 (128) [100%] 128 of 128 ✔
Hostname: compute-7-2
compute-7-0
compute-7-1
compute-7-4
compute-7-3


+ echo -e 'Done processing * 128 * tasks, on * 128 * cores'
+ for line in '{1..10}'
++ sed -n 9p
++ cat cores.txt
+ cores=256
+ tasks=256
+ tee -a nf.nf/logs/bioinfoScaling_processes-1_host.txt nf.nf/logs/bioinfoScaling_processes-2_host.txt
+ echo -n 256,256,
256,256,+ sed s/CORES/256/ nextflow.config.tmpl
+ /usr/bin/time --format %U,%S,%e,%P,%K,%c,%w,%F,%I,%O,%r,%s,%x --append --output nf.nf/logs/bioinfoScaling_processes-1_host.txt /home/a-m/azzaea/software/nextflow/21.04.1.5556 run host_process.nf -c nf.nf/logs/confs/nextflow.config.256 -profile cluster --ntasks=256 --log=nf.nf/hosts/host1_tasks256.txt
N E X T F L O W  ~  version 21.04.1
Launching `host_process.nf` [thirsty_stone] - revision: b2ae3954f9
[-        ] process > host1 -

executor >  slurm (1)
[90/6f3667] process > host1 (4) [  0%] 0 of 100

executor >  slurm (1)
[90/6f3667] process > host1 (4) [  0%] 0 of 174

executor >  slurm (3)
[5d/d4e430] process > host1 (3) [  0%] 0 of 256

executor >  slurm (7)
[bb/f476ff] process > host1 (7) [  0%] 0 of 256

executor >  slurm (13)
[07/1f82dc] process > host1 (14) [  0%] 0 of 256

executor >  slurm (20)
[f7/e8260b] process > host1 (27) [  0%] 0 of 256

executor >  slurm (25)
[a9/205078] process > host1 (21) [  0%] 0 of 256

executor >  slurm (31)
[65/703853] process > host1 (33) [  0%] 0 of 256

executor >  slurm (39)
[7b/2ad25e] process > host1 (39) [  0%] 0 of 256

executor >  slurm (49)
[73/e9508a] process > host1 (51) [  0%] 0 of 256

executor >  slurm (60)
[b6/9e9126] process > host1 (58) [  0%] 0 of 256

executor >  slurm (64)
[de/f2b882] process > host1 (64) [  0%] 0 of 256

executor >  slurm (72)
[b3/f4022d] process > host1 (72) [  0%] 0 of 256

executor >  slurm (78)
[09/4da2a1] process > host1 (76) [  0%] 0 of 256

executor >  slurm (88)
[4f/f377d2] process > host1 (92) [  0%] 0 of 256

executor >  slurm (97)
[fa/f37f69] process > host1 (95) [  0%] 0 of 256

executor >  slurm (103)
[7e/71d3a4] process > host1 (104) [  0%] 0 of 256

executor >  slurm (114)
[15/b93883] process > host1 (114) [  0%] 0 of 256

executor >  slurm (123)
[d1/dd3739] process > host1 (129) [  0%] 0 of 256

executor >  slurm (133)
[83/544721] process > host1 (133) [  0%] 0 of 256

executor >  slurm (143)
[52/ffd795] process > host1 (138) [  0%] 0 of 256

executor >  slurm (152)
[77/5d0dfd] process > host1 (144) [  0%] 0 of 256

executor >  slurm (156)
[5d/d4e430] process > host1 (3)   [  1%] 3 of 256

executor >  slurm (158)
[ac/df7bbf] process > host1 (165) [  5%] 12 of 256

executor >  slurm (160)
[6a/f5986c] process > host1 (48)  [ 16%] 42 of 256

executor >  slurm (164)
[52/6a16b3] process > host1 (84)  [ 23%] 60 of 256

executor >  slurm (168)
[62/e6597a] process > host1 (128) [ 30%] 77 of 256

executor >  slurm (173)
[07/854afd] process > host1 (171) [ 32%] 82 of 256

executor >  slurm (177)
[9c/af0062] process > host1 (183) [ 32%] 82 of 256

executor >  slurm (182)
[92/b29e69] process > host1 (184) [ 32%] 82 of 256

executor >  slurm (187)
[62/dd6b34] process > host1 (178) [ 32%] 82 of 256

executor >  slurm (193)
[32/d9de78] process > host1 (196) [ 32%] 82 of 256

executor >  slurm (197)
[14/6bb401] process > host1 (182) [ 32%] 82 of 256

executor >  slurm (206)
[59/cb1449] process > host1 (218) [ 32%] 82 of 256

executor >  slurm (213)
[33/cf49eb] process > host1 (210) [ 32%] 82 of 256

executor >  slurm (223)
[3c/5ac757] process > host1 (223) [ 32%] 82 of 256

executor >  slurm (228)
[cc/154f5a] process > host1 (231) [ 32%] 82 of 256

executor >  slurm (233)
[65/4b728d] process > host1 (235) [ 32%] 82 of 256

executor >  slurm (238)
[f1/648eed] process > host1 (246) [ 32%] 82 of 256

executor >  slurm (243)
[e2/2e2544] process > host1 (240) [ 32%] 82 of 256

executor >  slurm (254)
[dd/7b172f] process > host1 (254) [ 32%] 82 of 256

executor >  slurm (256)
[e5/1ac517] process > host1 (255) [ 32%] 82 of 256

executor >  slurm (256)
[7c/de8585] process > host1 (63)  [ 35%] 89 of 256

executor >  slurm (256)
[cf/5648bd] process > host1 (102) [ 43%] 110 of 256

executor >  slurm (256)
[52/ffd795] process > host1 (138) [ 52%] 132 of 256

executor >  slurm (256)
[b0/19d18d] process > host1 (166) [ 59%] 152 of 256

executor >  slurm (256)
[62/dd6b34] process > host1 (178) [ 67%] 172 of 256

executor >  slurm (256)
[98/54e057] process > host1 (205) [ 79%] 202 of 256

executor >  slurm (256)
[66/8ccc6c] process > host1 (248) [ 91%] 233 of 256

executor >  slurm (256)
[e5/1ac517] process > host1 (255) [ 94%] 241 of 256

executor >  slurm (256)
[4f/f377d2] process > host1 (92)  [ 98%] 250 of 256

executor >  slurm (256)
[32/9b527f] process > host1 (173) [100%] 256 of 256 ✔
Hostname: compute-7-2
compute-7-0
compute-7-1
compute-7-4
compute-7-3


executor >  slurm (256)
[32/9b527f] process > host1 (173) [100%] 256 of 256 ✔
Hostname: compute-7-2
compute-7-0
compute-7-1
compute-7-4
compute-7-3


+ /usr/bin/time --format %U,%S,%e,%P,%K,%c,%w,%F,%I,%O,%r,%s,%x --append --output nf.nf/logs/bioinfoScaling_processes-2_host.txt /home/a-m/azzaea/software/nextflow/21.04.1.5556 run host_workflow.nf -c nf.nf/logs/confs/nextflow.config.256 -profile cluster --ntasks=256 --log=nf.nf/hosts/host2_tasks256.txt
N E X T F L O W  ~  version 21.04.1
Launching `host_workflow.nf` [crazy_bose] - revision: 84abddf17c
[-        ] process > host1 -
[-        ] process > host2 -

[-        ] process > host1 [  0%] 0 of 58
[-        ] process > host2 -

executor >  slurm (1)
[c7/431d43] process > host1 (2) [  0%] 0 of 162
[-        ] process > host2     -

executor >  slurm (1)
[c7/431d43] process > host1 (2) [  0%] 0 of 243
[-        ] process > host2     -

executor >  slurm (5)
[da/c95401] process > host1 (4) [  0%] 0 of 256
[-        ] process > host2     -

executor >  slurm (10)
[e2/5d84ad] process > host1 (12) [  0%] 0 of 256
[-        ] process > host2      -

executor >  slurm (17)
[be/dcb1c9] process > host1 (15) [  0%] 0 of 256
[-        ] process > host2      -

executor >  slurm (21)
[3d/1d91a1] process > host1 (20) [  0%] 0 of 256
[-        ] process > host2      -

executor >  slurm (29)
[f3/e9c2a5] process > host1 (33) [  0%] 0 of 256
[-        ] process > host2      -

executor >  slurm (37)
[bf/1d8ca2] process > host1 (30) [  0%] 0 of 256
[-        ] process > host2      -

executor >  slurm (47)
[39/1fd37b] process > host1 (50) [  0%] 0 of 256
[-        ] process > host2      -

executor >  slurm (55)
[77/a78d4f] process > host1 (42) [  0%] 0 of 256
[-        ] process > host2      -

executor >  slurm (62)
[33/7221dd] process > host1 (74) [  0%] 0 of 256
[-        ] process > host2      -

executor >  slurm (71)
[c8/0f3624] process > host1 (61) [  0%] 0 of 256
[-        ] process > host2      -

executor >  slurm (81)
[8b/06b386] process > host1 (93) [  0%] 0 of 256
[-        ] process > host2      -

executor >  slurm (90)
[ee/1ea32a] process > host1 (81) [  0%] 0 of 256
[-        ] process > host2      -

executor >  slurm (100)
[6b/138cab] process > host1 (110) [  0%] 0 of 256
[-        ] process > host2       -

executor >  slurm (110)
[4b/1ceb15] process > host1 (104) [  0%] 0 of 256
[-        ] process > host2       -

executor >  slurm (120)
[84/c74ae8] process > host1 (132) [  0%] 0 of 256
[-        ] process > host2       -

executor >  slurm (128)
[9a/d0917a] process > host1 (124) [  0%] 0 of 256
[-        ] process > host2       -

executor >  slurm (136)
[d9/602eaf] process > host1 (136) [  0%] 0 of 256
[-        ] process > host2       -

executor >  slurm (149)
[a0/750857] process > host1 (146) [  0%] 0 of 256
[-        ] process > host2       -

executor >  slurm (156)
[ae/4bf9b1] process > host1 (141) [  0%] 0 of 256
[-        ] process > host2       -

executor >  slurm (161)
[c7/431d43] process > host1 (2)   [  0%] 1 of 256
[-        ] process > host2       [  0%] 0 of 1

executor >  slurm (163)
[04/d2f363] process > host1 (18)  [  6%] 16 of 256
[-        ] process > host2       [  0%] 0 of 16

executor >  slurm (166)
[ff/d20f24] process > host1 (28)  [  9%] 24 of 256
[-        ] process > host2       [  0%] 0 of 24

executor >  slurm (169)
[f9/2b5d0e] process > host1 (90)  [ 20%] 52 of 256
[-        ] process > host2       [  0%] 0 of 51

executor >  slurm (172)
[cf/30e9ae] process > host1 (137) [ 26%] 66 of 256
[-        ] process > host2       [  0%] 0 of 66

executor >  slurm (176)
[1f/01679c] process > host1 (168) [ 26%] 66 of 256
[-        ] process > host2       [  0%] 0 of 66

executor >  slurm (181)
[28/871b81] process > host1 (184) [ 26%] 66 of 256
[-        ] process > host2       [  0%] 0 of 66

executor >  slurm (186)
[e3/b26cd7] process > host1 (177) [ 26%] 66 of 256
[-        ] process > host2       [  0%] 0 of 66

executor >  slurm (192)
[28/4cdc07] process > host1 (211) [ 26%] 66 of 256
[-        ] process > host2       [  0%] 0 of 66

executor >  slurm (196)
[57/cab820] process > host1 (195) [ 26%] 66 of 256
[-        ] process > host2       [  0%] 0 of 66

executor >  slurm (201)
[55/cc4845] process > host1 (201) [ 26%] 66 of 256
[-        ] process > host2       [  0%] 0 of 66

executor >  slurm (206)
[f7/d3bfd8] process > host1 (189) [ 26%] 66 of 256
[-        ] process > host2       [  0%] 0 of 66

executor >  slurm (212)
[51/3f1662] process > host1 (192) [ 26%] 66 of 256
[-        ] process > host2       [  0%] 0 of 66

executor >  slurm (221)
[bc/3b63d2] process > host1 (238) [ 26%] 66 of 256
[-        ] process > host2       [  0%] 0 of 66

executor >  slurm (231)
[51/c14461] process > host1 (230) [ 26%] 66 of 256
[-        ] process > host2       [  0%] 0 of 66

executor >  slurm (238)
[d3/b69cf6] process > host1 (219) [ 26%] 66 of 256
[-        ] process > host2       [  0%] 0 of 66

executor >  slurm (242)
[a3/178cc2] process > host1 (242) [ 26%] 66 of 256
[-        ] process > host2       [  0%] 0 of 66

executor >  slurm (247)
[38/b79fea] process > host1 (253) [ 26%] 66 of 256
[-        ] process > host2       [  0%] 0 of 66

executor >  slurm (252)
[c2/88c72d] process > host1 (246) [ 26%] 66 of 256
[-        ] process > host2       [  0%] 0 of 66

executor >  slurm (257)
[ca/52cca2] process > host1 (256) [ 26%] 66 of 256
[d5/27f2a3] process > host2 (1)   [  0%] 0 of 66

executor >  slurm (262)
[ca/52cca2] process > host1 (256) [ 26%] 66 of 256
[a7/f92aa6] process > host2 (6)   [  0%] 0 of 66

executor >  slurm (267)
[ca/52cca2] process > host1 (256) [ 26%] 66 of 256
[a7/9f9de5] process > host2 (11)  [  0%] 0 of 66

executor >  slurm (272)
[ca/52cca2] process > host1 (256) [ 26%] 66 of 256
[79/e8a447] process > host2 (16)  [  0%] 0 of 66

executor >  slurm (285)
[ca/52cca2] process > host1 (256) [ 26%] 66 of 256
[93/9d01ef] process > host2 (29)  [  0%] 0 of 66

executor >  slurm (293)
[f3/e9c2a5] process > host1 (33)  [ 29%] 73 of 256
[8f/af00d8] process > host2 (37)  [  0%] 0 of 73

executor >  slurm (297)
[a2/e004d6] process > host1 (95)  [ 38%] 98 of 256
[2c/726ac8] process > host2 (41)  [  0%] 0 of 98

executor >  slurm (300)
[e7/7c0810] process > host1 (120) [ 50%] 127 of 256
[10/39f276] process > host2 (44)  [  0%] 0 of 126

executor >  slurm (303)
[7d/998df8] process > host1 (155) [ 58%] 148 of 256
[cc/9b3bec] process > host2 (47)  [  0%] 0 of 148

executor >  slurm (307)
[28/4cdc07] process > host1 (211) [ 72%] 184 of 256
[60/33eb13] process > host2 (51)  [  0%] 0 of 184

executor >  slurm (309)
[24/65200b] process > host1 (235) [ 89%] 227 of 256
[f2/40cdf6] process > host2 (53)  [  0%] 0 of 226

executor >  slurm (313)
[ca/52cca2] process > host1 (256) [ 96%] 247 of 256
[39/f36d21] process > host2 (2)   [  1%] 2 of 247

executor >  slurm (318)
[ca/52cca2] process > host1 (256) [ 96%] 247 of 256
[bf/178984] process > host2 (24)  [  8%] 20 of 247

executor >  slurm (328)
[ca/52cca2] process > host1 (256) [ 96%] 247 of 256
[43/87bc5b] process > host2 (72)  [  9%] 22 of 247

executor >  slurm (338)
[ca/52cca2] process > host1 (256) [ 96%] 247 of 256
[2a/55c2c4] process > host2 (82)  [  9%] 22 of 247

executor >  slurm (349)
[ca/52cca2] process > host1 (256) [ 96%] 247 of 256
[18/9903ad] process > host2 (93)  [  9%] 22 of 247

executor >  slurm (362)
[ca/52cca2] process > host1 (256) [ 96%] 247 of 256
[02/b21c6d] process > host2 (106) [  9%] 22 of 247

executor >  slurm (375)
[ca/52cca2] process > host1 (256) [ 96%] 247 of 256
[db/db2eda] process > host2 (118) [  9%] 22 of 247

executor >  slurm (385)
[ca/52cca2] process > host1 (256) [ 96%] 247 of 256
[29/f71d28] process > host2 (129) [  9%] 22 of 247

executor >  slurm (396)
[ca/52cca2] process > host1 (256) [ 96%] 247 of 256
[d2/6004bd] process > host2 (140) [  9%] 22 of 247

executor >  slurm (407)
[ca/52cca2] process > host1 (256) [ 96%] 247 of 256
[a9/fd5f52] process > host2 (151) [  9%] 22 of 247

executor >  slurm (420)
[ca/52cca2] process > host1 (256) [ 96%] 247 of 256
[d1/3b167e] process > host2 (164) [  9%] 22 of 247

executor >  slurm (432)
[ca/52cca2] process > host1 (256) [ 96%] 247 of 256
[6b/dda183] process > host2 (176) [  9%] 22 of 247

executor >  slurm (444)
[ca/52cca2] process > host1 (256) [ 96%] 247 of 256
[54/f3bee9] process > host2 (188) [  9%] 22 of 247

executor >  slurm (455)
[ca/52cca2] process > host1 (256) [ 96%] 247 of 256
[56/343090] process > host2 (197) [  9%] 22 of 247

executor >  slurm (468)
[ca/52cca2] process > host1 (256) [ 96%] 247 of 256
[c0/7a744a] process > host2 (212) [  9%] 22 of 247

executor >  slurm (481)
[ca/52cca2] process > host1 (256) [ 96%] 247 of 256
[57/e65971] process > host2 (225) [  9%] 22 of 247

executor >  slurm (494)
[ca/52cca2] process > host1 (256) [ 96%] 247 of 256
[7f/43ec20] process > host2 (238) [  9%] 22 of 247

executor >  slurm (503)
[ca/52cca2] process > host1 (256) [ 96%] 247 of 256
[a5/e7fe9a] process > host2 (247) [  9%] 22 of 247

executor >  slurm (505)
[7e/925ed6] process > host1 (251) [100%] 256 of 256 ✔
[7e/1b4aa7] process > host2 (17)  [ 10%] 25 of 256

executor >  slurm (511)
[7e/925ed6] process > host1 (251) [100%] 256 of 256 ✔
[7a/0d41db] process > host2 (255) [ 17%] 43 of 256

executor >  slurm (512)
[7e/925ed6] process > host1 (251) [100%] 256 of 256 ✔
[27/c07049] process > host2 (75)  [ 27%] 69 of 256

executor >  slurm (512)
[7e/925ed6] process > host1 (251) [100%] 256 of 256 ✔
[8a/eda6b3] process > host2 (110) [ 34%] 88 of 256

executor >  slurm (512)
[7e/925ed6] process > host1 (251) [100%] 256 of 256 ✔
[90/e60161] process > host2 (139) [ 42%] 107 of 256

executor >  slurm (512)
[7e/925ed6] process > host1 (251) [100%] 256 of 256 ✔
[26/6f4994] process > host2 (175) [ 55%] 140 of 256

executor >  slurm (512)
[7e/925ed6] process > host1 (251) [100%] 256 of 256 ✔
[a5/e7fe9a] process > host2 (247) [ 61%] 155 of 256

executor >  slurm (512)
[7e/925ed6] process > host1 (251) [100%] 256 of 256 ✔
[11/1d07b0] process > host2 (90)  [ 66%] 168 of 256

executor >  slurm (512)
[7e/925ed6] process > host1 (251) [100%] 256 of 256 ✔
[87/97adb8] process > host2 (127) [ 73%] 186 of 256

executor >  slurm (512)
[7e/925ed6] process > host1 (251) [100%] 256 of 256 ✔
[31/cecf0e] process > host2 (205) [ 80%] 206 of 256

executor >  slurm (512)
[7e/925ed6] process > host1 (251) [100%] 256 of 256 ✔
[c1/771aaf] process > host2 (237) [ 88%] 225 of 256

executor >  slurm (512)
[7e/925ed6] process > host1 (251) [100%] 256 of 256 ✔
[6a/5ee112] process > host2 (256) [ 94%] 241 of 256

executor >  slurm (512)
[7e/925ed6] process > host1 (251) [100%] 256 of 256 ✔
[93/81eea8] process > host2 (211) [100%] 255 of 256

executor >  slurm (512)
[7e/925ed6] process > host1 (251) [100%] 256 of 256 ✔
[cc/2dd6f5] process > host2 (215) [100%] 256 of 256 ✔
Hostname: compute-7-2
compute-7-0
compute-7-1
compute-7-4
compute-7-3


+ echo -e 'Done processing * 256 * tasks, on * 256 * cores'
+ for line in '{1..10}'
++ sed -n 10p
++ cat cores.txt
+ cores=512
+ tasks=512
+ tee -a nf.nf/logs/bioinfoScaling_processes-1_host.txt nf.nf/logs/bioinfoScaling_processes-2_host.txt
+ echo -n 512,512,
512,512,+ sed s/CORES/512/ nextflow.config.tmpl
+ /usr/bin/time --format %U,%S,%e,%P,%K,%c,%w,%F,%I,%O,%r,%s,%x --append --output nf.nf/logs/bioinfoScaling_processes-1_host.txt /home/a-m/azzaea/software/nextflow/21.04.1.5556 run host_process.nf -c nf.nf/logs/confs/nextflow.config.512 -profile cluster --ntasks=512 --log=nf.nf/hosts/host1_tasks512.txt
N E X T F L O W  ~  version 21.04.1
Launching `host_process.nf` [pedantic_pike] - revision: b2ae3954f9
[-        ] process > host1 -

[-        ] process > host1 [  0%] 0 of 22

[-        ] process > host1 [  0%] 0 of 110

executor >  slurm (1)
[22/4d3924] process > host1 (1) [  0%] 0 of 198

executor >  slurm (2)
[6e/f18bac] process > host1 (2) [  0%] 0 of 332

executor >  slurm (3)
[c2/cb2875] process > host1 (3) [  0%] 0 of 436

executor >  slurm (7)
[92/c99be0] process > host1 (7) [  0%] 0 of 512

executor >  slurm (11)
[4c/e3530b] process > host1 (10) [  0%] 0 of 512

executor >  slurm (19)
[0b/ec7acc] process > host1 (24) [  0%] 0 of 512

executor >  slurm (26)
[67/934aa0] process > host1 (18) [  0%] 0 of 512

executor >  slurm (31)
[29/709158] process > host1 (40) [  0%] 0 of 512

executor >  slurm (41)
[af/7f69c9] process > host1 (38) [  0%] 0 of 512

executor >  slurm (52)
[e4/28e242] process > host1 (48) [  0%] 0 of 512

executor >  slurm (60)
[69/043fa1] process > host1 (66) [  0%] 0 of 512

executor >  slurm (65)
[d8/4303d5] process > host1 (70) [  0%] 0 of 512

executor >  slurm (72)
[0c/177336] process > host1 (61) [  0%] 0 of 512

executor >  slurm (81)
[d7/fe3a9b] process > host1 (85) [  0%] 0 of 512

executor >  slurm (88)
[fb/777cb3] process > host1 (77) [  0%] 0 of 512

executor >  slurm (99)
[72/f802c3] process > host1 (105) [  0%] 0 of 512

executor >  slurm (110)
[7c/a1f8d3] process > host1 (110) [  0%] 0 of 512

executor >  slurm (118)
[09/2c0d87] process > host1 (121) [  0%] 0 of 512

executor >  slurm (129)
[fc/94a3b5] process > host1 (129) [  0%] 0 of 512

executor >  slurm (140)
[52/8164d8] process > host1 (144) [  0%] 0 of 512

executor >  slurm (143)
[c2/cb2875] process > host1 (3)   [  1%] 3 of 512

executor >  slurm (145)
[96/d76824] process > host1 (19)  [  4%] 22 of 512

executor >  slurm (148)
[a7/32e34a] process > host1 (42)  [  6%] 33 of 512

executor >  slurm (152)
[1b/ea9e2e] process > host1 (59)  [ 10%] 51 of 512

executor >  slurm (156)
[70/a0e9ab] process > host1 (132) [ 13%] 69 of 512

executor >  slurm (160)
[46/188f21] process > host1 (173) [ 14%] 72 of 512

executor >  slurm (165)
[30/9440f5] process > host1 (157) [ 14%] 72 of 512

executor >  slurm (170)
[97/1eb94f] process > host1 (155) [ 14%] 72 of 512

executor >  slurm (178)
[dd/8803c0] process > host1 (191) [ 14%] 72 of 512

executor >  slurm (183)
[e9/d625b9] process > host1 (181) [ 14%] 72 of 512

executor >  slurm (190)
[7a/c35068] process > host1 (176) [ 14%] 72 of 512

executor >  slurm (199)
[8e/2fa418] process > host1 (219) [ 14%] 72 of 512

executor >  slurm (206)
[d6/8bac7c] process > host1 (211) [ 14%] 72 of 512

executor >  slurm (211)
[d3/43879b] process > host1 (216) [ 14%] 72 of 512

executor >  slurm (217)
[3d/9d67f6] process > host1 (214) [ 14%] 72 of 512

executor >  slurm (222)
[bd/3548e1] process > host1 (221) [ 14%] 72 of 512

executor >  slurm (234)
[91/73762c] process > host1 (232) [ 14%] 72 of 512

executor >  slurm (247)
[a9/017826] process > host1 (247) [ 14%] 72 of 512

executor >  slurm (256)
[49/907fdc] process > host1 (259) [ 14%] 72 of 512

executor >  slurm (265)
[cb/7ef4cd] process > host1 (271) [ 14%] 72 of 512

executor >  slurm (277)
[d2/fa2bb2] process > host1 (293) [ 14%] 72 of 512

executor >  slurm (288)
[29/57040e] process > host1 (283) [ 14%] 72 of 512

executor >  slurm (299)
[f1/7a5ce6] process > host1 (289) [ 14%] 72 of 512

executor >  slurm (313)
[68/6c7483] process > host1 (320) [ 14%] 72 of 512

executor >  slurm (324)
[5b/087f09] process > host1 (43)  [ 15%] 78 of 512

executor >  slurm (331)
[c9/6cd3ae] process > host1 (103) [ 19%] 98 of 512

executor >  slurm (335)
[7d/226f14] process > host1 (128) [ 24%] 121 of 512

executor >  slurm (342)
[57/5dcd01] process > host1 (154) [ 28%] 143 of 512

executor >  slurm (346)
[2d/7589b2] process > host1 (194) [ 36%] 185 of 512

executor >  slurm (355)
[bc/d790c1] process > host1 (202) [ 39%] 202 of 512

executor >  slurm (359)
[cd/6a34d7] process > host1 (265) [ 43%] 220 of 512

executor >  slurm (362)
[ef/99581d] process > host1 (315) [ 49%] 249 of 512

executor >  slurm (371)
[3f/db9a89] process > host1 (368) [ 50%] 255 of 512

executor >  slurm (385)
[6c/b2d862] process > host1 (369) [ 50%] 255 of 512

executor >  slurm (398)
[19/27ffb0] process > host1 (404) [ 50%] 255 of 512

executor >  slurm (407)
[85/182982] process > host1 (424) [ 50%] 255 of 512

executor >  slurm (420)
[67/38789f] process > host1 (423) [ 50%] 255 of 512

executor >  slurm (431)
[3e/e7a783] process > host1 (431) [ 50%] 255 of 512

executor >  slurm (445)
[2b/bb765e] process > host1 (458) [ 50%] 255 of 512

executor >  slurm (457)
[5a/a0787a] process > host1 (462) [ 50%] 255 of 512

executor >  slurm (469)
[b4/28848d] process > host1 (468) [ 50%] 255 of 512

executor >  slurm (483)
[ea/b5b757] process > host1 (486) [ 50%] 255 of 512

executor >  slurm (494)
[c4/0c65e4] process > host1 (473) [ 50%] 255 of 512

executor >  slurm (508)
[40/54fbb6] process > host1 (504) [ 50%] 255 of 512

executor >  slurm (512)
[e6/cb809b] process > host1 (512) [ 50%] 255 of 512

executor >  slurm (512)
[ef/0a64ad] process > host1 (201) [ 52%] 267 of 512

executor >  slurm (512)
[63/9f4580] process > host1 (243) [ 55%] 282 of 512

executor >  slurm (512)
[b1/f19eb3] process > host1 (314) [ 62%] 316 of 512

executor >  slurm (512)
[18/9ad75e] process > host1 (356) [ 67%] 341 of 512

executor >  slurm (512)
[ed/d9a87b] process > host1 (361) [ 70%] 360 of 512

executor >  slurm (512)
[f9/eab47b] process > host1 (391) [ 74%] 378 of 512

executor >  slurm (512)
[5d/65f2c8] process > host1 (411) [ 77%] 396 of 512

executor >  slurm (512)
[89/4d6704] process > host1 (432) [ 80%] 410 of 512

executor >  slurm (512)
[76/a78331] process > host1 (472) [ 81%] 414 of 512

executor >  slurm (512)
[db/96a418] process > host1 (402) [ 83%] 426 of 512

executor >  slurm (512)
[61/24438c] process > host1 (426) [ 87%] 443 of 512

executor >  slurm (512)
[e2/c461f9] process > host1 (441) [ 90%] 462 of 512

executor >  slurm (512)
[b2/485cb7] process > host1 (474) [ 94%] 480 of 512

executor >  slurm (512)
[f0/df25a8] process > host1 (507) [ 97%] 498 of 512

executor >  slurm (512)
[e6/cb809b] process > host1 (512) [ 98%] 501 of 512

executor >  slurm (512)
[77/ffafe6] process > host1 (481) [100%] 512 of 512 ✔

executor >  slurm (512)
[77/ffafe6] process > host1 (481) [100%] 512 of 512 ✔
Hostname: compute-7-2
compute-7-0
compute-7-1
compute-7-4
compute-7-3


executor >  slurm (512)
[77/ffafe6] process > host1 (481) [100%] 512 of 512 ✔
Hostname: compute-7-2
compute-7-0
compute-7-1
compute-7-4
compute-7-3


+ /usr/bin/time --format %U,%S,%e,%P,%K,%c,%w,%F,%I,%O,%r,%s,%x --append --output nf.nf/logs/bioinfoScaling_processes-2_host.txt /home/a-m/azzaea/software/nextflow/21.04.1.5556 run host_workflow.nf -c nf.nf/logs/confs/nextflow.config.512 -profile cluster --ntasks=512 --log=nf.nf/hosts/host2_tasks512.txt
N E X T F L O W  ~  version 21.04.1
Launching `host_workflow.nf` [goofy_leakey] - revision: 84abddf17c
[-        ] process > host1 -

[-        ] process > host1 [  0%] 0 of 25
[-        ] process > host2 -

executor >  slurm (1)
[4f/a9a7bf] process > host1 (1) [  0%] 0 of 116
[-        ] process > host2     -

executor >  slurm (1)
[4f/a9a7bf] process > host1 (1) [  0%] 0 of 293
[-        ] process > host2     -

executor >  slurm (2)
[c6/30553a] process > host1 (2) [  0%] 0 of 431
[-        ] process > host2     -

executor >  slurm (5)
[e1/357ef8] process > host1 (5) [  0%] 0 of 512
[-        ] process > host2     -

executor >  slurm (11)
[35/5fabf0] process > host1 (10) [  0%] 0 of 512
[-        ] process > host2      -

executor >  slurm (17)
[9c/4199ca] process > host1 (20) [  0%] 0 of 512
[-        ] process > host2      -

executor >  slurm (24)
[c8/97f2f7] process > host1 (22) [  0%] 0 of 512
[-        ] process > host2      -

executor >  slurm (31)
[2c/15cf51] process > host1 (29) [  0%] 0 of 512
[-        ] process > host2      -

executor >  slurm (41)
[85/685657] process > host1 (43) [  0%] 0 of 512
[-        ] process > host2      -

executor >  slurm (49)
[3e/8fd5c5] process > host1 (49) [  0%] 0 of 512
[-        ] process > host2      -

executor >  slurm (59)
[dc/14d3ca] process > host1 (53) [  0%] 0 of 512
[-        ] process > host2      -

executor >  slurm (64)
[fa/3026eb] process > host1 (64) [  0%] 0 of 512
[-        ] process > host2      -

executor >  slurm (71)
[8a/421979] process > host1 (78) [  0%] 0 of 512
[-        ] process > host2      -

executor >  slurm (80)
[bf/d6f971] process > host1 (80) [  0%] 0 of 512
[-        ] process > host2      -

executor >  slurm (85)
[10/6c4da1] process > host1 (84) [  0%] 0 of 512
[-        ] process > host2      -

executor >  slurm (89)
[d0/3fba5e] process > host1 (93) [  0%] 0 of 512
[-        ] process > host2      -

executor >  slurm (98)
[98/1567fb] process > host1 (98) [  0%] 0 of 512
[-        ] process > host2      -

executor >  slurm (108)
[d5/d4a966] process > host1 (100) [  0%] 0 of 512
[-        ] process > host2       -

executor >  slurm (117)
[1a/054f95] process > host1 (122) [  0%] 0 of 512
[-        ] process > host2       -

executor >  slurm (128)
[01/a58a4d] process > host1 (128) [  0%] 0 of 512
[-        ] process > host2       -

executor >  slurm (138)
[b8/66f3a7] process > host1 (151) [  0%] 0 of 512
[-        ] process > host2       -

executor >  slurm (139)
[15/2abe81] process > host1 (6)   [  1%] 6 of 512
[-        ] process > host2       [  0%] 0 of 6

executor >  slurm (141)
[73/d0a461] process > host1 (33)  [  6%] 29 of 512
[-        ] process > host2       [  0%] 0 of 29

executor >  slurm (144)
[db/da55ef] process > host1 (38)  [  8%] 41 of 512
[-        ] process > host2       [  0%] 0 of 41

executor >  slurm (147)
[94/ae7262] process > host1 (71)  [ 12%] 60 of 512
[-        ] process > host2       [  0%] 0 of 60

executor >  slurm (150)
[14/6f740c] process > host1 (92)  [ 15%] 76 of 512
[-        ] process > host2       [  0%] 0 of 76

executor >  slurm (153)
[c1/7e8f3b] process > host1 (117) [ 18%] 91 of 512
[-        ] process > host2       [  0%] 0 of 90

executor >  slurm (157)
[c7/4b1a22] process > host1 (167) [ 19%] 98 of 512
[-        ] process > host2       [  0%] 0 of 98

executor >  slurm (163)
[c1/b078a0] process > host1 (171) [ 19%] 98 of 512
[-        ] process > host2       [  0%] 0 of 98

executor >  slurm (168)
[d7/a2cf8f] process > host1 (156) [ 19%] 98 of 512
[-        ] process > host2       [  0%] 0 of 98

executor >  slurm (173)
[72/ae6551] process > host1 (155) [ 19%] 98 of 512
[-        ] process > host2       [  0%] 0 of 98

executor >  slurm (180)
[ad/fbf976] process > host1 (183) [ 19%] 98 of 512
[-        ] process > host2       [  0%] 0 of 98

executor >  slurm (185)
[43/adc5b2] process > host1 (178) [ 19%] 98 of 512
[-        ] process > host2       [  0%] 0 of 98

executor >  slurm (192)
[ef/dbd1de] process > host1 (177) [ 19%] 98 of 512
[-        ] process > host2       [  0%] 0 of 98

executor >  slurm (197)
[9e/74c822] process > host1 (196) [ 19%] 98 of 512
[-        ] process > host2       [  0%] 0 of 98

executor >  slurm (202)
[02/374eda] process > host1 (208) [ 19%] 98 of 512
[-        ] process > host2       [  0%] 0 of 98

executor >  slurm (209)
[ae/b15a64] process > host1 (205) [ 19%] 98 of 512
[-        ] process > host2       [  0%] 0 of 98

executor >  slurm (218)
[85/fcb4f2] process > host1 (198) [ 19%] 98 of 512
[-        ] process > host2       [  0%] 0 of 98

executor >  slurm (230)
[7f/76b5c0] process > host1 (238) [ 19%] 98 of 512
[-        ] process > host2       [  0%] 0 of 98

executor >  slurm (236)
[77/a58418] process > host1 (235) [ 19%] 98 of 512
[-        ] process > host2       [  0%] 0 of 98

executor >  slurm (247)
[c8/bfc8fe] process > host1 (263) [ 19%] 98 of 512
[-        ] process > host2       [  0%] 0 of 98

executor >  slurm (257)
[84/0090d7] process > host1 (247) [ 19%] 98 of 512
[-        ] process > host2       [  0%] 0 of 98

executor >  slurm (269)
[7e/d362b8] process > host1 (285) [ 19%] 98 of 512
[-        ] process > host2       [  0%] 0 of 98

executor >  slurm (280)
[e4/fa4ea4] process > host1 (279) [ 19%] 98 of 512
[-        ] process > host2       [  0%] 0 of 98

executor >  slurm (292)
[44/92b059] process > host1 (291) [ 19%] 98 of 512
[-        ] process > host2       [  0%] 0 of 98

executor >  slurm (299)
[10/762e58] process > host1 (107) [ 23%] 116 of 512
[-        ] process > host2       [  0%] 0 of 116

executor >  slurm (302)
[c6/0c5c2c] process > host1 (130) [ 27%] 137 of 512
[-        ] process > host2       [  0%] 0 of 137

executor >  slurm (308)
[e5/9e2046] process > host1 (168) [ 30%] 155 of 512
[-        ] process > host2       [  0%] 0 of 155

executor >  slurm (313)
[2e/cb443e] process > host1 (173) [ 34%] 173 of 512
[-        ] process > host2       [  0%] 0 of 172

executor >  slurm (318)
[b5/5856a9] process > host1 (191) [ 37%] 190 of 512
[-        ] process > host2       [  0%] 0 of 190

executor >  slurm (321)
[17/e82796] process > host1 (219) [ 42%] 216 of 512
[-        ] process > host2       [  0%] 0 of 216

executor >  slurm (325)
[1f/c92467] process > host1 (284) [ 46%] 237 of 512
[-        ] process > host2       [  0%] 0 of 236

executor >  slurm (329)
[56/bc9d59] process > host1 (326) [ 50%] 254 of 512
[-        ] process > host2       [  0%] 0 of 254

executor >  slurm (343)
[b0/7256cf] process > host1 (344) [ 50%] 254 of 512
[-        ] process > host2       [  0%] 0 of 254

executor >  slurm (356)
[8a/6c2d10] process > host1 (370) [ 50%] 254 of 512
[-        ] process > host2       [  0%] 0 of 254

executor >  slurm (367)
[1c/08541d] process > host1 (356) [ 50%] 254 of 512
[-        ] process > host2       [  0%] 0 of 254

executor >  slurm (379)
[0b/a1d3e3] process > host1 (397) [ 50%] 254 of 512
[-        ] process > host2       [  0%] 0 of 254

executor >  slurm (391)
[8a/0f525c] process > host1 (399) [ 50%] 254 of 512
[-        ] process > host2       [  0%] 0 of 254

executor >  slurm (398)
[fb/d0da98] process > host1 (392) [ 50%] 254 of 512
[-        ] process > host2       [  0%] 0 of 254

executor >  slurm (403)
[9b/c14308] process > host1 (378) [ 50%] 254 of 512
[-        ] process > host2       [  0%] 0 of 254

executor >  slurm (415)
[3c/e1b6f5] process > host1 (436) [ 50%] 254 of 512
[-        ] process > host2       [  0%] 0 of 254

executor >  slurm (428)
[c6/0c2e78] process > host1 (419) [ 50%] 254 of 512
[-        ] process > host2       [  0%] 0 of 254

executor >  slurm (442)
[ae/329440] process > host1 (460) [ 50%] 254 of 512
[-        ] process > host2       [  0%] 0 of 254

executor >  slurm (455)
[91/eb9eba] process > host1 (455) [ 50%] 254 of 512
[-        ] process > host2       [  0%] 0 of 254

executor >  slurm (466)
[82/9dcfa4] process > host1 (443) [ 50%] 254 of 512
[-        ] process > host2       [  0%] 0 of 254

executor >  slurm (480)
[1a/0aae85] process > host1 (478) [ 50%] 254 of 512
[-        ] process > host2       [  0%] 0 of 254

executor >  slurm (494)
[47/518081] process > host1 (488) [ 50%] 254 of 512
[-        ] process > host2       [  0%] 0 of 254

executor >  slurm (508)
[48/77e3ab] process > host1 (505) [ 50%] 254 of 512
[-        ] process > host2       [  0%] 0 of 254

executor >  slurm (519)
[29/fe086d] process > host1 (512) [ 50%] 254 of 512
[17/110551] process > host2 (7)   [  0%] 0 of 254

executor >  slurm (531)
[29/fe086d] process > host1 (512) [ 50%] 254 of 512
[39/f40a85] process > host2 (19)  [  0%] 0 of 254

executor >  slurm (537)
[a8/44caab] process > host1 (258) [ 53%] 269 of 512
[a9/37638d] process > host2 (25)  [  0%] 0 of 269

executor >  slurm (542)
[3c/4935fb] process > host1 (312) [ 56%] 287 of 512
[e5/1cabbd] process > host2 (30)  [  0%] 0 of 286

executor >  slurm (550)
[6a/bce43b] process > host1 (318) [ 59%] 304 of 512
[d1/139ab1] process > host2 (38)  [  0%] 0 of 304

executor >  slurm (555)
[1c/08541d] process > host1 (356) [ 69%] 354 of 512
[01/b40886] process > host2 (43)  [  0%] 0 of 354

executor >  slurm (563)
[a8/92455c] process > host1 (380) [ 72%] 370 of 512
[13/e29bac] process > host2 (51)  [  0%] 0 of 370

executor >  slurm (568)
[75/38a03f] process > host1 (416) [ 76%] 387 of 512
[68/603438] process > host2 (56)  [  0%] 0 of 386

executor >  slurm (575)
[b8/c3a5af] process > host1 (439) [ 79%] 402 of 512
[c7/dfc856] process > host2 (63)  [  0%] 0 of 402

executor >  slurm (584)
[75/b941a1] process > host1 (499) [ 81%] 417 of 512
[23/90639d] process > host2 (72)  [  0%] 0 of 417

executor >  slurm (597)
[75/b941a1] process > host1 (499) [ 81%] 417 of 512
[74/591ea3] process > host2 (85)  [  2%] 8 of 417

executor >  slurm (610)
[75/b941a1] process > host1 (499) [ 81%] 417 of 512
[af/7552d3] process > host2 (98)  [  2%] 8 of 417

executor >  slurm (623)
[75/b941a1] process > host1 (499) [ 81%] 417 of 512
[8b/40981f] process > host2 (111) [  2%] 8 of 417

executor >  slurm (637)
[75/b941a1] process > host1 (499) [ 81%] 417 of 512
[64/3cf634] process > host2 (125) [  2%] 8 of 417

executor >  slurm (650)
[75/b941a1] process > host1 (499) [ 81%] 417 of 512
[a6/4467c6] process > host2 (138) [  2%] 8 of 417

executor >  slurm (663)
[75/b941a1] process > host1 (499) [ 81%] 417 of 512
[50/c2ccc8] process > host2 (151) [  2%] 8 of 417

executor >  slurm (677)
[75/b941a1] process > host1 (499) [ 81%] 417 of 512
[f6/e16205] process > host2 (165) [  2%] 8 of 417

executor >  slurm (690)
[75/b941a1] process > host1 (499) [ 81%] 417 of 512
[24/4b2e44] process > host2 (178) [  2%] 8 of 417

executor >  slurm (705)
[75/b941a1] process > host1 (499) [ 81%] 417 of 512
[3c/3bde44] process > host2 (193) [  2%] 8 of 417

executor >  slurm (719)
[75/b941a1] process > host1 (499) [ 81%] 417 of 512
[1e/65cdc0] process > host2 (207) [  2%] 8 of 417

executor >  slurm (734)
[75/b941a1] process > host1 (499) [ 81%] 417 of 512
[7c/f3d133] process > host2 (222) [  2%] 8 of 417

executor >  slurm (746)
[75/b941a1] process > host1 (499) [ 81%] 417 of 512
[c5/8465b7] process > host2 (234) [  2%] 8 of 417

executor >  slurm (760)
[75/b941a1] process > host1 (499) [ 81%] 417 of 512
[cb/2272da] process > host2 (248) [  2%] 8 of 417

executor >  slurm (772)
[75/b941a1] process > host1 (499) [ 81%] 417 of 512
[de/f537fe] process > host2 (260) [  2%] 8 of 417

executor >  slurm (785)
[75/b941a1] process > host1 (499) [ 81%] 417 of 512
[2e/8159a3] process > host2 (273) [  2%] 8 of 417

executor >  slurm (800)
[75/b941a1] process > host1 (499) [ 81%] 417 of 512
[11/b10aa2] process > host2 (288) [  2%] 8 of 417

executor >  slurm (809)
[c8/bfc8fe] process > host1 (263) [ 83%] 425 of 512
[9d/d6c025] process > host2 (297) [  2%] 8 of 424

executor >  slurm (814)
[c4/ee41e3] process > host1 (394) [ 86%] 441 of 512
[3d/2fd4c4] process > host2 (302) [  2%] 8 of 441

executor >  slurm (821)
[d4/ddaad5] process > host1 (466) [ 89%] 458 of 512
[a0/13309b] process > host2 (309) [  2%] 8 of 458

executor >  slurm (831)
[82/9dcfa4] process > host1 (443) [ 92%] 473 of 512
[0b/2523b0] process > host2 (319) [  2%] 8 of 472

executor >  slurm (841)
[d8/cf643b] process > host1 (492) [ 95%] 488 of 512
[d4/b42a15] process > host2 (329) [  2%] 8 of 488

executor >  slurm (849)
[f9/e5d18e] process > host1 (483) [ 98%] 503 of 512
[28/87741f] process > host2 (337) [  2%] 8 of 503

executor >  slurm (860)
[29/fe086d] process > host1 (512) [ 99%] 505 of 512
[d6/72e794] process > host2 (23)  [  5%] 23 of 505

executor >  slurm (866)
[29/fe086d] process > host1 (512) [ 99%] 505 of 512
[f2/985edb] process > host2 (61)  [ 12%] 61 of 505

executor >  slurm (875)
[29/fe086d] process > host1 (512) [ 99%] 505 of 512
[bd/c2ea63] process > host2 (104) [ 19%] 94 of 505

executor >  slurm (888)
[29/fe086d] process > host1 (512) [ 99%] 505 of 512
[2b/aabdea] process > host2 (376) [ 22%] 110 of 505

executor >  slurm (899)
[29/fe086d] process > host1 (512) [ 99%] 505 of 512
[a6/1fca5b] process > host2 (387) [ 24%] 120 of 505

executor >  slurm (912)
[29/fe086d] process > host1 (512) [ 99%] 505 of 512
[f1/9ddd3f] process > host2 (400) [ 24%] 120 of 505

executor >  slurm (926)
[29/fe086d] process > host1 (512) [ 99%] 505 of 512
[a3/027c0b] process > host2 (414) [ 24%] 120 of 505

executor >  slurm (940)
[29/fe086d] process > host1 (512) [ 99%] 505 of 512
[83/9eb348] process > host2 (428) [ 24%] 120 of 505

executor >  slurm (953)
[29/fe086d] process > host1 (512) [ 99%] 505 of 512
[56/41bdc1] process > host2 (441) [ 24%] 120 of 505

executor >  slurm (967)
[29/fe086d] process > host1 (512) [ 99%] 505 of 512
[1d/d766cd] process > host2 (455) [ 24%] 120 of 505

executor >  slurm (982)
[29/fe086d] process > host1 (512) [ 99%] 505 of 512
[33/e0f8db] process > host2 (470) [ 24%] 120 of 505

executor >  slurm (996)
[29/fe086d] process > host1 (512) [ 99%] 505 of 512
[19/7b8754] process > host2 (484) [ 24%] 120 of 505

executor >  slurm (1010)
[29/fe086d] process > host1 (512) [ 99%] 505 of 512
[e6/d0832d] process > host2 (498) [ 24%] 120 of 505

executor >  slurm (1017)
[29/fe086d] process > host1 (512) [ 99%] 505 of 512
[ee/786db9] process > host2 (505) [ 24%] 120 of 505

executor >  slurm (1022)
[e3/3b1984] process > host1 (482) [100%] 512 of 512 ✔
[9e/f5e8a2] process > host2 (101) [ 24%] 124 of 512

executor >  slurm (1024)
[e3/3b1984] process > host1 (482) [100%] 512 of 512 ✔
[50/c2ccc8] process > host2 (151) [ 28%] 142 of 512

executor >  slurm (1024)
[e3/3b1984] process > host1 (482) [100%] 512 of 512 ✔
[fa/a9b4d2] process > host2 (172) [ 30%] 156 of 512

executor >  slurm (1024)
[e3/3b1984] process > host1 (482) [100%] 512 of 512 ✔
[2d/f30206] process > host2 (202) [ 34%] 173 of 512

executor >  slurm (1024)
[e3/3b1984] process > host1 (482) [100%] 512 of 512 ✔
[5d/e83d08] process > host2 (226) [ 38%] 192 of 512

executor >  slurm (1024)
[e3/3b1984] process > host1 (482) [100%] 512 of 512 ✔
[75/b9d1f2] process > host2 (250) [ 41%] 209 of 512

executor >  slurm (1024)
[e3/3b1984] process > host1 (482) [100%] 512 of 512 ✔
[39/a13f85] process > host2 (289) [ 48%] 244 of 512

executor >  slurm (1024)
[e3/3b1984] process > host1 (482) [100%] 512 of 512 ✔
[56/e1ba9e] process > host2 (333) [ 55%] 281 of 512

executor >  slurm (1024)
[e3/3b1984] process > host1 (482) [100%] 512 of 512 ✔
[02/fa39fd] process > host2 (375) [ 58%] 296 of 512

executor >  slurm (1024)
[e3/3b1984] process > host1 (482) [100%] 512 of 512 ✔
[22/11f083] process > host2 (395) [ 58%] 298 of 512

executor >  slurm (1024)
[e3/3b1984] process > host1 (482) [100%] 512 of 512 ✔
[24/4b2e44] process > host2 (178) [ 61%] 311 of 512

executor >  slurm (1024)
[e3/3b1984] process > host1 (482) [100%] 512 of 512 ✔
[b8/51749a] process > host2 (230) [ 64%] 327 of 512

executor >  slurm (1024)
[e3/3b1984] process > host1 (482) [100%] 512 of 512 ✔
[9e/3e31ea] process > host2 (336) [ 67%] 345 of 512

executor >  slurm (1024)
[e3/3b1984] process > host1 (482) [100%] 512 of 512 ✔
[cd/f4ad48] process > host2 (360) [ 70%] 360 of 512

executor >  slurm (1024)
[e3/3b1984] process > host1 (482) [100%] 512 of 512 ✔
[e6/d58344] process > host2 (382) [ 73%] 375 of 512

executor >  slurm (1024)
[e3/3b1984] process > host1 (482) [100%] 512 of 512 ✔
[12/649af2] process > host2 (402) [ 76%] 391 of 512

executor >  slurm (1024)
[e3/3b1984] process > host1 (482) [100%] 512 of 512 ✔
[b4/27cccd] process > host2 (430) [ 80%] 409 of 512

executor >  slurm (1024)
[e3/3b1984] process > host1 (482) [100%] 512 of 512 ✔
[ef/a2fe48] process > host2 (495) [ 90%] 462 of 512

executor >  slurm (1024)
[e3/3b1984] process > host1 (482) [100%] 512 of 512 ✔
[68/0e456d] process > host2 (512) [ 93%] 475 of 512

executor >  slurm (1024)
[e3/3b1984] process > host1 (482) [100%] 512 of 512 ✔
[74/0e77e9] process > host2 (419) [ 96%] 493 of 512

executor >  slurm (1024)
[e3/3b1984] process > host1 (482) [100%] 512 of 512 ✔
[0b/85004a] process > host2 (509) [100%] 512 of 512 ✔

executor >  slurm (1024)
[e3/3b1984] process > host1 (482) [100%] 512 of 512 ✔
[0b/85004a] process > host2 (509) [100%] 512 of 512 ✔
Hostname: compute-7-2
compute-7-0
compute-7-1
compute-7-4
compute-7-3


+ echo -e 'Done processing * 512 * tasks, on * 512 * cores'
+ echo '##############################################################################################'
+ cd nf.nf/hosts
+ echo 'nodes processes tasks'
++ ls -1v
+ for file in '`ls -1v`'
+ sed 's/_/ /g'
++ wc -l host1_tasks1.txt
+ echo 1 host1_tasks1.txt
+ for file in '`ls -1v`'
+ sed 's/_/ /g'
++ wc -l host1_tasks2.txt
+ echo 1 host1_tasks2.txt
+ for file in '`ls -1v`'
+ sed 's/_/ /g'
++ wc -l host1_tasks4.txt
+ echo 1 host1_tasks4.txt
+ for file in '`ls -1v`'
+ sed 's/_/ /g'
++ wc -l host1_tasks8.txt
+ echo 1 host1_tasks8.txt
+ for file in '`ls -1v`'
+ sed 's/_/ /g'
++ wc -l host1_tasks16.txt
+ echo 1 host1_tasks16.txt
+ for file in '`ls -1v`'
+ sed 's/_/ /g'
++ wc -l host1_tasks32.txt
+ echo 2 host1_tasks32.txt
+ for file in '`ls -1v`'
+ sed 's/_/ /g'
++ wc -l host1_tasks64.txt
+ echo 2 host1_tasks64.txt
+ for file in '`ls -1v`'
+ sed 's/_/ /g'
++ wc -l host1_tasks128.txt
+ echo 4 host1_tasks128.txt
+ for file in '`ls -1v`'
+ sed 's/_/ /g'
++ wc -l host1_tasks256.txt
+ echo 5 host1_tasks256.txt
+ for file in '`ls -1v`'
+ sed 's/_/ /g'
++ wc -l host1_tasks512.txt
+ echo 5 host1_tasks512.txt
+ for file in '`ls -1v`'
+ sed 's/_/ /g'
++ wc -l host2_tasks1.txt
+ echo 1 host2_tasks1.txt
+ for file in '`ls -1v`'
+ sed 's/_/ /g'
++ wc -l host2_tasks2.txt
+ echo 1 host2_tasks2.txt
+ for file in '`ls -1v`'
+ sed 's/_/ /g'
++ wc -l host2_tasks4.txt
+ echo 2 host2_tasks4.txt
+ for file in '`ls -1v`'
+ sed 's/_/ /g'
++ wc -l host2_tasks8.txt
+ echo 2 host2_tasks8.txt
+ for file in '`ls -1v`'
+ sed 's/_/ /g'
++ wc -l host2_tasks16.txt
+ echo 2 host2_tasks16.txt
+ for file in '`ls -1v`'
+ sed 's/_/ /g'
++ wc -l host2_tasks32.txt
+ echo 1 host2_tasks32.txt
+ for file in '`ls -1v`'
+ sed 's/_/ /g'
++ wc -l host2_tasks64.txt
+ echo 5 host2_tasks64.txt
+ for file in '`ls -1v`'
+ sed 's/_/ /g'
++ wc -l host2_tasks128.txt
+ echo 5 host2_tasks128.txt
+ for file in '`ls -1v`'
+ sed 's/_/ /g'
++ wc -l host2_tasks256.txt
+ echo 5 host2_tasks256.txt
+ for file in '`ls -1v`'
+ sed 's/_/ /g'
++ wc -l host2_tasks512.txt
+ echo 5 host2_tasks512.txt
+ mail -s 'WfMS- Bio-Scalability' azzaea@gmail.com
+ echo 'Bio-Scalability analysis completed for Nextflow!'
