Analysis done on: 
Wed Jul 21 06:58:04 CDT 2021
+ nextflow=/home/a-m/azzaea/software/nextflow/21.04.1.5556
+ resultsDir=nf.nf
+ logsDir=nf.nf/logs
+ confsDir=nf.nf/logs/confs
+ hostsDir=nf.nf/hosts
+ mkdir -p nf.nf nf.nf/logs nf.nf/logs/confs nf.nf/hosts
+ progress=nf.nf/logs/progress_bioinfoScaling.txt
+ echo 'Starting BioInfo Scalability Analysis'
+ echo '##############################################################################################'
+ /home/a-m/azzaea/software/nextflow/21.04.1.5556 -v
+ echo '##############################################################################################'
+ ifstat -t -T -n -w
ifstat: invalid time constant divisor
+ log1=nf.nf/logs/bioinfoScaling_processes-1_host.txt
+ log2=nf.nf/logs/bioinfoScaling_processes-2_host.txt
+ tee -a nf.nf/logs/bioinfoScaling_processes-1_host.txt nf.nf/logs/bioinfoScaling_processes-2_host.txt
+ echo cores,tasks,user,system,elapsed,cpu,avMemory,involuntaryContextSwitch,voluntaryContextSwitch,faults,inputs,outputs,socketsIn,socketsOut,exitStatus
cores,tasks,user,system,elapsed,cpu,avMemory,involuntaryContextSwitch,voluntaryContextSwitch,faults,inputs,outputs,socketsIn,socketsOut,exitStatus
+ for line in '{1..10}'
++ sed -n 1p
++ cat cores.txt
+ cores=1
+ tasks=1
+ tee -a nf.nf/logs/bioinfoScaling_processes-1_host.txt nf.nf/logs/bioinfoScaling_processes-2_host.txt
+ echo -n 1,1,
1,1,+ sed s/CORES/1/ nextflow.config.tmpl
+ /usr/bin/time --format %U,%S,%e,%P,%K,%c,%w,%F,%I,%O,%r,%s,%x --append --output nf.nf/logs/bioinfoScaling_processes-1_host.txt /home/a-m/azzaea/software/nextflow/21.04.1.5556 run host_process.nf -c nf.nf/logs/confs/nextflow.config.1 -profile cluster --ntasks=1 --log=nf.nf/hosts/host1_tasks1.txt
N E X T F L O W  ~  version 21.04.1
Launching `host_process.nf` [condescending_goldwasser] - revision: b2ae3954f9
[-        ] process > host1 [  0%] 0 of 1

executor >  slurm (1)
[7e/384d3b] process > host1 (1) [  0%] 0 of 1

executor >  slurm (1)
[7e/384d3b] process > host1 (1) [  0%] 0 of 1

executor >  slurm (1)
[7e/384d3b] process > host1 (1) [100%] 1 of 1 ✔
Hostname: compute-7-0


+ /usr/bin/time --format %U,%S,%e,%P,%K,%c,%w,%F,%I,%O,%r,%s,%x --append --output nf.nf/logs/bioinfoScaling_processes-2_host.txt /home/a-m/azzaea/software/nextflow/21.04.1.5556 run host_workflow.nf -c nf.nf/logs/confs/nextflow.config.1 -profile cluster --ntasks=1 --log=nf.nf/hosts/host2_tasks1.txt
N E X T F L O W  ~  version 21.04.1
Launching `host_workflow.nf` [curious_goldstine] - revision: 36145d24c7
[-        ] process > host1 -
[-        ] process > host2 -

executor >  slurm (1)
[db/c2355a] process > host1 (1) [  0%] 0 of 1
[-        ] process > host2     -

executor >  slurm (1)
[db/c2355a] process > host1 (1) [  0%] 0 of 1
[-        ] process > host2     -

executor >  slurm (2)
[db/c2355a] process > host1 (1) [100%] 1 of 1 ✔
[70/744811] process > host2 (1) [  0%] 0 of 1

executor >  slurm (2)
[db/c2355a] process > host1 (1) [100%] 1 of 1 ✔
[70/744811] process > host2 (1) [100%] 1 of 1 ✔

executor >  slurm (2)
[db/c2355a] process > host1 (1) [100%] 1 of 1 ✔
[70/744811] process > host2 (1) [100%] 1 of 1 ✔
Hostname: compute-7-0


+ echo -e 'Done processing * 1 * tasks, on * 1 * cores'
+ for line in '{1..10}'
++ sed -n 2p
++ cat cores.txt
+ cores=2
+ tasks=2
+ tee -a nf.nf/logs/bioinfoScaling_processes-1_host.txt nf.nf/logs/bioinfoScaling_processes-2_host.txt
+ echo -n 2,2,
2,2,+ sed s/CORES/2/ nextflow.config.tmpl
+ /usr/bin/time --format %U,%S,%e,%P,%K,%c,%w,%F,%I,%O,%r,%s,%x --append --output nf.nf/logs/bioinfoScaling_processes-1_host.txt /home/a-m/azzaea/software/nextflow/21.04.1.5556 run host_process.nf -c nf.nf/logs/confs/nextflow.config.2 -profile cluster --ntasks=2 --log=nf.nf/hosts/host1_tasks2.txt
N E X T F L O W  ~  version 21.04.1
Launching `host_process.nf` [mad_swirles] - revision: b2ae3954f9
[-        ] process > host1 -

executor >  slurm (2)
[bf/c27e17] process > host1 (1) [  0%] 0 of 2

executor >  slurm (2)
[bf/c27e17] process > host1 (1) [  0%] 0 of 2

executor >  slurm (2)
[bf/c27e17] process > host1 (1) [100%] 2 of 2 ✔

executor >  slurm (2)
[bf/c27e17] process > host1 (1) [100%] 2 of 2 ✔
Hostname: compute-7-0


+ /usr/bin/time --format %U,%S,%e,%P,%K,%c,%w,%F,%I,%O,%r,%s,%x --append --output nf.nf/logs/bioinfoScaling_processes-2_host.txt /home/a-m/azzaea/software/nextflow/21.04.1.5556 run host_workflow.nf -c nf.nf/logs/confs/nextflow.config.2 -profile cluster --ntasks=2 --log=nf.nf/hosts/host2_tasks2.txt
N E X T F L O W  ~  version 21.04.1
Launching `host_workflow.nf` [maniac_fourier] - revision: 36145d24c7
[-        ] process > host1 -
[-        ] process > host2 -

executor >  slurm (2)
[df/9632ad] process > host1 (2) [  0%] 0 of 2
[-        ] process > host2     -

executor >  slurm (2)
[df/9632ad] process > host1 (2) [100%] 2 of 2 ✔
[-        ] process > host2     [  0%] 0 of 2

executor >  slurm (4)
[df/9632ad] process > host1 (2) [100%] 2 of 2 ✔
[15/39954b] process > host2 (2) [  0%] 0 of 2

executor >  slurm (4)
[df/9632ad] process > host1 (2) [100%] 2 of 2 ✔
[15/39954b] process > host2 (2) [  0%] 0 of 2

executor >  slurm (4)
[df/9632ad] process > host1 (2) [100%] 2 of 2 ✔
[15/39954b] process > host2 (2) [100%] 2 of 2 ✔
Hostname: compute-7-0


+ echo -e 'Done processing * 2 * tasks, on * 2 * cores'
+ for line in '{1..10}'
++ sed -n 3p
++ cat cores.txt
+ cores=4
+ tasks=4
+ tee -a nf.nf/logs/bioinfoScaling_processes-1_host.txt nf.nf/logs/bioinfoScaling_processes-2_host.txt
+ echo -n 4,4,
4,4,+ sed s/CORES/4/ nextflow.config.tmpl
+ /usr/bin/time --format %U,%S,%e,%P,%K,%c,%w,%F,%I,%O,%r,%s,%x --append --output nf.nf/logs/bioinfoScaling_processes-1_host.txt /home/a-m/azzaea/software/nextflow/21.04.1.5556 run host_process.nf -c nf.nf/logs/confs/nextflow.config.4 -profile cluster --ntasks=4 --log=nf.nf/hosts/host1_tasks4.txt
N E X T F L O W  ~  version 21.04.1
Launching `host_process.nf` [thirsty_fourier] - revision: b2ae3954f9
[-        ] process > host1 -

executor >  slurm (4)
[86/2a265f] process > host1 (4) [  0%] 0 of 4

executor >  slurm (4)
[86/2a265f] process > host1 (4) [  0%] 0 of 4

executor >  slurm (4)
[86/2a265f] process > host1 (4) [100%] 4 of 4 ✔

executor >  slurm (4)
[86/2a265f] process > host1 (4) [100%] 4 of 4 ✔
Hostname: compute-7-0


executor >  slurm (4)
[86/2a265f] process > host1 (4) [100%] 4 of 4 ✔
Hostname: compute-7-0


+ /usr/bin/time --format %U,%S,%e,%P,%K,%c,%w,%F,%I,%O,%r,%s,%x --append --output nf.nf/logs/bioinfoScaling_processes-2_host.txt /home/a-m/azzaea/software/nextflow/21.04.1.5556 run host_workflow.nf -c nf.nf/logs/confs/nextflow.config.4 -profile cluster --ntasks=4 --log=nf.nf/hosts/host2_tasks4.txt
N E X T F L O W  ~  version 21.04.1
Launching `host_workflow.nf` [loving_dalembert] - revision: 36145d24c7
[-        ] process > host1 -
[-        ] process > host2 -

executor >  slurm (4)
[a0/4c5cb8] process > host1 (4) [  0%] 0 of 4
[-        ] process > host2     -

executor >  slurm (4)
[a0/4c5cb8] process > host1 (4) [  0%] 0 of 4
[-        ] process > host2     -

executor >  slurm (5)
[a0/4c5cb8] process > host1 (4) [100%] 4 of 4 ✔
[8d/ca2675] process > host2 (1) [  0%] 0 of 4

executor >  slurm (8)
[a0/4c5cb8] process > host1 (4) [100%] 4 of 4 ✔
[77/bbd7bc] process > host2 (4) [  0%] 0 of 4

executor >  slurm (8)
[a0/4c5cb8] process > host1 (4) [100%] 4 of 4 ✔
[77/bbd7bc] process > host2 (4) [100%] 4 of 4 ✔

executor >  slurm (8)
[a0/4c5cb8] process > host1 (4) [100%] 4 of 4 ✔
[77/bbd7bc] process > host2 (4) [100%] 4 of 4 ✔
Hostname: compute-7-0


executor >  slurm (8)
[a0/4c5cb8] process > host1 (4) [100%] 4 of 4 ✔
[77/bbd7bc] process > host2 (4) [100%] 4 of 4 ✔
Hostname: compute-7-0


+ echo -e 'Done processing * 4 * tasks, on * 4 * cores'
+ for line in '{1..10}'
++ sed -n 4p
++ cat cores.txt
+ cores=8
+ tasks=8
+ tee -a nf.nf/logs/bioinfoScaling_processes-1_host.txt nf.nf/logs/bioinfoScaling_processes-2_host.txt
+ echo -n 8,8,
8,8,+ sed s/CORES/8/ nextflow.config.tmpl
+ /usr/bin/time --format %U,%S,%e,%P,%K,%c,%w,%F,%I,%O,%r,%s,%x --append --output nf.nf/logs/bioinfoScaling_processes-1_host.txt /home/a-m/azzaea/software/nextflow/21.04.1.5556 run host_process.nf -c nf.nf/logs/confs/nextflow.config.8 -profile cluster --ntasks=8 --log=nf.nf/hosts/host1_tasks8.txt
N E X T F L O W  ~  version 21.04.1
Launching `host_process.nf` [determined_newton] - revision: b2ae3954f9
[-        ] process > host1 -

executor >  slurm (1)
[06/ce3cb1] process > host1 (2) [  0%] 0 of 8

executor >  slurm (6)
[26/005b1c] process > host1 (6) [  0%] 0 of 8

executor >  slurm (8)
[34/958e66] process > host1 (8) [  0%] 0 of 8

executor >  slurm (8)
[34/958e66] process > host1 (8) [  0%] 0 of 8

executor >  slurm (8)
[34/958e66] process > host1 (8) [100%] 8 of 8 ✔
Hostname: compute-7-0
compute-7-1


+ /usr/bin/time --format %U,%S,%e,%P,%K,%c,%w,%F,%I,%O,%r,%s,%x --append --output nf.nf/logs/bioinfoScaling_processes-2_host.txt /home/a-m/azzaea/software/nextflow/21.04.1.5556 run host_workflow.nf -c nf.nf/logs/confs/nextflow.config.8 -profile cluster --ntasks=8 --log=nf.nf/hosts/host2_tasks8.txt
N E X T F L O W  ~  version 21.04.1
Launching `host_workflow.nf` [naughty_laplace] - revision: 36145d24c7
[-        ] process > host1 -
[-        ] process > host2 -

executor >  slurm (5)
[7b/2ab444] process > host1 (5) [  0%] 0 of 8
[-        ] process > host2     -

executor >  slurm (8)
[38/c95d63] process > host1 (8) [  0%] 0 of 8
[-        ] process > host2     -

executor >  slurm (8)
[7b/2ab444] process > host1 (5) [ 63%] 5 of 8
[-        ] process > host2     [  0%] 0 of 5

executor >  slurm (12)
[38/c95d63] process > host1 (8) [100%] 8 of 8 ✔
[bd/9f68a4] process > host2 (3) [  0%] 0 of 8

executor >  slurm (16)
[38/c95d63] process > host1 (8) [100%] 8 of 8 ✔
[b2/95b3e8] process > host2 (8) [  0%] 0 of 8

executor >  slurm (16)
[38/c95d63] process > host1 (8) [100%] 8 of 8 ✔
[bd/9f68a4] process > host2 (3) [ 50%] 4 of 8

executor >  slurm (16)
[38/c95d63] process > host1 (8) [100%] 8 of 8 ✔
[b2/95b3e8] process > host2 (8) [100%] 8 of 8 ✔
Hostname: compute-7-0
compute-7-1


+ echo -e 'Done processing * 8 * tasks, on * 8 * cores'
+ for line in '{1..10}'
++ sed -n 5p
++ cat cores.txt
+ cores=16
+ tasks=16
+ tee -a nf.nf/logs/bioinfoScaling_processes-1_host.txt nf.nf/logs/bioinfoScaling_processes-2_host.txt
+ echo -n 16,16,
16,16,+ sed s/CORES/16/ nextflow.config.tmpl
+ /usr/bin/time --format %U,%S,%e,%P,%K,%c,%w,%F,%I,%O,%r,%s,%x --append --output nf.nf/logs/bioinfoScaling_processes-1_host.txt /home/a-m/azzaea/software/nextflow/21.04.1.5556 run host_process.nf -c nf.nf/logs/confs/nextflow.config.16 -profile cluster --ntasks=16 --log=nf.nf/hosts/host1_tasks16.txt
N E X T F L O W  ~  version 21.04.1
Launching `host_process.nf` [dreamy_wilson] - revision: b2ae3954f9
[-        ] process > host1 [  0%] 0 of 1

executor >  slurm (6)
[88/59f0d0] process > host1 (7) [  0%] 0 of 16

executor >  slurm (12)
[f5/d78d28] process > host1 (12) [  0%] 0 of 16

executor >  slurm (16)
[9b/2fc674] process > host1 (16) [  0%] 0 of 16

executor >  slurm (16)
[9b/2fc674] process > host1 (16) [  0%] 0 of 16

executor >  slurm (16)
[8d/bce059] process > host1 (11) [ 69%] 11 of 16

executor >  slurm (16)
[9b/2fc674] process > host1 (16) [100%] 16 of 16 ✔
Hostname: compute-7-2
compute-7-0
compute-7-1


executor >  slurm (16)
[9b/2fc674] process > host1 (16) [100%] 16 of 16 ✔
Hostname: compute-7-2
compute-7-0
compute-7-1


+ /usr/bin/time --format %U,%S,%e,%P,%K,%c,%w,%F,%I,%O,%r,%s,%x --append --output nf.nf/logs/bioinfoScaling_processes-2_host.txt /home/a-m/azzaea/software/nextflow/21.04.1.5556 run host_workflow.nf -c nf.nf/logs/confs/nextflow.config.16 -profile cluster --ntasks=16 --log=nf.nf/hosts/host2_tasks16.txt
N E X T F L O W  ~  version 21.04.1
Launching `host_workflow.nf` [hungry_golick] - revision: 36145d24c7
[-        ] process > host1 [  0%] 0 of 1
[-        ] process > host2 -

executor >  slurm (6)
[18/cd4904] process > host1 (7) [  0%] 0 of 16
[-        ] process > host2     -

executor >  slurm (12)
[74/c7e5f3] process > host1 (12) [  0%] 0 of 16
[-        ] process > host2      -

executor >  slurm (16)
[1a/7670ff] process > host1 (16) [  0%] 0 of 16
[-        ] process > host2      -

executor >  slurm (16)
[1a/7670ff] process > host1 (16) [  0%] 0 of 16
[-        ] process > host2      -

executor >  slurm (18)
[c5/478cdf] process > host1 (15) [ 94%] 15 of 16
[5e/50b82c] process > host2 (2)  [  0%] 0 of 14

executor >  slurm (23)
[1a/7670ff] process > host1 (16) [100%] 16 of 16 ✔
[84/3f8989] process > host2 (7)  [  0%] 0 of 16

executor >  slurm (28)
[1a/7670ff] process > host1 (16) [100%] 16 of 16 ✔
[9f/7c10d5] process > host2 (12) [  0%] 0 of 16

executor >  slurm (32)
[1a/7670ff] process > host1 (16) [100%] 16 of 16 ✔
[0a/50a5f6] process > host2 (16) [  0%] 0 of 16

executor >  slurm (32)
[1a/7670ff] process > host1 (16) [100%] 16 of 16 ✔
[6a/fe7f33] process > host2 (14) [ 88%] 14 of 16

executor >  slurm (32)
[1a/7670ff] process > host1 (16) [100%] 16 of 16 ✔
[0a/50a5f6] process > host2 (16) [100%] 16 of 16 ✔
Hostname: compute-7-2
compute-7-0
compute-7-1


+ echo -e 'Done processing * 16 * tasks, on * 16 * cores'
+ for line in '{1..10}'
++ sed -n 6p
++ cat cores.txt
+ cores=32
+ tasks=32
+ tee -a nf.nf/logs/bioinfoScaling_processes-1_host.txt nf.nf/logs/bioinfoScaling_processes-2_host.txt
+ echo -n 32,32,
32,32,+ sed s/CORES/32/ nextflow.config.tmpl
+ /usr/bin/time --format %U,%S,%e,%P,%K,%c,%w,%F,%I,%O,%r,%s,%x --append --output nf.nf/logs/bioinfoScaling_processes-1_host.txt /home/a-m/azzaea/software/nextflow/21.04.1.5556 run host_process.nf -c nf.nf/logs/confs/nextflow.config.32 -profile cluster --ntasks=32 --log=nf.nf/hosts/host1_tasks32.txt
N E X T F L O W  ~  version 21.04.1
Launching `host_process.nf` [deadly_lorenz] - revision: b2ae3954f9
[-        ] process > host1 [  0%] 0 of 3

executor >  slurm (6)
[92/e36da7] process > host1 (5) [  0%] 0 of 32

executor >  slurm (13)
[a9/83913b] process > host1 (13) [  0%] 0 of 32

executor >  slurm (18)
[30/79e469] process > host1 (18) [  0%] 0 of 32

executor >  slurm (26)
[dd/53794d] process > host1 (26) [  0%] 0 of 32

executor >  slurm (32)
[69/cc5fcf] process > host1 (32) [  0%] 0 of 32

executor >  slurm (32)
[69/cc5fcf] process > host1 (32) [  0%] 0 of 32

executor >  slurm (32)
[84/49acd7] process > host1 (16) [ 50%] 16 of 32

executor >  slurm (32)
[18/6eade5] process > host1 (29) [ 91%] 29 of 32

executor >  slurm (32)
[69/cc5fcf] process > host1 (32) [100%] 32 of 32 ✔
Hostname: compute-7-2
compute-7-0
compute-7-1


executor >  slurm (32)
[69/cc5fcf] process > host1 (32) [100%] 32 of 32 ✔
Hostname: compute-7-2
compute-7-0
compute-7-1


+ /usr/bin/time --format %U,%S,%e,%P,%K,%c,%w,%F,%I,%O,%r,%s,%x --append --output nf.nf/logs/bioinfoScaling_processes-2_host.txt /home/a-m/azzaea/software/nextflow/21.04.1.5556 run host_workflow.nf -c nf.nf/logs/confs/nextflow.config.32 -profile cluster --ntasks=32 --log=nf.nf/hosts/host2_tasks32.txt
N E X T F L O W  ~  version 21.04.1
Launching `host_workflow.nf` [marvelous_hodgkin] - revision: 36145d24c7
[-        ] process > host1 -
[-        ] process > host2 -

executor >  slurm (5)
[b8/731dc8] process > host1 (5) [  0%] 0 of 32
[-        ] process > host2     -

executor >  slurm (10)
[a9/aff9cb] process > host1 (10) [  0%] 0 of 32
[-        ] process > host2      -

executor >  slurm (14)
[12/444930] process > host1 (14) [  0%] 0 of 32
[-        ] process > host2      -

executor >  slurm (19)
[cc/e6ae21] process > host1 (20) [  0%] 0 of 32
[-        ] process > host2      -

executor >  slurm (23)
[e7/366666] process > host1 (23) [  0%] 0 of 32
[-        ] process > host2      -

executor >  slurm (28)
[81/f7ffe2] process > host1 (28) [  0%] 0 of 32
[-        ] process > host2      -

executor >  slurm (32)
[af/a9e2f7] process > host1 (32) [  0%] 0 of 32
[-        ] process > host2      -

executor >  slurm (32)
[da/ebc08a] process > host1 (2)  [  3%] 1 of 32
[-        ] process > host2      [  0%] 0 of 1

executor >  slurm (34)
[f5/370aa8] process > host1 (12) [ 38%] 12 of 32
[5e/a14899] process > host2 (2)  [  0%] 0 of 12

executor >  slurm (38)
[cc/404309] process > host1 (19) [ 66%] 21 of 32
[33/977640] process > host2 (6)  [  0%] 0 of 20

executor >  slurm (41)
[af/a9e2f7] process > host1 (32) [100%] 32 of 32 ✔
[1a/4444d8] process > host2 (9)  [  0%] 0 of 32

executor >  slurm (46)
[af/a9e2f7] process > host1 (32) [100%] 32 of 32 ✔
[f0/5f2dc3] process > host2 (14) [  0%] 0 of 32

executor >  slurm (53)
[af/a9e2f7] process > host1 (32) [100%] 32 of 32 ✔
[e6/bc3a76] process > host2 (21) [  0%] 0 of 32

executor >  slurm (63)
[af/a9e2f7] process > host1 (32) [100%] 32 of 32 ✔
[36/43476e] process > host2 (31) [  0%] 0 of 32

executor >  slurm (64)
[af/a9e2f7] process > host1 (32) [100%] 32 of 32 ✔
[66/2e2b6a] process > host2 (32) [  0%] 0 of 32

executor >  slurm (64)
[af/a9e2f7] process > host1 (32) [100%] 32 of 32 ✔
[8c/6ecf1d] process > host2 (5)  [ 16%] 5 of 32

executor >  slurm (64)
[af/a9e2f7] process > host1 (32) [100%] 32 of 32 ✔
[34/92a1bf] process > host2 (23) [ 72%] 23 of 32

executor >  slurm (64)
[af/a9e2f7] process > host1 (32) [100%] 32 of 32 ✔
[66/2e2b6a] process > host2 (32) [100%] 32 of 32 ✔
Hostname: compute-7-2
compute-7-0
compute-7-1


executor >  slurm (64)
[af/a9e2f7] process > host1 (32) [100%] 32 of 32 ✔
[66/2e2b6a] process > host2 (32) [100%] 32 of 32 ✔
Hostname: compute-7-2
compute-7-0
compute-7-1


+ echo -e 'Done processing * 32 * tasks, on * 32 * cores'
+ for line in '{1..10}'
++ sed -n 7p
++ cat cores.txt
+ cores=64
+ tasks=64
+ tee -a nf.nf/logs/bioinfoScaling_processes-1_host.txt nf.nf/logs/bioinfoScaling_processes-2_host.txt
+ echo -n 64,64,
64,64,+ sed s/CORES/64/ nextflow.config.tmpl
+ /usr/bin/time --format %U,%S,%e,%P,%K,%c,%w,%F,%I,%O,%r,%s,%x --append --output nf.nf/logs/bioinfoScaling_processes-1_host.txt /home/a-m/azzaea/software/nextflow/21.04.1.5556 run host_process.nf -c nf.nf/logs/confs/nextflow.config.64 -profile cluster --ntasks=64 --log=nf.nf/hosts/host1_tasks64.txt
N E X T F L O W  ~  version 21.04.1
Launching `host_process.nf` [wise_murdock] - revision: b2ae3954f9
[-        ] process > host1 [  0%] 0 of 1

executor >  slurm (6)
[90/92f36c] process > host1 (6) [  0%] 0 of 64

executor >  slurm (11)
[e8/1c4b65] process > host1 (12) [  0%] 0 of 64

executor >  slurm (18)
[bd/4ca2c1] process > host1 (19) [  0%] 0 of 64

executor >  slurm (25)
[0a/9fc931] process > host1 (25) [  0%] 0 of 64

executor >  slurm (32)
[cc/7057d5] process > host1 (31) [  0%] 0 of 64

executor >  slurm (44)
[d3/2b2dae] process > host1 (44) [  0%] 0 of 64

executor >  slurm (49)
[38/8f10e5] process > host1 (49) [  0%] 0 of 64

executor >  slurm (59)
[27/8dad39] process > host1 (58) [  0%] 0 of 64

executor >  slurm (64)
[6a/9ba69c] process > host1 (64) [  0%] 0 of 64

executor >  slurm (64)
[20/8de641] process > host1 (5)  [  8%] 5 of 64

executor >  slurm (64)
[bd/4ca2c1] process > host1 (19) [ 25%] 16 of 64

executor >  slurm (64)
[89/635485] process > host1 (41) [ 50%] 32 of 64

executor >  slurm (64)
[68/add2ba] process > host1 (62) [ 69%] 44 of 64

executor >  slurm (64)
[6a/9ba69c] process > host1 (64) [ 70%] 45 of 64

executor >  slurm (64)
[03/b7b33a] process > host1 (16) [ 73%] 47 of 64

executor >  slurm (64)
[a4/c4043c] process > host1 (40) [ 86%] 55 of 64

executor >  slurm (64)
[2d/00263e] process > host1 (61) [100%] 64 of 64 ✔
Hostname: compute-7-2
compute-7-0
compute-7-1


executor >  slurm (64)
[2d/00263e] process > host1 (61) [100%] 64 of 64 ✔
Hostname: compute-7-2
compute-7-0
compute-7-1


+ /usr/bin/time --format %U,%S,%e,%P,%K,%c,%w,%F,%I,%O,%r,%s,%x --append --output nf.nf/logs/bioinfoScaling_processes-2_host.txt /home/a-m/azzaea/software/nextflow/21.04.1.5556 run host_workflow.nf -c nf.nf/logs/confs/nextflow.config.64 -profile cluster --ntasks=64 --log=nf.nf/hosts/host2_tasks64.txt
N E X T F L O W  ~  version 21.04.1
Launching `host_workflow.nf` [elated_noyce] - revision: 36145d24c7
[-        ] process > host1 -
[-        ] process > host2 -

executor >  slurm (3)
[c8/aaeffe] process > host1 (3) [  0%] 0 of 64
[-        ] process > host2     -

executor >  slurm (9)
[13/be4bbf] process > host1 (9) [  0%] 0 of 64
[-        ] process > host2     -

executor >  slurm (15)
[03/bbb7ac] process > host1 (15) [  0%] 0 of 64
[-        ] process > host2      -

executor >  slurm (19)
[2b/1f5bdf] process > host1 (20) [  0%] 0 of 64
[-        ] process > host2      -

executor >  slurm (26)
[e3/036c5f] process > host1 (26) [  0%] 0 of 64
[-        ] process > host2      -

executor >  slurm (34)
[1b/7428b8] process > host1 (33) [  0%] 0 of 64
[-        ] process > host2      -

executor >  slurm (45)
[d3/1f9ccb] process > host1 (45) [  0%] 0 of 64
[-        ] process > host2      -

executor >  slurm (53)
[b1/9b86da] process > host1 (53) [  0%] 0 of 64
[-        ] process > host2      -

executor >  slurm (60)
[da/1fbc44] process > host1 (60) [  0%] 0 of 64
[-        ] process > host2      -

executor >  slurm (64)
[85/4ae61f] process > host1 (64) [  0%] 0 of 64
[-        ] process > host2      -

executor >  slurm (64)
[85/4ae61f] process > host1 (64) [  0%] 0 of 64
[-        ] process > host2      -

executor >  slurm (65)
[46/33a191] process > host1 (13) [ 20%] 13 of 64
[54/bde531] process > host2 (2)  [  0%] 0 of 13

executor >  slurm (68)
[54/545e8a] process > host1 (29) [ 45%] 29 of 64
[ee/828e89] process > host2 (4)  [  0%] 0 of 28

executor >  slurm (70)
[0c/f38bbd] process > host1 (42) [ 64%] 41 of 64
[5d/5d2fc4] process > host2 (6)  [  0%] 0 of 41

executor >  slurm (74)
[10/b9d444] process > host1 (55) [ 86%] 55 of 64
[84/8e0b85] process > host2 (10) [  0%] 0 of 55

executor >  slurm (78)
[85/4ae61f] process > host1 (64) [100%] 64 of 64 ✔
[b6/1e4db0] process > host2 (14) [  0%] 0 of 64

executor >  slurm (84)
[85/4ae61f] process > host1 (64) [100%] 64 of 64 ✔
[c9/ed0644] process > host2 (20) [  0%] 0 of 64

executor >  slurm (89)
[85/4ae61f] process > host1 (64) [100%] 64 of 64 ✔
[60/79cd8e] process > host2 (25) [  0%] 0 of 64

executor >  slurm (96)
[85/4ae61f] process > host1 (64) [100%] 64 of 64 ✔
[47/84afd1] process > host2 (32) [  0%] 0 of 64

executor >  slurm (101)
[85/4ae61f] process > host1 (64) [100%] 64 of 64 ✔
[ca/6fe885] process > host2 (37) [  0%] 0 of 64

executor >  slurm (106)
[85/4ae61f] process > host1 (64) [100%] 64 of 64 ✔
[4c/1cea93] process > host2 (42) [  0%] 0 of 64

executor >  slurm (112)
[85/4ae61f] process > host1 (64) [100%] 64 of 64 ✔
[01/8cb7f9] process > host2 (48) [  0%] 0 of 64

executor >  slurm (118)
[85/4ae61f] process > host1 (64) [100%] 64 of 64 ✔
[dd/39f83a] process > host2 (54) [  0%] 0 of 64

executor >  slurm (123)
[85/4ae61f] process > host1 (64) [100%] 64 of 64 ✔
[f5/229826] process > host2 (59) [  0%] 0 of 64

executor >  slurm (128)
[85/4ae61f] process > host1 (64) [100%] 64 of 64 ✔
[09/167989] process > host2 (64) [  0%] 0 of 64

executor >  slurm (128)
[85/4ae61f] process > host1 (64) [100%] 64 of 64 ✔
[09/167989] process > host2 (64) [  0%] 0 of 64

executor >  slurm (128)
[85/4ae61f] process > host1 (64) [100%] 64 of 64 ✔
[e6/894d27] process > host2 (23) [ 36%] 23 of 64

executor >  slurm (128)
[85/4ae61f] process > host1 (64) [100%] 64 of 64 ✔
[f2/aa0d4e] process > host2 (38) [ 59%] 38 of 64

executor >  slurm (128)
[85/4ae61f] process > host1 (64) [100%] 64 of 64 ✔
[29/9641c4] process > host2 (55) [ 86%] 55 of 64

executor >  slurm (128)
[85/4ae61f] process > host1 (64) [100%] 64 of 64 ✔
[09/167989] process > host2 (64) [100%] 64 of 64 ✔
Hostname: compute-7-2
compute-7-0
compute-7-1
compute-7-4
compute-7-3


executor >  slurm (128)
[85/4ae61f] process > host1 (64) [100%] 64 of 64 ✔
[09/167989] process > host2 (64) [100%] 64 of 64 ✔
Hostname: compute-7-2
compute-7-0
compute-7-1
compute-7-4
compute-7-3


+ echo -e 'Done processing * 64 * tasks, on * 64 * cores'
+ for line in '{1..10}'
++ sed -n 8p
++ cat cores.txt
+ cores=128
+ tasks=128
+ tee -a nf.nf/logs/bioinfoScaling_processes-1_host.txt nf.nf/logs/bioinfoScaling_processes-2_host.txt
+ echo -n 128,128,
128,128,+ sed s/CORES/128/ nextflow.config.tmpl
+ /usr/bin/time --format %U,%S,%e,%P,%K,%c,%w,%F,%I,%O,%r,%s,%x --append --output nf.nf/logs/bioinfoScaling_processes-1_host.txt /home/a-m/azzaea/software/nextflow/21.04.1.5556 run host_process.nf -c nf.nf/logs/confs/nextflow.config.128 -profile cluster --ntasks=128 --log=nf.nf/hosts/host1_tasks128.txt
N E X T F L O W  ~  version 21.04.1
Launching `host_process.nf` [magical_laplace] - revision: b2ae3954f9
[-        ] process > host1 -

executor >  slurm (1)
[77/6f291f] process > host1 (1) [  0%] 0 of 90

executor >  slurm (4)
[cf/b8a332] process > host1 (4) [  0%] 0 of 128

executor >  slurm (9)
[be/8a0556] process > host1 (9) [  0%] 0 of 128

executor >  slurm (15)
[4d/a1e244] process > host1 (15) [  0%] 0 of 128

executor >  slurm (20)
[5c/ea70ee] process > host1 (19) [  0%] 0 of 128

executor >  slurm (29)
[11/16f1e3] process > host1 (30) [  0%] 0 of 128

executor >  slurm (39)
[a8/1eebb0] process > host1 (39) [  0%] 0 of 128

executor >  slurm (48)
[dc/325371] process > host1 (49) [  0%] 0 of 128

executor >  slurm (60)
[c6/f6b535] process > host1 (61) [  0%] 0 of 128

executor >  slurm (71)
[3d/75112e] process > host1 (71) [  0%] 0 of 128

executor >  slurm (81)
[8b/e21f18] process > host1 (82) [  0%] 0 of 128

executor >  slurm (93)
[ac/61a8d6] process > host1 (94) [  0%] 0 of 128

executor >  slurm (98)
[65/4367d3] process > host1 (98) [  0%] 0 of 128

executor >  slurm (104)
[7d/e9292c] process > host1 (103) [  0%] 0 of 128

executor >  slurm (115)
[ad/859917] process > host1 (115) [  0%] 0 of 128

executor >  slurm (126)
[8e/f0f782] process > host1 (126) [  0%] 0 of 128

executor >  slurm (128)
[38/ec5df3] process > host1 (128) [  0%] 0 of 128

executor >  slurm (128)
[38/ec5df3] process > host1 (128) [  0%] 0 of 128

executor >  slurm (128)
[1e/26f77b] process > host1 (14)  [ 10%] 13 of 128

executor >  slurm (128)
[11/06db6f] process > host1 (26)  [ 20%] 26 of 128

executor >  slurm (128)
[87/602f07] process > host1 (46)  [ 34%] 44 of 128

executor >  slurm (128)
[12/454ca1] process > host1 (66)  [ 47%] 60 of 128

executor >  slurm (128)
[17/2b9655] process > host1 (80)  [ 60%] 77 of 128

executor >  slurm (128)
[0a/c7df53] process > host1 (101) [ 74%] 95 of 128

executor >  slurm (128)
[c5/0481e4] process > host1 (112) [ 83%] 106 of 128

executor >  slurm (128)
[91/8d6a2f] process > host1 (125) [ 92%] 118 of 128

executor >  slurm (128)
[38/ec5df3] process > host1 (128) [ 95%] 121 of 128

executor >  slurm (128)
[c4/8d8c7b] process > host1 (81)  [100%] 128 of 128 ✔
Hostname: compute-7-2
compute-7-0
compute-7-1
compute-7-4
compute-7-3


executor >  slurm (128)
[c4/8d8c7b] process > host1 (81)  [100%] 128 of 128 ✔
Hostname: compute-7-2
compute-7-0
compute-7-1
compute-7-4
compute-7-3


+ /usr/bin/time --format %U,%S,%e,%P,%K,%c,%w,%F,%I,%O,%r,%s,%x --append --output nf.nf/logs/bioinfoScaling_processes-2_host.txt /home/a-m/azzaea/software/nextflow/21.04.1.5556 run host_workflow.nf -c nf.nf/logs/confs/nextflow.config.128 -profile cluster --ntasks=128 --log=nf.nf/hosts/host2_tasks128.txt
N E X T F L O W  ~  version 21.04.1
Launching `host_workflow.nf` [kickass_wozniak] - revision: 36145d24c7
[-        ] process > host1 -
[-        ] process > host2 -

executor >  slurm (2)
[e1/3aeaf8] process > host1 (1) [  0%] 0 of 116
[-        ] process > host2     -

executor >  slurm (6)
[43/fcea0d] process > host1 (6) [  0%] 0 of 128
[-        ] process > host2     -

executor >  slurm (12)
[18/363cf1] process > host1 (11) [  0%] 0 of 128
[-        ] process > host2      -

executor >  slurm (20)
[26/e9abc3] process > host1 (20) [  0%] 0 of 128
[-        ] process > host2      -

executor >  slurm (27)
[39/015d4c] process > host1 (27) [  0%] 0 of 128
[-        ] process > host2      -

executor >  slurm (37)
[dc/e98d78] process > host1 (38) [  0%] 0 of 128
[-        ] process > host2      -

executor >  slurm (49)
[b1/0e4f5b] process > host1 (49) [  0%] 0 of 128
[-        ] process > host2      -

executor >  slurm (59)
[03/8682f5] process > host1 (58) [  0%] 0 of 128
[-        ] process > host2      -

executor >  slurm (64)
[58/ba4c57] process > host1 (64) [  0%] 0 of 128
[-        ] process > host2      -

executor >  slurm (74)
[12/45fe21] process > host1 (74) [  0%] 0 of 128
[-        ] process > host2      -

executor >  slurm (80)
[4d/2021da] process > host1 (79) [  0%] 0 of 128
[-        ] process > host2      -

executor >  slurm (85)
[28/35e54e] process > host1 (84) [  0%] 0 of 128
[-        ] process > host2      -

executor >  slurm (95)
[4e/cbf733] process > host1 (94) [  0%] 0 of 128
[-        ] process > host2      -

executor >  slurm (102)
[1e/29dcef] process > host1 (102) [  0%] 0 of 128
[-        ] process > host2       -

executor >  slurm (111)
[ea/5af7d9] process > host1 (111) [  0%] 0 of 128
[-        ] process > host2       -

executor >  slurm (123)
[91/ce9341] process > host1 (121) [  0%] 0 of 128
[-        ] process > host2       -

executor >  slurm (128)
[2a/6f91b2] process > host1 (128) [  0%] 0 of 128
[-        ] process > host2       -

executor >  slurm (128)
[2a/6f91b2] process > host1 (128) [  0%] 0 of 128
[-        ] process > host2       [  0%] 0 of 1

executor >  slurm (130)
[31/c7d1b1] process > host1 (8)   [  6%] 8 of 128
[71/f7eadd] process > host2 (2)   [  0%] 0 of 8

executor >  slurm (133)
[7f/ee29da] process > host1 (22)  [ 16%] 21 of 128
[15/71fcfc] process > host2 (5)   [  0%] 0 of 20

executor >  slurm (135)
[62/632e7c] process > host1 (34)  [ 26%] 33 of 128
[58/c10c5c] process > host2 (7)   [  0%] 0 of 33

executor >  slurm (139)
[c5/029196] process > host1 (52)  [ 39%] 50 of 128
[12/94244e] process > host2 (11)  [  0%] 0 of 49

executor >  slurm (142)
[ae/6be4d0] process > host1 (67)  [ 48%] 62 of 128
[26/8dac47] process > host2 (14)  [  0%] 0 of 61

executor >  slurm (147)
[80/d84e3d] process > host1 (77)  [ 56%] 72 of 128
[73/b5aea3] process > host2 (19)  [  0%] 0 of 71

executor >  slurm (151)
[a4/f4af8a] process > host1 (93)  [ 68%] 87 of 128
[b2/df6a94] process > host2 (23)  [  0%] 0 of 87

executor >  slurm (155)
[e7/bc1099] process > host1 (104) [ 77%] 99 of 128
[98/746214] process > host2 (27)  [  0%] 0 of 99

executor >  slurm (159)
[91/ce9341] process > host1 (121) [ 92%] 118 of 128
[53/95d267] process > host2 (31)  [  0%] 0 of 118

executor >  slurm (168)
[2a/6f91b2] process > host1 (128) [ 96%] 123 of 128
[7e/68bc41] process > host2 (40)  [  0%] 0 of 123

executor >  slurm (174)
[2a/6f91b2] process > host1 (128) [ 96%] 123 of 128
[df/5e72a7] process > host2 (46)  [  0%] 0 of 123

executor >  slurm (180)
[2a/6f91b2] process > host1 (128) [ 96%] 123 of 128
[74/716e19] process > host2 (52)  [  0%] 0 of 123

executor >  slurm (187)
[2a/6f91b2] process > host1 (128) [ 96%] 123 of 128
[a2/426931] process > host2 (59)  [  0%] 0 of 123

executor >  slurm (197)
[2a/6f91b2] process > host1 (128) [ 96%] 123 of 128
[38/85ff62] process > host2 (69)  [  0%] 0 of 123

executor >  slurm (205)
[2a/6f91b2] process > host1 (128) [ 96%] 123 of 128
[29/62f5ed] process > host2 (77)  [  0%] 0 of 123

executor >  slurm (217)
[2a/6f91b2] process > host1 (128) [ 96%] 123 of 128
[db/c6b418] process > host2 (89)  [  0%] 0 of 123

executor >  slurm (232)
[2a/6f91b2] process > host1 (128) [ 96%] 123 of 128
[48/fc9587] process > host2 (103) [  0%] 0 of 123

executor >  slurm (242)
[2a/6f91b2] process > host1 (128) [ 96%] 123 of 128
[b1/a0c192] process > host2 (114) [  0%] 0 of 123

executor >  slurm (251)
[2a/6f91b2] process > host1 (128) [ 96%] 123 of 128
[17/9ca39f] process > host2 (123) [  0%] 0 of 123

executor >  slurm (251)
[72/e27e85] process > host1 (60)  [100%] 128 of 128 ✔
[31/d42975] process > host2 (4)   [  3%] 4 of 128

executor >  slurm (255)
[72/e27e85] process > host1 (60)  [100%] 128 of 128 ✔
[09/7fefc8] process > host2 (34)  [ 27%] 34 of 128

executor >  slurm (256)
[72/e27e85] process > host1 (60)  [100%] 128 of 128 ✔
[56/3aeeba] process > host2 (55)  [ 43%] 55 of 128

executor >  slurm (256)
[72/e27e85] process > host1 (60)  [100%] 128 of 128 ✔
[97/7a503d] process > host2 (70)  [ 55%] 70 of 128

executor >  slurm (256)
[72/e27e85] process > host1 (60)  [100%] 128 of 128 ✔
[e0/9351cd] process > host2 (82)  [ 64%] 82 of 128

executor >  slurm (256)
[72/e27e85] process > host1 (60)  [100%] 128 of 128 ✔
[47/114f4a] process > host2 (107) [ 80%] 103 of 128

executor >  slurm (256)
[72/e27e85] process > host1 (60)  [100%] 128 of 128 ✔
[17/9ca39f] process > host2 (123) [ 87%] 111 of 128

executor >  slurm (256)
[72/e27e85] process > host1 (60)  [100%] 128 of 128 ✔
[fd/aeac81] process > host2 (116) [ 92%] 118 of 128

executor >  slurm (256)
[72/e27e85] process > host1 (60)  [100%] 128 of 128 ✔
[61/b6a017] process > host2 (128) [100%] 128 of 128 ✔
Hostname: compute-7-2
compute-7-0
compute-7-1
compute-7-4
compute-7-3


+ echo -e 'Done processing * 128 * tasks, on * 128 * cores'
+ for line in '{1..10}'
++ sed -n 9p
++ cat cores.txt
+ cores=256
+ tasks=256
+ tee -a nf.nf/logs/bioinfoScaling_processes-1_host.txt nf.nf/logs/bioinfoScaling_processes-2_host.txt
+ echo -n 256,256,
256,256,+ sed s/CORES/256/ nextflow.config.tmpl
+ /usr/bin/time --format %U,%S,%e,%P,%K,%c,%w,%F,%I,%O,%r,%s,%x --append --output nf.nf/logs/bioinfoScaling_processes-1_host.txt /home/a-m/azzaea/software/nextflow/21.04.1.5556 run host_process.nf -c nf.nf/logs/confs/nextflow.config.256 -profile cluster --ntasks=256 --log=nf.nf/hosts/host1_tasks256.txt
N E X T F L O W  ~  version 21.04.1
Launching `host_process.nf` [clever_newton] - revision: b2ae3954f9
[-        ] process > host1 [  0%] 0 of 4

executor >  slurm (1)
[10/0d864e] process > host1 (1) [  0%] 0 of 190

executor >  slurm (3)
[8b/f58e4a] process > host1 (3) [  0%] 0 of 256

executor >  slurm (8)
[67/88ba83] process > host1 (8) [  0%] 0 of 256

executor >  slurm (13)
[27/57b40f] process > host1 (12) [  0%] 0 of 256

executor >  slurm (17)
[85/b656b1] process > host1 (17) [  0%] 0 of 256

executor >  slurm (22)
[78/a5ced3] process > host1 (22) [  0%] 0 of 256

executor >  slurm (27)
[6f/605702] process > host1 (27) [  0%] 0 of 256

executor >  slurm (33)
[6e/c12917] process > host1 (32) [  0%] 0 of 256

executor >  slurm (38)
[77/ae70e6] process > host1 (38) [  0%] 0 of 256

executor >  slurm (42)
[50/8e5005] process > host1 (42) [  0%] 0 of 256

executor >  slurm (49)
[60/b6844f] process > host1 (49) [  0%] 0 of 256

executor >  slurm (61)
[8f/516061] process > host1 (62) [  0%] 0 of 256

executor >  slurm (72)
[1a/be45d4] process > host1 (71) [  0%] 0 of 256

executor >  slurm (83)
[a3/09d03f] process > host1 (82) [  0%] 0 of 256

executor >  slurm (93)
[e3/17e62e] process > host1 (93) [  0%] 0 of 256

executor >  slurm (101)
[5e/88dace] process > host1 (101) [  0%] 0 of 256

executor >  slurm (114)
[90/25f02c] process > host1 (114) [  0%] 0 of 256

executor >  slurm (119)
[82/2cd8e0] process > host1 (120) [  0%] 0 of 256

executor >  slurm (128)
[62/5f9500] process > host1 (128) [  0%] 0 of 256

executor >  slurm (137)
[53/75b93b] process > host1 (138) [  0%] 0 of 256

executor >  slurm (144)
[52/a0a1c6] process > host1 (144) [  0%] 0 of 256

executor >  slurm (147)
[b6/0f0f79] process > host1 (148) [  0%] 1 of 256

executor >  slurm (150)
[d3/992915] process > host1 (10)  [  4%] 10 of 256

executor >  slurm (156)
[fd/4a4ca4] process > host1 (25)  [ 10%] 26 of 256

executor >  slurm (161)
[08/8a8cd5] process > host1 (161) [ 17%] 43 of 256

executor >  slurm (167)
[0b/9123c8] process > host1 (165) [ 21%] 55 of 256

executor >  slurm (171)
[60/473983] process > host1 (72)  [ 28%] 71 of 256

executor >  slurm (175)
[72/77f499] process > host1 (87)  [ 34%] 87 of 256

executor >  slurm (180)
[ca/6990a5] process > host1 (107) [ 42%] 107 of 256

executor >  slurm (184)
[fd/2e6e0b] process > host1 (126) [ 49%] 126 of 256

executor >  slurm (193)
[0d/ea1461] process > host1 (140) [ 55%] 140 of 256

executor >  slurm (199)
[db/92bbf5] process > host1 (200) [ 57%] 146 of 256

executor >  slurm (213)
[78/2472a0] process > host1 (213) [ 57%] 146 of 256

executor >  slurm (220)
[3d/4f3bfa] process > host1 (219) [ 57%] 146 of 256

executor >  slurm (235)
[21/cbf02d] process > host1 (235) [ 57%] 146 of 256

executor >  slurm (250)
[ea/f33e0b] process > host1 (249) [ 57%] 146 of 256

executor >  slurm (256)
[40/7d4431] process > host1 (256) [ 57%] 146 of 256

executor >  slurm (256)
[c4/7666d2] process > host1 (147) [ 58%] 148 of 256

executor >  slurm (256)
[fb/66362c] process > host1 (169) [ 66%] 169 of 256

executor >  slurm (256)
[17/9b9c97] process > host1 (184) [ 71%] 183 of 256

executor >  slurm (256)
[9e/69ee02] process > host1 (196) [ 77%] 196 of 256

executor >  slurm (256)
[e5/005dab] process > host1 (216) [ 84%] 216 of 256

executor >  slurm (256)
[71/7925cf] process > host1 (231) [ 90%] 231 of 256

executor >  slurm (256)
[ea/f33e0b] process > host1 (249) [ 97%] 249 of 256

executor >  slurm (256)
[40/7d4431] process > host1 (256) [100%] 256 of 256 ✔
Hostname: compute-7-2
compute-7-0
compute-7-1
compute-7-4
compute-7-3


+ /usr/bin/time --format %U,%S,%e,%P,%K,%c,%w,%F,%I,%O,%r,%s,%x --append --output nf.nf/logs/bioinfoScaling_processes-2_host.txt /home/a-m/azzaea/software/nextflow/21.04.1.5556 run host_workflow.nf -c nf.nf/logs/confs/nextflow.config.256 -profile cluster --ntasks=256 --log=nf.nf/hosts/host2_tasks256.txt
N E X T F L O W  ~  version 21.04.1
Launching `host_workflow.nf` [intergalactic_shirley] - revision: 36145d24c7
[-        ] process > host1 -
[-        ] process > host2 -

executor >  slurm (2)
[a7/59246f] process > host1 (1) [  0%] 0 of 118
[-        ] process > host2     -

executor >  slurm (3)
[dc/5a8065] process > host1 (3) [  0%] 0 of 219
[-        ] process > host2     -

executor >  slurm (6)
[87/98bc52] process > host1 (6) [  0%] 0 of 256
[-        ] process > host2     -

executor >  slurm (11)
[4e/08b5d0] process > host1 (12) [  0%] 0 of 256
[-        ] process > host2      -

executor >  slurm (15)
[f1/d68a1f] process > host1 (15) [  0%] 0 of 256
[-        ] process > host2      -

executor >  slurm (21)
[2f/574925] process > host1 (21) [  0%] 0 of 256
[-        ] process > host2      -

executor >  slurm (26)
[96/e905d8] process > host1 (26) [  0%] 0 of 256
[-        ] process > host2      -

executor >  slurm (33)
[3c/4466e5] process > host1 (33) [  0%] 0 of 256
[-        ] process > host2      -

executor >  slurm (39)
[8d/0190bd] process > host1 (39) [  0%] 0 of 256
[-        ] process > host2      -

executor >  slurm (49)
[85/ac65b2] process > host1 (50) [  0%] 0 of 256
[-        ] process > host2      -

executor >  slurm (62)
[8e/497ab4] process > host1 (62) [  0%] 0 of 256
[-        ] process > host2      -

executor >  slurm (73)
[59/377dc7] process > host1 (73) [  0%] 0 of 256
[-        ] process > host2      -

executor >  slurm (77)
[ce/fee6bd] process > host1 (78) [  0%] 0 of 256
[-        ] process > host2      -

executor >  slurm (84)
[b5/2ccc3a] process > host1 (84) [  0%] 0 of 256
[-        ] process > host2      -

executor >  slurm (96)
[78/fe417d] process > host1 (96) [  0%] 0 of 256
[-        ] process > host2      -

executor >  slurm (102)
[ff/0a2b13] process > host1 (101) [  0%] 0 of 256
[-        ] process > host2       -

executor >  slurm (108)
[51/c6176f] process > host1 (108) [  0%] 0 of 256
[-        ] process > host2       -

executor >  slurm (121)
[08/d5c4f4] process > host1 (121) [  0%] 0 of 256
[-        ] process > host2       -

executor >  slurm (130)
[51/6dbe21] process > host1 (130) [  0%] 0 of 256
[-        ] process > host2       -

executor >  slurm (140)
[e5/045c2d] process > host1 (141) [  0%] 0 of 256
[-        ] process > host2       -

executor >  slurm (149)
[37/3037a1] process > host1 (149) [  0%] 0 of 256
[-        ] process > host2       -

executor >  slurm (163)
[ff/c4826f] process > host1 (163) [  0%] 0 of 256
[-        ] process > host2       -

executor >  slurm (167)
[a7/59246f] process > host1 (1)   [  1%] 2 of 256
[-        ] process > host2       [  0%] 0 of 2

executor >  slurm (170)
[56/226363] process > host1 (13)  [  5%] 13 of 256
[-        ] process > host2       [  0%] 0 of 12

executor >  slurm (173)
[6c/e049df] process > host1 (19)  [  7%] 18 of 256
[-        ] process > host2       [  0%] 0 of 18

executor >  slurm (177)
[fa/7979e8] process > host1 (42)  [ 13%] 33 of 256
[-        ] process > host2       [  0%] 0 of 33

executor >  slurm (181)
[a9/4c8c26] process > host1 (60)  [ 18%] 47 of 256
[-        ] process > host2       [  0%] 0 of 47

executor >  slurm (185)
[ce/fee6bd] process > host1 (78)  [ 25%] 64 of 256
[-        ] process > host2       [  0%] 0 of 63

executor >  slurm (189)
[e7/266820] process > host1 (89)  [ 30%] 76 of 256
[-        ] process > host2       [  0%] 0 of 75

executor >  slurm (193)
[66/f8caab] process > host1 (120) [ 36%] 91 of 256
[-        ] process > host2       [  0%] 0 of 91

executor >  slurm (198)
[37/62340a] process > host1 (164) [ 43%] 111 of 256
[-        ] process > host2       [  0%] 0 of 111

executor >  slurm (203)
[4e/4c2adf] process > host1 (203) [ 45%] 114 of 256
[-        ] process > host2       [  0%] 0 of 114

executor >  slurm (209)
[bf/0cb4a5] process > host1 (208) [ 45%] 114 of 256
[-        ] process > host2       [  0%] 0 of 114

executor >  slurm (220)
[2a/ba3b17] process > host1 (220) [ 45%] 114 of 256
[-        ] process > host2       [  0%] 0 of 114

executor >  slurm (230)
[6a/ddb3a5] process > host1 (227) [ 45%] 114 of 256
[-        ] process > host2       [  0%] 0 of 114

executor >  slurm (239)
[9e/1793ad] process > host1 (240) [ 45%] 114 of 256
[-        ] process > host2       [  0%] 0 of 114

executor >  slurm (252)
[4c/920ac2] process > host1 (251) [ 45%] 114 of 256
[-        ] process > host2       [  0%] 0 of 114

executor >  slurm (263)
[d8/34c2ee] process > host1 (256) [ 45%] 114 of 256
[4c/c9ef03] process > host2 (7)   [  0%] 0 of 114

executor >  slurm (274)
[d8/34c2ee] process > host1 (256) [ 45%] 114 of 256
[01/4a0c63] process > host2 (18)  [  0%] 0 of 114

executor >  slurm (285)
[d8/34c2ee] process > host1 (256) [ 45%] 114 of 256
[d6/682b42] process > host2 (29)  [  0%] 0 of 114

executor >  slurm (300)
[d8/34c2ee] process > host1 (256) [ 45%] 114 of 256
[96/57be82] process > host2 (44)  [  0%] 0 of 114

executor >  slurm (316)
[d8/34c2ee] process > host1 (256) [ 45%] 114 of 256
[c0/a4642f] process > host2 (60)  [  0%] 0 of 114

executor >  slurm (331)
[d8/34c2ee] process > host1 (256) [ 45%] 114 of 256
[e0/c9e1b4] process > host2 (75)  [  0%] 0 of 114

executor >  slurm (342)
[d8/34c2ee] process > host1 (256) [ 45%] 114 of 256
[61/0f45bc] process > host2 (86)  [  0%] 0 of 114

executor >  slurm (357)
[d8/34c2ee] process > host1 (256) [ 45%] 114 of 256
[0e/a19451] process > host2 (101) [  0%] 0 of 114

executor >  slurm (370)
[d8/34c2ee] process > host1 (256) [ 45%] 114 of 256
[82/81ef00] process > host2 (114) [  0%] 0 of 114

executor >  slurm (370)
[1f/73e7e3] process > host1 (31)  [ 46%] 119 of 256
[82/81ef00] process > host2 (114) [  0%] 0 of 118

executor >  slurm (376)
[36/fb20ca] process > host1 (99)  [ 52%] 133 of 256
[47/2d4bd0] process > host2 (120) [  0%] 0 of 132

executor >  slurm (383)
[37/37b3a7] process > host1 (128) [ 58%] 149 of 256
[fd/9307d9] process > host2 (127) [  0%] 0 of 149

executor >  slurm (392)
[62/37708b] process > host1 (169) [ 66%] 169 of 256
[db/a11f05] process > host2 (136) [  0%] 0 of 168

executor >  slurm (398)
[5d/b219c2] process > host1 (192) [ 75%] 193 of 256
[80/d64f49] process > host2 (142) [  0%] 0 of 193

executor >  slurm (404)
[72/eaac88] process > host1 (213) [ 83%] 212 of 256
[25/715ec0] process > host2 (148) [  0%] 0 of 212

executor >  slurm (412)
[34/1b7a16] process > host1 (229) [ 89%] 228 of 256
[5d/caf5c8] process > host2 (156) [  0%] 0 of 228

executor >  slurm (420)
[9d/4e7950] process > host1 (247) [ 96%] 246 of 256
[da/624a02] process > host2 (164) [  0%] 0 of 246

executor >  slurm (426)
[d8/34c2ee] process > host1 (256) [ 97%] 249 of 256
[b7/49f665] process > host2 (28)  [  7%] 17 of 249

executor >  slurm (440)
[d8/34c2ee] process > host1 (256) [ 97%] 249 of 256
[46/7eab4b] process > host2 (184) [ 12%] 31 of 249

executor >  slurm (453)
[d8/34c2ee] process > host1 (256) [ 97%] 249 of 256
[b9/e71a0c] process > host2 (197) [ 18%] 44 of 249

executor >  slurm (464)
[d8/34c2ee] process > host1 (256) [ 97%] 249 of 256
[39/b6c2cc] process > host2 (97)  [ 24%] 61 of 249

executor >  slurm (472)
[d8/34c2ee] process > host1 (256) [ 97%] 249 of 256
[0a/d19c58] process > host2 (216) [ 29%] 72 of 249

executor >  slurm (483)
[d8/34c2ee] process > host1 (256) [ 97%] 249 of 256
[32/ea6d05] process > host2 (227) [ 29%] 72 of 249

executor >  slurm (498)
[d8/34c2ee] process > host1 (256) [ 97%] 249 of 256
[17/e2590e] process > host2 (242) [ 29%] 72 of 249

executor >  slurm (505)
[d8/34c2ee] process > host1 (256) [ 97%] 249 of 256
[f8/f40301] process > host2 (249) [ 29%] 72 of 249

executor >  slurm (508)
[18/479b16] process > host1 (254) [100%] 256 of 256 ✔
[e8/e22b77] process > host2 (4)   [ 29%] 75 of 256

executor >  slurm (512)
[18/479b16] process > host1 (254) [100%] 256 of 256 ✔
[53/90f23e] process > host2 (52)  [ 36%] 92 of 256

executor >  slurm (512)
[18/479b16] process > host1 (254) [100%] 256 of 256 ✔
[18/73020f] process > host2 (95)  [ 42%] 108 of 256

executor >  slurm (512)
[18/479b16] process > host1 (254) [100%] 256 of 256 ✔
[ed/9d6c47] process > host2 (126) [ 49%] 126 of 256

executor >  slurm (512)
[18/479b16] process > host1 (254) [100%] 256 of 256 ✔
[80/d64f49] process > host2 (142) [ 55%] 142 of 256

executor >  slurm (512)
[18/479b16] process > host1 (254) [100%] 256 of 256 ✔
[71/db2604] process > host2 (159) [ 62%] 159 of 256

executor >  slurm (512)
[18/479b16] process > host1 (254) [100%] 256 of 256 ✔
[e0/541cc3] process > host2 (182) [ 69%] 176 of 256

executor >  slurm (512)
[18/479b16] process > host1 (254) [100%] 256 of 256 ✔
[aa/547ec8] process > host2 (199) [ 73%] 188 of 256

executor >  slurm (512)
[18/479b16] process > host1 (254) [100%] 256 of 256 ✔
[67/600e78] process > host2 (217) [ 78%] 199 of 256

executor >  slurm (512)
[18/479b16] process > host1 (254) [100%] 256 of 256 ✔
[f8/f40301] process > host2 (249) [ 82%] 210 of 256

executor >  slurm (512)
[18/479b16] process > host1 (254) [100%] 256 of 256 ✔
[fe/e97c8d] process > host2 (192) [ 86%] 219 of 256

executor >  slurm (512)
[18/479b16] process > host1 (254) [100%] 256 of 256 ✔
[aa/dccc05] process > host2 (232) [ 91%] 233 of 256

executor >  slurm (512)
[18/479b16] process > host1 (254) [100%] 256 of 256 ✔
[95/90117a] process > host2 (253) [ 96%] 246 of 256

executor >  slurm (512)
[18/479b16] process > host1 (254) [100%] 256 of 256 ✔
[be/728e3d] process > host2 (256) [ 97%] 249 of 256

executor >  slurm (512)
[18/479b16] process > host1 (254) [100%] 256 of 256 ✔
[a2/c3cb7c] process > host2 (238) [100%] 256 of 256 ✔

executor >  slurm (512)
[18/479b16] process > host1 (254) [100%] 256 of 256 ✔
[a2/c3cb7c] process > host2 (238) [100%] 256 of 256 ✔
Hostname: compute-7-2
compute-7-0
compute-7-1
compute-7-4
compute-7-3


+ echo -e 'Done processing * 256 * tasks, on * 256 * cores'
+ for line in '{1..10}'
++ sed -n 10p
++ cat cores.txt
+ cores=512
+ tasks=512
+ tee -a nf.nf/logs/bioinfoScaling_processes-1_host.txt nf.nf/logs/bioinfoScaling_processes-2_host.txt
+ echo -n 512,512,
512,512,+ sed s/CORES/512/ nextflow.config.tmpl
+ /usr/bin/time --format %U,%S,%e,%P,%K,%c,%w,%F,%I,%O,%r,%s,%x --append --output nf.nf/logs/bioinfoScaling_processes-1_host.txt /home/a-m/azzaea/software/nextflow/21.04.1.5556 run host_process.nf -c nf.nf/logs/confs/nextflow.config.512 -profile cluster --ntasks=512 --log=nf.nf/hosts/host1_tasks512.txt
N E X T F L O W  ~  version 21.04.1
Launching `host_process.nf` [wise_goldwasser] - revision: b2ae3954f9
[-        ] process > host1 -

executor >  slurm (2)
[8a/1bc32b] process > host1 (2) [  0%] 0 of 121

executor >  slurm (3)
[88/05f2a5] process > host1 (3) [  0%] 0 of 220

executor >  slurm (5)
[1f/d2595a] process > host1 (5) [  0%] 0 of 332

executor >  slurm (7)
[80/eeba7f] process > host1 (7) [  0%] 0 of 453

executor >  slurm (9)
[34/abb257] process > host1 (10) [  0%] 0 of 512

executor >  slurm (14)
[5a/ce409d] process > host1 (14) [  0%] 0 of 512

executor >  slurm (21)
[7a/f7a34d] process > host1 (21) [  0%] 0 of 512

executor >  slurm (27)
[f0/355254] process > host1 (26) [  0%] 0 of 512

executor >  slurm (33)
[08/3b04b2] process > host1 (33) [  0%] 0 of 512

executor >  slurm (38)
[bd/5f0a03] process > host1 (38) [  0%] 0 of 512

executor >  slurm (44)
[37/2dbd5b] process > host1 (45) [  0%] 0 of 512

executor >  slurm (54)
[0c/608a0a] process > host1 (54) [  0%] 0 of 512

executor >  slurm (60)
[c2/bfb810] process > host1 (60) [  0%] 0 of 512

executor >  slurm (68)
[6b/a702c1] process > host1 (66) [  0%] 0 of 512

executor >  slurm (74)
[c1/21a0c0] process > host1 (74) [  0%] 0 of 512

executor >  slurm (85)
[89/fc3198] process > host1 (86) [  0%] 0 of 512

executor >  slurm (91)
[1e/a274b6] process > host1 (91) [  0%] 0 of 512

executor >  slurm (97)
[dd/2b1ca1] process > host1 (97) [  0%] 0 of 512

executor >  slurm (107)
[84/8a2307] process > host1 (107) [  0%] 0 of 512

executor >  slurm (118)
[65/357b8a] process > host1 (117) [  0%] 0 of 512

executor >  slurm (130)
[0e/9046bf] process > host1 (130) [  0%] 0 of 512

executor >  slurm (141)
[1c/6ee0ce] process > host1 (142) [  0%] 0 of 512

executor >  slurm (142)
[34/abb257] process > host1 (10)  [  2%] 9 of 512

executor >  slurm (146)
[fa/3de40f] process > host1 (25)  [  5%] 25 of 512

executor >  slurm (150)
[37/2dbd5b] process > host1 (45)  [  9%] 44 of 512

executor >  slurm (155)
[0e/4e5520] process > host1 (67)  [ 13%] 66 of 512

executor >  slurm (160)
[9f/e86993] process > host1 (85)  [ 17%] 86 of 512

executor >  slurm (165)
[a6/dadc8c] process > host1 (98)  [ 19%] 99 of 512

executor >  slurm (169)
[d4/152dc3] process > host1 (108) [ 21%] 107 of 512

executor >  slurm (177)
[57/671b13] process > host1 (177) [ 23%] 120 of 512

executor >  slurm (190)
[35/f53f4f] process > host1 (189) [ 23%] 120 of 512

executor >  slurm (201)
[46/416eda] process > host1 (201) [ 23%] 120 of 512

executor >  slurm (214)
[10/b7ff3b] process > host1 (214) [ 23%] 120 of 512

executor >  slurm (227)
[54/1485e1] process > host1 (227) [ 23%] 120 of 512

executor >  slurm (242)
[37/b179f9] process > host1 (243) [ 23%] 120 of 512

executor >  slurm (255)
[eb/2616ca] process > host1 (256) [ 23%] 120 of 512

executor >  slurm (266)
[bc/2cc24d] process > host1 (267) [ 23%] 120 of 512

executor >  slurm (281)
[19/1c82ad] process > host1 (281) [ 23%] 120 of 512

executor >  slurm (295)
[bf/75ad74] process > host1 (295) [ 23%] 120 of 512

executor >  slurm (310)
[09/becce5] process > host1 (309) [ 23%] 120 of 512

executor >  slurm (323)
[86/a0ffe1] process > host1 (324) [ 23%] 120 of 512

executor >  slurm (331)
[30/2fb7f5] process > host1 (332) [ 23%] 120 of 512

executor >  slurm (343)
[76/77adfe] process > host1 (343) [ 23%] 120 of 512

executor >  slurm (360)
[ab/e2b5ed] process > host1 (361) [ 23%] 120 of 512

executor >  slurm (375)
[19/7bee2c] process > host1 (375) [ 23%] 120 of 512

executor >  slurm (390)
[23/e5be0d] process > host1 (390) [ 23%] 120 of 512

executor >  slurm (404)
[a7/88a23a] process > host1 (121) [ 25%] 127 of 512

executor >  slurm (413)
[e7/f39d4a] process > host1 (147) [ 29%] 147 of 512

executor >  slurm (419)
[ef/c08e85] process > host1 (165) [ 32%] 164 of 512

executor >  slurm (426)
[ff/1818b6] process > host1 (426) [ 34%] 176 of 512

executor >  slurm (433)
[81/a4423a] process > host1 (199) [ 39%] 198 of 512

executor >  slurm (439)
[06/6f8ae2] process > host1 (439) [ 41%] 212 of 512

executor >  slurm (448)
[29/d0c96a] process > host1 (241) [ 46%] 233 of 512

executor >  slurm (459)
[67/ff738b] process > host1 (258) [ 49%] 249 of 512

executor >  slurm (469)
[ac/60bba9] process > host1 (469) [ 52%] 266 of 512

executor >  slurm (478)
[d6/a2b381] process > host1 (305) [ 56%] 287 of 512

executor >  slurm (485)
[68/e8beab] process > host1 (485) [ 60%] 306 of 512

executor >  slurm (493)
[1a/d500a4] process > host1 (493) [ 63%] 324 of 512

executor >  slurm (502)
[64/64f1ad] process > host1 (394) [ 66%] 337 of 512

executor >  slurm (512)
[24/217150] process > host1 (512) [ 66%] 340 of 512

executor >  slurm (512)
[07/86c6eb] process > host1 (228) [ 68%] 346 of 512

executor >  slurm (512)
[84/601dad] process > host1 (317) [ 71%] 362 of 512

executor >  slurm (512)
[47/87c434] process > host1 (348) [ 74%] 377 of 512

executor >  slurm (512)
[52/269c58] process > host1 (377) [ 76%] 390 of 512

executor >  slurm (512)
[0c/3cf8a8] process > host1 (404) [ 79%] 402 of 512

executor >  slurm (512)
[17/6a67e2] process > host1 (420) [ 82%] 418 of 512

executor >  slurm (512)
[c0/7c3502] process > host1 (442) [ 86%] 440 of 512

executor >  slurm (512)
[d5/f47753] process > host1 (460) [ 89%] 456 of 512

executor >  slurm (512)
[c3/99f5f8] process > host1 (482) [ 92%] 472 of 512

executor >  slurm (512)
[d1/bec65a] process > host1 (501) [ 96%] 491 of 512

executor >  slurm (512)
[24/217150] process > host1 (512) [ 98%] 502 of 512

executor >  slurm (512)
[f7/d36043] process > host1 (480) [100%] 512 of 512 ✔

executor >  slurm (512)
[f7/d36043] process > host1 (480) [100%] 512 of 512 ✔
Hostname: compute-7-2
compute-7-0
compute-7-1
compute-7-4
compute-7-3


executor >  slurm (512)
[f7/d36043] process > host1 (480) [100%] 512 of 512 ✔
Hostname: compute-7-2
compute-7-0
compute-7-1
compute-7-4
compute-7-3


+ /usr/bin/time --format %U,%S,%e,%P,%K,%c,%w,%F,%I,%O,%r,%s,%x --append --output nf.nf/logs/bioinfoScaling_processes-2_host.txt /home/a-m/azzaea/software/nextflow/21.04.1.5556 run host_workflow.nf -c nf.nf/logs/confs/nextflow.config.512 -profile cluster --ntasks=512 --log=nf.nf/hosts/host2_tasks512.txt
N E X T F L O W  ~  version 21.04.1
Launching `host_workflow.nf` [agitated_euler] - revision: 36145d24c7
[-        ] process > host1 -
[-        ] process > host2 -

executor >  slurm (2)
[ea/55b08b] process > host1 (1) [  0%] 0 of 136
[-        ] process > host2     -

executor >  slurm (4)
[04/b634d2] process > host1 (4) [  0%] 0 of 234
[-        ] process > host2     -

executor >  slurm (5)
[3a/87a661] process > host1 (5) [  0%] 0 of 352
[-        ] process > host2     -

executor >  slurm (7)
[25/f7c7e4] process > host1 (7) [  0%] 0 of 467
[-        ] process > host2     -

executor >  slurm (9)
[a4/446595] process > host1 (9) [  0%] 0 of 512
[-        ] process > host2     -

executor >  slurm (14)
[46/f05c46] process > host1 (14) [  0%] 0 of 512
[-        ] process > host2      -

executor >  slurm (19)
[41/c2bcd5] process > host1 (19) [  0%] 0 of 512
[-        ] process > host2      -

executor >  slurm (24)
[5b/ce7531] process > host1 (24) [  0%] 0 of 512
[-        ] process > host2      -

executor >  slurm (29)
[54/c89eef] process > host1 (29) [  0%] 0 of 512
[-        ] process > host2      -

executor >  slurm (34)
[e1/23a14f] process > host1 (34) [  0%] 0 of 512
[-        ] process > host2      -

executor >  slurm (44)
[37/10d142] process > host1 (44) [  0%] 0 of 512
[-        ] process > host2      -

executor >  slurm (51)
[2c/03e0ec] process > host1 (51) [  0%] 0 of 512
[-        ] process > host2      -

executor >  slurm (59)
[0a/94311e] process > host1 (59) [  0%] 0 of 512
[-        ] process > host2      -

executor >  slurm (71)
[24/f54736] process > host1 (72) [  0%] 0 of 512
[-        ] process > host2      -

executor >  slurm (83)
[e0/4104e9] process > host1 (82) [  0%] 0 of 512
[-        ] process > host2      -

executor >  slurm (94)
[16/562671] process > host1 (94) [  0%] 0 of 512
[-        ] process > host2      -

executor >  slurm (99)
[54/e3a105] process > host1 (99) [  0%] 0 of 512
[-        ] process > host2      -

executor >  slurm (107)
[bc/18d4e6] process > host1 (108) [  0%] 0 of 512
[-        ] process > host2       -

executor >  slurm (117)
[83/f5ce1a] process > host1 (118) [  0%] 0 of 512
[-        ] process > host2       -

executor >  slurm (128)
[0e/63f77b] process > host1 (128) [  0%] 0 of 512
[-        ] process > host2       -

executor >  slurm (139)
[55/24a8c0] process > host1 (139) [  0%] 0 of 512
[-        ] process > host2       -

executor >  slurm (149)
[88/2a9f43] process > host1 (149) [  0%] 0 of 512
[-        ] process > host2       -

executor >  slurm (151)
[10/622e39] process > host1 (11)  [  2%] 11 of 512
[-        ] process > host2       [  0%] 0 of 10

executor >  slurm (154)
[83/8a8ed7] process > host1 (27)  [  5%] 26 of 512
[-        ] process > host2       [  0%] 0 of 26

executor >  slurm (158)
[00/53c9b1] process > host1 (38)  [  7%] 38 of 512
[-        ] process > host2       [  0%] 0 of 37

executor >  slurm (162)
[33/9e6b85] process > host1 (58)  [ 11%] 58 of 512
[-        ] process > host2       [  0%] 0 of 58

executor >  slurm (166)
[41/795213] process > host1 (77)  [ 15%] 76 of 512
[-        ] process > host2       [  0%] 0 of 76

executor >  slurm (169)
[1c/c8e076] process > host1 (85)  [ 16%] 83 of 512
[-        ] process > host2       [  0%] 0 of 83

executor >  slurm (173)
[23/efd886] process > host1 (103) [ 20%] 100 of 512
[-        ] process > host2       [  0%] 0 of 100

executor >  slurm (178)
[5b/a3bfb1] process > host1 (178) [ 21%] 109 of 512
[-        ] process > host2       [  0%] 0 of 109

executor >  slurm (183)
[5c/298f94] process > host1 (183) [ 24%] 124 of 512
[-        ] process > host2       [  0%] 0 of 124

executor >  slurm (187)
[b9/b50102] process > host1 (187) [ 25%] 129 of 512
[-        ] process > host2       [  0%] 0 of 129

executor >  slurm (192)
[23/70dcb8] process > host1 (192) [ 25%] 129 of 512
[-        ] process > host2       [  0%] 0 of 129

executor >  slurm (201)
[1d/d54ae9] process > host1 (201) [ 25%] 129 of 512
[-        ] process > host2       [  0%] 0 of 129

executor >  slurm (208)
[92/bdf77a] process > host1 (207) [ 25%] 129 of 512
[-        ] process > host2       [  0%] 0 of 129

executor >  slurm (219)
[23/42a18d] process > host1 (219) [ 25%] 129 of 512
[-        ] process > host2       [  0%] 0 of 129

executor >  slurm (229)
[07/564754] process > host1 (228) [ 25%] 129 of 512
[-        ] process > host2       [  0%] 0 of 129

executor >  slurm (234)
[08/7280fb] process > host1 (233) [ 25%] 129 of 512
[-        ] process > host2       [  0%] 0 of 129

executor >  slurm (240)
[69/35ecf6] process > host1 (241) [ 25%] 129 of 512
[-        ] process > host2       [  0%] 0 of 129

executor >  slurm (250)
[d2/e6b6c7] process > host1 (248) [ 25%] 129 of 512
[-        ] process > host2       [  0%] 0 of 129

executor >  slurm (261)
[5e/212442] process > host1 (261) [ 25%] 129 of 512
[-        ] process > host2       [  0%] 0 of 129

executor >  slurm (273)
[02/6745c4] process > host1 (273) [ 25%] 129 of 512
[-        ] process > host2       [  0%] 0 of 129

executor >  slurm (288)
[61/f30ea1] process > host1 (288) [ 25%] 129 of 512
[-        ] process > host2       [  0%] 0 of 129

executor >  slurm (302)
[2e/3437d5] process > host1 (301) [ 25%] 129 of 512
[-        ] process > host2       [  0%] 0 of 129

executor >  slurm (313)
[01/fee3af] process > host1 (313) [ 25%] 129 of 512
[-        ] process > host2       [  0%] 0 of 129

executor >  slurm (328)
[2f/ede515] process > host1 (326) [ 25%] 129 of 512
[-        ] process > host2       [  0%] 0 of 129

executor >  slurm (338)
[18/f6908a] process > host1 (135) [ 27%] 139 of 512
[-        ] process > host2       [  0%] 0 of 138

executor >  slurm (342)
[e3/2a446c] process > host1 (161) [ 31%] 161 of 512
[-        ] process > host2       [  0%] 0 of 161

executor >  slurm (347)
[48/8c1518] process > host1 (182) [ 36%] 182 of 512
[-        ] process > host2       [  0%] 0 of 181

executor >  slurm (354)
[85/bab532] process > host1 (355) [ 40%] 207 of 512
[-        ] process > host2       [  0%] 0 of 207

executor >  slurm (362)
[82/4830b8] process > host1 (226) [ 44%] 226 of 512
[-        ] process > host2       [  0%] 0 of 226

executor >  slurm (370)
[16/21cefc] process > host1 (243) [ 47%] 243 of 512
[-        ] process > host2       [  0%] 0 of 243

executor >  slurm (375)
[b2/0db9a0] process > host1 (279) [ 51%] 262 of 512
[-        ] process > host2       [  0%] 0 of 261

executor >  slurm (380)
[09/3f29f1] process > host1 (318) [ 54%] 275 of 512
[-        ] process > host2       [  0%] 0 of 275

executor >  slurm (392)
[bf/0996f2] process > host1 (392) [ 55%] 283 of 512
[-        ] process > host2       [  0%] 0 of 283

executor >  slurm (406)
[46/b164a7] process > host1 (406) [ 55%] 283 of 512
[-        ] process > host2       [  0%] 0 of 283

executor >  slurm (422)
[cb/1d050a] process > host1 (421) [ 55%] 283 of 512
[-        ] process > host2       [  0%] 0 of 283

executor >  slurm (435)
[eb/9a496d] process > host1 (435) [ 55%] 283 of 512
[-        ] process > host2       [  0%] 0 of 283

executor >  slurm (451)
[05/ee1043] process > host1 (450) [ 55%] 283 of 512
[-        ] process > host2       [  0%] 0 of 283

executor >  slurm (466)
[9f/ab8f2b] process > host1 (466) [ 55%] 283 of 512
[-        ] process > host2       [  0%] 0 of 283

executor >  slurm (481)
[f1/550351] process > host1 (481) [ 55%] 283 of 512
[-        ] process > host2       [  0%] 0 of 283

executor >  slurm (494)
[bf/94a90a] process > host1 (494) [ 55%] 283 of 512
[-        ] process > host2       [  0%] 0 of 283

executor >  slurm (509)
[cf/b9bd12] process > host1 (510) [ 55%] 283 of 512
[-        ] process > host2       [  0%] 0 of 283

executor >  slurm (521)
[5b/0670fe] process > host1 (509) [ 55%] 283 of 512
[1a/a82933] process > host2 (9)   [  0%] 0 of 283

executor >  slurm (533)
[5b/0670fe] process > host1 (509) [ 55%] 283 of 512
[6f/1b902d] process > host2 (21)  [  0%] 0 of 283

executor >  slurm (548)
[5b/0670fe] process > host1 (509) [ 55%] 283 of 512
[9b/612770] process > host2 (35)  [  0%] 0 of 283

executor >  slurm (562)
[5b/0670fe] process > host1 (509) [ 55%] 283 of 512
[b5/dd1df9] process > host2 (49)  [  0%] 0 of 283

executor >  slurm (572)
[5b/0670fe] process > host1 (509) [ 55%] 283 of 512
[53/207cca] process > host2 (60)  [  0%] 0 of 283

executor >  slurm (586)
[5b/0670fe] process > host1 (509) [ 55%] 283 of 512
[51/1e0b0a] process > host2 (74)  [  0%] 0 of 283

executor >  slurm (601)
[5b/0670fe] process > host1 (509) [ 55%] 283 of 512
[1b/6277b7] process > host2 (89)  [  0%] 0 of 283

executor >  slurm (616)
[5b/0670fe] process > host1 (509) [ 55%] 283 of 512
[cc/53d114] process > host2 (104) [  0%] 0 of 283

executor >  slurm (628)
[6b/f77fb3] process > host1 (262) [ 56%] 289 of 512
[64/94c447] process > host2 (117) [  0%] 0 of 289

executor >  slurm (635)
[11/17bb1d] process > host1 (286) [ 60%] 305 of 512
[59/0b2d74] process > host2 (123) [  0%] 0 of 305

executor >  slurm (646)
[f6/06d267] process > host1 (302) [ 63%] 320 of 512
[08/6c8a1b] process > host2 (134) [  0%] 0 of 320

executor >  slurm (655)
[e4/b042a1] process > host1 (336) [ 66%] 336 of 512
[13/75b26d] process > host2 (143) [  0%] 0 of 336

executor >  slurm (666)
[65/df02a2] process > host1 (356) [ 70%] 356 of 512
[d7/4b29f1] process > host2 (154) [  0%] 0 of 356

executor >  slurm (674)
[cf/d5b4be] process > host1 (372) [ 73%] 372 of 512
[d1/f045cd] process > host2 (162) [  0%] 0 of 372

executor >  slurm (683)
[1b/e46aae] process > host1 (397) [ 76%] 391 of 512
[aa/61d1d5] process > host2 (171) [  0%] 0 of 391

executor >  slurm (695)
[ab/e530a8] process > host1 (409) [ 79%] 403 of 512
[33/dd66e2] process > host2 (183) [  0%] 0 of 403

executor >  slurm (708)
[15/b3a5e1] process > host1 (429) [ 82%] 422 of 512
[5b/266e84] process > host2 (195) [  0%] 0 of 422

executor >  slurm (719)
[56/c5271a] process > host1 (447) [ 86%] 440 of 512
[8e/fad9e6] process > host2 (207) [  0%] 0 of 440

executor >  slurm (731)
[46/24bede] process > host1 (473) [ 89%] 456 of 512
[f0/0cff5f] process > host2 (219) [  0%] 0 of 456

executor >  slurm (740)
[52/1bb6f5] process > host1 (495) [ 92%] 469 of 512
[2c/628f83] process > host2 (228) [  0%] 0 of 469

executor >  slurm (751)
[5b/0670fe] process > host1 (509) [ 93%] 478 of 512
[7f/875c41] process > host2 (238) [  0%] 2 of 478

executor >  slurm (759)
[5b/0670fe] process > host1 (509) [ 93%] 478 of 512
[6e/261f24] process > host2 (247) [  4%] 21 of 478

executor >  slurm (770)
[5b/0670fe] process > host1 (509) [ 93%] 478 of 512
[73/4dde4e] process > host2 (36)  [  7%] 35 of 478

executor >  slurm (784)
[5b/0670fe] process > host1 (509) [ 93%] 478 of 512
[82/f98b19] process > host2 (48)  [ 10%] 47 of 478

executor >  slurm (796)
[5b/0670fe] process > host1 (509) [ 93%] 478 of 512
[a0/2faf6f] process > host2 (284) [ 13%] 64 of 478

executor >  slurm (810)
[5b/0670fe] process > host1 (509) [ 93%] 478 of 512
[05/7056ed] process > host2 (298) [ 15%] 70 of 478

executor >  slurm (821)
[5b/0670fe] process > host1 (509) [ 93%] 478 of 512
[b0/a61405] process > host2 (309) [ 15%] 70 of 478

executor >  slurm (835)
[5b/0670fe] process > host1 (509) [ 93%] 478 of 512
[41/f3496e] process > host2 (323) [ 15%] 70 of 478

executor >  slurm (850)
[5b/0670fe] process > host1 (509) [ 93%] 478 of 512
[d9/da016e] process > host2 (338) [ 15%] 70 of 478

executor >  slurm (867)
[5b/0670fe] process > host1 (509) [ 93%] 478 of 512
[ae/e5fcdb] process > host2 (355) [ 15%] 70 of 478

executor >  slurm (880)
[5b/0670fe] process > host1 (509) [ 93%] 478 of 512
[2b/e4ea98] process > host2 (368) [ 15%] 70 of 478

executor >  slurm (895)
[5b/0670fe] process > host1 (509) [ 93%] 478 of 512
[a4/dcaab6] process > host2 (383) [ 15%] 70 of 478

executor >  slurm (911)
[e0/65eecd] process > host1 (383) [ 94%] 480 of 512
[a2/c2453c] process > host2 (399) [ 15%] 70 of 480

executor >  slurm (920)
[71/816b1b] process > host1 (474) [ 97%] 496 of 512
[8f/6a1aad] process > host2 (408) [ 14%] 70 of 496

executor >  slurm (929)
[02/d57d3b] process > host1 (503) [100%] 510 of 512
[ad/c3233c] process > host2 (417) [ 14%] 70 of 510

executor >  slurm (940)
[52/a0a86e] process > host1 (512) [100%] 512 of 512 ✔
[ab/1b89cd] process > host2 (428) [ 15%] 78 of 512

executor >  slurm (953)
[52/a0a86e] process > host1 (512) [100%] 512 of 512 ✔
[ea/14300b] process > host2 (441) [ 18%] 91 of 512

executor >  slurm (968)
[52/a0a86e] process > host1 (512) [100%] 512 of 512 ✔
[ef/c9f03b] process > host2 (456) [ 21%] 105 of 512

executor >  slurm (979)
[52/a0a86e] process > host1 (512) [100%] 512 of 512 ✔
[d7/4b29f1] process > host2 (154) [ 26%] 132 of 512

executor >  slurm (994)
[52/a0a86e] process > host1 (512) [100%] 512 of 512 ✔
[33/dd66e2] process > host2 (183) [ 29%] 147 of 512

executor >  slurm (1007)
[52/a0a86e] process > host1 (512) [100%] 512 of 512 ✔
[07/93a5aa] process > host2 (214) [ 32%] 162 of 512

executor >  slurm (1014)
[52/a0a86e] process > host1 (512) [100%] 512 of 512 ✔
[46/33129a] process > host2 (502) [ 33%] 167 of 512

executor >  slurm (1024)
[52/a0a86e] process > host1 (512) [100%] 512 of 512 ✔
[25/3b91c7] process > host2 (512) [ 36%] 184 of 512

executor >  slurm (1024)
[52/a0a86e] process > host1 (512) [100%] 512 of 512 ✔
[b5/a3aaba] process > host2 (69)  [ 37%] 188 of 512

executor >  slurm (1024)
[52/a0a86e] process > host1 (512) [100%] 512 of 512 ✔
[0f/afd131] process > host2 (142) [ 40%] 203 of 512

executor >  slurm (1024)
[52/a0a86e] process > host1 (512) [100%] 512 of 512 ✔
[d1/34c5c8] process > host2 (189) [ 43%] 221 of 512

executor >  slurm (1024)
[52/a0a86e] process > host1 (512) [100%] 512 of 512 ✔
[33/3eef5e] process > host2 (210) [ 46%] 236 of 512

executor >  slurm (1024)
[52/a0a86e] process > host1 (512) [100%] 512 of 512 ✔
[e5/bf345a] process > host2 (232) [ 49%] 251 of 512

executor >  slurm (1024)
[52/a0a86e] process > host1 (512) [100%] 512 of 512 ✔
[d8/769be5] process > host2 (245) [ 51%] 262 of 512

executor >  slurm (1024)
[52/a0a86e] process > host1 (512) [100%] 512 of 512 ✔
[eb/3d0f85] process > host2 (268) [ 54%] 275 of 512

executor >  slurm (1024)
[52/a0a86e] process > host1 (512) [100%] 512 of 512 ✔
[33/ca816e] process > host2 (295) [ 57%] 290 of 512

executor >  slurm (1024)
[52/a0a86e] process > host1 (512) [100%] 512 of 512 ✔
[ee/c45758] process > host2 (328) [ 61%] 311 of 512

executor >  slurm (1024)
[52/a0a86e] process > host1 (512) [100%] 512 of 512 ✔
[b4/ff67cb] process > host2 (350) [ 64%] 326 of 512

executor >  slurm (1024)
[52/a0a86e] process > host1 (512) [100%] 512 of 512 ✔
[2b/e4ea98] process > host2 (368) [ 67%] 341 of 512

executor >  slurm (1024)
[52/a0a86e] process > host1 (512) [100%] 512 of 512 ✔
[01/00bb55] process > host2 (385) [ 70%] 356 of 512

executor >  slurm (1024)
[52/a0a86e] process > host1 (512) [100%] 512 of 512 ✔
[01/fb4538] process > host2 (466) [ 73%] 376 of 512

executor >  slurm (1024)
[52/a0a86e] process > host1 (512) [100%] 512 of 512 ✔
[cf/1d30ea] process > host2 (485) [ 75%] 383 of 512

executor >  slurm (1024)
[52/a0a86e] process > host1 (512) [100%] 512 of 512 ✔
[11/14a73a] process > host2 (286) [ 76%] 388 of 512

executor >  slurm (1024)
[52/a0a86e] process > host1 (512) [100%] 512 of 512 ✔
[e4/7a22b8] process > host2 (333) [ 79%] 404 of 512

executor >  slurm (1024)
[52/a0a86e] process > host1 (512) [100%] 512 of 512 ✔
[c9/0ae6cc] process > host2 (400) [ 82%] 420 of 512

executor >  slurm (1024)
[52/a0a86e] process > host1 (512) [100%] 512 of 512 ✔
[ad/c3233c] process > host2 (417) [ 84%] 431 of 512

executor >  slurm (1024)
[52/a0a86e] process > host1 (512) [100%] 512 of 512 ✔
[98/8fc7b5] process > host2 (433) [ 86%] 442 of 512

executor >  slurm (1024)
[52/a0a86e] process > host1 (512) [100%] 512 of 512 ✔
[b7/bbcc3e] process > host2 (459) [ 89%] 457 of 512

executor >  slurm (1024)
[52/a0a86e] process > host1 (512) [100%] 512 of 512 ✔
[24/ec0c39] process > host2 (483) [ 92%] 472 of 512

executor >  slurm (1024)
[52/a0a86e] process > host1 (512) [100%] 512 of 512 ✔
[d3/407ed4] process > host2 (500) [ 95%] 487 of 512

executor >  slurm (1024)
[52/a0a86e] process > host1 (512) [100%] 512 of 512 ✔
[25/3b91c7] process > host2 (512) [ 97%] 499 of 512

executor >  slurm (1024)
[52/a0a86e] process > host1 (512) [100%] 512 of 512 ✔
[81/3cb7cf] process > host2 (430) [ 99%] 506 of 512

executor >  slurm (1024)
[52/a0a86e] process > host1 (512) [100%] 512 of 512 ✔
[b8/6ece04] process > host2 (460) [100%] 512 of 512 ✔

executor >  slurm (1024)
[52/a0a86e] process > host1 (512) [100%] 512 of 512 ✔
[b8/6ece04] process > host2 (460) [100%] 512 of 512 ✔
Hostname: compute-7-2
compute-7-0
compute-7-1
compute-7-4
compute-7-3


+ echo -e 'Done processing * 512 * tasks, on * 512 * cores'
+ echo '##############################################################################################'
+ cd nf.nf/hosts
+ echo 'nodes processes tasks'
++ ls -1v
+ for file in '`ls -1v`'
+ sed 's/_/ /g'
++ wc -l host1_tasks1.txt
+ echo 1 host1_tasks1.txt
+ for file in '`ls -1v`'
+ sed 's/_/ /g'
++ wc -l host1_tasks2.txt
+ echo 1 host1_tasks2.txt
+ for file in '`ls -1v`'
+ sed 's/_/ /g'
++ wc -l host1_tasks4.txt
+ echo 1 host1_tasks4.txt
+ for file in '`ls -1v`'
+ sed 's/_/ /g'
++ wc -l host1_tasks8.txt
+ echo 2 host1_tasks8.txt
+ for file in '`ls -1v`'
+ sed 's/_/ /g'
++ wc -l host1_tasks16.txt
+ echo 3 host1_tasks16.txt
+ for file in '`ls -1v`'
+ sed 's/_/ /g'
++ wc -l host1_tasks32.txt
+ echo 3 host1_tasks32.txt
+ for file in '`ls -1v`'
+ sed 's/_/ /g'
++ wc -l host1_tasks64.txt
+ echo 3 host1_tasks64.txt
+ for file in '`ls -1v`'
+ sed 's/_/ /g'
++ wc -l host1_tasks128.txt
+ echo 5 host1_tasks128.txt
+ for file in '`ls -1v`'
+ sed 's/_/ /g'
++ wc -l host1_tasks256.txt
+ echo 5 host1_tasks256.txt
+ for file in '`ls -1v`'
+ sed 's/_/ /g'
++ wc -l host1_tasks512.txt
+ echo 5 host1_tasks512.txt
+ for file in '`ls -1v`'
+ sed 's/_/ /g'
++ wc -l host2_tasks1.txt
+ echo 1 host2_tasks1.txt
+ for file in '`ls -1v`'
+ sed 's/_/ /g'
++ wc -l host2_tasks2.txt
+ echo 1 host2_tasks2.txt
+ for file in '`ls -1v`'
+ sed 's/_/ /g'
++ wc -l host2_tasks4.txt
+ echo 1 host2_tasks4.txt
+ for file in '`ls -1v`'
+ sed 's/_/ /g'
++ wc -l host2_tasks8.txt
+ echo 2 host2_tasks8.txt
+ for file in '`ls -1v`'
+ sed 's/_/ /g'
++ wc -l host2_tasks16.txt
+ echo 3 host2_tasks16.txt
+ for file in '`ls -1v`'
+ sed 's/_/ /g'
++ wc -l host2_tasks32.txt
+ echo 3 host2_tasks32.txt
+ for file in '`ls -1v`'
+ sed 's/_/ /g'
++ wc -l host2_tasks64.txt
+ echo 5 host2_tasks64.txt
+ for file in '`ls -1v`'
+ sed 's/_/ /g'
++ wc -l host2_tasks128.txt
+ echo 5 host2_tasks128.txt
+ for file in '`ls -1v`'
+ sed 's/_/ /g'
++ wc -l host2_tasks256.txt
+ echo 5 host2_tasks256.txt
+ for file in '`ls -1v`'
+ sed 's/_/ /g'
++ wc -l host2_tasks512.txt
+ echo 5 host2_tasks512.txt
+ mail -s 'WfMS- Bio-Scalability' azzaea@gmail.com
+ echo 'Bio-Scalability analysis completed for Nextflow!'
