Jan-19 11:32:28.561 [main] DEBUG nextflow.cli.Launcher - $> nextflow run host_workflow.nf --ntasks=1 --forks=1 --log=log.txt -with-dag dag_nf_hosts_workflow.dot
Jan-19 11:32:28.913 [main] INFO  nextflow.cli.CmdRun - N E X T F L O W  ~  version 19.10.0
Jan-19 11:32:28.964 [main] INFO  nextflow.cli.CmdRun - Launching `host_workflow.nf` [mighty_ramanujan] - revision: d2d074e278
Jan-19 11:32:29.029 [main] DEBUG nextflow.config.ConfigBuilder - Found config local: /home/azza/github_repos/varCall/scalability-tst/nf/nextflow.config
Jan-19 11:32:29.032 [main] DEBUG nextflow.config.ConfigBuilder - Parsing config file: /home/azza/github_repos/varCall/scalability-tst/nf/nextflow.config
Jan-19 11:32:29.108 [main] DEBUG nextflow.config.ConfigBuilder - Applying config profile: `standard`
Jan-19 11:32:30.844 [main] DEBUG nextflow.extension.OperatorEx - Dataflow extension methods: branch,buffer,chain,choice,collate,collect,collectFile,combine,concat,count,countBy,countFasta,countFastq,countLines,countText,cross,distinct,filter,first,flatMap,flatten,fork,groupBy,groupTuple,ifEmpty,into,join,last,map,max,mean,merge,min,mix,phase,print,println,randomSample,reduce,separate,set,splitCsv,splitFasta,splitFastq,splitText,spread,subscribe,sum,take,tap,toDouble,toFloat,toInteger,toList,toLong,toSortedList,transpose,unique,until,view
Jan-19 11:32:30.861 [main] DEBUG nextflow.Session - Session uuid: ccbc5a62-f1b6-4585-8cc7-8b189b7b24db
Jan-19 11:32:30.861 [main] DEBUG nextflow.Session - Run name: mighty_ramanujan
Jan-19 11:32:30.863 [main] DEBUG nextflow.Session - Executor pool size: 4
Jan-19 11:32:30.901 [main] DEBUG nextflow.cli.CmdRun - 
  Version: 19.10.0 build 5170
  Created: 21-10-2019 15:07 UTC (17:07 CEST)
  System: Linux 4.15.0-74-generic
  Runtime: Groovy 2.5.8 on Java HotSpot(TM) 64-Bit Server VM 1.8.0_191-b12
  Encoding: UTF-8 (UTF-8)
  Process: 9280@azza-Satellite-P845 [127.0.1.1]
  CPUs: 4 - Mem: 5.7 GB (247.9 MB) - Swap: 1.9 GB (1.9 GB)
Jan-19 11:32:31.293 [main] DEBUG nextflow.Session - Work-dir: /home/azza/github_repos/varCall/scalability-tst/nf/work [ext2/ext3]
Jan-19 11:32:31.315 [main] DEBUG nextflow.Session - Script base path does not exist or is not a directory: /home/azza/github_repos/varCall/scalability-tst/nf/bin
Jan-19 11:32:31.374 [main] DEBUG nextflow.Session - Observer factory: TowerFactory
Jan-19 11:32:31.381 [main] DEBUG nextflow.Session - Observer factory: DefaultObserverFactory
Jan-19 11:32:31.976 [main] DEBUG nextflow.Session - Session start invoked
Jan-19 11:32:32.414 [main] DEBUG nextflow.script.ScriptRunner - > Launching execution
Jan-19 11:32:32.849 [main] DEBUG nextflow.executor.ExecutorFactory - << taskConfig executor: local
Jan-19 11:32:32.849 [main] DEBUG nextflow.executor.ExecutorFactory - >> processorType: 'local'
Jan-19 11:32:32.865 [main] DEBUG nextflow.executor.Executor - [warm up] executor > local
Jan-19 11:32:32.879 [main] DEBUG n.processor.LocalPollingMonitor - Creating local task monitor for executor 'local' > cpus=4; memory=5.7 GB; capacity=4; pollInterval=100ms; dumpInterval=5m
Jan-19 11:32:33.052 [main] DEBUG nextflow.processor.TaskProcessor - Creating operator > host1 -- maxForks: 1
Jan-19 11:32:33.155 [main] DEBUG nextflow.executor.ExecutorFactory - << taskConfig executor: local
Jan-19 11:32:33.156 [main] DEBUG nextflow.executor.ExecutorFactory - >> processorType: 'local'
Jan-19 11:32:33.159 [main] DEBUG nextflow.processor.TaskProcessor - Creating operator > host2 -- maxForks: 1
Jan-19 11:32:33.393 [main] DEBUG nextflow.script.BaseScript - No entry workflow defined
Jan-19 11:32:33.398 [main] DEBUG nextflow.script.ScriptRunner - > Await termination 
Jan-19 11:32:33.398 [main] DEBUG nextflow.Session - Session await
Jan-19 11:32:33.657 [Task submitter] DEBUG nextflow.executor.LocalTaskHandler - Launch cmd line: /bin/bash -ue .command.run
Jan-19 11:32:33.667 [Task submitter] INFO  nextflow.Session - [45/d8e6c1] Submitted process > host1 (1)
Jan-19 11:32:33.781 [Task monitor] DEBUG n.processor.TaskPollingMonitor - Task completed > TaskHandler[id: 1; name: host1 (1); status: COMPLETED; exit: 0; error: -; workDir: /home/azza/github_repos/varCall/scalability-tst/nf/work/45/d8e6c1b0bf42ba71e2cc6d59e3b4df]
Jan-19 11:32:33.846 [Task submitter] DEBUG nextflow.executor.LocalTaskHandler - Launch cmd line: /bin/bash -ue .command.run
Jan-19 11:32:33.853 [Task submitter] INFO  nextflow.Session - [4b/9a41ea] Submitted process > host2 (1)
Jan-19 11:32:33.960 [Task monitor] DEBUG n.processor.TaskPollingMonitor - Task completed > TaskHandler[id: 2; name: host2 (1); status: COMPLETED; exit: 0; error: -; workDir: /home/azza/github_repos/varCall/scalability-tst/nf/work/4b/9a41ea79833d7c2197334282cd3ade]
Jan-19 11:32:33.968 [main] DEBUG nextflow.Session - Session await > all process finished
Jan-19 11:32:33.972 [main] DEBUG nextflow.Session - Session await > all barriers passed
Jan-19 11:32:34.220 [Actor Thread 4] DEBUG nextflow.sort.BigSort - Sort completed -- entries: 1; slices: 1; internal sort time: 0.003 s; external sort time: 0.075 s; total time: 0.078 s
Jan-19 11:32:34.265 [Actor Thread 4] DEBUG nextflow.file.FileCollector - Saved collect-files list to: /tmp/84457322c0a14fac8cb2edba31588a36.collect-file
Jan-19 11:32:34.297 [Actor Thread 4] DEBUG nextflow.file.FileCollector - Deleting file collector temp dir: /tmp/nxf-2874926695216237126
Jan-19 11:32:34.324 [main] DEBUG nextflow.trace.StatsObserver - Workflow completed > WorkflowStats[succeedCount=2; failedCount=0; ignoredCount=0; cachedCount=0; succeedDuration=27ms; failedDuration=0ms; cachedDuration=0ms]
Jan-19 11:32:34.537 [main] DEBUG nextflow.CacheDB - Closing CacheDB done
Jan-19 11:32:34.603 [main] DEBUG nextflow.script.ScriptRunner - > Execution complete -- Goodbye
