nohup: ignoring input
Analysis done on: 
Mon 13 Jan 02:05:27 CST 2020
+ nextflow=/home/a-m/azzaea/software/nextflow/19.04.1
+ resultsDir=results.nf
+ logsDir=results.nf/logs-nf
+ hostsDir=results.nf/hosts
+ mkdir -p results.nf results.nf/logs-nf results.nf/hosts
+ progress=results.nf/logs-nf/progress_bioinfoScaling.txt
+ echo 'Starting BioInfo Scalability Analysis'
+ echo '##############################################################################################'
+ /home/a-m/azzaea/software/nextflow/19.04.1 -v
+ echo '##############################################################################################'
+ ifstat -t -T -n -w
ifstat: invalid time constant divisor
+ log1=results.nf/logs-nf/bioinfoScaling_processes-1_host.txt
+ log2=results.nf/logs-nf/bioinfoScaling_processes-2_host.txt
+ echo cores,tasks,user,system,elapsed,cpu,avMemory,involuntaryContextSwitch,voluntaryContextSwitch,faults,inputs,outputs,socketsIn,socketsOut,exitStatus
+ tee -a results.nf/logs-nf/bioinfoScaling_processes-1_host.txt results.nf/logs-nf/bioinfoScaling_processes-2_host.txt
cores,tasks,user,system,elapsed,cpu,avMemory,involuntaryContextSwitch,voluntaryContextSwitch,faults,inputs,outputs,socketsIn,socketsOut,exitStatus
+ for line in '{1..10}'
++ cat cores.txt
++ sed -n 1p
+ cores=1
+ tasks=1
+ echo -n 1,1,
+ tee -a results.nf/logs-nf/bioinfoScaling_processes-1_host.txt results.nf/logs-nf/bioinfoScaling_processes-2_host.txt
1,1,+ /usr/bin/time --format %U,%S,%e,%P,%K,%c,%w,%F,%I,%O,%r,%s,%x --append --output results.nf/logs-nf/bioinfoScaling_processes-1_host.txt /home/a-m/azzaea/software/nextflow/19.04.1 run host_process.nf -profile cluster --ntasks=1 --forks=1 --log=results.nf/hosts/host1_tasks1.txt
N E X T F L O W  ~  version 19.04.1
Launching `host_process.nf` [amazing_almeida] - revision: 7d6b3a4744
[warm up] executor > slurm
executor >  slurm (1)
[a4/d9dceb] process > host1 [  0%] 0 of 1
Hostname: compute-7-4


executor >  slurm (1)
[a4/d9dceb] process > host1 [100%] 1 of 1 ✔

executor >  slurm (1)
[a4/d9dceb] process > host1 [100%] 1 of 1 ✔
Completed at: 13-Jan-2020 02:05:41
Duration    : 10.4s
CPU hours   : (a few seconds)
Succeeded   : 1

+ /usr/bin/time --format %U,%S,%e,%P,%K,%c,%w,%F,%I,%O,%r,%s,%x --append --output results.nf/logs-nf/bioinfoScaling_processes-2_host.txt /home/a-m/azzaea/software/nextflow/19.04.1 run host_workflow.nf -profile cluster --ntasks=1 --forks=1 --log=results.nf/hosts/host2_tasks1.txt
N E X T F L O W  ~  version 19.04.1
Launching `host_workflow.nf` [irreverent_varahamihira] - revision: d2d074e278
[warm up] executor > slurm
executor >  slurm (1)
[79/fbe9ae] process > host1 [  0%] 0 of 1

executor >  slurm (2)
[79/fbe9ae] process > host1 [100%] 1 of 1 ✔
[60/d52d0f] process > host2 [  0%] 0 of 1
Hostname: compute-7-4


executor >  slurm (2)
[79/fbe9ae] process > host1 [100%] 1 of 1 ✔
[60/d52d0f] process > host2 [100%] 1 of 1 ✔
Completed at: 13-Jan-2020 02:05:54
Duration    : 10.5s
CPU hours   : (a few seconds)
Succeeded   : 2

+ echo -e 'Done processing * 1 * tasks, on * 1 * cores'
+ for line in '{1..10}'
++ cat cores.txt
++ sed -n 2p
+ cores=4
+ tasks=4
+ echo -n 4,4,
+ tee -a results.nf/logs-nf/bioinfoScaling_processes-1_host.txt results.nf/logs-nf/bioinfoScaling_processes-2_host.txt
4,4,+ /usr/bin/time --format %U,%S,%e,%P,%K,%c,%w,%F,%I,%O,%r,%s,%x --append --output results.nf/logs-nf/bioinfoScaling_processes-1_host.txt /home/a-m/azzaea/software/nextflow/19.04.1 run host_process.nf -profile cluster --ntasks=4 --forks=4 --log=results.nf/hosts/host1_tasks4.txt
N E X T F L O W  ~  version 19.04.1
Launching `host_process.nf` [nauseous_tesla] - revision: 7d6b3a4744
[warm up] executor > slurm
executor >  slurm (2)
[e7/7e4994] process > host1 [  0%] 0 of 2

executor >  slurm (4)
[9d/48faa5] process > host1 [  0%] 0 of 4

executor >  slurm (4)
[ed/f99cae] process > host1 [ 25%] 1 of 4
Hostname: compute-7-4


executor >  slurm (4)
[9d/48faa5] process > host1 [100%] 4 of 4 ✔

executor >  slurm (4)
[9d/48faa5] process > host1 [100%] 4 of 4 ✔
Completed at: 13-Jan-2020 02:06:07
Duration    : 10.3s
CPU hours   : (a few seconds)
Succeeded   : 4

+ /usr/bin/time --format %U,%S,%e,%P,%K,%c,%w,%F,%I,%O,%r,%s,%x --append --output results.nf/logs-nf/bioinfoScaling_processes-2_host.txt /home/a-m/azzaea/software/nextflow/19.04.1 run host_workflow.nf -profile cluster --ntasks=4 --forks=4 --log=results.nf/hosts/host2_tasks4.txt
N E X T F L O W  ~  version 19.04.1
Launching `host_workflow.nf` [admiring_hopper] - revision: d2d074e278
[warm up] executor > slurm
executor >  slurm (3)
[9d/9c7e57] process > host1 [  0%] 0 of 3

executor >  slurm (4)
[72/1532c0] process > host1 [  0%] 0 of 4

executor >  slurm (4)
[e2/9ae73f] process > host1 [ 25%] 1 of 4

executor >  slurm (8)
[72/1532c0] process > host1 [100%] 4 of 4 ✔
[4d/90a3ea] process > host2 [  0%] 0 of 4

executor >  slurm (8)
[72/1532c0] process > host1 [100%] 4 of 4 ✔
[5d/9d2164] process > host2 [ 75%] 3 of 4
Hostname: compute-7-4


executor >  slurm (8)
[72/1532c0] process > host1 [100%] 4 of 4 ✔
[4d/90a3ea] process > host2 [100%] 4 of 4 ✔
Completed at: 13-Jan-2020 02:06:20
Duration    : 10.5s
CPU hours   : (a few seconds)
Succeeded   : 8

+ echo -e 'Done processing * 4 * tasks, on * 4 * cores'
+ for line in '{1..10}'
++ cat cores.txt
++ sed -n 3p
+ cores=8
+ tasks=8
+ echo -n 8,8,
+ tee -a results.nf/logs-nf/bioinfoScaling_processes-1_host.txt results.nf/logs-nf/bioinfoScaling_processes-2_host.txt
8,8,+ /usr/bin/time --format %U,%S,%e,%P,%K,%c,%w,%F,%I,%O,%r,%s,%x --append --output results.nf/logs-nf/bioinfoScaling_processes-1_host.txt /home/a-m/azzaea/software/nextflow/19.04.1 run host_process.nf -profile cluster --ntasks=8 --forks=8 --log=results.nf/hosts/host1_tasks8.txt
N E X T F L O W  ~  version 19.04.1
Launching `host_process.nf` [peaceful_becquerel] - revision: 7d6b3a4744
[warm up] executor > slurm
executor >  slurm (4)
[f8/fabb65] process > host1 [  0%] 0 of 4

executor >  slurm (8)
[12/925bd8] process > host1 [  0%] 0 of 8
Hostname: compute-7-4


executor >  slurm (8)
[12/925bd8] process > host1 [100%] 8 of 8 ✔

executor >  slurm (8)
[12/925bd8] process > host1 [100%] 8 of 8 ✔
Completed at: 13-Jan-2020 02:06:33
Duration    : 10.4s
CPU hours   : (a few seconds)
Succeeded   : 8

+ /usr/bin/time --format %U,%S,%e,%P,%K,%c,%w,%F,%I,%O,%r,%s,%x --append --output results.nf/logs-nf/bioinfoScaling_processes-2_host.txt /home/a-m/azzaea/software/nextflow/19.04.1 run host_workflow.nf -profile cluster --ntasks=8 --forks=8 --log=results.nf/hosts/host2_tasks8.txt
N E X T F L O W  ~  version 19.04.1
Launching `host_workflow.nf` [determined_goldstine] - revision: d2d074e278
[warm up] executor > slurm
executor >  slurm (1)
[a5/0f5143] process > host1 [  0%] 0 of 1

executor >  slurm (8)
[4d/9a20cc] process > host1 [  0%] 0 of 8

executor >  slurm (16)
[4d/9a20cc] process > host1 [100%] 8 of 8 ✔
[53/f147d6] process > host2 [  0%] 0 of 8

executor >  slurm (16)
[4d/9a20cc] process > host1 [100%] 8 of 8 ✔
[a5/4f3114] process > host2 [ 25%] 2 of 8
Hostname: compute-7-4


executor >  slurm (16)
[4d/9a20cc] process > host1 [100%] 8 of 8 ✔
[53/f147d6] process > host2 [100%] 8 of 8 ✔

executor >  slurm (16)
[4d/9a20cc] process > host1 [100%] 8 of 8 ✔
[53/f147d6] process > host2 [100%] 8 of 8 ✔
Completed at: 13-Jan-2020 02:06:51
Duration    : 15.4s
CPU hours   : (a few seconds)
Succeeded   : 16

+ echo -e 'Done processing * 8 * tasks, on * 8 * cores'
+ for line in '{1..10}'
++ cat cores.txt
++ sed -n 4p
+ cores=16
+ tasks=16
+ echo -n 16,16,
+ tee -a results.nf/logs-nf/bioinfoScaling_processes-1_host.txt results.nf/logs-nf/bioinfoScaling_processes-2_host.txt
16,16,+ /usr/bin/time --format %U,%S,%e,%P,%K,%c,%w,%F,%I,%O,%r,%s,%x --append --output results.nf/logs-nf/bioinfoScaling_processes-1_host.txt /home/a-m/azzaea/software/nextflow/19.04.1 run host_process.nf -profile cluster --ntasks=16 --forks=16 --log=results.nf/hosts/host1_tasks16.txt
N E X T F L O W  ~  version 19.04.1
Launching `host_process.nf` [angry_marconi] - revision: 7d6b3a4744
[warm up] executor > slurm
executor >  slurm (8)
[2a/e89ea5] process > host1 [  0%] 0 of 8

executor >  slurm (16)
[af/53ff6b] process > host1 [  0%] 0 of 16

executor >  slurm (16)
[2a/e89ea5] process > host1 [ 50%] 8 of 16
Hostname: compute-7-4
compute-7-3


executor >  slurm (16)
[af/53ff6b] process > host1 [100%] 16 of 16 ✔

executor >  slurm (16)
[af/53ff6b] process > host1 [100%] 16 of 16 ✔
Completed at: 13-Jan-2020 02:07:04
Duration    : 10.4s
CPU hours   : (a few seconds)
Succeeded   : 16

+ /usr/bin/time --format %U,%S,%e,%P,%K,%c,%w,%F,%I,%O,%r,%s,%x --append --output results.nf/logs-nf/bioinfoScaling_processes-2_host.txt /home/a-m/azzaea/software/nextflow/19.04.1 run host_workflow.nf -profile cluster --ntasks=16 --forks=16 --log=results.nf/hosts/host2_tasks16.txt
N E X T F L O W  ~  version 19.04.1
Launching `host_workflow.nf` [clever_swartz] - revision: d2d074e278
[warm up] executor > slurm
executor >  slurm (2)
[88/effd06] process > host1 [  0%] 0 of 2

executor >  slurm (14)
[81/6563d5] process > host1 [  0%] 0 of 14

executor >  slurm (16)
[52/490df0] process > host1 [  0%] 0 of 16

executor >  slurm (25)
[1c/792868] process > host1 [ 69%] 11 of 16
[36/496964] process > host2 [  0%] 0 of 9

executor >  slurm (32)
[52/490df0] process > host1 [100%] 16 of 16 ✔
[32/e5ff9f] process > host2 [  0%] 0 of 16

executor >  slurm (32)
[52/490df0] process > host1 [100%] 16 of 16 ✔
[d1/e6abeb] process > host2 [ 19%] 3 of 16

executor >  slurm (32)
[52/490df0] process > host1 [100%] 16 of 16 ✔
[32/e5ff9f] process > host2 [100%] 16 of 16 ✔
Hostname: compute-7-4
compute-7-3


executor >  slurm (32)
[52/490df0] process > host1 [100%] 16 of 16 ✔
[32/e5ff9f] process > host2 [100%] 16 of 16 ✔
Completed at: 13-Jan-2020 02:07:22
Duration    : 15.4s
CPU hours   : (a few seconds)
Succeeded   : 32

+ echo -e 'Done processing * 16 * tasks, on * 16 * cores'
+ for line in '{1..10}'
++ cat cores.txt
++ sed -n 5p
+ cores=32
+ tasks=32
+ echo -n 32,32,
+ tee -a results.nf/logs-nf/bioinfoScaling_processes-1_host.txt results.nf/logs-nf/bioinfoScaling_processes-2_host.txt
32,32,+ /usr/bin/time --format %U,%S,%e,%P,%K,%c,%w,%F,%I,%O,%r,%s,%x --append --output results.nf/logs-nf/bioinfoScaling_processes-1_host.txt /home/a-m/azzaea/software/nextflow/19.04.1 run host_process.nf -profile cluster --ntasks=32 --forks=32 --log=results.nf/hosts/host1_tasks32.txt
N E X T F L O W  ~  version 19.04.1
Launching `host_process.nf` [sad_northcutt] - revision: 7d6b3a4744
[warm up] executor > slurm
executor >  slurm (5)
[89/919bfd] process > host1 [  0%] 0 of 5

executor >  slurm (17)
[34/725546] process > host1 [  0%] 0 of 17

executor >  slurm (32)
[5a/cea9e9] process > host1 [  0%] 0 of 32

executor >  slurm (32)
[e6/a76cb3] process > host1 [ 28%] 9 of 32

executor >  slurm (32)
[56/800020] process > host1 [ 75%] 24 of 32
Hostname: compute-7-0
compute-7-4
compute-7-3


executor >  slurm (32)
[5a/cea9e9] process > host1 [100%] 32 of 32 ✔

executor >  slurm (32)
[5a/cea9e9] process > host1 [100%] 32 of 32 ✔
Completed at: 13-Jan-2020 02:07:35
Duration    : 10.4s
CPU hours   : (a few seconds)
Succeeded   : 32

+ /usr/bin/time --format %U,%S,%e,%P,%K,%c,%w,%F,%I,%O,%r,%s,%x --append --output results.nf/logs-nf/bioinfoScaling_processes-2_host.txt /home/a-m/azzaea/software/nextflow/19.04.1 run host_workflow.nf -profile cluster --ntasks=32 --forks=32 --log=results.nf/hosts/host2_tasks32.txt
N E X T F L O W  ~  version 19.04.1
Launching `host_workflow.nf` [silly_mercator] - revision: d2d074e278
[warm up] executor > slurm
executor >  slurm (11)
[1c/f86b73] process > host1 [  0%] 0 of 11

executor >  slurm (27)
[bf/3d629b] process > host1 [  0%] 0 of 27

executor >  slurm (32)
[64/6281cb] process > host1 [  0%] 0 of 32

executor >  slurm (41)
[1c/f86b73] process > host1 [ 34%] 11 of 32
[f1/735e34] process > host2 [  0%] 0 of 9

executor >  slurm (56)
[bf/3d629b] process > host1 [ 84%] 27 of 32
[9e/03007a] process > host2 [  0%] 0 of 24

executor >  slurm (64)
[64/6281cb] process > host1 [100%] 32 of 32 ✔
[60/3feada] process > host2 [  0%] 0 of 32

executor >  slurm (64)
[64/6281cb] process > host1 [100%] 32 of 32 ✔
[f7/77c723] process > host2 [  3%] 1 of 32

executor >  slurm (64)
[64/6281cb] process > host1 [100%] 32 of 32 ✔
[40/ca5426] process > host2 [ 50%] 16 of 32

executor >  slurm (64)
[64/6281cb] process > host1 [100%] 32 of 32 ✔
[60/3feada] process > host2 [100%] 32 of 32 ✔
Hostname: compute-7-0
compute-7-4
compute-7-3


executor >  slurm (64)
[64/6281cb] process > host1 [100%] 32 of 32 ✔
[60/3feada] process > host2 [100%] 32 of 32 ✔
Completed at: 13-Jan-2020 02:07:53
Duration    : 15.4s
CPU hours   : (a few seconds)
Succeeded   : 64

+ echo -e 'Done processing * 32 * tasks, on * 32 * cores'
+ for line in '{1..10}'
++ cat cores.txt
++ sed -n 6p
+ cores=64
+ tasks=64
+ echo -n 64,64,
+ tee -a results.nf/logs-nf/bioinfoScaling_processes-1_host.txt results.nf/logs-nf/bioinfoScaling_processes-2_host.txt
64,64,+ /usr/bin/time --format %U,%S,%e,%P,%K,%c,%w,%F,%I,%O,%r,%s,%x --append --output results.nf/logs-nf/bioinfoScaling_processes-1_host.txt /home/a-m/azzaea/software/nextflow/19.04.1 run host_process.nf -profile cluster --ntasks=64 --forks=64 --log=results.nf/hosts/host1_tasks64.txt
N E X T F L O W  ~  version 19.04.1
Launching `host_process.nf` [dreamy_gautier] - revision: 7d6b3a4744
[warm up] executor > slurm
executor >  slurm (3)
[e8/e1e40b] process > host1 [  0%] 0 of 3

executor >  slurm (15)
[6e/e4349c] process > host1 [  0%] 0 of 15

executor >  slurm (27)
[7d/cf0278] process > host1 [  0%] 0 of 27

executor >  slurm (42)
[f2/3ae105] process > host1 [  0%] 0 of 42

executor >  slurm (57)
[f1/a05772] process > host1 [  0%] 0 of 57

executor >  slurm (64)
[c2/71e813] process > host1 [  0%] 0 of 64

executor >  slurm (64)
[bf/4e84ce] process > host1 [ 13%] 8 of 64

executor >  slurm (64)
[17/af780d] process > host1 [ 33%] 21 of 64

executor >  slurm (64)
[54/d0be1a] process > host1 [ 55%] 35 of 64

executor >  slurm (64)
[04/277acd] process > host1 [ 77%] 49 of 64
Hostname: compute-7-0
compute-7-1
compute-7-4
compute-7-3


executor >  slurm (64)
[c2/71e813] process > host1 [100%] 64 of 64 ✔

executor >  slurm (64)
[c2/71e813] process > host1 [100%] 64 of 64 ✔
Completed at: 13-Jan-2020 02:08:06
Duration    : 10.4s
CPU hours   : (a few seconds)
Succeeded   : 64

+ /usr/bin/time --format %U,%S,%e,%P,%K,%c,%w,%F,%I,%O,%r,%s,%x --append --output results.nf/logs-nf/bioinfoScaling_processes-2_host.txt /home/a-m/azzaea/software/nextflow/19.04.1 run host_workflow.nf -profile cluster --ntasks=64 --forks=64 --log=results.nf/hosts/host2_tasks64.txt
N E X T F L O W  ~  version 19.04.1
Launching `host_workflow.nf` [adoring_lovelace] - revision: d2d074e278
[warm up] executor > slurm
executor >  slurm (3)
[78/f3f664] process > host1 [  0%] 0 of 3

executor >  slurm (14)
[05/2a523b] process > host1 [  0%] 0 of 14

executor >  slurm (28)
[dc/2dd74d] process > host1 [  0%] 0 of 28

executor >  slurm (42)
[6d/200708] process > host1 [  0%] 0 of 42

executor >  slurm (55)
[bc/401f96] process > host1 [  0%] 0 of 55

executor >  slurm (64)
[0e/536b51] process > host1 [  0%] 0 of 64

executor >  slurm (67)
[f6/f9e0e6] process > host1 [ 11%] 7 of 64
[53/d632fa] process > host2 [  0%] 0 of 3

executor >  slurm (82)
[75/619278] process > host1 [ 36%] 23 of 64
[d4/212b34] process > host2 [  0%] 0 of 18

executor >  slurm (97)
[00/2f77c9] process > host1 [ 61%] 39 of 64
[29/a9e873] process > host2 [  0%] 0 of 33

executor >  slurm (113)
[bc/401f96] process > host1 [ 86%] 55 of 64
[e5/1df626] process > host2 [  0%] 0 of 49

executor >  slurm (128)
[0e/536b51] process > host1 [100%] 64 of 64 ✔
[dd/8679a2] process > host2 [  0%] 0 of 64

executor >  slurm (128)
[0e/536b51] process > host1 [100%] 64 of 64 ✔
[34/f09ecf] process > host2 [ 17%] 11 of 64

executor >  slurm (128)
[0e/536b51] process > host1 [100%] 64 of 64 ✔
[bc/484688] process > host2 [ 41%] 26 of 64

executor >  slurm (128)
[0e/536b51] process > host1 [100%] 64 of 64 ✔
[12/0f773f] process > host2 [ 70%] 45 of 64

executor >  slurm (128)
[0e/536b51] process > host1 [100%] 64 of 64 ✔
[f8/5407ea] process > host2 [ 94%] 60 of 64
Hostname: compute-7-0
compute-7-1
compute-7-4
compute-7-3


executor >  slurm (128)
[0e/536b51] process > host1 [100%] 64 of 64 ✔
[dd/8679a2] process > host2 [100%] 64 of 64 ✔

executor >  slurm (128)
[0e/536b51] process > host1 [100%] 64 of 64 ✔
[dd/8679a2] process > host2 [100%] 64 of 64 ✔
Completed at: 13-Jan-2020 02:08:24
Duration    : 15.5s
CPU hours   : (a few seconds)
Succeeded   : 128

+ echo -e 'Done processing * 64 * tasks, on * 64 * cores'
+ for line in '{1..10}'
++ cat cores.txt
++ sed -n 7p
+ cores=128
+ tasks=128
+ echo -n 128,128,
+ tee -a results.nf/logs-nf/bioinfoScaling_processes-1_host.txt results.nf/logs-nf/bioinfoScaling_processes-2_host.txt
128,128,+ /usr/bin/time --format %U,%S,%e,%P,%K,%c,%w,%F,%I,%O,%r,%s,%x --append --output results.nf/logs-nf/bioinfoScaling_processes-1_host.txt /home/a-m/azzaea/software/nextflow/19.04.1 run host_process.nf -profile cluster --ntasks=128 --forks=128 --log=results.nf/hosts/host1_tasks128.txt
N E X T F L O W  ~  version 19.04.1
Launching `host_process.nf` [mighty_lalande] - revision: 7d6b3a4744
[warm up] executor > slurm
executor >  slurm (4)
[8b/971835] process > host1 [  0%] 0 of 4

executor >  slurm (17)
[36/1b2f01] process > host1 [  0%] 0 of 17

executor >  slurm (30)
[49/cae42e] process > host1 [  0%] 0 of 30

executor >  slurm (43)
[5c/8db12e] process > host1 [  0%] 0 of 43

executor >  slurm (56)
[08/0d44b0] process > host1 [  0%] 0 of 56

executor >  slurm (73)
[44/854faa] process > host1 [  0%] 0 of 73

executor >  slurm (87)
[24/41c419] process > host1 [  0%] 0 of 87

executor >  slurm (100)
[15/26fb5e] process > host1 [  0%] 0 of 100

executor >  slurm (101)
[dc/378480] process > host1 [  1%] 1 of 101

executor >  slurm (112)
[fd/dc0b00] process > host1 [ 13%] 14 of 112

executor >  slurm (127)
[5b/a7052c] process > host1 [ 24%] 31 of 127

executor >  slurm (128)
[d5/55fffc] process > host1 [ 37%] 47 of 128

executor >  slurm (128)
[2e/17f782] process > host1 [ 49%] 63 of 128

executor >  slurm (128)
[1e/7d9882] process > host1 [ 63%] 80 of 128

executor >  slurm (128)
[15/26fb5e] process > host1 [ 75%] 96 of 128

executor >  slurm (128)
[47/5c7f81] process > host1 [ 78%] 100 of 128

executor >  slurm (128)
[80/34a7ee] process > host1 [ 89%] 114 of 128

executor >  slurm (128)
[78/8bf093] process > host1 [100%] 128 of 128
Hostname: compute-7-0
compute-7-1
compute-7-4
compute-7-3


executor >  slurm (128)
[78/8bf093] process > host1 [100%] 128 of 128 ✔

executor >  slurm (128)
[78/8bf093] process > host1 [100%] 128 of 128 ✔
Completed at: 13-Jan-2020 02:08:42
Duration    : 15.5s
CPU hours   : (a few seconds)
Succeeded   : 128

+ /usr/bin/time --format %U,%S,%e,%P,%K,%c,%w,%F,%I,%O,%r,%s,%x --append --output results.nf/logs-nf/bioinfoScaling_processes-2_host.txt /home/a-m/azzaea/software/nextflow/19.04.1 run host_workflow.nf -profile cluster --ntasks=128 --forks=128 --log=results.nf/hosts/host2_tasks128.txt
N E X T F L O W  ~  version 19.04.1
Launching `host_workflow.nf` [furious_noyce] - revision: d2d074e278
[warm up] executor > slurm
executor >  slurm (5)
[8c/5f7af3] process > host1 [  0%] 0 of 5

executor >  slurm (17)
[68/3aee82] process > host1 [  0%] 0 of 17

executor >  slurm (31)
[ce/ef6b90] process > host1 [  0%] 0 of 31

executor >  slurm (40)
[77/3e585b] process > host1 [  0%] 0 of 40

executor >  slurm (51)
[d3/7dce38] process > host1 [  0%] 0 of 51

executor >  slurm (64)
[f6/b563ac] process > host1 [  0%] 0 of 64

executor >  slurm (77)
[7f/69cc52] process > host1 [  0%] 0 of 77

executor >  slurm (90)
[e1/e90ad3] process > host1 [  0%] 0 of 90

executor >  slurm (100)
[86/28e9b3] process > host1 [  0%] 0 of 100

executor >  slurm (107)
[5e/3079b1] process > host1 [  9%] 10 of 107

executor >  slurm (121)
[d3/c5029c] process > host1 [ 21%] 25 of 121

executor >  slurm (136)
[2d/d92636] process > host1 [ 34%] 43 of 128
[67/83a769] process > host2 [  0%] 0 of 8

executor >  slurm (153)
[ad/b4a5df] process > host1 [ 47%] 60 of 128
[63/442145] process > host2 [  0%] 0 of 25

executor >  slurm (171)
[36/1846b9] process > host1 [ 61%] 78 of 128
[0e/c3da90] process > host2 [  0%] 0 of 43

executor >  slurm (186)
[8d/854af5] process > host1 [ 75%] 96 of 128
[ac/13228a] process > host2 [  0%] 0 of 58

executor >  slurm (200)
[86/28e9b3] process > host1 [ 78%] 100 of 128
[52/1253be] process > host2 [  0%] 0 of 72

executor >  slurm (200)
[97/1fca3d] process > host1 [ 79%] 101 of 128
[52/1253be] process > host2 [  0%] 0 of 72

executor >  slurm (212)
[00/580554] process > host1 [ 91%] 117 of 128
[f4/ec2b6f] process > host2 [  0%] 0 of 84

executor >  slurm (228)
[50/b7ad32] process > host1 [100%] 128 of 128 ✔
[dd/128813] process > host2 [  7%] 7 of 100

executor >  slurm (244)
[50/b7ad32] process > host1 [100%] 128 of 128 ✔
[8e/dd2f21] process > host2 [ 20%] 23 of 116

executor >  slurm (256)
[50/b7ad32] process > host1 [100%] 128 of 128 ✔
[31/b6b428] process > host2 [ 30%] 39 of 128

executor >  slurm (256)
[50/b7ad32] process > host1 [100%] 128 of 128 ✔
[a8/170f74] process > host2 [ 46%] 59 of 128

executor >  slurm (256)
[50/b7ad32] process > host1 [100%] 128 of 128 ✔
[52/1253be] process > host2 [ 52%] 66 of 128

executor >  slurm (256)
[50/b7ad32] process > host1 [100%] 128 of 128 ✔
[c2/7f96db] process > host2 [ 53%] 68 of 128

executor >  slurm (256)
[50/b7ad32] process > host1 [100%] 128 of 128 ✔
[5f/a7ce0b] process > host2 [ 63%] 80 of 128

executor >  slurm (256)
[50/b7ad32] process > host1 [100%] 128 of 128 ✔
[bb/960614] process > host2 [ 73%] 94 of 128

executor >  slurm (256)
[50/b7ad32] process > host1 [100%] 128 of 128 ✔
[6f/f7f748] process > host2 [ 84%] 108 of 128

executor >  slurm (256)
[50/b7ad32] process > host1 [100%] 128 of 128 ✔
[d4/748d1e] process > host2 [ 96%] 123 of 128
Hostname: compute-7-2
compute-7-0
compute-7-1
compute-7-4
compute-7-3


executor >  slurm (256)
[50/b7ad32] process > host1 [100%] 128 of 128 ✔
[51/2541e8] process > host2 [100%] 128 of 128 ✔

executor >  slurm (256)
[50/b7ad32] process > host1 [100%] 128 of 128 ✔
[51/2541e8] process > host2 [100%] 128 of 128 ✔
Completed at: 13-Jan-2020 02:09:05
Duration    : 20.4s
CPU hours   : (a few seconds)
Succeeded   : 256

+ echo -e 'Done processing * 128 * tasks, on * 128 * cores'
+ for line in '{1..10}'
++ cat cores.txt
++ sed -n 8p
+ cores=256
+ tasks=256
+ echo -n 256,256,
+ tee -a results.nf/logs-nf/bioinfoScaling_processes-1_host.txt results.nf/logs-nf/bioinfoScaling_processes-2_host.txt
256,256,+ /usr/bin/time --format %U,%S,%e,%P,%K,%c,%w,%F,%I,%O,%r,%s,%x --append --output results.nf/logs-nf/bioinfoScaling_processes-1_host.txt /home/a-m/azzaea/software/nextflow/19.04.1 run host_process.nf -profile cluster --ntasks=256 --forks=256 --log=results.nf/hosts/host1_tasks256.txt
N E X T F L O W  ~  version 19.04.1
Launching `host_process.nf` [wise_yonath] - revision: 7d6b3a4744
[warm up] executor > slurm
executor >  slurm (8)
[2f/2dc559] process > host1 [  0%] 0 of 8

executor >  slurm (22)
[d0/7d1866] process > host1 [  0%] 0 of 22

executor >  slurm (37)
[7b/b604cf] process > host1 [  0%] 0 of 37

executor >  slurm (50)
[bf/e9c1a9] process > host1 [  0%] 0 of 50

executor >  slurm (66)
[43/2e4e0a] process > host1 [  0%] 0 of 66

executor >  slurm (81)
[e1/11b9c7] process > host1 [  0%] 0 of 81

executor >  slurm (93)
[92/05554f] process > host1 [  0%] 0 of 93

executor >  slurm (100)
[10/8438ce] process > host1 [  0%] 0 of 100

executor >  slurm (104)
[52/4351e8] process > host1 [  5%] 5 of 104

executor >  slurm (115)
[d5/15b981] process > host1 [ 16%] 18 of 115

executor >  slurm (129)
[40/13f6c4] process > host1 [ 27%] 35 of 129

executor >  slurm (146)
[0b/1bbbf5] process > host1 [ 36%] 53 of 146

executor >  slurm (163)
[a4/fbaa3d] process > host1 [ 43%] 70 of 163

executor >  slurm (180)
[04/d17c38] process > host1 [ 48%] 87 of 180

executor >  slurm (191)
[a6/c5c6f3] process > host1 [ 48%] 91 of 191

executor >  slurm (199)
[e8/7715f8] process > host1 [ 52%] 104 of 199

executor >  slurm (214)
[48/ca9f75] process > host1 [ 57%] 122 of 214

executor >  slurm (229)
[32/babfc9] process > host1 [ 63%] 144 of 229

executor >  slurm (242)
[b3/2f6bf8] process > host1 [ 68%] 165 of 242

executor >  slurm (256)
[e5/0bf8cd] process > host1 [ 71%] 182 of 256

executor >  slurm (256)
[a6/c5c6f3] process > host1 [ 75%] 191 of 256

executor >  slurm (256)
[fd/7dff9e] process > host1 [ 79%] 201 of 256

executor >  slurm (256)
[48/ca9f75] process > host1 [ 84%] 214 of 256

executor >  slurm (256)
[8f/e947be] process > host1 [ 89%] 227 of 256

executor >  slurm (256)
[03/c894f7] process > host1 [ 94%] 240 of 256

executor >  slurm (256)
[90/ea1a8a] process > host1 [ 99%] 254 of 256
Hostname: compute-7-2
compute-7-0
compute-7-1
compute-7-4
compute-7-3


executor >  slurm (256)
[d4/7079cb] process > host1 [100%] 256 of 256 ✔

executor >  slurm (256)
[d4/7079cb] process > host1 [100%] 256 of 256 ✔
Completed at: 13-Jan-2020 02:09:28
Duration    : 20.3s
CPU hours   : (a few seconds)
Succeeded   : 256

+ /usr/bin/time --format %U,%S,%e,%P,%K,%c,%w,%F,%I,%O,%r,%s,%x --append --output results.nf/logs-nf/bioinfoScaling_processes-2_host.txt /home/a-m/azzaea/software/nextflow/19.04.1 run host_workflow.nf -profile cluster --ntasks=256 --forks=256 --log=results.nf/hosts/host2_tasks256.txt
N E X T F L O W  ~  version 19.04.1
Launching `host_workflow.nf` [hopeful_jang] - revision: d2d074e278
[warm up] executor > slurm
executor >  slurm (8)
[85/84682b] process > host1 [  0%] 0 of 8

executor >  slurm (21)
[a7/491fa0] process > host1 [  0%] 0 of 21

executor >  slurm (36)
[9f/c3fc6d] process > host1 [  0%] 0 of 36

executor >  slurm (51)
[82/b17ca5] process > host1 [  0%] 0 of 51

executor >  slurm (65)
[66/69c8fa] process > host1 [  0%] 0 of 65

executor >  slurm (81)
[97/c0a2f9] process > host1 [  0%] 0 of 81

executor >  slurm (93)
[4e/42af77] process > host1 [  0%] 0 of 93

executor >  slurm (100)
[78/0e4d83] process > host1 [  0%] 0 of 100

executor >  slurm (103)
[39/212381] process > host1 [  4%] 4 of 103

executor >  slurm (114)
[57/d77f75] process > host1 [ 14%] 16 of 114

executor >  slurm (130)
[0c/36cadb] process > host1 [ 24%] 31 of 130

executor >  slurm (145)
[82/b17ca5] process > host1 [ 33%] 48 of 145

executor >  slurm (162)
[6c/8354b4] process > host1 [ 41%] 66 of 162

executor >  slurm (172)
[a6/1f958d] process > host1 [ 45%] 78 of 172

executor >  slurm (190)
[b5/9d9fcc] process > host1 [ 49%] 93 of 190

executor >  slurm (193)
[51/9fa2d4] process > host1 [ 48%] 93 of 193

executor >  slurm (203)
[e9/6528db] process > host1 [ 53%] 107 of 203

executor >  slurm (220)
[ca/9c9ba3] process > host1 [ 57%] 126 of 220

executor >  slurm (237)
[87/b3d525] process > host1 [ 61%] 145 of 237

executor >  slurm (251)
[a9/b8490c] process > host1 [ 64%] 160 of 251

executor >  slurm (268)
[81/2bc1c1] process > host1 [ 69%] 177 of 256
[66/ba8d45] process > host2 [  0%] 0 of 12

executor >  slurm (283)
[51/9fa2d4] process > host1 [ 75%] 191 of 256
[8b/b6ee47] process > host2 [  0%] 0 of 27

executor >  slurm (291)
[51/9fa2d4] process > host1 [ 75%] 191 of 256
[6a/4b855f] process > host2 [  0%] 0 of 35

executor >  slurm (300)
[9e/42b558] process > host1 [ 80%] 204 of 256
[f7/5ac985] process > host2 [  0%] 0 of 44

executor >  slurm (314)
[4f/acb036] process > host1 [ 86%] 221 of 256
[2c/50ec37] process > host2 [  0%] 0 of 58

executor >  slurm (328)
[77/999a15] process > host1 [ 92%] 236 of 256
[03/f6d09e] process > host2 [  0%] 0 of 72

executor >  slurm (344)
[d3/8e26a2] process > host1 [ 98%] 250 of 256
[db/561fcc] process > host2 [  0%] 0 of 88

executor >  slurm (359)
[d3/8e26a2] process > host1 [ 98%] 250 of 256
[d8/988def] process > host2 [ 15%] 15 of 103

executor >  slurm (374)
[d3/8e26a2] process > host1 [ 98%] 250 of 256
[01/3be083] process > host2 [ 20%] 24 of 118

executor >  slurm (385)
[37/4c36dd] process > host1 [100%] 256 of 256 ✔
[7b/7777b9] process > host2 [ 25%] 32 of 129

executor >  slurm (400)
[37/4c36dd] process > host1 [100%] 256 of 256 ✔
[f0/399aaf] process > host2 [ 34%] 49 of 144

executor >  slurm (414)
[37/4c36dd] process > host1 [100%] 256 of 256 ✔
[a7/e20b4d] process > host2 [ 41%] 65 of 158

executor >  slurm (427)
[37/4c36dd] process > host1 [100%] 256 of 256 ✔
[ef/48ed71] process > host2 [ 48%] 82 of 171

executor >  slurm (444)
[37/4c36dd] process > host1 [100%] 256 of 256 ✔
[21/4201dd] process > host2 [ 53%] 100 of 188

executor >  slurm (460)
[37/4c36dd] process > host1 [100%] 256 of 256 ✔
[8e/5241ff] process > host2 [ 58%] 118 of 204

executor >  slurm (474)
[37/4c36dd] process > host1 [100%] 256 of 256 ✔
[7a/844993] process > host2 [ 54%] 118 of 218

executor >  slurm (485)
[37/4c36dd] process > host1 [100%] 256 of 256 ✔
[d2/e8bd94] process > host2 [ 59%] 134 of 229

executor >  slurm (500)
[37/4c36dd] process > host1 [100%] 256 of 256 ✔
[95/98e35e] process > host2 [ 61%] 150 of 244

executor >  slurm (512)
[37/4c36dd] process > host1 [100%] 256 of 256 ✔
[b4/117124] process > host2 [ 66%] 168 of 256

executor >  slurm (512)
[37/4c36dd] process > host1 [100%] 256 of 256 ✔
[ec/b7f718] process > host2 [ 71%] 182 of 256

executor >  slurm (512)
[37/4c36dd] process > host1 [100%] 256 of 256 ✔
[5c/9028ae] process > host2 [ 77%] 196 of 256

executor >  slurm (512)
[37/4c36dd] process > host1 [100%] 256 of 256 ✔
[54/a37b18] process > host2 [ 82%] 210 of 256

executor >  slurm (512)
[37/4c36dd] process > host1 [100%] 256 of 256 ✔
[7a/844993] process > host2 [ 82%] 211 of 256

executor >  slurm (512)
[37/4c36dd] process > host1 [100%] 256 of 256 ✔
[dd/f9a14c] process > host2 [ 83%] 212 of 256

executor >  slurm (512)
[37/4c36dd] process > host1 [100%] 256 of 256 ✔
[aa/292cbb] process > host2 [ 88%] 226 of 256

executor >  slurm (512)
[37/4c36dd] process > host1 [100%] 256 of 256 ✔
[ec/726cf6] process > host2 [ 93%] 239 of 256

executor >  slurm (512)
[37/4c36dd] process > host1 [100%] 256 of 256 ✔
[d9/2537b7] process > host2 [ 98%] 252 of 256
Hostname: compute-7-2
compute-7-0
compute-7-1
compute-7-4
compute-7-3


executor >  slurm (512)
[37/4c36dd] process > host1 [100%] 256 of 256 ✔
[41/d7e41a] process > host2 [100%] 256 of 256 ✔

executor >  slurm (512)
[37/4c36dd] process > host1 [100%] 256 of 256 ✔
[41/d7e41a] process > host2 [100%] 256 of 256 ✔
Completed at: 13-Jan-2020 02:10:06
Duration    : 35.5s
CPU hours   : (a few seconds)
Succeeded   : 512

+ echo -e 'Done processing * 256 * tasks, on * 256 * cores'
+ for line in '{1..10}'
++ cat cores.txt
++ sed -n 9p
+ cores=512
+ tasks=512
+ echo -n 512,512,
+ tee -a results.nf/logs-nf/bioinfoScaling_processes-1_host.txt results.nf/logs-nf/bioinfoScaling_processes-2_host.txt
512,512,+ /usr/bin/time --format %U,%S,%e,%P,%K,%c,%w,%F,%I,%O,%r,%s,%x --append --output results.nf/logs-nf/bioinfoScaling_processes-1_host.txt /home/a-m/azzaea/software/nextflow/19.04.1 run host_process.nf -profile cluster --ntasks=512 --forks=512 --log=results.nf/hosts/host1_tasks512.txt
N E X T F L O W  ~  version 19.04.1
Launching `host_process.nf` [crazy_hypatia] - revision: 7d6b3a4744
[warm up] executor > slurm
executor >  slurm (8)
[12/cafb94] process > host1 [  0%] 0 of 8

executor >  slurm (20)
[3f/440c57] process > host1 [  0%] 0 of 20

executor >  slurm (34)
[c2/fcf2ce] process > host1 [  0%] 0 of 34

executor >  slurm (48)
[a7/f59b1c] process > host1 [  0%] 0 of 48

executor >  slurm (61)
[d2/14533e] process > host1 [  0%] 0 of 61

executor >  slurm (77)
[9b/8a830c] process > host1 [  0%] 0 of 77

executor >  slurm (86)
[e6/d7b394] process > host1 [  0%] 0 of 86

executor >  slurm (96)
[51/f0ec67] process > host1 [  0%] 0 of 96

executor >  slurm (100)
[fd/111c15] process > host1 [  0%] 0 of 100

executor >  slurm (106)
[00/5b60d7] process > host1 [  7%] 7 of 106

executor >  slurm (115)
[54/03cdc8] process > host1 [ 15%] 17 of 115

executor >  slurm (130)
[ce/052883] process > host1 [ 25%] 33 of 130

executor >  slurm (147)
[52/32bc1b] process > host1 [ 33%] 49 of 147

executor >  slurm (165)
[2d/9dbe12] process > host1 [ 40%] 66 of 165

executor >  slurm (181)
[fd/8901ff] process > host1 [ 46%] 83 of 181

executor >  slurm (193)
[84/b05e75] process > host1 [ 48%] 93 of 193

executor >  slurm (203)
[01/8c9944] process > host1 [ 53%] 108 of 203

executor >  slurm (220)
[6e/0fdb20] process > host1 [ 56%] 124 of 220

executor >  slurm (235)
[22/50abec] process > host1 [ 60%] 141 of 235

executor >  slurm (250)
[0f/e86ad5] process > host1 [ 63%] 158 of 250

executor >  slurm (263)
[bd/d7ffc2] process > host1 [ 67%] 175 of 263

executor >  slurm (278)
[8f/7284d7] process > host1 [ 69%] 191 of 278

executor >  slurm (292)
[3e/dfbc7f] process > host1 [ 66%] 193 of 292

executor >  slurm (293)
[76/7eea26] process > host1 [ 66%] 193 of 293

executor >  slurm (301)
[85/f66151] process > host1 [ 68%] 205 of 301

executor >  slurm (314)
[e2/ade578] process > host1 [ 70%] 221 of 314

executor >  slurm (329)
[79/7b32f2] process > host1 [ 72%] 237 of 329

executor >  slurm (341)
[b0/3c8307] process > host1 [ 74%] 251 of 341

executor >  slurm (356)
[8c/304c79] process > host1 [ 75%] 267 of 356

executor >  slurm (370)
[96/8b4a13] process > host1 [ 76%] 283 of 370

executor >  slurm (383)
[cf/79e2bf] process > host1 [ 75%] 288 of 383

executor >  slurm (388)
[eb/f66d9f] process > host1 [ 74%] 288 of 388

executor >  slurm (397)
[14/649fee] process > host1 [ 76%] 301 of 397

executor >  slurm (410)
[64/de836d] process > host1 [ 78%] 318 of 410

executor >  slurm (423)
[d4/d47d6b] process > host1 [ 79%] 335 of 423

executor >  slurm (437)
[98/1a4a1e] process > host1 [ 80%] 350 of 437

executor >  slurm (453)
[b3/527667] process > host1 [ 81%] 365 of 453

executor >  slurm (468)
[5d/1cc3e2] process > host1 [ 81%] 380 of 468

executor >  slurm (483)
[88/47a7ed] process > host1 [ 80%] 388 of 483

executor >  slurm (488)
[40/9aa5e3] process > host1 [ 80%] 388 of 488

executor >  slurm (498)
[7d/26dca1] process > host1 [ 81%] 402 of 498

executor >  slurm (512)
[9e/255a8a] process > host1 [ 82%] 418 of 512

executor >  slurm (512)
[12/127d68] process > host1 [ 85%] 433 of 512

executor >  slurm (512)
[ef/d57efd] process > host1 [ 87%] 447 of 512

executor >  slurm (512)
[c8/81fa0f] process > host1 [ 90%] 461 of 512

executor >  slurm (512)
[7d/658a6b] process > host1 [ 93%] 476 of 512

executor >  slurm (512)
[40/9aa5e3] process > host1 [ 95%] 488 of 512

executor >  slurm (512)
[38/c7c4c9] process > host1 [ 98%] 502 of 512

executor >  slurm (512)
[9e/255a8a] process > host1 [100%] 512 of 512 ✔
Hostname: compute-7-2
compute-7-0
compute-7-1
compute-7-4
compute-7-3


executor >  slurm (512)
[9e/255a8a] process > host1 [100%] 512 of 512 ✔
Completed at: 13-Jan-2020 02:10:44
Duration    : 35.4s
CPU hours   : (a few seconds)
Succeeded   : 512

+ /usr/bin/time --format %U,%S,%e,%P,%K,%c,%w,%F,%I,%O,%r,%s,%x --append --output results.nf/logs-nf/bioinfoScaling_processes-2_host.txt /home/a-m/azzaea/software/nextflow/19.04.1 run host_workflow.nf -profile cluster --ntasks=512 --forks=512 --log=results.nf/hosts/host2_tasks512.txt
N E X T F L O W  ~  version 19.04.1
Launching `host_workflow.nf` [spontaneous_snyder] - revision: d2d074e278
[warm up] executor > slurm
executor >  slurm (6)
[60/b3ffcb] process > host1 [  0%] 0 of 6

executor >  slurm (19)
[85/49ae13] process > host1 [  0%] 0 of 19

executor >  slurm (33)
[7c/9889eb] process > host1 [  0%] 0 of 33

executor >  slurm (48)
[80/85ff8a] process > host1 [  0%] 0 of 48

executor >  slurm (60)
[05/2bdec9] process > host1 [  0%] 0 of 60

executor >  slurm (76)
[c2/7c51b5] process > host1 [  0%] 0 of 76

executor >  slurm (87)
[11/d10d2f] process > host1 [  0%] 0 of 87

executor >  slurm (97)
[24/ff5dbb] process > host1 [  0%] 0 of 97

executor >  slurm (100)
[f0/9b14e5] process > host1 [  0%] 0 of 100

executor >  slurm (103)
[75/a9eb03] process > host1 [  4%] 4 of 103

executor >  slurm (111)
[ba/c46d77] process > host1 [ 13%] 14 of 111

executor >  slurm (115)
[fb/6ac41c] process > host1 [ 16%] 18 of 115

executor >  slurm (129)
[2e/3e5ac7] process > host1 [ 26%] 34 of 129

executor >  slurm (145)
[5f/34b0b9] process > host1 [ 36%] 52 of 145

executor >  slurm (162)
[43/0801da] process > host1 [ 44%] 72 of 162

executor >  slurm (180)
[4b/01e3d5] process > host1 [ 50%] 90 of 180

executor >  slurm (191)
[28/6660b0] process > host1 [ 48%] 91 of 191

executor >  slurm (200)
[c3/c9e477] process > host1 [ 52%] 104 of 200

executor >  slurm (216)
[f7/cfc8a4] process > host1 [ 56%] 122 of 216

executor >  slurm (230)
[ff/c119a1] process > host1 [ 61%] 141 of 230

executor >  slurm (246)
[f1/a99a20] process > host1 [ 66%] 162 of 246

executor >  slurm (262)
[28/6660b0] process > host1 [ 69%] 181 of 262

executor >  slurm (276)
[9b/9bd41d] process > host1 [ 66%] 181 of 276

executor >  slurm (281)
[b6/991288] process > host1 [ 64%] 181 of 281

executor >  slurm (288)
[b7/d2d0ce] process > host1 [ 66%] 191 of 288

executor >  slurm (302)
[be/9fbe31] process > host1 [ 69%] 207 of 302

executor >  slurm (316)
[50/50e076] process > host1 [ 71%] 223 of 316

executor >  slurm (333)
[64/219132] process > host1 [ 72%] 239 of 333

executor >  slurm (347)
[04/ed31fd] process > host1 [ 74%] 256 of 347

executor >  slurm (363)
[d1/96aa3c] process > host1 [ 75%] 274 of 363

executor >  slurm (377)
[af/4363a6] process > host1 [ 75%] 281 of 377

executor >  slurm (381)
[fc/a6a3bc] process > host1 [ 74%] 281 of 381

executor >  slurm (390)
[74/1c010a] process > host1 [ 75%] 293 of 390

executor >  slurm (404)
[8d/7d8007] process > host1 [ 76%] 309 of 404

executor >  slurm (418)
[25/5e0bad] process > host1 [ 78%] 325 of 418

executor >  slurm (433)
[f8/ea85ba] process > host1 [ 79%] 340 of 433

executor >  slurm (449)
[53/38f7db] process > host1 [ 80%] 357 of 449

executor >  slurm (464)
[af/4363a6] process > host1 [ 80%] 373 of 464

executor >  slurm (477)
[65/f41b1c] process > host1 [ 79%] 377 of 477

executor >  slurm (486)
[ef/7b28bb] process > host1 [ 80%] 389 of 486

executor >  slurm (500)
[bf/746c9a] process > host1 [ 81%] 406 of 500

executor >  slurm (515)
[ae/4c6699] process > host1 [ 83%] 423 of 512
[ce/1601c1] process > host2 [  0%] 0 of 3

executor >  slurm (530)
[2d/624ceb] process > host1 [ 86%] 439 of 512
[35/73f118] process > host2 [  0%] 0 of 18

executor >  slurm (545)
[c6/b3ce05] process > host1 [ 89%] 455 of 512
[6e/434060] process > host2 [  0%] 0 of 33

executor >  slurm (560)
[6b/3b24fc] process > host1 [ 92%] 470 of 512
[4f/4bff60] process > host2 [  0%] 0 of 48

executor >  slurm (575)
[65/f41b1c] process > host1 [ 93%] 476 of 512
[cc/c8f696] process > host2 [  0%] 0 of 63

executor >  slurm (576)
[65/f41b1c] process > host1 [ 93%] 476 of 512
[14/60483a] process > host2 [  0%] 0 of 64

executor >  slurm (585)
[98/99039d] process > host1 [ 96%] 489 of 512
[81/0fd27d] process > host2 [  0%] 0 of 73

executor >  slurm (600)
[5b/f3b57f] process > host1 [ 99%] 506 of 512
[f1/f01866] process > host2 [  0%] 0 of 88

executor >  slurm (614)
[f2/2e51c4] process > host1 [100%] 512 of 512 ✔
[b5/0c516b] process > host2 [  9%] 9 of 102

executor >  slurm (629)
[f2/2e51c4] process > host1 [100%] 512 of 512 ✔
[a5/274046] process > host2 [ 24%] 28 of 117

executor >  slurm (643)
[f2/2e51c4] process > host1 [100%] 512 of 512 ✔
[db/5cb326] process > host2 [ 34%] 45 of 131

executor >  slurm (655)
[f2/2e51c4] process > host1 [100%] 512 of 512 ✔
[d4/2c8f2b] process > host2 [ 43%] 62 of 143

executor >  slurm (667)
[f2/2e51c4] process > host1 [100%] 512 of 512 ✔
[16/afc221] process > host2 [ 41%] 64 of 155

executor >  slurm (676)
[f2/2e51c4] process > host1 [100%] 512 of 512 ✔
[dc/752075] process > host2 [ 39%] 64 of 164

executor >  slurm (685)
[f2/2e51c4] process > host1 [100%] 512 of 512 ✔
[b6/102eca] process > host2 [ 45%] 78 of 173

executor >  slurm (699)
[f2/2e51c4] process > host1 [100%] 512 of 512 ✔
[b7/381837] process > host2 [ 51%] 95 of 187

executor >  slurm (711)
[f2/2e51c4] process > host1 [100%] 512 of 512 ✔
[56/1d0a9b] process > host2 [ 56%] 111 of 199

executor >  slurm (724)
[f2/2e51c4] process > host1 [100%] 512 of 512 ✔
[43/586f92] process > host2 [ 60%] 127 of 212

executor >  slurm (736)
[f2/2e51c4] process > host1 [100%] 512 of 512 ✔
[05/6b682c] process > host2 [ 64%] 144 of 224

executor >  slurm (750)
[f2/2e51c4] process > host1 [100%] 512 of 512 ✔
[aa/982b67] process > host2 [ 67%] 159 of 238

executor >  slurm (762)
[f2/2e51c4] process > host1 [100%] 512 of 512 ✔
[f0/df64dd] process > host2 [ 64%] 159 of 250

executor >  slurm (771)
[f2/2e51c4] process > host1 [100%] 512 of 512 ✔
[98/c1e832] process > host2 [ 61%] 159 of 259

executor >  slurm (771)
[f2/2e51c4] process > host1 [100%] 512 of 512 ✔
[9e/79c16b] process > host2 [ 62%] 160 of 259

executor >  slurm (782)
[f2/2e51c4] process > host1 [100%] 512 of 512 ✔
[8c/b43e6e] process > host2 [ 65%] 175 of 270

executor >  slurm (796)
[f2/2e51c4] process > host1 [100%] 512 of 512 ✔
[13/959dc7] process > host2 [ 67%] 191 of 284

executor >  slurm (810)
[f2/2e51c4] process > host1 [100%] 512 of 512 ✔
[3f/6dcc4b] process > host2 [ 69%] 207 of 298

executor >  slurm (825)
[f2/2e51c4] process > host1 [100%] 512 of 512 ✔
[63/304014] process > host2 [ 72%] 224 of 313

executor >  slurm (840)
[f2/2e51c4] process > host1 [100%] 512 of 512 ✔
[e8/6734ea] process > host2 [ 73%] 240 of 328

executor >  slurm (851)
[f2/2e51c4] process > host1 [100%] 512 of 512 ✔
[1e/73951b] process > host2 [ 76%] 256 of 339

executor >  slurm (865)
[f2/2e51c4] process > host1 [100%] 512 of 512 ✔
[49/f4ba31] process > host2 [ 73%] 259 of 353

executor >  slurm (871)
[f2/2e51c4] process > host1 [100%] 512 of 512 ✔
[75/36cc2e] process > host2 [ 72%] 259 of 359

executor >  slurm (872)
[f2/2e51c4] process > host1 [100%] 512 of 512 ✔
[c4/866f73] process > host2 [ 73%] 261 of 360

executor >  slurm (882)
[f2/2e51c4] process > host1 [100%] 512 of 512 ✔
[5e/9502bd] process > host2 [ 75%] 276 of 370

executor >  slurm (895)
[f2/2e51c4] process > host1 [100%] 512 of 512 ✔
[8f/65a9e9] process > host2 [ 77%] 293 of 383

executor >  slurm (909)
[f2/2e51c4] process > host1 [100%] 512 of 512 ✔
[86/19c3b1] process > host2 [ 78%] 308 of 397

executor >  slurm (924)
[f2/2e51c4] process > host1 [100%] 512 of 512 ✔
[e8/6734ea] process > host2 [ 79%] 326 of 412

executor >  slurm (938)
[f2/2e51c4] process > host1 [100%] 512 of 512 ✔
[6d/9d732e] process > host2 [ 81%] 343 of 426

executor >  slurm (950)
[f2/2e51c4] process > host1 [100%] 512 of 512 ✔
[93/583169] process > host2 [ 81%] 354 of 438

executor >  slurm (964)
[f2/2e51c4] process > host1 [100%] 512 of 512 ✔
[ca/e11127] process > host2 [ 78%] 354 of 452

executor >  slurm (966)
[f2/2e51c4] process > host1 [100%] 512 of 512 ✔
[23/1f0c22] process > host2 [ 78%] 354 of 454

executor >  slurm (967)
[f2/2e51c4] process > host1 [100%] 512 of 512 ✔
[7c/67c6d5] process > host2 [ 78%] 356 of 455

executor >  slurm (978)
[f2/2e51c4] process > host1 [100%] 512 of 512 ✔
[5d/11aad1] process > host2 [ 80%] 371 of 466

executor >  slurm (992)
[f2/2e51c4] process > host1 [100%] 512 of 512 ✔
[d7/ad9e19] process > host2 [ 81%] 387 of 480

executor >  slurm (1007)
[f2/2e51c4] process > host1 [100%] 512 of 512 ✔
[fb/e7c4f2] process > host2 [ 82%] 404 of 495

executor >  slurm (1022)
[f2/2e51c4] process > host1 [100%] 512 of 512 ✔
[a5/3f8e53] process > host2 [ 83%] 421 of 510

executor >  slurm (1024)
[f2/2e51c4] process > host1 [100%] 512 of 512 ✔
[2c/c77d0f] process > host2 [ 85%] 435 of 512

executor >  slurm (1024)
[f2/2e51c4] process > host1 [100%] 512 of 512 ✔
[23/1f0c22] process > host2 [ 87%] 446 of 512

executor >  slurm (1024)
[f2/2e51c4] process > host1 [100%] 512 of 512 ✔
[4f/5909c8] process > host2 [ 88%] 448 of 512

executor >  slurm (1024)
[f2/2e51c4] process > host1 [100%] 512 of 512 ✔
[35/74aa20] process > host2 [ 90%] 461 of 512

executor >  slurm (1024)
[f2/2e51c4] process > host1 [100%] 512 of 512 ✔
[d6/760d5a] process > host2 [ 93%] 476 of 512

executor >  slurm (1024)
[f2/2e51c4] process > host1 [100%] 512 of 512 ✔
[e0/93dd47] process > host2 [ 95%] 488 of 512

executor >  slurm (1024)
[f2/2e51c4] process > host1 [100%] 512 of 512 ✔
[19/a5da5a] process > host2 [ 98%] 500 of 512

executor >  slurm (1024)
[f2/2e51c4] process > host1 [100%] 512 of 512 ✔
[44/319145] process > host2 [100%] 512 of 512 ✔
Hostname: compute-7-2
compute-7-0
compute-7-1
compute-7-4
compute-7-3


executor >  slurm (1024)
[f2/2e51c4] process > host1 [100%] 512 of 512 ✔
[44/319145] process > host2 [100%] 512 of 512 ✔
Completed at: 13-Jan-2020 02:11:47
Duration    : 1m
CPU hours   : (a few seconds)
Succeeded   : 1'024

+ echo -e 'Done processing * 512 * tasks, on * 512 * cores'
+ for line in '{1..10}'
++ cat cores.txt
++ sed -n 10p
+ cores=1024
+ tasks=1024
+ echo -n 1024,1024,
+ tee -a results.nf/logs-nf/bioinfoScaling_processes-1_host.txt results.nf/logs-nf/bioinfoScaling_processes-2_host.txt
1024,1024,+ /usr/bin/time --format %U,%S,%e,%P,%K,%c,%w,%F,%I,%O,%r,%s,%x --append --output results.nf/logs-nf/bioinfoScaling_processes-1_host.txt /home/a-m/azzaea/software/nextflow/19.04.1 run host_process.nf -profile cluster --ntasks=1024 --forks=1024 --log=results.nf/hosts/host1_tasks1024.txt
N E X T F L O W  ~  version 19.04.1
Launching `host_process.nf` [furious_curran] - revision: 7d6b3a4744
[warm up] executor > slurm
executor >  slurm (8)
[e1/487805] process > host1 [  0%] 0 of 8

executor >  slurm (20)
[76/d2d482] process > host1 [  0%] 0 of 20

executor >  slurm (33)
[d0/b24744] process > host1 [  0%] 0 of 33

executor >  slurm (35)
[fe/3fd341] process > host1 [  0%] 0 of 35
ERROR ~ Error executing process > 'host1'

Caused by:
  The thread pool executor cannot run the task. The upper limit of the thread pool size has probably been reached. Current pool size: 1000 Maximum pool size: 1000


 -- Check '.nextflow.log' file for details

executor >  slurm (37)
[a9/9be8c1] process > host1 [100%] 37 of 37, failed: 37
WARN: Killing pending tasks (37)
ERROR ~ Error executing process > 'host1'

Caused by:
  The thread pool executor cannot run the task. The upper limit of the thread pool size has probably been reached. Current pool size: 1000 Maximum pool size: 1000


 -- Check '.nextflow.log' file for details
+ /usr/bin/time --format %U,%S,%e,%P,%K,%c,%w,%F,%I,%O,%r,%s,%x --append --output results.nf/logs-nf/bioinfoScaling_processes-2_host.txt /home/a-m/azzaea/software/nextflow/19.04.1 run host_workflow.nf -profile cluster --ntasks=1024 --forks=1024 --log=results.nf/hosts/host2_tasks1024.txt
N E X T F L O W  ~  version 19.04.1
Launching `host_workflow.nf` [compassionate_chandrasekhar] - revision: d2d074e278
[warm up] executor > slurm
executor >  slurm (8)
[14/2bb806] process > host1 [  0%] 0 of 8

executor >  slurm (20)
[59/919965] process > host1 [  0%] 0 of 20

executor >  slurm (25)
[de/9d70ca] process > host1 [  0%] 0 of 25
ERROR ~ Error executing process > 'host1'

Caused by:
  The thread pool executor cannot run the task. The upper limit of the thread pool size has probably been reached. Current pool size: 1000 Maximum pool size: 1000


 -- Check '.nextflow.log' file for details

executor >  slurm (26)
[9e/e1bd69] process > host1 [100%] 26 of 26, failed: 26
WARN: Killing pending tasks (26)
ERROR ~ Error executing process > 'host1'

Caused by:
  The thread pool executor cannot run the task. The upper limit of the thread pool size has probably been reached. Current pool size: 1000 Maximum pool size: 1000


 -- Check '.nextflow.log' file for details
+ echo -e 'Done processing * 1024 * tasks, on * 1024 * cores'
+ echo '##############################################################################################'
+ cd results.nf/hosts
+ echo 'nodes processes tasks'
++ ls -1v
+ for file in '`ls -1v`'
+ sed 's/_/ /g'
++ wc -l host1_tasks1.txt
+ echo 1 host1_tasks1.txt
+ for file in '`ls -1v`'
+ sed 's/_/ /g'
++ wc -l host1_tasks4.txt
+ echo 1 host1_tasks4.txt
+ for file in '`ls -1v`'
+ sed 's/_/ /g'
++ wc -l host1_tasks8.txt
+ echo 1 host1_tasks8.txt
+ for file in '`ls -1v`'
+ sed 's/_/ /g'
++ wc -l host1_tasks16.txt
+ echo 2 host1_tasks16.txt
+ for file in '`ls -1v`'
+ sed 's/_/ /g'
++ wc -l host1_tasks32.txt
+ echo 3 host1_tasks32.txt
+ for file in '`ls -1v`'
+ sed 's/_/ /g'
++ wc -l host1_tasks64.txt
+ echo 4 host1_tasks64.txt
+ for file in '`ls -1v`'
+ sed 's/_/ /g'
++ wc -l host1_tasks128.txt
+ echo 4 host1_tasks128.txt
+ for file in '`ls -1v`'
+ sed 's/_/ /g'
++ wc -l host1_tasks256.txt
+ echo 5 host1_tasks256.txt
+ for file in '`ls -1v`'
+ sed 's/_/ /g'
++ wc -l host1_tasks512.txt
+ echo 5 host1_tasks512.txt
+ for file in '`ls -1v`'
+ sed 's/_/ /g'
++ wc -l host2_tasks1.txt
+ echo 1 host2_tasks1.txt
+ for file in '`ls -1v`'
+ sed 's/_/ /g'
++ wc -l host2_tasks4.txt
+ echo 1 host2_tasks4.txt
+ for file in '`ls -1v`'
+ sed 's/_/ /g'
++ wc -l host2_tasks8.txt
+ echo 1 host2_tasks8.txt
+ for file in '`ls -1v`'
+ sed 's/_/ /g'
++ wc -l host2_tasks16.txt
+ echo 2 host2_tasks16.txt
+ for file in '`ls -1v`'
+ sed 's/_/ /g'
++ wc -l host2_tasks32.txt
+ echo 3 host2_tasks32.txt
+ for file in '`ls -1v`'
+ sed 's/_/ /g'
++ wc -l host2_tasks64.txt
+ echo 4 host2_tasks64.txt
+ for file in '`ls -1v`'
++ wc -l host2_tasks128.txt
+ sed 's/_/ /g'
+ echo 5 host2_tasks128.txt
+ for file in '`ls -1v`'
+ sed 's/_/ /g'
++ wc -l host2_tasks256.txt
+ echo 5 host2_tasks256.txt
+ for file in '`ls -1v`'
+ sed 's/_/ /g'
++ wc -l host2_tasks512.txt
+ echo 5 host2_tasks512.txt
+ echo 'Bio-Scalability analysis completed for Nextflow!'
+ mail -s 'WfMS- Bio-Scalability' azzaea@gmail.com
