Analysis done on: 
Sun Jun 20 13:46:25 CDT 2021
+ nextflow=/home/a-m/azzaea/software/nextflow/21.04.1.5556
+ resultsDir=nf.nf
+ logsDir=nf.nf/logs
+ confsDir=nf.nf/logs/confs
+ hostsDir=nf.nf/hosts
+ mkdir -p nf.nf nf.nf/logs nf.nf/logs/confs nf.nf/hosts
+ progress=nf.nf/logs/progress_bioinfoScaling.txt
+ echo 'Starting BioInfo Scalability Analysis'
+ echo '##############################################################################################'
+ /home/a-m/azzaea/software/nextflow/21.04.1.5556 -v
+ echo '##############################################################################################'
+ ifstat -t -T -n -w
ifstat: invalid time constant divisor
+ log1=nf.nf/logs/bioinfoScaling_processes-1_host.txt
+ log2=nf.nf/logs/bioinfoScaling_processes-2_host.txt
+ tee -a nf.nf/logs/bioinfoScaling_processes-1_host.txt nf.nf/logs/bioinfoScaling_processes-2_host.txt
+ echo cores,tasks,user,system,elapsed,cpu,avMemory,involuntaryContextSwitch,voluntaryContextSwitch,faults,inputs,outputs,socketsIn,socketsOut,exitStatus
cores,tasks,user,system,elapsed,cpu,avMemory,involuntaryContextSwitch,voluntaryContextSwitch,faults,inputs,outputs,socketsIn,socketsOut,exitStatus
+ for line in '{1..10}'
++ sed -n 1p
++ cat cores.txt
+ cores=1
+ tasks=1
+ tee -a nf.nf/logs/bioinfoScaling_processes-1_host.txt nf.nf/logs/bioinfoScaling_processes-2_host.txt
+ echo -n 1,1,
1,1,+ sed s/CORES/1/ nextflow.config.tmpl
+ /usr/bin/time --format %U,%S,%e,%P,%K,%c,%w,%F,%I,%O,%r,%s,%x --append --output nf.nf/logs/bioinfoScaling_processes-1_host.txt /home/a-m/azzaea/software/nextflow/21.04.1.5556 run host_process.nf -c nf.nf/logs/confs/nextflow.config.1 -profile cluster --ntasks=1 --log=nf.nf/hosts/host1_tasks1.txt
N E X T F L O W  ~  version 21.04.1
Launching `host_process.nf` [jovial_swirles] - revision: b2ae3954f9
[-        ] process > host1 -

executor >  slurm (1)
[56/6c3bc3] process > host1 (1) [  0%] 0 of 1

executor >  slurm (1)
[56/6c3bc3] process > host1 (1) [100%] 1 of 1 ✔

executor >  slurm (1)
[56/6c3bc3] process > host1 (1) [100%] 1 of 1 ✔
Hostname: compute-7-4


+ /usr/bin/time --format %U,%S,%e,%P,%K,%c,%w,%F,%I,%O,%r,%s,%x --append --output nf.nf/logs/bioinfoScaling_processes-2_host.txt /home/a-m/azzaea/software/nextflow/21.04.1.5556 run host_workflow.nf -c nf.nf/logs/confs/nextflow.config.1 -profile cluster --ntasks=1 --log=nf.nf/hosts/host2_tasks1.txt
N E X T F L O W  ~  version 21.04.1
Launching `host_workflow.nf` [prickly_pike] - revision: 84abddf17c
[-        ] process > host1 -
[-        ] process > host2 -

executor >  slurm (1)
[cd/0ef566] process > host1 (1) [  0%] 0 of 1
[-        ] process > host2     -

executor >  slurm (1)
[cd/0ef566] process > host1 (1) [100%] 1 of 1 ✔
[-        ] process > host2     [  0%] 0 of 1

executor >  slurm (2)
[cd/0ef566] process > host1 (1) [100%] 1 of 1 ✔
[62/8eafd5] process > host2 (1) [  0%] 0 of 1

executor >  slurm (2)
[cd/0ef566] process > host1 (1) [100%] 1 of 1 ✔
[62/8eafd5] process > host2 (1) [  0%] 0 of 1 ✔

executor >  slurm (2)
[cd/0ef566] process > host1 (1) [100%] 1 of 1 ✔
[62/8eafd5] process > host2 (1) [100%] 1 of 1 ✔
Hostname: compute-7-4


+ echo -e 'Done processing * 1 * tasks, on * 1 * cores'
+ for line in '{1..10}'
++ sed -n 2p
++ cat cores.txt
+ cores=2
+ tasks=2
+ tee -a nf.nf/logs/bioinfoScaling_processes-1_host.txt nf.nf/logs/bioinfoScaling_processes-2_host.txt
+ echo -n 2,2,
2,2,+ sed s/CORES/2/ nextflow.config.tmpl
+ /usr/bin/time --format %U,%S,%e,%P,%K,%c,%w,%F,%I,%O,%r,%s,%x --append --output nf.nf/logs/bioinfoScaling_processes-1_host.txt /home/a-m/azzaea/software/nextflow/21.04.1.5556 run host_process.nf -c nf.nf/logs/confs/nextflow.config.2 -profile cluster --ntasks=2 --log=nf.nf/hosts/host1_tasks2.txt
N E X T F L O W  ~  version 21.04.1
Launching `host_process.nf` [adoring_ride] - revision: b2ae3954f9
[-        ] process > host1 -

executor >  slurm (2)
[35/152515] process > host1 (1) [  0%] 0 of 2

executor >  slurm (2)
[35/152515] process > host1 (1) [  0%] 0 of 2

executor >  slurm (2)
[35/152515] process > host1 (1) [100%] 2 of 2 ✔
Hostname: compute-7-4


executor >  slurm (2)
[35/152515] process > host1 (1) [100%] 2 of 2 ✔
Hostname: compute-7-4


+ /usr/bin/time --format %U,%S,%e,%P,%K,%c,%w,%F,%I,%O,%r,%s,%x --append --output nf.nf/logs/bioinfoScaling_processes-2_host.txt /home/a-m/azzaea/software/nextflow/21.04.1.5556 run host_workflow.nf -c nf.nf/logs/confs/nextflow.config.2 -profile cluster --ntasks=2 --log=nf.nf/hosts/host2_tasks2.txt
N E X T F L O W  ~  version 21.04.1
Launching `host_workflow.nf` [distraught_cray] - revision: 84abddf17c
[-        ] process > host1 -
[-        ] process > host2 -

executor >  slurm (2)
[53/0cced6] process > host1 (1) [  0%] 0 of 2
[-        ] process > host2     -

executor >  slurm (2)
[53/0cced6] process > host1 (1) [100%] 2 of 2 ✔
[-        ] process > host2     [  0%] 0 of 2

executor >  slurm (4)
[53/0cced6] process > host1 (1) [100%] 2 of 2 ✔
[62/27d6a5] process > host2 (2) [  0%] 0 of 2

executor >  slurm (4)
[53/0cced6] process > host1 (1) [100%] 2 of 2 ✔
[62/27d6a5] process > host2 (2) [  0%] 0 of 2

executor >  slurm (4)
[53/0cced6] process > host1 (1) [100%] 2 of 2 ✔
[62/27d6a5] process > host2 (2) [100%] 2 of 2 ✔
Hostname: compute-7-4


+ echo -e 'Done processing * 2 * tasks, on * 2 * cores'
+ for line in '{1..10}'
++ sed -n 3p
++ cat cores.txt
+ cores=4
+ tasks=4
+ tee -a nf.nf/logs/bioinfoScaling_processes-1_host.txt nf.nf/logs/bioinfoScaling_processes-2_host.txt
+ echo -n 4,4,
4,4,+ sed s/CORES/4/ nextflow.config.tmpl
+ /usr/bin/time --format %U,%S,%e,%P,%K,%c,%w,%F,%I,%O,%r,%s,%x --append --output nf.nf/logs/bioinfoScaling_processes-1_host.txt /home/a-m/azzaea/software/nextflow/21.04.1.5556 run host_process.nf -c nf.nf/logs/confs/nextflow.config.4 -profile cluster --ntasks=4 --log=nf.nf/hosts/host1_tasks4.txt
N E X T F L O W  ~  version 21.04.1
Launching `host_process.nf` [pensive_fermat] - revision: b2ae3954f9
[-        ] process > host1 -

executor >  slurm (4)
[f6/c4a316] process > host1 (4) [  0%] 0 of 4

executor >  slurm (4)
[f6/c4a316] process > host1 (4) [  0%] 0 of 4

executor >  slurm (4)
[f6/c4a316] process > host1 (4) [100%] 4 of 4 ✔

executor >  slurm (4)
[f6/c4a316] process > host1 (4) [100%] 4 of 4 ✔
Hostname: compute-7-4


executor >  slurm (4)
[f6/c4a316] process > host1 (4) [100%] 4 of 4 ✔
Hostname: compute-7-4


+ /usr/bin/time --format %U,%S,%e,%P,%K,%c,%w,%F,%I,%O,%r,%s,%x --append --output nf.nf/logs/bioinfoScaling_processes-2_host.txt /home/a-m/azzaea/software/nextflow/21.04.1.5556 run host_workflow.nf -c nf.nf/logs/confs/nextflow.config.4 -profile cluster --ntasks=4 --log=nf.nf/hosts/host2_tasks4.txt
N E X T F L O W  ~  version 21.04.1
Launching `host_workflow.nf` [tiny_rosalind] - revision: 84abddf17c
[-        ] process > host1 -
[-        ] process > host2 -

executor >  slurm (4)
[65/7841ee] process > host1 (3) [  0%] 0 of 4
[-        ] process > host2     -

executor >  slurm (4)
[65/7841ee] process > host1 (3) [  0%] 0 of 4
[-        ] process > host2     -

executor >  slurm (5)
[65/7841ee] process > host1 (3) [100%] 4 of 4 ✔
[54/dc86c1] process > host2 (1) [  0%] 0 of 4

executor >  slurm (8)
[65/7841ee] process > host1 (3) [100%] 4 of 4 ✔
[f6/5e4983] process > host2 (4) [  0%] 0 of 4

executor >  slurm (8)
[65/7841ee] process > host1 (3) [100%] 4 of 4 ✔
[f6/5e4983] process > host2 (4) [100%] 4 of 4 ✔

executor >  slurm (8)
[65/7841ee] process > host1 (3) [100%] 4 of 4 ✔
[f6/5e4983] process > host2 (4) [100%] 4 of 4 ✔
Hostname: compute-7-4


+ echo -e 'Done processing * 4 * tasks, on * 4 * cores'
+ for line in '{1..10}'
++ sed -n 4p
++ cat cores.txt
+ cores=8
+ tasks=8
+ tee -a nf.nf/logs/bioinfoScaling_processes-1_host.txt nf.nf/logs/bioinfoScaling_processes-2_host.txt
+ echo -n 8,8,
8,8,+ sed s/CORES/8/ nextflow.config.tmpl
+ /usr/bin/time --format %U,%S,%e,%P,%K,%c,%w,%F,%I,%O,%r,%s,%x --append --output nf.nf/logs/bioinfoScaling_processes-1_host.txt /home/a-m/azzaea/software/nextflow/21.04.1.5556 run host_process.nf -c nf.nf/logs/confs/nextflow.config.8 -profile cluster --ntasks=8 --log=nf.nf/hosts/host1_tasks8.txt
N E X T F L O W  ~  version 21.04.1
Launching `host_process.nf` [nasty_mirzakhani] - revision: b2ae3954f9
[-        ] process > host1 -

executor >  slurm (4)
[7f/97813e] process > host1 (4) [  0%] 0 of 8

executor >  slurm (8)
[2e/e1bbdb] process > host1 (8) [  0%] 0 of 8

executor >  slurm (8)
[2e/e1bbdb] process > host1 (8) [  0%] 0 of 8

executor >  slurm (8)
[2e/e1bbdb] process > host1 (8) [100%] 8 of 8 ✔
Hostname: compute-7-4


+ /usr/bin/time --format %U,%S,%e,%P,%K,%c,%w,%F,%I,%O,%r,%s,%x --append --output nf.nf/logs/bioinfoScaling_processes-2_host.txt /home/a-m/azzaea/software/nextflow/21.04.1.5556 run host_workflow.nf -c nf.nf/logs/confs/nextflow.config.8 -profile cluster --ntasks=8 --log=nf.nf/hosts/host2_tasks8.txt
N E X T F L O W  ~  version 21.04.1
Launching `host_workflow.nf` [mighty_gilbert] - revision: 84abddf17c
[-        ] process > host1 -
[-        ] process > host2 -

executor >  slurm (3)
[fd/3cb710] process > host1 (1) [  0%] 0 of 8
[-        ] process > host2     -

executor >  slurm (7)
[2c/ab0b66] process > host1 (7) [  0%] 0 of 8
[-        ] process > host2     -

executor >  slurm (8)
[2b/903592] process > host1 (8) [  0%] 0 of 8
[-        ] process > host2     -

executor >  slurm (8)
[2b/903592] process > host1 (8) [  0%] 0 of 8
[-        ] process > host2     -

executor >  slurm (9)
[2c/ab0b66] process > host1 (7) [ 88%] 7 of 8 ✔
[79/19ffb0] process > host2 (1) [  0%] 0 of 7

executor >  slurm (13)
[2b/903592] process > host1 (8) [100%] 8 of 8 ✔
[8c/618c50] process > host2 (5) [  0%] 0 of 8

executor >  slurm (16)
[2b/903592] process > host1 (8) [100%] 8 of 8 ✔
[dd/20ad69] process > host2 (8) [  0%] 0 of 8

executor >  slurm (16)
[2b/903592] process > host1 (8) [100%] 8 of 8 ✔
[dd/20ad69] process > host2 (8) [100%] 8 of 8 ✔

executor >  slurm (16)
[2b/903592] process > host1 (8) [100%] 8 of 8 ✔
[dd/20ad69] process > host2 (8) [100%] 8 of 8 ✔
Hostname: compute-7-4


+ echo -e 'Done processing * 8 * tasks, on * 8 * cores'
+ for line in '{1..10}'
++ sed -n 5p
++ cat cores.txt
+ cores=16
+ tasks=16
+ tee -a nf.nf/logs/bioinfoScaling_processes-1_host.txt nf.nf/logs/bioinfoScaling_processes-2_host.txt
+ echo -n 16,16,
16,16,+ sed s/CORES/16/ nextflow.config.tmpl
+ /usr/bin/time --format %U,%S,%e,%P,%K,%c,%w,%F,%I,%O,%r,%s,%x --append --output nf.nf/logs/bioinfoScaling_processes-1_host.txt /home/a-m/azzaea/software/nextflow/21.04.1.5556 run host_process.nf -c nf.nf/logs/confs/nextflow.config.16 -profile cluster --ntasks=16 --log=nf.nf/hosts/host1_tasks16.txt
N E X T F L O W  ~  version 21.04.1
Launching `host_process.nf` [irreverent_hamilton] - revision: b2ae3954f9
[-        ] process > host1 -

executor >  slurm (3)
[6f/c7b469] process > host1 (4) [  0%] 0 of 16

executor >  slurm (8)
[1a/c4b282] process > host1 (10) [  0%] 0 of 16

executor >  slurm (12)
[b3/1a5e25] process > host1 (12) [  0%] 0 of 16

executor >  slurm (16)
[c5/4b2929] process > host1 (9)  [  0%] 0 of 16

executor >  slurm (16)
[c5/4b2929] process > host1 (9)  [  0%] 0 of 16

executor >  slurm (16)
[b3/1a5e25] process > host1 (12) [ 75%] 12 of 16

executor >  slurm (16)
[c5/4b2929] process > host1 (9)  [100%] 16 of 16 ✔
Hostname: compute-7-2
compute-7-4


+ /usr/bin/time --format %U,%S,%e,%P,%K,%c,%w,%F,%I,%O,%r,%s,%x --append --output nf.nf/logs/bioinfoScaling_processes-2_host.txt /home/a-m/azzaea/software/nextflow/21.04.1.5556 run host_workflow.nf -c nf.nf/logs/confs/nextflow.config.16 -profile cluster --ntasks=16 --log=nf.nf/hosts/host2_tasks16.txt
N E X T F L O W  ~  version 21.04.1
Launching `host_workflow.nf` [nostalgic_wright] - revision: 84abddf17c
[-        ] process > host1 -
[-        ] process > host2 -

executor >  slurm (2)
[20/2cb833] process > host1 (5) [  0%] 0 of 16
[-        ] process > host2     -

executor >  slurm (7)
[ae/cb5daf] process > host1 (7) [  0%] 0 of 16
[-        ] process > host2     -

executor >  slurm (11)
[56/838767] process > host1 (12) [  0%] 0 of 16
[-        ] process > host2      -

executor >  slurm (16)
[a5/ca1b92] process > host1 (16) [  0%] 0 of 16
[-        ] process > host2      -

executor >  slurm (16)
[06/105389] process > host1 (2)  [ 31%] 5 of 16
[-        ] process > host2      [  0%] 0 of 5

executor >  slurm (19)
[a5/ca1b92] process > host1 (16) [100%] 16 of 16 ✔
[83/20b963] process > host2 (3)  [  0%] 0 of 16

executor >  slurm (23)
[a5/ca1b92] process > host1 (16) [100%] 16 of 16 ✔
[b8/e9198b] process > host2 (7)  [  0%] 0 of 16

executor >  slurm (28)
[a5/ca1b92] process > host1 (16) [100%] 16 of 16 ✔
[d6/204f64] process > host2 (12) [  0%] 0 of 16

executor >  slurm (32)
[a5/ca1b92] process > host1 (16) [100%] 16 of 16 ✔
[f0/0dd282] process > host2 (16) [  0%] 0 of 16

executor >  slurm (32)
[a5/ca1b92] process > host1 (16) [100%] 16 of 16 ✔
[83/20b963] process > host2 (3)  [ 19%] 3 of 16

executor >  slurm (32)
[a5/ca1b92] process > host1 (16) [100%] 16 of 16 ✔
[f0/0dd282] process > host2 (16) [100%] 16 of 16 ✔
Hostname: compute-7-2
compute-7-4


executor >  slurm (32)
[a5/ca1b92] process > host1 (16) [100%] 16 of 16 ✔
[f0/0dd282] process > host2 (16) [100%] 16 of 16 ✔
Hostname: compute-7-2
compute-7-4


+ echo -e 'Done processing * 16 * tasks, on * 16 * cores'
+ for line in '{1..10}'
++ sed -n 6p
++ cat cores.txt
+ cores=32
+ tasks=32
+ tee -a nf.nf/logs/bioinfoScaling_processes-1_host.txt nf.nf/logs/bioinfoScaling_processes-2_host.txt
+ echo -n 32,32,
32,32,+ sed s/CORES/32/ nextflow.config.tmpl
+ /usr/bin/time --format %U,%S,%e,%P,%K,%c,%w,%F,%I,%O,%r,%s,%x --append --output nf.nf/logs/bioinfoScaling_processes-1_host.txt /home/a-m/azzaea/software/nextflow/21.04.1.5556 run host_process.nf -c nf.nf/logs/confs/nextflow.config.32 -profile cluster --ntasks=32 --log=nf.nf/hosts/host1_tasks32.txt
N E X T F L O W  ~  version 21.04.1
Launching `host_process.nf` [nauseous_visvesvaraya] - revision: b2ae3954f9
[-        ] process > host1 -

executor >  slurm (2)
[70/1a4798] process > host1 (3) [  0%] 0 of 32

executor >  slurm (6)
[56/40bd77] process > host1 (6) [  0%] 0 of 32

executor >  slurm (11)
[ca/e03631] process > host1 (12) [  0%] 0 of 32

executor >  slurm (16)
[96/26601a] process > host1 (16) [  0%] 0 of 32

executor >  slurm (21)
[73/0a80f0] process > host1 (24) [  0%] 0 of 32

executor >  slurm (26)
[f2/029805] process > host1 (26) [  0%] 0 of 32

executor >  slurm (31)
[37/8bcd58] process > host1 (30) [  0%] 0 of 32

executor >  slurm (32)
[c7/337cc7] process > host1 (32) [  0%] 0 of 32

executor >  slurm (32)
[c7/337cc7] process > host1 (32) [  0%] 0 of 32

executor >  slurm (32)
[0d/056730] process > host1 (18) [ 53%] 17 of 32

executor >  slurm (32)
[c7/337cc7] process > host1 (32) [100%] 32 of 32 ✔

executor >  slurm (32)
[c7/337cc7] process > host1 (32) [100%] 32 of 32 ✔
Hostname: compute-7-2
compute-7-4


executor >  slurm (32)
[c7/337cc7] process > host1 (32) [100%] 32 of 32 ✔
Hostname: compute-7-2
compute-7-4


+ /usr/bin/time --format %U,%S,%e,%P,%K,%c,%w,%F,%I,%O,%r,%s,%x --append --output nf.nf/logs/bioinfoScaling_processes-2_host.txt /home/a-m/azzaea/software/nextflow/21.04.1.5556 run host_workflow.nf -c nf.nf/logs/confs/nextflow.config.32 -profile cluster --ntasks=32 --log=nf.nf/hosts/host2_tasks32.txt
N E X T F L O W  ~  version 21.04.1
Launching `host_workflow.nf` [modest_dubinsky] - revision: 84abddf17c
[-        ] process > host1 -

executor >  slurm (1)
[5f/64086a] process > host1 (2) [  0%] 0 of 32
[-        ] process > host2     -

executor >  slurm (5)
[04/6b271a] process > host1 (3) [  0%] 0 of 32
[-        ] process > host2     -

executor >  slurm (10)
[36/3829de] process > host1 (13) [  0%] 0 of 32
[-        ] process > host2      -

executor >  slurm (14)
[c7/4a154c] process > host1 (15) [  0%] 0 of 32
[-        ] process > host2      -

executor >  slurm (19)
[8a/ab1796] process > host1 (24) [  0%] 0 of 32
[-        ] process > host2      -

executor >  slurm (25)
[34/94fc15] process > host1 (29) [  0%] 0 of 32
[-        ] process > host2      -

executor >  slurm (30)
[40/cc0fc8] process > host1 (16) [  0%] 0 of 32
[-        ] process > host2      -

executor >  slurm (32)
[86/d077fb] process > host1 (32) [  0%] 0 of 32
[-        ] process > host2      -

executor >  slurm (32)
[86/d077fb] process > host1 (32) [  0%] 0 of 32
[-        ] process > host2      -

executor >  slurm (33)
[4a/a805a2] process > host1 (12) [ 25%] 8 of 32
[34/5aece3] process > host2 (1)  [  0%] 0 of 9

executor >  slurm (35)
[4e/ccd3f4] process > host1 (8)  [ 56%] 18 of 32
[95/565b33] process > host2 (3)  [  0%] 0 of 18

executor >  slurm (37)
[86/d077fb] process > host1 (32) [100%] 32 of 32 ✔
[17/e93653] process > host2 (5)  [  0%] 0 of 31

executor >  slurm (43)
[86/d077fb] process > host1 (32) [100%] 32 of 32 ✔
[84/731495] process > host2 (10) [  0%] 0 of 32

executor >  slurm (53)
[86/d077fb] process > host1 (32) [100%] 32 of 32 ✔
[b2/536c45] process > host2 (21) [  0%] 0 of 32

executor >  slurm (61)
[86/d077fb] process > host1 (32) [100%] 32 of 32 ✔
[32/9be5a4] process > host2 (29) [  0%] 0 of 32

executor >  slurm (64)
[86/d077fb] process > host1 (32) [100%] 32 of 32 ✔
[f3/4d956e] process > host2 (32) [  0%] 0 of 32

executor >  slurm (64)
[86/d077fb] process > host1 (32) [100%] 32 of 32 ✔
[f4/f5f0e9] process > host2 (8)  [ 25%] 8 of 32

executor >  slurm (64)
[86/d077fb] process > host1 (32) [100%] 32 of 32 ✔
[60/beecd1] process > host2 (31) [ 97%] 31 of 32

executor >  slurm (64)
[86/d077fb] process > host1 (32) [100%] 32 of 32 ✔
[f3/4d956e] process > host2 (32) [100%] 32 of 32 ✔
Hostname: compute-7-2
compute-7-4


executor >  slurm (64)
[86/d077fb] process > host1 (32) [100%] 32 of 32 ✔
[f3/4d956e] process > host2 (32) [100%] 32 of 32 ✔
Hostname: compute-7-2
compute-7-4


+ echo -e 'Done processing * 32 * tasks, on * 32 * cores'
+ for line in '{1..10}'
++ sed -n 7p
++ cat cores.txt
+ cores=64
+ tasks=64
+ tee -a nf.nf/logs/bioinfoScaling_processes-1_host.txt nf.nf/logs/bioinfoScaling_processes-2_host.txt
+ echo -n 64,64,
64,64,+ sed s/CORES/64/ nextflow.config.tmpl
+ /usr/bin/time --format %U,%S,%e,%P,%K,%c,%w,%F,%I,%O,%r,%s,%x --append --output nf.nf/logs/bioinfoScaling_processes-1_host.txt /home/a-m/azzaea/software/nextflow/21.04.1.5556 run host_process.nf -c nf.nf/logs/confs/nextflow.config.64 -profile cluster --ntasks=64 --log=nf.nf/hosts/host1_tasks64.txt
N E X T F L O W  ~  version 21.04.1
Launching `host_process.nf` [jolly_austin] - revision: b2ae3954f9
[-        ] process > host1 -

executor >  slurm (4)
[d2/e6f354] process > host1 (9) [  0%] 0 of 64

executor >  slurm (8)
[0b/c31925] process > host1 (20) [  0%] 0 of 64

executor >  slurm (13)
[a9/a3a16c] process > host1 (7)  [  0%] 0 of 64

executor >  slurm (17)
[f1/7eff85] process > host1 (18) [  0%] 0 of 64

executor >  slurm (23)
[ee/8ef180] process > host1 (30) [  0%] 0 of 64

executor >  slurm (31)
[dc/2a1324] process > host1 (36) [  0%] 0 of 64

executor >  slurm (37)
[44/75176a] process > host1 (33) [  0%] 0 of 64

executor >  slurm (47)
[d2/0ab5b7] process > host1 (51) [  0%] 0 of 64

executor >  slurm (57)
[db/6b06fd] process > host1 (57) [  0%] 0 of 64

executor >  slurm (64)
[0f/4a21df] process > host1 (64) [  0%] 0 of 64

executor >  slurm (64)
[6a/f251c6] process > host1 (19) [ 11%] 7 of 64

executor >  slurm (64)
[6f/fde3d7] process > host1 (32) [ 38%] 24 of 64

executor >  slurm (64)
[38/e0d717] process > host1 (44) [ 58%] 37 of 64

executor >  slurm (64)
[ab/11793a] process > host1 (59) [ 80%] 51 of 64

executor >  slurm (64)
[0f/4a21df] process > host1 (64) [ 86%] 55 of 64

executor >  slurm (64)
[24/b59004] process > host1 (45) [ 97%] 62 of 64

executor >  slurm (64)
[9c/7337dc] process > host1 (48) [100%] 64 of 64 ✔
Hostname: compute-7-2
compute-7-4
compute-7-3


executor >  slurm (64)
[9c/7337dc] process > host1 (48) [100%] 64 of 64 ✔
Hostname: compute-7-2
compute-7-4
compute-7-3


+ /usr/bin/time --format %U,%S,%e,%P,%K,%c,%w,%F,%I,%O,%r,%s,%x --append --output nf.nf/logs/bioinfoScaling_processes-2_host.txt /home/a-m/azzaea/software/nextflow/21.04.1.5556 run host_workflow.nf -c nf.nf/logs/confs/nextflow.config.64 -profile cluster --ntasks=64 --log=nf.nf/hosts/host2_tasks64.txt
N E X T F L O W  ~  version 21.04.1
Launching `host_workflow.nf` [ecstatic_ritchie] - revision: 84abddf17c
[-        ] process > host1 -
[-        ] process > host2 -

executor >  slurm (1)
[ff/d58ef5] process > host1 (3) [  0%] 0 of 64
[-        ] process > host2     -

executor >  slurm (5)
[60/5bbaa1] process > host1 (5) [  0%] 0 of 64
[-        ] process > host2     -

executor >  slurm (10)
[06/7babcb] process > host1 (12) [  0%] 0 of 64
[-        ] process > host2      -

executor >  slurm (15)
[3c/06b93e] process > host1 (13) [  0%] 0 of 64
[-        ] process > host2      -

executor >  slurm (19)
[1c/24c2c0] process > host1 (23) [  0%] 0 of 64
[-        ] process > host2      -

executor >  slurm (23)
[fc/40ef26] process > host1 (21) [  0%] 0 of 64
[-        ] process > host2      -

executor >  slurm (28)
[d9/4f0875] process > host1 (37) [  0%] 0 of 64
[-        ] process > host2      -

executor >  slurm (32)
[44/afd6f7] process > host1 (27) [  0%] 0 of 64
[-        ] process > host2      -

executor >  slurm (37)
[ce/e32655] process > host1 (31) [  0%] 0 of 64
[-        ] process > host2      -

executor >  slurm (42)
[d1/7ff2ee] process > host1 (29) [  0%] 0 of 64
[-        ] process > host2      -

executor >  slurm (46)
[0a/5d300a] process > host1 (50) [  0%] 0 of 64
[-        ] process > host2      -

executor >  slurm (54)
[b4/7d8d3c] process > host1 (56) [  0%] 0 of 64
[-        ] process > host2      -

executor >  slurm (62)
[3b/d3118f] process > host1 (62) [  0%] 0 of 64
[-        ] process > host2      -

executor >  slurm (64)
[7b/9e2ebd] process > host1 (64) [  0%] 0 of 64
[-        ] process > host2      -

executor >  slurm (64)
[60/f7f3e6] process > host1 (2)  [  3%] 2 of 64
[-        ] process > host2      [  0%] 0 of 2

executor >  slurm (67)
[6e/7aa906] process > host1 (20) [ 27%] 17 of 64
[0d/facc6d] process > host2 (3)  [  0%] 0 of 16

executor >  slurm (69)
[7b/7b4aad] process > host1 (30) [ 53%] 34 of 64
[18/048edb] process > host2 (5)  [  0%] 0 of 33

executor >  slurm (71)
[e4/a1da05] process > host1 (49) [ 80%] 51 of 64
[87/63e116] process > host2 (7)  [  0%] 0 of 51

executor >  slurm (75)
[7b/9e2ebd] process > host1 (64) [100%] 64 of 64 ✔
[43/5ff910] process > host2 (11) [  0%] 0 of 64

executor >  slurm (80)
[7b/9e2ebd] process > host1 (64) [100%] 64 of 64 ✔
[eb/e1f937] process > host2 (16) [  0%] 0 of 64

executor >  slurm (87)
[7b/9e2ebd] process > host1 (64) [100%] 64 of 64 ✔
[48/77a1b3] process > host2 (23) [  0%] 0 of 64

executor >  slurm (92)
[7b/9e2ebd] process > host1 (64) [100%] 64 of 64 ✔
[92/3b48db] process > host2 (28) [  0%] 0 of 64

executor >  slurm (98)
[7b/9e2ebd] process > host1 (64) [100%] 64 of 64 ✔
[16/d4b55f] process > host2 (34) [  0%] 0 of 64

executor >  slurm (106)
[7b/9e2ebd] process > host1 (64) [100%] 64 of 64 ✔
[34/45f2f7] process > host2 (42) [  0%] 0 of 64

executor >  slurm (112)
[7b/9e2ebd] process > host1 (64) [100%] 64 of 64 ✔
[94/627d1b] process > host2 (48) [  0%] 0 of 64

executor >  slurm (117)
[7b/9e2ebd] process > host1 (64) [100%] 64 of 64 ✔
[01/c1a896] process > host2 (53) [  0%] 0 of 64

executor >  slurm (127)
[7b/9e2ebd] process > host1 (64) [100%] 64 of 64 ✔
[85/7bf317] process > host2 (63) [  0%] 0 of 64

executor >  slurm (128)
[7b/9e2ebd] process > host1 (64) [100%] 64 of 64 ✔
[35/22b002] process > host2 (64) [  0%] 0 of 64

executor >  slurm (128)
[7b/9e2ebd] process > host1 (64) [100%] 64 of 64 ✔
[85/dfccd4] process > host2 (8)  [ 13%] 8 of 64

executor >  slurm (128)
[7b/9e2ebd] process > host1 (64) [100%] 64 of 64 ✔
[08/a99497] process > host2 (25) [ 39%] 25 of 64

executor >  slurm (128)
[7b/9e2ebd] process > host1 (64) [100%] 64 of 64 ✔
[9e/aa32b5] process > host2 (41) [ 64%] 41 of 64

executor >  slurm (128)
[7b/9e2ebd] process > host1 (64) [100%] 64 of 64 ✔
[35/22b002] process > host2 (64) [100%] 64 of 64 ✔

executor >  slurm (128)
[7b/9e2ebd] process > host1 (64) [100%] 64 of 64 ✔
[35/22b002] process > host2 (64) [100%] 64 of 64 ✔
Hostname: compute-7-2
compute-7-0
compute-7-4
compute-7-3


executor >  slurm (128)
[7b/9e2ebd] process > host1 (64) [100%] 64 of 64 ✔
[35/22b002] process > host2 (64) [100%] 64 of 64 ✔
Hostname: compute-7-2
compute-7-0
compute-7-4
compute-7-3


+ echo -e 'Done processing * 64 * tasks, on * 64 * cores'
+ for line in '{1..10}'
++ sed -n 8p
++ cat cores.txt
+ cores=128
+ tasks=128
+ tee -a nf.nf/logs/bioinfoScaling_processes-1_host.txt nf.nf/logs/bioinfoScaling_processes-2_host.txt
+ echo -n 128,128,
128,128,+ sed s/CORES/128/ nextflow.config.tmpl
+ /usr/bin/time --format %U,%S,%e,%P,%K,%c,%w,%F,%I,%O,%r,%s,%x --append --output nf.nf/logs/bioinfoScaling_processes-1_host.txt /home/a-m/azzaea/software/nextflow/21.04.1.5556 run host_process.nf -c nf.nf/logs/confs/nextflow.config.128 -profile cluster --ntasks=128 --log=nf.nf/hosts/host1_tasks128.txt
N E X T F L O W  ~  version 21.04.1
Launching `host_process.nf` [ridiculous_cuvier] - revision: b2ae3954f9
[-        ] process > host1 -

[-        ] process > host1 [  0%] 0 of 67

executor >  slurm (1)
[86/9c7922] process > host1 (2) [  0%] 0 of 128

executor >  slurm (6)
[f2/3920d5] process > host1 (6) [  0%] 0 of 128

executor >  slurm (11)
[89/618660] process > host1 (13) [  0%] 0 of 128

executor >  slurm (16)
[a9/fe2967] process > host1 (23) [  0%] 0 of 128

executor >  slurm (23)
[69/0ad80d] process > host1 (25) [  0%] 0 of 128

executor >  slurm (28)
[89/1b0752] process > host1 (28) [  0%] 0 of 128

executor >  slurm (37)
[d5/18c302] process > host1 (30) [  0%] 0 of 128

executor >  slurm (48)
[5c/30b9ff] process > host1 (45) [  0%] 0 of 128

executor >  slurm (58)
[29/3aae82] process > host1 (58) [  0%] 0 of 128

executor >  slurm (68)
[1c/5feb48] process > host1 (78) [  0%] 0 of 128

executor >  slurm (75)
[b0/c20936] process > host1 (77) [  0%] 0 of 128

executor >  slurm (80)
[f0/48f719] process > host1 (68) [  0%] 0 of 128

executor >  slurm (86)
[38/5b7d6d] process > host1 (91) [  0%] 0 of 128

executor >  slurm (96)
[89/091336] process > host1 (98) [  0%] 0 of 128

executor >  slurm (103)
[57/994e9f] process > host1 (116) [  0%] 0 of 128

executor >  slurm (111)
[ad/a1432a] process > host1 (102) [  0%] 0 of 128

executor >  slurm (119)
[f8/8e7a59] process > host1 (120) [  0%] 0 of 128

executor >  slurm (128)
[6e/b36c3d] process > host1 (128) [  0%] 0 of 128

executor >  slurm (128)
[6e/b36c3d] process > host1 (128) [  0%] 0 of 128

executor >  slurm (128)
[9f/9d076f] process > host1 (10)  [ 11%] 14 of 128

executor >  slurm (128)
[5e/f2eee6] process > host1 (18)  [ 23%] 30 of 128

executor >  slurm (128)
[c2/d6c8fb] process > host1 (41)  [ 30%] 39 of 128

executor >  slurm (128)
[e2/079558] process > host1 (56)  [ 48%] 62 of 128

executor >  slurm (128)
[6a/4ff9d9] process > host1 (69)  [ 61%] 78 of 128

executor >  slurm (128)
[61/ddfc72] process > host1 (96)  [ 75%] 96 of 128

executor >  slurm (128)
[1d/536481] process > host1 (106) [ 87%] 111 of 128

executor >  slurm (128)
[6e/b36c3d] process > host1 (128) [ 99%] 127 of 128

executor >  slurm (128)
[c0/bc1eb1] process > host1 (44)  [100%] 128 of 128 ✔
Hostname: compute-7-2
compute-7-0
compute-7-1
compute-7-4
compute-7-3


executor >  slurm (128)
[c0/bc1eb1] process > host1 (44)  [100%] 128 of 128 ✔
Hostname: compute-7-2
compute-7-0
compute-7-1
compute-7-4
compute-7-3


+ /usr/bin/time --format %U,%S,%e,%P,%K,%c,%w,%F,%I,%O,%r,%s,%x --append --output nf.nf/logs/bioinfoScaling_processes-2_host.txt /home/a-m/azzaea/software/nextflow/21.04.1.5556 run host_workflow.nf -c nf.nf/logs/confs/nextflow.config.128 -profile cluster --ntasks=128 --log=nf.nf/hosts/host2_tasks128.txt
N E X T F L O W  ~  version 21.04.1
Launching `host_workflow.nf` [exotic_hawking] - revision: 84abddf17c
[-        ] process > host1 -
[-        ] process > host2 -

[-        ] process > host1 [  0%] 0 of 109
[-        ] process > host2 -

executor >  slurm (4)
[97/8001a8] process > host1 (3) [  0%] 0 of 128
[-        ] process > host2     -

executor >  slurm (9)
[2d/7033e9] process > host1 (14) [  0%] 0 of 128
[-        ] process > host2      -

executor >  slurm (13)
[6d/32350a] process > host1 (13) [  0%] 0 of 128
[-        ] process > host2      -

executor >  slurm (18)
[fd/9cbbce] process > host1 (21) [  0%] 0 of 128
[-        ] process > host2      -

executor >  slurm (23)
[1c/3c65bf] process > host1 (23) [  0%] 0 of 128
[-        ] process > host2      -

executor >  slurm (30)
[f3/127e31] process > host1 (30) [  0%] 0 of 128
[-        ] process > host2      -

executor >  slurm (37)
[36/270431] process > host1 (40) [  0%] 0 of 128
[-        ] process > host2      -

executor >  slurm (45)
[52/5511a9] process > host1 (44) [  0%] 0 of 128
[-        ] process > host2      -

executor >  slurm (57)
[fe/af5150] process > host1 (55) [  0%] 0 of 128
[-        ] process > host2      -

executor >  slurm (68)
[13/22a7e1] process > host1 (61) [  0%] 0 of 128
[-        ] process > host2      -

executor >  slurm (79)
[03/0a144c] process > host1 (76) [  0%] 0 of 128
[-        ] process > host2      -

executor >  slurm (89)
[9b/039ccd] process > host1 (98) [  0%] 0 of 128
[-        ] process > host2      -

executor >  slurm (98)
[16/bb8053] process > host1 (89) [  0%] 0 of 128
[-        ] process > host2      -

executor >  slurm (104)
[3f/02cd31] process > host1 (114) [  0%] 0 of 128
[-        ] process > host2       -

executor >  slurm (110)
[ac/769976] process > host1 (113) [  0%] 0 of 128
[-        ] process > host2       -

executor >  slurm (115)
[c4/c3760d] process > host1 (104) [  0%] 0 of 128
[-        ] process > host2       -

executor >  slurm (122)
[63/4603ad] process > host1 (121) [  0%] 0 of 128
[-        ] process > host2       -

executor >  slurm (128)
[12/ba5f00] process > host1 (128) [  0%] 0 of 128
[-        ] process > host2       -

executor >  slurm (128)
[f6/714dd7] process > host1 (1)   [  1%] 1 of 128
[-        ] process > host2       [  0%] 0 of 2

executor >  slurm (130)
[3f/8053b2] process > host1 (20)  [ 13%] 17 of 128
[d9/e54d32] process > host2 (2)   [  0%] 0 of 17

executor >  slurm (133)
[66/88358e] process > host1 (33)  [ 27%] 34 of 128
[bf/436e29] process > host2 (5)   [  0%] 0 of 33

executor >  slurm (136)
[b5/71770c] process > host1 (54)  [ 37%] 47 of 128
[e9/547e51] process > host2 (8)   [  0%] 0 of 47

executor >  slurm (140)
[57/5e5faa] process > host1 (47)  [ 40%] 51 of 128
[55/41ccb0] process > host2 (12)  [  0%] 0 of 51

executor >  slurm (145)
[3b/fcaa59] process > host1 (65)  [ 47%] 60 of 128
[ac/103d62] process > host2 (17)  [  0%] 0 of 60

executor >  slurm (149)
[e9/db1755] process > host1 (78)  [ 59%] 75 of 128
[8f/ca80d8] process > host2 (21)  [  0%] 0 of 74

executor >  slurm (152)
[fa/8c45e6] process > host1 (99)  [ 70%] 90 of 128
[0a/a9c8b5] process > host2 (24)  [  0%] 0 of 90

executor >  slurm (156)
[36/5055c6] process > host1 (117) [ 82%] 105 of 128
[4c/6724db] process > host2 (28)  [  0%] 0 of 105

executor >  slurm (160)
[12/ba5f00] process > host1 (128) [ 91%] 116 of 128
[38/5162a9] process > host2 (32)  [  0%] 0 of 116

executor >  slurm (166)
[12/ba5f00] process > host1 (128) [ 91%] 116 of 128
[c2/5f5dde] process > host2 (38)  [  0%] 0 of 116

executor >  slurm (171)
[12/ba5f00] process > host1 (128) [ 91%] 116 of 128
[b1/c1cca1] process > host2 (43)  [  0%] 0 of 116

executor >  slurm (179)
[12/ba5f00] process > host1 (128) [ 91%] 116 of 128
[cf/a1b428] process > host2 (51)  [  0%] 0 of 116

executor >  slurm (187)
[12/ba5f00] process > host1 (128) [ 91%] 116 of 128
[bd/b66bac] process > host2 (59)  [  0%] 0 of 116

executor >  slurm (200)
[12/ba5f00] process > host1 (128) [ 91%] 116 of 128
[90/dad34e] process > host2 (72)  [  0%] 0 of 116

executor >  slurm (209)
[12/ba5f00] process > host1 (128) [ 91%] 116 of 128
[11/9f3668] process > host2 (81)  [  0%] 0 of 116

executor >  slurm (219)
[12/ba5f00] process > host1 (128) [ 91%] 116 of 128
[e9/f9c320] process > host2 (91)  [  0%] 0 of 116

executor >  slurm (231)
[12/ba5f00] process > host1 (128) [ 91%] 116 of 128
[6a/72a679] process > host2 (103) [  0%] 0 of 116

executor >  slurm (239)
[12/ba5f00] process > host1 (128) [ 91%] 116 of 128
[de/4d4b00] process > host2 (111) [  0%] 0 of 116

executor >  slurm (244)
[12/ba5f00] process > host1 (128) [ 91%] 116 of 128
[30/cb1d90] process > host2 (116) [  0%] 0 of 116

executor >  slurm (244)
[74/3ce315] process > host1 (100) [ 98%] 125 of 128
[30/cb1d90] process > host2 (116) [  0%] 0 of 125

executor >  slurm (250)
[de/3c63e3] process > host1 (88)  [100%] 128 of 128 ✔
[57/c99a64] process > host2 (122) [ 17%] 22 of 128

executor >  slurm (253)
[de/3c63e3] process > host1 (88)  [100%] 128 of 128 ✔
[34/5f366e] process > host2 (52)  [ 41%] 52 of 128

executor >  slurm (256)
[de/3c63e3] process > host1 (88)  [100%] 128 of 128 ✔
[0a/da0864] process > host2 (67)  [ 52%] 67 of 128

executor >  slurm (256)
[de/3c63e3] process > host1 (88)  [100%] 128 of 128 ✔
[e7/e737ad] process > host2 (83)  [ 63%] 81 of 128

executor >  slurm (256)
[de/3c63e3] process > host1 (88)  [100%] 128 of 128 ✔
[b2/372f6b] process > host2 (102) [ 77%] 98 of 128

executor >  slurm (256)
[de/3c63e3] process > host1 (88)  [100%] 128 of 128 ✔
[30/cb1d90] process > host2 (116) [ 88%] 112 of 128

executor >  slurm (256)
[de/3c63e3] process > host1 (88)  [100%] 128 of 128 ✔
[fe/019f97] process > host2 (76)  [ 88%] 113 of 128

executor >  slurm (256)
[de/3c63e3] process > host1 (88)  [100%] 128 of 128 ✔
[e1/efbad9] process > host2 (128) [100%] 128 of 128 ✔
Hostname: compute-7-2
compute-7-0
compute-7-1
compute-7-4
compute-7-3


+ echo -e 'Done processing * 128 * tasks, on * 128 * cores'
+ for line in '{1..10}'
++ sed -n 9p
++ cat cores.txt
+ cores=256
+ tasks=256
+ tee -a nf.nf/logs/bioinfoScaling_processes-1_host.txt nf.nf/logs/bioinfoScaling_processes-2_host.txt
+ echo -n 256,256,
256,256,+ sed s/CORES/256/ nextflow.config.tmpl
+ /usr/bin/time --format %U,%S,%e,%P,%K,%c,%w,%F,%I,%O,%r,%s,%x --append --output nf.nf/logs/bioinfoScaling_processes-1_host.txt /home/a-m/azzaea/software/nextflow/21.04.1.5556 run host_process.nf -c nf.nf/logs/confs/nextflow.config.256 -profile cluster --ntasks=256 --log=nf.nf/hosts/host1_tasks256.txt
N E X T F L O W  ~  version 21.04.1
Launching `host_process.nf` [kickass_tuckerman] - revision: b2ae3954f9
[-        ] process > host1 -

[-        ] process > host1 [  0%] 0 of 85

executor >  slurm (1)
[b2/f71799] process > host1 (4) [  0%] 0 of 170

executor >  slurm (2)
[be/ff3553] process > host1 (1) [  0%] 0 of 255

executor >  slurm (7)
[85/abd8ed] process > host1 (7) [  0%] 0 of 256

executor >  slurm (12)
[2f/e1bd5e] process > host1 (11) [  0%] 0 of 256

executor >  slurm (18)
[f6/b9b25d] process > host1 (19) [  0%] 0 of 256

executor >  slurm (24)
[02/d9dc68] process > host1 (23) [  0%] 0 of 256

executor >  slurm (30)
[d2/0480e0] process > host1 (32) [  0%] 0 of 256

executor >  slurm (40)
[ff/b75ae6] process > host1 (44) [  0%] 0 of 256

executor >  slurm (51)
[70/f2e4a6] process > host1 (49) [  0%] 0 of 256

executor >  slurm (63)
[27/648bc2] process > host1 (62) [  0%] 0 of 256

executor >  slurm (73)
[e1/de6dae] process > host1 (73) [  0%] 0 of 256

executor >  slurm (79)
[13/9b994e] process > host1 (79) [  0%] 0 of 256

executor >  slurm (86)
[53/42614a] process > host1 (82) [  0%] 0 of 256

executor >  slurm (93)
[82/980a20] process > host1 (93) [  0%] 0 of 256

executor >  slurm (97)
[48/e3411f] process > host1 (98) [  0%] 0 of 256

executor >  slurm (108)
[9a/e61757] process > host1 (108) [  0%] 0 of 256

executor >  slurm (119)
[4b/e8a8e1] process > host1 (118) [  0%] 0 of 256

executor >  slurm (131)
[b2/e4325f] process > host1 (131) [  0%] 0 of 256

executor >  slurm (142)
[82/5f2025] process > host1 (145) [  0%] 0 of 256

executor >  slurm (155)
[c9/21dfd0] process > host1 (166) [  0%] 0 of 256

executor >  slurm (166)
[33/f8ac2c] process > host1 (159) [  0%] 0 of 256

executor >  slurm (173)
[b2/f71799] process > host1 (4)   [  0%] 1 of 256

executor >  slurm (175)
[2f/e1bd5e] process > host1 (11)  [  5%] 12 of 256

executor >  slurm (179)
[d2/0480e0] process > host1 (32)  [ 12%] 30 of 256

executor >  slurm (183)
[ae/528cb7] process > host1 (40)  [ 17%] 44 of 256

executor >  slurm (187)
[c6/6596a2] process > host1 (67)  [ 27%] 68 of 256

executor >  slurm (192)
[ed/4549dc] process > host1 (80)  [ 32%] 83 of 256

executor >  slurm (197)
[08/7cc48e] process > host1 (207) [ 38%] 98 of 256

executor >  slurm (201)
[3e/be3eb5] process > host1 (214) [ 41%] 106 of 256

executor >  slurm (206)
[01/4941ee] process > host1 (208) [ 41%] 106 of 256

executor >  slurm (211)
[11/102ad6] process > host1 (203) [ 41%] 106 of 256

executor >  slurm (217)
[e2/f5618a] process > host1 (217) [ 41%] 106 of 256

executor >  slurm (222)
[69/e0e75a] process > host1 (238) [ 41%] 106 of 256

executor >  slurm (234)
[27/3e700e] process > host1 (246) [ 41%] 106 of 256

executor >  slurm (241)
[fa/a805b5] process > host1 (239) [ 41%] 106 of 256

executor >  slurm (253)
[f1/44292d] process > host1 (255) [ 41%] 106 of 256

executor >  slurm (256)
[f1/775c83] process > host1 (256) [ 41%] 106 of 256

executor >  slurm (256)
[cf/b59cd7] process > host1 (105) [ 46%] 119 of 256

executor >  slurm (256)
[82/5f2025] process > host1 (145) [ 55%] 142 of 256

executor >  slurm (256)
[b6/eac2d5] process > host1 (157) [ 63%] 162 of 256

executor >  slurm (256)
[f8/6e4818] process > host1 (175) [ 72%] 184 of 256

executor >  slurm (256)
[18/876a39] process > host1 (218) [ 82%] 210 of 256

executor >  slurm (256)
[fa/a805b5] process > host1 (239) [ 91%] 233 of 256

executor >  slurm (256)
[15/4fc72c] process > host1 (253) [ 96%] 246 of 256

executor >  slurm (256)
[f1/775c83] process > host1 (256) [ 97%] 248 of 256

executor >  slurm (256)
[4b/e8a8e1] process > host1 (118) [ 97%] 249 of 256

executor >  slurm (256)
[2d/4be3af] process > host1 (184) [100%] 256 of 256 ✔
Hostname: compute-7-2
compute-7-0
compute-7-1
compute-7-4
compute-7-3


executor >  slurm (256)
[2d/4be3af] process > host1 (184) [100%] 256 of 256 ✔
Hostname: compute-7-2
compute-7-0
compute-7-1
compute-7-4
compute-7-3


+ /usr/bin/time --format %U,%S,%e,%P,%K,%c,%w,%F,%I,%O,%r,%s,%x --append --output nf.nf/logs/bioinfoScaling_processes-2_host.txt /home/a-m/azzaea/software/nextflow/21.04.1.5556 run host_workflow.nf -c nf.nf/logs/confs/nextflow.config.256 -profile cluster --ntasks=256 --log=nf.nf/hosts/host2_tasks256.txt
N E X T F L O W  ~  version 21.04.1
Launching `host_workflow.nf` [focused_hypatia] - revision: 84abddf17c
[-        ] process > host1 -
[-        ] process > host2 -

[-        ] process > host1 [  0%] 0 of 85
[-        ] process > host2 -

executor >  slurm (1)
[a3/44529c] process > host1 (3) [  0%] 0 of 174
[-        ] process > host2     -

executor >  slurm (3)
[ac/40ee8c] process > host1 (2) [  0%] 0 of 256
[-        ] process > host2     -

executor >  slurm (8)
[23/de3923] process > host1 (10) [  0%] 0 of 256
[-        ] process > host2      -

executor >  slurm (15)
[61/fcca3d] process > host1 (15) [  0%] 0 of 256
[-        ] process > host2      -

executor >  slurm (23)
[ed/b0c3a1] process > host1 (24) [  0%] 0 of 256
[-        ] process > host2      -

executor >  slurm (29)
[b3/ea72a5] process > host1 (28) [  0%] 0 of 256
[-        ] process > host2      -

executor >  slurm (40)
[dd/1e7919] process > host1 (47) [  0%] 0 of 256
[-        ] process > host2      -

executor >  slurm (51)
[ad/426244] process > host1 (61) [  0%] 0 of 256
[-        ] process > host2      -

executor >  slurm (60)
[76/c828ad] process > host1 (51) [  0%] 0 of 256
[-        ] process > host2      -

executor >  slurm (68)
[b0/c8391b] process > host1 (69) [  0%] 0 of 256
[-        ] process > host2      -

executor >  slurm (76)
[f0/908eaa] process > host1 (66) [  0%] 0 of 256
[-        ] process > host2      -

executor >  slurm (81)
[5a/87ac9c] process > host1 (89) [  0%] 0 of 256
[-        ] process > host2      -

executor >  slurm (88)
[58/67b38d] process > host1 (82) [  0%] 0 of 256
[-        ] process > host2      -

executor >  slurm (93)
[eb/9a4962] process > host1 (83) [  0%] 0 of 256
[-        ] process > host2      -

executor >  slurm (102)
[91/e4442c] process > host1 (103) [  0%] 0 of 256
[-        ] process > host2       -

executor >  slurm (107)
[48/09afb9] process > host1 (95)  [  0%] 0 of 256
[-        ] process > host2       -

executor >  slurm (116)
[f0/15b886] process > host1 (117) [  0%] 0 of 256
[-        ] process > host2       -

executor >  slurm (127)
[3e/755d96] process > host1 (128) [  0%] 0 of 256
[-        ] process > host2       -

executor >  slurm (138)
[e4/720569] process > host1 (140) [  0%] 0 of 256
[-        ] process > host2       -

executor >  slurm (149)
[47/b2eaef] process > host1 (150) [  0%] 0 of 256
[-        ] process > host2       -

executor >  slurm (158)
[b3/569992] process > host1 (168) [  0%] 0 of 256
[-        ] process > host2       -

executor >  slurm (162)
[41/e41ff6] process > host1 (4)   [  2%] 4 of 256
[-        ] process > host2       [  0%] 0 of 4

executor >  slurm (164)
[bf/b01229] process > host1 (16)  [  9%] 22 of 256
[-        ] process > host2       [  0%] 0 of 22

executor >  slurm (168)
[cf/3a2561] process > host1 (166) [ 13%] 34 of 256
[-        ] process > host2       [  0%] 0 of 34

executor >  slurm (171)
[8f/3e657e] process > host1 (62)  [ 17%] 44 of 256
[-        ] process > host2       [  0%] 0 of 43

executor >  slurm (174)
[1b/b5b064] process > host1 (87)  [ 23%] 58 of 256
[-        ] process > host2       [  0%] 0 of 58

executor >  slurm (178)
[18/37860c] process > host1 (94)  [ 28%] 72 of 256
[-        ] process > host2       [  0%] 0 of 72

executor >  slurm (181)
[32/78389a] process > host1 (110) [ 34%] 87 of 256
[-        ] process > host2       [  0%] 0 of 87

executor >  slurm (184)
[9b/dc651f] process > host1 (138) [ 44%] 113 of 256
[-        ] process > host2       [  0%] 0 of 112

executor >  slurm (188)
[fc/fed456] process > host1 (162) [ 50%] 128 of 256
[-        ] process > host2       [  0%] 0 of 128

executor >  slurm (193)
[bc/4116fd] process > host1 (181) [ 50%] 128 of 256
[-        ] process > host2       [  0%] 0 of 128

executor >  slurm (199)
[b5/5a6efe] process > host1 (199) [ 50%] 128 of 256
[-        ] process > host2       [  0%] 0 of 128

executor >  slurm (209)
[99/cad627] process > host1 (213) [ 50%] 128 of 256
[-        ] process > host2       [  0%] 0 of 128

executor >  slurm (217)
[00/506981] process > host1 (206) [ 50%] 128 of 256
[-        ] process > host2       [  0%] 0 of 128

executor >  slurm (223)
[97/d338d8] process > host1 (224) [ 50%] 128 of 256
[-        ] process > host2       [  0%] 0 of 128

executor >  slurm (228)
[91/93a0c9] process > host1 (241) [ 50%] 128 of 256
[-        ] process > host2       [  0%] 0 of 128

executor >  slurm (234)
[25/3a6950] process > host1 (240) [ 50%] 128 of 256
[-        ] process > host2       [  0%] 0 of 128

executor >  slurm (239)
[8a/a1d2d5] process > host1 (233) [ 50%] 128 of 256
[-        ] process > host2       [  0%] 0 of 128

executor >  slurm (244)
[d2/9a4d93] process > host1 (226) [ 50%] 128 of 256
[-        ] process > host2       [  0%] 0 of 128

executor >  slurm (251)
[a9/17bfe7] process > host1 (252) [ 50%] 128 of 256
[-        ] process > host2       [  0%] 0 of 128

executor >  slurm (260)
[d9/2e0aef] process > host1 (256) [ 50%] 128 of 256
[ad/9d2c80] process > host2 (4)   [  0%] 0 of 128

executor >  slurm (273)
[d9/2e0aef] process > host1 (256) [ 50%] 128 of 256
[f6/aa448b] process > host2 (17)  [  0%] 0 of 128

executor >  slurm (283)
[d9/2e0aef] process > host1 (256) [ 50%] 128 of 256
[34/5f483d] process > host2 (27)  [  0%] 0 of 128

executor >  slurm (296)
[d9/2e0aef] process > host1 (256) [ 50%] 128 of 256
[e7/d87bec] process > host2 (40)  [  0%] 0 of 128

executor >  slurm (309)
[d9/2e0aef] process > host1 (256) [ 50%] 128 of 256
[0a/c11c19] process > host2 (53)  [  0%] 0 of 128

executor >  slurm (315)
[83/1660a1] process > host1 (37)  [ 52%] 134 of 256
[56/91db08] process > host2 (59)  [  0%] 0 of 133

executor >  slurm (319)
[ae/e86902] process > host1 (144) [ 61%] 156 of 256
[64/ef08db] process > host2 (63)  [  0%] 0 of 156

executor >  slurm (323)
[3e/d96d22] process > host1 (191) [ 70%] 178 of 256
[9f/764468] process > host2 (67)  [  0%] 0 of 178

executor >  slurm (326)
[5d/5b7633] process > host1 (204) [ 85%] 218 of 256
[bd/84a3bd] process > host2 (70)  [  0%] 0 of 218

executor >  slurm (332)
[25/3a6950] process > host1 (240) [ 91%] 234 of 256
[d5/947146] process > host2 (76)  [  0%] 0 of 234

executor >  slurm (336)
[a9/17bfe7] process > host1 (252) [ 98%] 251 of 256
[7b/44954e] process > host2 (80)  [  0%] 0 of 251

executor >  slurm (341)
[d9/2e0aef] process > host1 (256) [100%] 256 of 256 ✔
[08/498a91] process > host2 (11)  [  4%] 10 of 256

executor >  slurm (345)
[d9/2e0aef] process > host1 (256) [100%] 256 of 256 ✔
[84/fbbe1d] process > host2 (36)  [ 11%] 28 of 256

executor >  slurm (350)
[d9/2e0aef] process > host1 (256) [100%] 256 of 256 ✔
[b4/9905c8] process > host2 (94)  [ 15%] 39 of 256

executor >  slurm (358)
[d9/2e0aef] process > host1 (256) [100%] 256 of 256 ✔
[9b/90c41d] process > host2 (102) [ 15%] 39 of 256

executor >  slurm (369)
[d9/2e0aef] process > host1 (256) [100%] 256 of 256 ✔
[90/35973f] process > host2 (113) [ 15%] 39 of 256

executor >  slurm (382)
[d9/2e0aef] process > host1 (256) [100%] 256 of 256 ✔
[32/b7c83d] process > host2 (126) [ 15%] 39 of 256

executor >  slurm (395)
[d9/2e0aef] process > host1 (256) [100%] 256 of 256 ✔
[ea/670a90] process > host2 (139) [ 15%] 39 of 256

executor >  slurm (406)
[d9/2e0aef] process > host1 (256) [100%] 256 of 256 ✔
[ab/016145] process > host2 (150) [ 15%] 39 of 256

executor >  slurm (421)
[d9/2e0aef] process > host1 (256) [100%] 256 of 256 ✔
[5e/3ae48c] process > host2 (165) [ 15%] 39 of 256

executor >  slurm (434)
[d9/2e0aef] process > host1 (256) [100%] 256 of 256 ✔
[64/969da0] process > host2 (178) [ 15%] 39 of 256

executor >  slurm (444)
[d9/2e0aef] process > host1 (256) [100%] 256 of 256 ✔
[8e/b1a77b] process > host2 (188) [ 15%] 39 of 256

executor >  slurm (459)
[d9/2e0aef] process > host1 (256) [100%] 256 of 256 ✔
[b1/023854] process > host2 (203) [ 15%] 39 of 256

executor >  slurm (471)
[d9/2e0aef] process > host1 (256) [100%] 256 of 256 ✔
[21/e6c2b7] process > host2 (215) [ 15%] 39 of 256

executor >  slurm (486)
[d9/2e0aef] process > host1 (256) [100%] 256 of 256 ✔
[30/3dffde] process > host2 (230) [ 15%] 39 of 256

executor >  slurm (500)
[d9/2e0aef] process > host1 (256) [100%] 256 of 256 ✔
[b9/834dd4] process > host2 (244) [ 15%] 39 of 256

executor >  slurm (512)
[d9/2e0aef] process > host1 (256) [100%] 256 of 256 ✔
[2b/b83c92] process > host2 (256) [ 15%] 39 of 256

executor >  slurm (512)
[d9/2e0aef] process > host1 (256) [100%] 256 of 256 ✔
[ac/9f2731] process > host2 (43)  [ 20%] 50 of 256

executor >  slurm (512)
[d9/2e0aef] process > host1 (256) [100%] 256 of 256 ✔
[9f/764468] process > host2 (67)  [ 26%] 67 of 256

executor >  slurm (512)
[d9/2e0aef] process > host1 (256) [100%] 256 of 256 ✔
[35/4f6895] process > host2 (85)  [ 33%] 85 of 256

executor >  slurm (512)
[d9/2e0aef] process > host1 (256) [100%] 256 of 256 ✔
[c7/ea9cfc] process > host2 (118) [ 46%] 118 of 256

executor >  slurm (512)
[d9/2e0aef] process > host1 (256) [100%] 256 of 256 ✔
[d3/4d3114] process > host2 (134) [ 52%] 134 of 256

executor >  slurm (512)
[d9/2e0aef] process > host1 (256) [100%] 256 of 256 ✔
[40/0658b5] process > host2 (151) [ 59%] 151 of 256

executor >  slurm (512)
[d9/2e0aef] process > host1 (256) [100%] 256 of 256 ✔
[a6/853a6c] process > host2 (169) [ 66%] 169 of 256

executor >  slurm (512)
[d9/2e0aef] process > host1 (256) [100%] 256 of 256 ✔
[11/765bd2] process > host2 (189) [ 72%] 185 of 256

executor >  slurm (512)
[d9/2e0aef] process > host1 (256) [100%] 256 of 256 ✔
[fd/311255] process > host2 (235) [ 78%] 200 of 256

executor >  slurm (512)
[d9/2e0aef] process > host1 (256) [100%] 256 of 256 ✔
[09/829206] process > host2 (250) [ 84%] 214 of 256

executor >  slurm (512)
[d9/2e0aef] process > host1 (256) [100%] 256 of 256 ✔
[2b/b83c92] process > host2 (256) [ 86%] 220 of 256

executor >  slurm (512)
[d9/2e0aef] process > host1 (256) [100%] 256 of 256 ✔
[a3/c27726] process > host2 (201) [ 90%] 231 of 256

executor >  slurm (512)
[d9/2e0aef] process > host1 (256) [100%] 256 of 256 ✔
[fa/223672] process > host2 (221) [ 96%] 245 of 256

executor >  slurm (512)
[d9/2e0aef] process > host1 (256) [100%] 256 of 256 ✔
[17/081e30] process > host2 (243) [100%] 255 of 256

executor >  slurm (512)
[d9/2e0aef] process > host1 (256) [100%] 256 of 256 ✔
[d5/d0764e] process > host2 (196) [100%] 256 of 256 ✔
Hostname: compute-7-2
compute-7-0
compute-7-1
compute-7-4
compute-7-3


executor >  slurm (512)
[d9/2e0aef] process > host1 (256) [100%] 256 of 256 ✔
[d5/d0764e] process > host2 (196) [100%] 256 of 256 ✔
Hostname: compute-7-2
compute-7-0
compute-7-1
compute-7-4
compute-7-3


+ echo -e 'Done processing * 256 * tasks, on * 256 * cores'
+ for line in '{1..10}'
++ sed -n 10p
++ cat cores.txt
+ cores=512
+ tasks=512
+ tee -a nf.nf/logs/bioinfoScaling_processes-1_host.txt nf.nf/logs/bioinfoScaling_processes-2_host.txt
+ echo -n 512,512,
512,512,+ sed s/CORES/512/ nextflow.config.tmpl
+ /usr/bin/time --format %U,%S,%e,%P,%K,%c,%w,%F,%I,%O,%r,%s,%x --append --output nf.nf/logs/bioinfoScaling_processes-1_host.txt /home/a-m/azzaea/software/nextflow/21.04.1.5556 run host_process.nf -c nf.nf/logs/confs/nextflow.config.512 -profile cluster --ntasks=512 --log=nf.nf/hosts/host1_tasks512.txt
N E X T F L O W  ~  version 21.04.1
Launching `host_process.nf` [tender_almeida] - revision: b2ae3954f9
[-        ] process > host1 -

executor >  slurm (1)
[46/4e9ee0] process > host1 (4) [  0%] 0 of 116

executor >  slurm (2)
[ca/027e89] process > host1 (5) [  0%] 0 of 249

executor >  slurm (2)
[ca/027e89] process > host1 (5) [  0%] 0 of 373

executor >  slurm (3)
[09/a06640] process > host1 (1) [  0%] 0 of 512

executor >  slurm (8)
[76/d2c3da] process > host1 (10) [  0%] 0 of 512

executor >  slurm (13)
[e2/940e81] process > host1 (14) [  0%] 0 of 512

executor >  slurm (20)
[76/2b04ae] process > host1 (17) [  0%] 0 of 512

executor >  slurm (29)
[25/4788f0] process > host1 (35) [  0%] 0 of 512

executor >  slurm (36)
[75/13d317] process > host1 (36) [  0%] 0 of 512

executor >  slurm (47)
[6b/74b55d] process > host1 (39) [  0%] 0 of 512

executor >  slurm (59)
[56/68aaa5] process > host1 (56) [  0%] 0 of 512

executor >  slurm (70)
[f9/6d56e4] process > host1 (66) [  0%] 0 of 512

executor >  slurm (78)
[e8/9242c0] process > host1 (78) [  0%] 0 of 512

executor >  slurm (86)
[79/44cfa0] process > host1 (83) [  0%] 0 of 512

executor >  slurm (93)
[20/9c8342] process > host1 (92) [  0%] 0 of 512

executor >  slurm (105)
[7e/633600] process > host1 (99) [  0%] 0 of 512

executor >  slurm (117)
[d4/8e059d] process > host1 (134) [  0%] 0 of 512

executor >  slurm (129)
[41/c19682] process > host1 (118) [  0%] 0 of 512

executor >  slurm (140)
[8c/a459f9] process > host1 (154) [  0%] 0 of 512

executor >  slurm (149)
[00/72e64a] process > host1 (143) [  0%] 0 of 512

executor >  slurm (159)
[f7/c2ade3] process > host1 (139) [  0%] 0 of 512

executor >  slurm (166)
[12/c8c898] process > host1 (183) [  0%] 0 of 512

executor >  slurm (168)
[4b/9e53bb] process > host1 (9)   [  2%] 11 of 512

executor >  slurm (172)
[7d/0f422d] process > host1 (163) [  5%] 25 of 512

executor >  slurm (176)
[d0/e9046e] process > host1 (57)  [ 11%] 56 of 512

executor >  slurm (180)
[6b/3ad76e] process > host1 (72)  [ 13%] 64 of 512

executor >  slurm (184)
[bc/f5d252] process > host1 (93)  [ 15%] 78 of 512

executor >  slurm (188)
[78/bb7db4] process > host1 (151) [ 18%] 92 of 512

executor >  slurm (191)
[07/e1b1cd] process > host1 (165) [ 20%] 104 of 512

executor >  slurm (196)
[59/564f8a] process > host1 (187) [ 21%] 108 of 512

executor >  slurm (202)
[31/1879ed] process > host1 (185) [ 21%] 108 of 512

executor >  slurm (207)
[f9/d54215] process > host1 (207) [ 21%] 108 of 512

executor >  slurm (212)
[1f/1bb7dc] process > host1 (214) [ 21%] 108 of 512

executor >  slurm (221)
[cb/2bb742] process > host1 (224) [ 21%] 108 of 512

executor >  slurm (234)
[c5/c1473f] process > host1 (252) [ 21%] 108 of 512

executor >  slurm (245)
[03/c2031f] process > host1 (244) [ 21%] 108 of 512

executor >  slurm (257)
[ef/8c1aae] process > host1 (257) [ 21%] 108 of 512

executor >  slurm (270)
[f3/36e626] process > host1 (267) [ 21%] 108 of 512

executor >  slurm (283)
[23/511460] process > host1 (285) [ 21%] 108 of 512

executor >  slurm (296)
[52/1076be] process > host1 (293) [ 21%] 108 of 512

executor >  slurm (310)
[a2/0efd2a] process > host1 (301) [ 21%] 108 of 512

executor >  slurm (322)
[a5/d54019] process > host1 (345) [ 21%] 108 of 512

executor >  slurm (336)
[b5/984424] process > host1 (336) [ 21%] 108 of 512

executor >  slurm (350)
[ec/2bb549] process > host1 (372) [ 21%] 108 of 512

executor >  slurm (363)
[3e/840ba5] process > host1 (376) [ 21%] 108 of 512

executor >  slurm (376)
[80/dcd349] process > host1 (356) [ 21%] 108 of 512

executor >  slurm (382)
[67/bf17fc] process > host1 (94)  [ 25%] 126 of 512

executor >  slurm (387)
[a7/0aef6e] process > host1 (408) [ 28%] 142 of 512

executor >  slurm (395)
[85/c16ae0] process > host1 (167) [ 33%] 167 of 512

executor >  slurm (404)
[dc/8d4e31] process > host1 (406) [ 38%] 193 of 512

executor >  slurm (407)
[c1/4a4ed1] process > host1 (226) [ 44%] 225 of 512

executor >  slurm (412)
[53/68581d] process > host1 (241) [ 47%] 241 of 512

executor >  slurm (419)
[23/7e2860] process > host1 (279) [ 50%] 258 of 512

executor >  slurm (428)
[93/6bf3f7] process > host1 (298) [ 54%] 276 of 512

executor >  slurm (439)
[ec/604d0a] process > host1 (319) [ 58%] 295 of 512

executor >  slurm (451)
[8c/d8d607] process > host1 (466) [ 62%] 315 of 512

executor >  slurm (465)
[c2/96680d] process > host1 (472) [ 62%] 315 of 512

executor >  slurm (478)
[a6/e510d6] process > host1 (478) [ 62%] 315 of 512

executor >  slurm (493)
[d3/40a3dd] process > host1 (507) [ 62%] 315 of 512

executor >  slurm (508)
[b4/10a9e3] process > host1 (508) [ 62%] 315 of 512

executor >  slurm (512)
[14/140c74] process > host1 (512) [ 62%] 315 of 512

executor >  slurm (512)
[cb/2bb742] process > host1 (224) [ 62%] 316 of 512

executor >  slurm (512)
[e3/71c309] process > host1 (266) [ 65%] 333 of 512

executor >  slurm (512)
[7b/ab4929] process > host1 (315) [ 69%] 351 of 512

executor >  slurm (512)
[b5/1af3a5] process > host1 (354) [ 73%] 372 of 512

executor >  slurm (512)
[a7/0aef6e] process > host1 (408) [ 76%] 387 of 512

executor >  slurm (512)
[37/b4b44c] process > host1 (383) [ 80%] 409 of 512

executor >  slurm (512)
[5b/c618cb] process > host1 (420) [ 83%] 423 of 512

executor >  slurm (512)
[f3/525842] process > host1 (461) [ 85%] 437 of 512

executor >  slurm (512)
[3b/b8e2a3] process > host1 (482) [ 88%] 452 of 512

executor >  slurm (512)
[14/140c74] process > host1 (512) [ 93%] 475 of 512

executor >  slurm (512)
[5d/3e231b] process > host1 (432) [ 93%] 478 of 512

executor >  slurm (512)
[60/0bdefa] process > host1 (451) [ 96%] 494 of 512

executor >  slurm (512)
[4b/a6acde] process > host1 (502) [ 99%] 507 of 512

executor >  slurm (512)
[b6/3845fc] process > host1 (500) [100%] 512 of 512 ✔
Hostname: compute-7-2
compute-7-0
compute-7-1
compute-7-4
compute-7-3


+ /usr/bin/time --format %U,%S,%e,%P,%K,%c,%w,%F,%I,%O,%r,%s,%x --append --output nf.nf/logs/bioinfoScaling_processes-2_host.txt /home/a-m/azzaea/software/nextflow/21.04.1.5556 run host_workflow.nf -c nf.nf/logs/confs/nextflow.config.512 -profile cluster --ntasks=512 --log=nf.nf/hosts/host2_tasks512.txt
N E X T F L O W  ~  version 21.04.1
Launching `host_workflow.nf` [gloomy_spence] - revision: 84abddf17c
[-        ] process > host1 -

[-        ] process > host1 [  0%] 0 of 32
[-        ] process > host2 -

executor >  slurm (1)
[73/ceeaa3] process > host1 (2) [  0%] 0 of 98
[-        ] process > host2     -

executor >  slurm (2)
[0f/bd6dca] process > host1 (4) [  0%] 0 of 192
[-        ] process > host2     -

executor >  slurm (2)
[0f/bd6dca] process > host1 (4) [  0%] 0 of 313
[-        ] process > host2     -

executor >  slurm (3)
[47/c4fc50] process > host1 (5) [  0%] 0 of 420
[-        ] process > host2     -

executor >  slurm (8)
[44/c7d222] process > host1 (8) [  0%] 0 of 512
[-        ] process > host2     -

executor >  slurm (12)
[47/ab53c7] process > host1 (11) [  0%] 0 of 512
[-        ] process > host2      -

executor >  slurm (17)
[f2/8d8b33] process > host1 (16) [  0%] 0 of 512
[-        ] process > host2      -

executor >  slurm (22)
[b7/d48279] process > host1 (26) [  0%] 0 of 512
[-        ] process > host2      -

executor >  slurm (28)
[ad/2255d8] process > host1 (29) [  0%] 0 of 512
[-        ] process > host2      -

executor >  slurm (35)
[16/e91239] process > host1 (38) [  0%] 0 of 512
[-        ] process > host2      -

executor >  slurm (42)
[a8/958860] process > host1 (44) [  0%] 0 of 512
[-        ] process > host2      -

executor >  slurm (52)
[59/12d879] process > host1 (49) [  0%] 0 of 512
[-        ] process > host2      -

executor >  slurm (62)
[2d/b42fbd] process > host1 (62) [  0%] 0 of 512
[-        ] process > host2      -

executor >  slurm (72)
[fc/a129f9] process > host1 (66) [  0%] 0 of 512
[-        ] process > host2      -

executor >  slurm (84)
[70/45789c] process > host1 (82) [  0%] 0 of 512
[-        ] process > host2      -

executor >  slurm (93)
[69/d9682a] process > host1 (92) [  0%] 0 of 512
[-        ] process > host2      -

executor >  slurm (103)
[7a/68f887] process > host1 (111) [  0%] 0 of 512
[-        ] process > host2       -

executor >  slurm (111)
[52/c494cc] process > host1 (108) [  0%] 0 of 512
[-        ] process > host2       -

executor >  slurm (116)
[9c/1ef039] process > host1 (113) [  0%] 0 of 512
[-        ] process > host2       -

executor >  slurm (121)
[95/b63ee0] process > host1 (139) [  0%] 0 of 512
[-        ] process > host2       -

executor >  slurm (125)
[ae/83a78a] process > host1 (124) [  0%] 0 of 512
[-        ] process > host2       -

executor >  slurm (127)
[72/d26d34] process > host1 (7)   [  1%] 7 of 512
[-        ] process > host2       [  0%] 0 of 7

executor >  slurm (130)
[6c/442b57] process > host1 (121) [  4%] 21 of 512
[-        ] process > host2       [  0%] 0 of 21

executor >  slurm (134)
[16/e91239] process > host1 (38)  [  6%] 31 of 512
[-        ] process > host2       [  0%] 0 of 31

executor >  slurm (137)
[54/a78b4f] process > host1 (67)  [ 10%] 53 of 512
[-        ] process > host2       [  0%] 0 of 53

executor >  slurm (141)
[04/f81def] process > host1 (96)  [ 13%] 69 of 512
[-        ] process > host2       [  0%] 0 of 69

executor >  slurm (144)
[5d/73f3e8] process > host1 (135) [ 16%] 82 of 512
[-        ] process > host2       [  0%] 0 of 82

executor >  slurm (149)
[69/415913] process > host1 (150) [ 16%] 83 of 512
[-        ] process > host2       [  0%] 0 of 83

executor >  slurm (154)
[a4/ab8ece] process > host1 (152) [ 16%] 83 of 512
[-        ] process > host2       [  0%] 0 of 83

executor >  slurm (161)
[47/289f9c] process > host1 (145) [ 16%] 83 of 512
[-        ] process > host2       [  0%] 0 of 83

executor >  slurm (165)
[20/bb461d] process > host1 (165) [ 16%] 83 of 512
[-        ] process > host2       [  0%] 0 of 83

executor >  slurm (171)
[ba/c66385] process > host1 (185) [ 16%] 83 of 512
[-        ] process > host2       [  0%] 0 of 83

executor >  slurm (182)
[be/5ffa95] process > host1 (189) [ 16%] 83 of 512
[-        ] process > host2       [  0%] 0 of 83

executor >  slurm (188)
[38/4911c1] process > host1 (181) [ 16%] 83 of 512
[-        ] process > host2       [  0%] 0 of 83

executor >  slurm (194)
[95/77c5c2] process > host1 (196) [ 16%] 83 of 512
[-        ] process > host2       [  0%] 0 of 83

executor >  slurm (206)
[d9/780616] process > host1 (218) [ 16%] 83 of 512
[-        ] process > host2       [  0%] 0 of 83

executor >  slurm (219)
[2f/d07062] process > host1 (193) [ 16%] 83 of 512
[-        ] process > host2       [  0%] 0 of 83

executor >  slurm (227)
[0f/b8e59f] process > host1 (235) [ 16%] 83 of 512
[-        ] process > host2       [  0%] 0 of 83

executor >  slurm (240)
[bc/20d76a] process > host1 (224) [ 16%] 83 of 512
[-        ] process > host2       [  0%] 0 of 83

executor >  slurm (251)
[44/600999] process > host1 (251) [ 16%] 83 of 512
[-        ] process > host2       [  0%] 0 of 83

executor >  slurm (264)
[73/7a960f] process > host1 (274) [ 16%] 83 of 512
[-        ] process > host2       [  0%] 0 of 83

executor >  slurm (278)
[52/49650a] process > host1 (253) [ 16%] 83 of 512
[-        ] process > host2       [  0%] 0 of 83

executor >  slurm (292)
[32/685976] process > host1 (296) [ 16%] 83 of 512
[-        ] process > host2       [  0%] 0 of 83

executor >  slurm (304)
[73/5c47d9] process > host1 (288) [ 16%] 83 of 512
[-        ] process > host2       [  0%] 0 of 83

executor >  slurm (318)
[54/a59351] process > host1 (326) [ 16%] 83 of 512
[-        ] process > host2       [  0%] 0 of 83

executor >  slurm (324)
[f4/a14bb9] process > host1 (58)  [ 19%] 95 of 512
[-        ] process > host2       [  0%] 0 of 94

executor >  slurm (328)
[d6/b56320] process > host1 (110) [ 22%] 115 of 512
[-        ] process > host2       [  0%] 0 of 115

executor >  slurm (333)
[9c/704b4f] process > host1 (337) [ 26%] 133 of 512
[-        ] process > host2       [  0%] 0 of 133

executor >  slurm (337)
[af/387b92] process > host1 (164) [ 32%] 162 of 512
[-        ] process > host2       [  0%] 0 of 162

executor >  slurm (343)
[da/f58d46] process > host1 (175) [ 36%] 183 of 512
[-        ] process > host2       [  0%] 0 of 183

executor >  slurm (351)
[2d/18319d] process > host1 (198) [ 39%] 198 of 512
[-        ] process > host2       [  0%] 0 of 198

executor >  slurm (359)
[05/1cd758] process > host1 (352) [ 41%] 212 of 512
[-        ] process > host2       [  0%] 0 of 212

executor >  slurm (364)
[90/7fd0c9] process > host1 (237) [ 45%] 229 of 512
[-        ] process > host2       [  0%] 0 of 229

executor >  slurm (368)
[bd/3fd77e] process > host1 (258) [ 49%] 250 of 512
[-        ] process > host2       [  0%] 0 of 248

executor >  slurm (373)
[c5/d3a02a] process > host1 (348) [ 55%] 282 of 512
[-        ] process > host2       [  0%] 0 of 282

executor >  slurm (379)
[ed/ef3b34] process > host1 (380) [ 56%] 287 of 512
[-        ] process > host2       [  0%] 0 of 287

executor >  slurm (392)
[83/ea30a3] process > host1 (389) [ 56%] 287 of 512
[-        ] process > host2       [  0%] 0 of 287

executor >  slurm (406)
[fd/74f957] process > host1 (399) [ 56%] 287 of 512
[-        ] process > host2       [  0%] 0 of 287

executor >  slurm (420)
[27/29201c] process > host1 (422) [ 56%] 287 of 512
[-        ] process > host2       [  0%] 0 of 287

executor >  slurm (434)
[48/ad3a63] process > host1 (448) [ 56%] 287 of 512
[-        ] process > host2       [  0%] 0 of 287

executor >  slurm (448)
[79/85c21e] process > host1 (416) [ 56%] 287 of 512
[-        ] process > host2       [  0%] 0 of 287

executor >  slurm (458)
[d6/9b11ae] process > host1 (484) [ 56%] 287 of 512
[-        ] process > host2       [  0%] 0 of 287

executor >  slurm (472)
[0c/8acee4] process > host1 (485) [ 56%] 287 of 512
[-        ] process > host2       [  0%] 0 of 287

executor >  slurm (482)
[8e/92fa7e] process > host1 (470) [ 56%] 287 of 512
[-        ] process > host2       [  0%] 0 of 287

executor >  slurm (494)
[fe/d8f4ce] process > host1 (494) [ 56%] 287 of 512
[-        ] process > host2       [  0%] 0 of 287

executor >  slurm (504)
[5e/3a1089] process > host1 (502) [ 56%] 287 of 512
[-        ] process > host2       [  0%] 0 of 287

executor >  slurm (515)
[c7/64053c] process > host1 (512) [ 56%] 287 of 512
[3f/5f4470] process > host2 (3)   [  0%] 0 of 287

executor >  slurm (529)
[c7/64053c] process > host1 (512) [ 56%] 287 of 512
[e9/198c8c] process > host2 (17)  [  0%] 0 of 287

executor >  slurm (537)
[c7/64053c] process > host1 (512) [ 56%] 287 of 512
[70/af6690] process > host2 (25)  [  0%] 0 of 287

executor >  slurm (546)
[94/78f8e3] process > host1 (226) [ 57%] 294 of 512
[85/28c6e8] process > host2 (34)  [  0%] 0 of 293

executor >  slurm (554)
[38/2c2346] process > host1 (264) [ 60%] 308 of 512
[8d/76b49a] process > host2 (42)  [  0%] 0 of 307

executor >  slurm (564)
[0c/5e40d7] process > host1 (319) [ 63%] 323 of 512
[9f/ee84ea] process > host2 (52)  [  0%] 0 of 323

executor >  slurm (573)
[b1/3dd4bc] process > host1 (332) [ 67%] 341 of 512
[1b/963bb3] process > host2 (61)  [  0%] 0 of 341

executor >  slurm (579)
[69/054ba2] process > host1 (364) [ 72%] 368 of 512
[54/123e72] process > host2 (67)  [  0%] 0 of 367

executor >  slurm (588)
[fd/74f957] process > host1 (399) [ 75%] 386 of 512
[e1/60ae93] process > host2 (76)  [  0%] 0 of 385

executor >  slurm (596)
[85/767a97] process > host1 (438) [ 78%] 400 of 512
[ba/40b4be] process > host2 (84)  [  0%] 0 of 400

executor >  slurm (606)
[0c/8acee4] process > host1 (485) [ 81%] 416 of 512
[e6/b5ef6b] process > host2 (94)  [  0%] 0 of 415

executor >  slurm (616)
[a4/915290] process > host1 (507) [ 85%] 435 of 512
[e6/5c5427] process > host2 (104) [  1%] 5 of 435

executor >  slurm (631)
[a4/915290] process > host1 (507) [ 85%] 435 of 512
[48/4d9741] process > host2 (119) [  1%] 5 of 435

executor >  slurm (645)
[a4/915290] process > host1 (507) [ 85%] 435 of 512
[22/1d4b06] process > host2 (133) [  1%] 5 of 435

executor >  slurm (659)
[a4/915290] process > host1 (507) [ 85%] 435 of 512
[d9/9a6841] process > host2 (147) [  1%] 5 of 435

executor >  slurm (674)
[a4/915290] process > host1 (507) [ 85%] 435 of 512
[63/8c92d2] process > host2 (162) [  1%] 5 of 435

executor >  slurm (688)
[a4/915290] process > host1 (507) [ 85%] 435 of 512
[28/6b4cec] process > host2 (176) [  1%] 5 of 435

executor >  slurm (704)
[a4/915290] process > host1 (507) [ 85%] 435 of 512
[20/9426ab] process > host2 (192) [  1%] 5 of 435

executor >  slurm (717)
[a4/915290] process > host1 (507) [ 85%] 435 of 512
[1b/2a70df] process > host2 (205) [  1%] 5 of 435

executor >  slurm (730)
[a4/915290] process > host1 (507) [ 85%] 435 of 512
[ab/7c1d78] process > host2 (218) [  1%] 5 of 435

executor >  slurm (742)
[a4/915290] process > host1 (507) [ 85%] 435 of 512
[e3/da7d55] process > host2 (230) [  1%] 5 of 435

executor >  slurm (755)
[a4/915290] process > host1 (507) [ 85%] 435 of 512
[79/19c9b5] process > host2 (242) [  1%] 5 of 435

executor >  slurm (767)
[a4/915290] process > host1 (507) [ 85%] 435 of 512
[30/5afab1] process > host2 (255) [  1%] 5 of 435

executor >  slurm (783)
[a4/915290] process > host1 (507) [ 85%] 435 of 512
[7d/4a0914] process > host2 (271) [  1%] 5 of 435

executor >  slurm (794)
[a4/915290] process > host1 (507) [ 85%] 435 of 512
[e5/7f747e] process > host2 (282) [  1%] 5 of 435

executor >  slurm (803)
[a4/915290] process > host1 (507) [ 85%] 435 of 512
[29/55c411] process > host2 (291) [  1%] 5 of 435

executor >  slurm (816)
[a4/915290] process > host1 (507) [ 85%] 435 of 512
[3e/4fb4cb] process > host2 (304) [  1%] 5 of 435

executor >  slurm (830)
[a4/915290] process > host1 (507) [ 85%] 435 of 512
[3c/e378c4] process > host2 (318) [  1%] 5 of 435

executor >  slurm (841)
[35/5eb970] process > host1 (388) [ 88%] 448 of 512
[e8/aa86c2] process > host2 (329) [  1%] 5 of 448

executor >  slurm (852)
[74/32cda1] process > host1 (436) [ 90%] 463 of 512
[57/e1d387] process > host2 (340) [  1%] 5 of 463

executor >  slurm (863)
[2d/5a73e5] process > host1 (481) [ 93%] 478 of 512
[dc/5ee846] process > host2 (351) [  1%] 5 of 478

executor >  slurm (873)
[28/4de1bf] process > host1 (501) [ 96%] 491 of 512
[e7/38a37d] process > host2 (361) [  1%] 5 of 491

executor >  slurm (884)
[c7/64053c] process > host1 (512) [ 98%] 501 of 512
[96/29bf43] process > host2 (372) [  2%] 8 of 501

executor >  slurm (895)
[c7/64053c] process > host1 (512) [ 98%] 501 of 512
[23/8ee579] process > host2 (383) [  4%] 22 of 501

executor >  slurm (906)
[c7/64053c] process > host1 (512) [ 98%] 501 of 512
[88/f8d35b] process > host2 (38)  [  7%] 37 of 501

executor >  slurm (919)
[c7/64053c] process > host1 (512) [ 98%] 501 of 512
[16/85345d] process > host2 (407) [ 11%] 53 of 501

executor >  slurm (925)
[c7/64053c] process > host1 (512) [ 98%] 501 of 512
[47/2d5785] process > host2 (81)  [ 16%] 80 of 501

executor >  slurm (938)
[c7/64053c] process > host1 (512) [ 98%] 501 of 512
[60/65965d] process > host2 (426) [ 20%] 101 of 501

executor >  slurm (951)
[c7/64053c] process > host1 (512) [ 98%] 501 of 512
[14/ce71a7] process > host2 (123) [ 23%] 117 of 501

executor >  slurm (964)
[c7/64053c] process > host1 (512) [ 98%] 501 of 512
[e8/b4fa39] process > host2 (140) [ 26%] 132 of 501

executor >  slurm (976)
[c7/64053c] process > host1 (512) [ 98%] 501 of 512
[64/7199e2] process > host2 (464) [ 29%] 146 of 501

executor >  slurm (990)
[c7/64053c] process > host1 (512) [ 98%] 501 of 512
[af/bd8a14] process > host2 (478) [ 32%] 161 of 501

executor >  slurm (1003)
[c7/64053c] process > host1 (512) [ 98%] 501 of 512
[e2/ede549] process > host2 (201) [ 35%] 176 of 501

executor >  slurm (1013)
[c7/64053c] process > host1 (512) [ 98%] 501 of 512
[50/519b33] process > host2 (225) [ 38%] 191 of 501

executor >  slurm (1013)
[c7/64053c] process > host1 (512) [ 98%] 501 of 512
[5a/688ccd] process > host2 (264) [ 44%] 222 of 501

executor >  slurm (1013)
[c7/64053c] process > host1 (512) [ 98%] 501 of 512
[99/8ce7dc] process > host2 (289) [ 47%] 233 of 501

executor >  slurm (1013)
[c7/64053c] process > host1 (512) [ 98%] 501 of 512
[60/6c0e4b] process > host2 (314) [ 47%] 234 of 501

executor >  slurm (1013)
[a1/9ffccf] process > host1 (428) [ 98%] 504 of 512
[60/6c0e4b] process > host2 (314) [ 46%] 234 of 504

executor >  slurm (1019)
[8f/7fbd7e] process > host1 (497) [100%] 512 of 512 ✔
[b7/c6273a] process > host2 (507) [ 47%] 241 of 512

executor >  slurm (1024)
[8f/7fbd7e] process > host1 (497) [100%] 512 of 512 ✔
[10/6a796e] process > host2 (196) [ 50%] 256 of 512

executor >  slurm (1024)
[8f/7fbd7e] process > host1 (497) [100%] 512 of 512 ✔
[a1/dbc0d4] process > host2 (270) [ 53%] 270 of 512

executor >  slurm (1024)
[8f/7fbd7e] process > host1 (497) [100%] 512 of 512 ✔
[3e/4fb4cb] process > host2 (304) [ 55%] 284 of 512

executor >  slurm (1024)
[8f/7fbd7e] process > host1 (497) [100%] 512 of 512 ✔
[84/47d23c] process > host2 (345) [ 62%] 315 of 512

executor >  slurm (1024)
[8f/7fbd7e] process > host1 (497) [100%] 512 of 512 ✔
[00/5a4f25] process > host2 (378) [ 64%] 330 of 512

executor >  slurm (1024)
[8f/7fbd7e] process > host1 (497) [100%] 512 of 512 ✔
[48/38df13] process > host2 (491) [ 67%] 342 of 512

executor >  slurm (1024)
[8f/7fbd7e] process > host1 (497) [100%] 512 of 512 ✔
[e5/b9c939] process > host2 (211) [ 68%] 347 of 512

executor >  slurm (1024)
[8f/7fbd7e] process > host1 (497) [100%] 512 of 512 ✔
[48/8226e0] process > host2 (309) [ 71%] 365 of 512

executor >  slurm (1024)
[8f/7fbd7e] process > host1 (497) [100%] 512 of 512 ✔
[0d/bd32c4] process > host2 (368) [ 75%] 382 of 512

executor >  slurm (1024)
[8f/7fbd7e] process > host1 (497) [100%] 512 of 512 ✔
[3a/2e2e08] process > host2 (393) [ 78%] 398 of 512

executor >  slurm (1024)
[8f/7fbd7e] process > host1 (497) [100%] 512 of 512 ✔
[f0/e7d1ff] process > host2 (410) [ 81%] 414 of 512

executor >  slurm (1024)
[8f/7fbd7e] process > host1 (497) [100%] 512 of 512 ✔
[83/d3b615] process > host2 (429) [ 84%] 429 of 512

executor >  slurm (1024)
[8f/7fbd7e] process > host1 (497) [100%] 512 of 512 ✔
[7d/cf367a] process > host2 (450) [ 87%] 447 of 512

executor >  slurm (1024)
[8f/7fbd7e] process > host1 (497) [100%] 512 of 512 ✔
[67/1f9eb0] process > host2 (467) [ 90%] 462 of 512

executor >  slurm (1024)
[8f/7fbd7e] process > host1 (497) [100%] 512 of 512 ✔
[f6/b8fed9] process > host2 (486) [ 94%] 479 of 512

executor >  slurm (1024)
[8f/7fbd7e] process > host1 (497) [100%] 512 of 512 ✔
[77/988e31] process > host2 (512) [ 98%] 503 of 512

executor >  slurm (1024)
[8f/7fbd7e] process > host1 (497) [100%] 512 of 512 ✔
[8e/32da2d] process > host2 (427) [100%] 511 of 512 ✔

executor >  slurm (1024)
[8f/7fbd7e] process > host1 (497) [100%] 512 of 512 ✔
[48/35ff98] process > host2 (456) [100%] 512 of 512 ✔
Hostname: compute-7-2
compute-7-0
compute-7-1
compute-7-4
compute-7-3


+ echo -e 'Done processing * 512 * tasks, on * 512 * cores'
+ echo '##############################################################################################'
+ cd nf.nf/hosts
+ echo 'nodes processes tasks'
++ ls -1v
+ for file in '`ls -1v`'
+ sed 's/_/ /g'
++ wc -l host1_tasks1.txt
+ echo 1 host1_tasks1.txt
+ for file in '`ls -1v`'
+ sed 's/_/ /g'
++ wc -l host1_tasks2.txt
+ echo 1 host1_tasks2.txt
+ for file in '`ls -1v`'
+ sed 's/_/ /g'
++ wc -l host1_tasks4.txt
+ echo 1 host1_tasks4.txt
+ for file in '`ls -1v`'
+ sed 's/_/ /g'
++ wc -l host1_tasks8.txt
+ echo 1 host1_tasks8.txt
+ for file in '`ls -1v`'
+ sed 's/_/ /g'
++ wc -l host1_tasks16.txt
+ echo 2 host1_tasks16.txt
+ for file in '`ls -1v`'
+ sed 's/_/ /g'
++ wc -l host1_tasks32.txt
+ echo 2 host1_tasks32.txt
+ for file in '`ls -1v`'
+ sed 's/_/ /g'
++ wc -l host1_tasks64.txt
+ echo 3 host1_tasks64.txt
+ for file in '`ls -1v`'
+ sed 's/_/ /g'
++ wc -l host1_tasks128.txt
+ echo 5 host1_tasks128.txt
+ for file in '`ls -1v`'
+ sed 's/_/ /g'
++ wc -l host1_tasks256.txt
+ echo 5 host1_tasks256.txt
+ for file in '`ls -1v`'
+ sed 's/_/ /g'
++ wc -l host1_tasks512.txt
+ echo 5 host1_tasks512.txt
+ for file in '`ls -1v`'
+ sed 's/_/ /g'
++ wc -l host2_tasks1.txt
+ echo 1 host2_tasks1.txt
+ for file in '`ls -1v`'
+ sed 's/_/ /g'
++ wc -l host2_tasks2.txt
+ echo 1 host2_tasks2.txt
+ for file in '`ls -1v`'
+ sed 's/_/ /g'
++ wc -l host2_tasks4.txt
+ echo 1 host2_tasks4.txt
+ for file in '`ls -1v`'
+ sed 's/_/ /g'
++ wc -l host2_tasks8.txt
+ echo 1 host2_tasks8.txt
+ for file in '`ls -1v`'
+ sed 's/_/ /g'
++ wc -l host2_tasks16.txt
+ echo 2 host2_tasks16.txt
+ for file in '`ls -1v`'
+ sed 's/_/ /g'
++ wc -l host2_tasks32.txt
+ echo 2 host2_tasks32.txt
+ for file in '`ls -1v`'
+ sed 's/_/ /g'
++ wc -l host2_tasks64.txt
+ echo 4 host2_tasks64.txt
+ for file in '`ls -1v`'
+ sed 's/_/ /g'
++ wc -l host2_tasks128.txt
+ echo 5 host2_tasks128.txt
+ for file in '`ls -1v`'
+ sed 's/_/ /g'
++ wc -l host2_tasks256.txt
+ echo 5 host2_tasks256.txt
+ for file in '`ls -1v`'
+ sed 's/_/ /g'
++ wc -l host2_tasks512.txt
+ echo 5 host2_tasks512.txt
+ mail -s 'WfMS- Bio-Scalability' azzaea@gmail.com
+ echo 'Bio-Scalability analysis completed for Nextflow!'
