Analysis done on: 
Wed Jul 21 05:27:33 CDT 2021
+ crom=/home/a-m/azzaea/software/wdl/cromwell-63.jar
+ resultsDir=cwl.cromwell
+ logsDir=cwl.cromwell/logs
+ ymlsDir=cwl.cromwell/logs/ymls
+ hostsDir=' cwl.cromwell/hosts'
+ mkdir -p cwl.cromwell cwl.cromwell/logs cwl.cromwell/logs/ymls cwl.cromwell/hosts
+ progress=cwl.cromwell/logs/progress_bioinfoScaling.txt
+ echo 'Starting BioInfo Scalability Analysis'
+ echo '##############################################################################################'
+ java -jar /home/a-m/azzaea/software/wdl/cromwell-63.jar --version
+ echo '##############################################################################################'
+ ifstat -t -T -n -w
ifstat: invalid time constant divisor
+ log1=cwl.cromwell/logs/bioinfoScaling_processes-1_host.txt
+ log2=cwl.cromwell/logs/bioinfoScaling_processes-2_host.txt
+ tee -a cwl.cromwell/logs/bioinfoScaling_processes-1_host.txt cwl.cromwell/logs/bioinfoScaling_processes-2_host.txt
+ echo cores,tasks,user,system,elapsed,cpu,avMemory,involuntaryContextSwitch,voluntaryContextSwitch,faults,inputs,outputs,socketsIn,socketsOut,exitStatus
cores,tasks,user,system,elapsed,cpu,avMemory,involuntaryContextSwitch,voluntaryContextSwitch,faults,inputs,outputs,socketsIn,socketsOut,exitStatus
+ ymlinput=cwl.cromwell/logs/ymls/host_process_workflow
+ cat host_process_workflow.yml.tmpl
+ for line in '{1..10}'
++ sed -n 1p
++ cat cores.txt
+ cores=1
+ tasks=1
+ tee -a cwl.cromwell/logs/bioinfoScaling_processes-1_host.txt cwl.cromwell/logs/bioinfoScaling_processes-2_host.txt
+ echo -n 1,1,
1,1,+ sed s/NTASKS/1/ cwl.cromwell/logs/ymls/host_process_workflow
+ sed -i s/LOG1/host1_tasks1.txt/ cwl.cromwell/logs/ymls/host_process_workflow.1.yml
+ sed -i s/LOG2/host2_tasks1.txt/ cwl.cromwell/logs/ymls/host_process_workflow.1.yml
+ sed s/CORES/1/ backend.conf
+ /usr/bin/time --format %U,%S,%e,%P,%K,%c,%w,%F,%I,%O,%r,%s,%x --append --output cwl.cromwell/logs/bioinfoScaling_processes-1_host.txt java -Dconfig.file=cwl.cromwell/logs/ymls/backend.conf.1 -jar /home/a-m/azzaea/software/wdl/cromwell-63.jar run host_process.cwl -i cwl.cromwell/logs/ymls/host_process_workflow.1.yml --type cwl -o workflow.options.json
WARNING: An illegal reflective access operation has occurred
WARNING: Illegal reflective access by org.python.core.PySystemState (file:/home/a-m/azzaea/software/wdl/cromwell-63.jar) to method java.io.Console.encoding()
WARNING: Please consider reporting this to the maintainers of org.python.core.PySystemState
WARNING: Use --illegal-access=warn to enable warnings of further illegal reflective access operations
WARNING: All illegal access operations will be denied in a future release
Workflow c658469d-0e31-4f85-a924-40fda72f69a7 transitioned to state Failed
+ /usr/bin/time --format %U,%S,%e,%P,%K,%c,%w,%F,%I,%O,%r,%s,%x --append --output cwl.cromwell/logs/bioinfoScaling_processes-2_host.txt java -Dconfig.file=cwl.cromwell/logs/ymls/backend.conf.1 -jar /home/a-m/azzaea/software/wdl/cromwell-63.jar run host_workflow.cwl -i cwl.cromwell/logs/ymls/host_process_workflow.1.yml --type cwl -o workflow.options.json
WARNING: An illegal reflective access operation has occurred
WARNING: Illegal reflective access by org.python.core.PySystemState (file:/home/a-m/azzaea/software/wdl/cromwell-63.jar) to method java.io.Console.encoding()
WARNING: Please consider reporting this to the maintainers of org.python.core.PySystemState
WARNING: Use --illegal-access=warn to enable warnings of further illegal reflective access operations
WARNING: All illegal access operations will be denied in a future release
Workflow a58e3c39-1dd9-4a5b-8a94-e5b9c8198730 transitioned to state Failed
+ echo -e 'Done processing * 1 * tasks, on * 1 * cores'
+ for line in '{1..10}'
++ sed -n 2p
++ cat cores.txt
+ cores=2
+ tasks=2
+ tee -a cwl.cromwell/logs/bioinfoScaling_processes-1_host.txt cwl.cromwell/logs/bioinfoScaling_processes-2_host.txt
+ echo -n 2,2,
2,2,+ sed s/NTASKS/2/ cwl.cromwell/logs/ymls/host_process_workflow
+ sed -i s/LOG1/host1_tasks2.txt/ cwl.cromwell/logs/ymls/host_process_workflow.2.yml
+ sed -i s/LOG2/host2_tasks2.txt/ cwl.cromwell/logs/ymls/host_process_workflow.2.yml
+ sed s/CORES/2/ backend.conf
+ /usr/bin/time --format %U,%S,%e,%P,%K,%c,%w,%F,%I,%O,%r,%s,%x --append --output cwl.cromwell/logs/bioinfoScaling_processes-1_host.txt java -Dconfig.file=cwl.cromwell/logs/ymls/backend.conf.2 -jar /home/a-m/azzaea/software/wdl/cromwell-63.jar run host_process.cwl -i cwl.cromwell/logs/ymls/host_process_workflow.2.yml --type cwl -o workflow.options.json
WARNING: An illegal reflective access operation has occurred
WARNING: Illegal reflective access by org.python.core.PySystemState (file:/home/a-m/azzaea/software/wdl/cromwell-63.jar) to method java.io.Console.encoding()
WARNING: Please consider reporting this to the maintainers of org.python.core.PySystemState
WARNING: Use --illegal-access=warn to enable warnings of further illegal reflective access operations
WARNING: All illegal access operations will be denied in a future release
Workflow ada22069-0d72-4052-8547-a7d546c03dd2 transitioned to state Failed
+ /usr/bin/time --format %U,%S,%e,%P,%K,%c,%w,%F,%I,%O,%r,%s,%x --append --output cwl.cromwell/logs/bioinfoScaling_processes-2_host.txt java -Dconfig.file=cwl.cromwell/logs/ymls/backend.conf.2 -jar /home/a-m/azzaea/software/wdl/cromwell-63.jar run host_workflow.cwl -i cwl.cromwell/logs/ymls/host_process_workflow.2.yml --type cwl -o workflow.options.json
WARNING: An illegal reflective access operation has occurred
WARNING: Illegal reflective access by org.python.core.PySystemState (file:/home/a-m/azzaea/software/wdl/cromwell-63.jar) to method java.io.Console.encoding()
WARNING: Please consider reporting this to the maintainers of org.python.core.PySystemState
WARNING: Use --illegal-access=warn to enable warnings of further illegal reflective access operations
WARNING: All illegal access operations will be denied in a future release
Workflow 82b71484-1a72-418c-89f8-eddfdf7c7502 transitioned to state Failed
+ echo -e 'Done processing * 2 * tasks, on * 2 * cores'
+ for line in '{1..10}'
++ sed -n 3p
++ cat cores.txt
+ cores=4
+ tasks=4
+ tee -a cwl.cromwell/logs/bioinfoScaling_processes-1_host.txt cwl.cromwell/logs/bioinfoScaling_processes-2_host.txt
+ echo -n 4,4,
4,4,+ sed s/NTASKS/4/ cwl.cromwell/logs/ymls/host_process_workflow
+ sed -i s/LOG1/host1_tasks4.txt/ cwl.cromwell/logs/ymls/host_process_workflow.4.yml
+ sed -i s/LOG2/host2_tasks4.txt/ cwl.cromwell/logs/ymls/host_process_workflow.4.yml
+ sed s/CORES/4/ backend.conf
+ /usr/bin/time --format %U,%S,%e,%P,%K,%c,%w,%F,%I,%O,%r,%s,%x --append --output cwl.cromwell/logs/bioinfoScaling_processes-1_host.txt java -Dconfig.file=cwl.cromwell/logs/ymls/backend.conf.4 -jar /home/a-m/azzaea/software/wdl/cromwell-63.jar run host_process.cwl -i cwl.cromwell/logs/ymls/host_process_workflow.4.yml --type cwl -o workflow.options.json
WARNING: An illegal reflective access operation has occurred
WARNING: Illegal reflective access by org.python.core.PySystemState (file:/home/a-m/azzaea/software/wdl/cromwell-63.jar) to method java.io.Console.encoding()
WARNING: Please consider reporting this to the maintainers of org.python.core.PySystemState
WARNING: Use --illegal-access=warn to enable warnings of further illegal reflective access operations
WARNING: All illegal access operations will be denied in a future release
Workflow 6c880bc1-0574-43c6-8ee8-dc1cde4880f9 transitioned to state Failed
+ /usr/bin/time --format %U,%S,%e,%P,%K,%c,%w,%F,%I,%O,%r,%s,%x --append --output cwl.cromwell/logs/bioinfoScaling_processes-2_host.txt java -Dconfig.file=cwl.cromwell/logs/ymls/backend.conf.4 -jar /home/a-m/azzaea/software/wdl/cromwell-63.jar run host_workflow.cwl -i cwl.cromwell/logs/ymls/host_process_workflow.4.yml --type cwl -o workflow.options.json
WARNING: An illegal reflective access operation has occurred
WARNING: Illegal reflective access by org.python.core.PySystemState (file:/home/a-m/azzaea/software/wdl/cromwell-63.jar) to method java.io.Console.encoding()
WARNING: Please consider reporting this to the maintainers of org.python.core.PySystemState
WARNING: Use --illegal-access=warn to enable warnings of further illegal reflective access operations
WARNING: All illegal access operations will be denied in a future release
Workflow a09f3aae-3bc9-4bc8-aa81-543bebc1466c transitioned to state Failed
+ echo -e 'Done processing * 4 * tasks, on * 4 * cores'
+ for line in '{1..10}'
++ sed -n 4p
++ cat cores.txt
+ cores=8
+ tasks=8
+ tee -a cwl.cromwell/logs/bioinfoScaling_processes-1_host.txt cwl.cromwell/logs/bioinfoScaling_processes-2_host.txt
+ echo -n 8,8,
8,8,+ sed s/NTASKS/8/ cwl.cromwell/logs/ymls/host_process_workflow
+ sed -i s/LOG1/host1_tasks8.txt/ cwl.cromwell/logs/ymls/host_process_workflow.8.yml
+ sed -i s/LOG2/host2_tasks8.txt/ cwl.cromwell/logs/ymls/host_process_workflow.8.yml
+ sed s/CORES/8/ backend.conf
+ /usr/bin/time --format %U,%S,%e,%P,%K,%c,%w,%F,%I,%O,%r,%s,%x --append --output cwl.cromwell/logs/bioinfoScaling_processes-1_host.txt java -Dconfig.file=cwl.cromwell/logs/ymls/backend.conf.8 -jar /home/a-m/azzaea/software/wdl/cromwell-63.jar run host_process.cwl -i cwl.cromwell/logs/ymls/host_process_workflow.8.yml --type cwl -o workflow.options.json
WARNING: An illegal reflective access operation has occurred
WARNING: Illegal reflective access by org.python.core.PySystemState (file:/home/a-m/azzaea/software/wdl/cromwell-63.jar) to method java.io.Console.encoding()
WARNING: Please consider reporting this to the maintainers of org.python.core.PySystemState
WARNING: Use --illegal-access=warn to enable warnings of further illegal reflective access operations
WARNING: All illegal access operations will be denied in a future release
Workflow b9f85d96-0064-4d5c-b991-3fa1b79b05e4 transitioned to state Failed
+ /usr/bin/time --format %U,%S,%e,%P,%K,%c,%w,%F,%I,%O,%r,%s,%x --append --output cwl.cromwell/logs/bioinfoScaling_processes-2_host.txt java -Dconfig.file=cwl.cromwell/logs/ymls/backend.conf.8 -jar /home/a-m/azzaea/software/wdl/cromwell-63.jar run host_workflow.cwl -i cwl.cromwell/logs/ymls/host_process_workflow.8.yml --type cwl -o workflow.options.json
WARNING: An illegal reflective access operation has occurred
WARNING: Illegal reflective access by org.python.core.PySystemState (file:/home/a-m/azzaea/software/wdl/cromwell-63.jar) to method java.io.Console.encoding()
WARNING: Please consider reporting this to the maintainers of org.python.core.PySystemState
WARNING: Use --illegal-access=warn to enable warnings of further illegal reflective access operations
WARNING: All illegal access operations will be denied in a future release
Workflow 9d5e3987-58d0-4388-aaae-76cf7956ec26 transitioned to state Failed
+ echo -e 'Done processing * 8 * tasks, on * 8 * cores'
+ for line in '{1..10}'
++ sed -n 5p
++ cat cores.txt
+ cores=16
+ tasks=16
+ tee -a cwl.cromwell/logs/bioinfoScaling_processes-1_host.txt cwl.cromwell/logs/bioinfoScaling_processes-2_host.txt
+ echo -n 16,16,
16,16,+ sed s/NTASKS/16/ cwl.cromwell/logs/ymls/host_process_workflow
+ sed -i s/LOG1/host1_tasks16.txt/ cwl.cromwell/logs/ymls/host_process_workflow.16.yml
+ sed -i s/LOG2/host2_tasks16.txt/ cwl.cromwell/logs/ymls/host_process_workflow.16.yml
+ sed s/CORES/16/ backend.conf
+ /usr/bin/time --format %U,%S,%e,%P,%K,%c,%w,%F,%I,%O,%r,%s,%x --append --output cwl.cromwell/logs/bioinfoScaling_processes-1_host.txt java -Dconfig.file=cwl.cromwell/logs/ymls/backend.conf.16 -jar /home/a-m/azzaea/software/wdl/cromwell-63.jar run host_process.cwl -i cwl.cromwell/logs/ymls/host_process_workflow.16.yml --type cwl -o workflow.options.json
WARNING: An illegal reflective access operation has occurred
WARNING: Illegal reflective access by org.python.core.PySystemState (file:/home/a-m/azzaea/software/wdl/cromwell-63.jar) to method java.io.Console.encoding()
WARNING: Please consider reporting this to the maintainers of org.python.core.PySystemState
WARNING: Use --illegal-access=warn to enable warnings of further illegal reflective access operations
WARNING: All illegal access operations will be denied in a future release
Workflow 348d6b7e-d0cf-403d-b89f-1fa598da3215 transitioned to state Failed
+ /usr/bin/time --format %U,%S,%e,%P,%K,%c,%w,%F,%I,%O,%r,%s,%x --append --output cwl.cromwell/logs/bioinfoScaling_processes-2_host.txt java -Dconfig.file=cwl.cromwell/logs/ymls/backend.conf.16 -jar /home/a-m/azzaea/software/wdl/cromwell-63.jar run host_workflow.cwl -i cwl.cromwell/logs/ymls/host_process_workflow.16.yml --type cwl -o workflow.options.json
WARNING: An illegal reflective access operation has occurred
WARNING: Illegal reflective access by org.python.core.PySystemState (file:/home/a-m/azzaea/software/wdl/cromwell-63.jar) to method java.io.Console.encoding()
WARNING: Please consider reporting this to the maintainers of org.python.core.PySystemState
WARNING: Use --illegal-access=warn to enable warnings of further illegal reflective access operations
WARNING: All illegal access operations will be denied in a future release
Workflow 753b3d46-93f5-4768-a250-9f75f755c4de transitioned to state Failed
+ echo -e 'Done processing * 16 * tasks, on * 16 * cores'
+ for line in '{1..10}'
++ sed -n 6p
++ cat cores.txt
+ cores=32
+ tasks=32
+ tee -a cwl.cromwell/logs/bioinfoScaling_processes-1_host.txt cwl.cromwell/logs/bioinfoScaling_processes-2_host.txt
+ echo -n 32,32,
32,32,+ sed s/NTASKS/32/ cwl.cromwell/logs/ymls/host_process_workflow
+ sed -i s/LOG1/host1_tasks32.txt/ cwl.cromwell/logs/ymls/host_process_workflow.32.yml
+ sed -i s/LOG2/host2_tasks32.txt/ cwl.cromwell/logs/ymls/host_process_workflow.32.yml
+ sed s/CORES/32/ backend.conf
+ /usr/bin/time --format %U,%S,%e,%P,%K,%c,%w,%F,%I,%O,%r,%s,%x --append --output cwl.cromwell/logs/bioinfoScaling_processes-1_host.txt java -Dconfig.file=cwl.cromwell/logs/ymls/backend.conf.32 -jar /home/a-m/azzaea/software/wdl/cromwell-63.jar run host_process.cwl -i cwl.cromwell/logs/ymls/host_process_workflow.32.yml --type cwl -o workflow.options.json
WARNING: An illegal reflective access operation has occurred
WARNING: Illegal reflective access by org.python.core.PySystemState (file:/home/a-m/azzaea/software/wdl/cromwell-63.jar) to method java.io.Console.encoding()
WARNING: Please consider reporting this to the maintainers of org.python.core.PySystemState
WARNING: Use --illegal-access=warn to enable warnings of further illegal reflective access operations
WARNING: All illegal access operations will be denied in a future release
Workflow fb3c2aa6-de98-4f06-b7a1-f6fdc209110b transitioned to state Failed
+ /usr/bin/time --format %U,%S,%e,%P,%K,%c,%w,%F,%I,%O,%r,%s,%x --append --output cwl.cromwell/logs/bioinfoScaling_processes-2_host.txt java -Dconfig.file=cwl.cromwell/logs/ymls/backend.conf.32 -jar /home/a-m/azzaea/software/wdl/cromwell-63.jar run host_workflow.cwl -i cwl.cromwell/logs/ymls/host_process_workflow.32.yml --type cwl -o workflow.options.json
WARNING: An illegal reflective access operation has occurred
WARNING: Illegal reflective access by org.python.core.PySystemState (file:/home/a-m/azzaea/software/wdl/cromwell-63.jar) to method java.io.Console.encoding()
WARNING: Please consider reporting this to the maintainers of org.python.core.PySystemState
WARNING: Use --illegal-access=warn to enable warnings of further illegal reflective access operations
WARNING: All illegal access operations will be denied in a future release
Workflow 2be960bf-cb7e-43e5-95c6-2fa6bc0aacaf transitioned to state Failed
+ echo -e 'Done processing * 32 * tasks, on * 32 * cores'
+ for line in '{1..10}'
++ sed -n 7p
++ cat cores.txt
+ cores=64
+ tasks=64
+ tee -a cwl.cromwell/logs/bioinfoScaling_processes-1_host.txt cwl.cromwell/logs/bioinfoScaling_processes-2_host.txt
+ echo -n 64,64,
64,64,+ sed s/NTASKS/64/ cwl.cromwell/logs/ymls/host_process_workflow
+ sed -i s/LOG1/host1_tasks64.txt/ cwl.cromwell/logs/ymls/host_process_workflow.64.yml
+ sed -i s/LOG2/host2_tasks64.txt/ cwl.cromwell/logs/ymls/host_process_workflow.64.yml
+ sed s/CORES/64/ backend.conf
+ /usr/bin/time --format %U,%S,%e,%P,%K,%c,%w,%F,%I,%O,%r,%s,%x --append --output cwl.cromwell/logs/bioinfoScaling_processes-1_host.txt java -Dconfig.file=cwl.cromwell/logs/ymls/backend.conf.64 -jar /home/a-m/azzaea/software/wdl/cromwell-63.jar run host_process.cwl -i cwl.cromwell/logs/ymls/host_process_workflow.64.yml --type cwl -o workflow.options.json
WARNING: An illegal reflective access operation has occurred
WARNING: Illegal reflective access by org.python.core.PySystemState (file:/home/a-m/azzaea/software/wdl/cromwell-63.jar) to method java.io.Console.encoding()
WARNING: Please consider reporting this to the maintainers of org.python.core.PySystemState
WARNING: Use --illegal-access=warn to enable warnings of further illegal reflective access operations
WARNING: All illegal access operations will be denied in a future release
Workflow 7c2701b6-3bd0-4458-8ffb-42d1b5d5ed9e transitioned to state Failed
+ /usr/bin/time --format %U,%S,%e,%P,%K,%c,%w,%F,%I,%O,%r,%s,%x --append --output cwl.cromwell/logs/bioinfoScaling_processes-2_host.txt java -Dconfig.file=cwl.cromwell/logs/ymls/backend.conf.64 -jar /home/a-m/azzaea/software/wdl/cromwell-63.jar run host_workflow.cwl -i cwl.cromwell/logs/ymls/host_process_workflow.64.yml --type cwl -o workflow.options.json
WARNING: An illegal reflective access operation has occurred
WARNING: Illegal reflective access by org.python.core.PySystemState (file:/home/a-m/azzaea/software/wdl/cromwell-63.jar) to method java.io.Console.encoding()
WARNING: Please consider reporting this to the maintainers of org.python.core.PySystemState
WARNING: Use --illegal-access=warn to enable warnings of further illegal reflective access operations
WARNING: All illegal access operations will be denied in a future release
Workflow 3667ed50-ccbc-4162-92f1-1b1238d9ef6b transitioned to state Failed
+ echo -e 'Done processing * 64 * tasks, on * 64 * cores'
+ for line in '{1..10}'
++ sed -n 8p
++ cat cores.txt
+ cores=128
+ tasks=128
+ tee -a cwl.cromwell/logs/bioinfoScaling_processes-1_host.txt cwl.cromwell/logs/bioinfoScaling_processes-2_host.txt
+ echo -n 128,128,
128,128,+ sed s/NTASKS/128/ cwl.cromwell/logs/ymls/host_process_workflow
+ sed -i s/LOG1/host1_tasks128.txt/ cwl.cromwell/logs/ymls/host_process_workflow.128.yml
+ sed -i s/LOG2/host2_tasks128.txt/ cwl.cromwell/logs/ymls/host_process_workflow.128.yml
+ sed s/CORES/128/ backend.conf
+ /usr/bin/time --format %U,%S,%e,%P,%K,%c,%w,%F,%I,%O,%r,%s,%x --append --output cwl.cromwell/logs/bioinfoScaling_processes-1_host.txt java -Dconfig.file=cwl.cromwell/logs/ymls/backend.conf.128 -jar /home/a-m/azzaea/software/wdl/cromwell-63.jar run host_process.cwl -i cwl.cromwell/logs/ymls/host_process_workflow.128.yml --type cwl -o workflow.options.json
WARNING: An illegal reflective access operation has occurred
WARNING: Illegal reflective access by org.python.core.PySystemState (file:/home/a-m/azzaea/software/wdl/cromwell-63.jar) to method java.io.Console.encoding()
WARNING: Please consider reporting this to the maintainers of org.python.core.PySystemState
WARNING: Use --illegal-access=warn to enable warnings of further illegal reflective access operations
WARNING: All illegal access operations will be denied in a future release
Workflow 1b1fb61f-5aec-4182-b34e-538ed04cb8f9 transitioned to state Failed
+ /usr/bin/time --format %U,%S,%e,%P,%K,%c,%w,%F,%I,%O,%r,%s,%x --append --output cwl.cromwell/logs/bioinfoScaling_processes-2_host.txt java -Dconfig.file=cwl.cromwell/logs/ymls/backend.conf.128 -jar /home/a-m/azzaea/software/wdl/cromwell-63.jar run host_workflow.cwl -i cwl.cromwell/logs/ymls/host_process_workflow.128.yml --type cwl -o workflow.options.json
WARNING: An illegal reflective access operation has occurred
WARNING: Illegal reflective access by org.python.core.PySystemState (file:/home/a-m/azzaea/software/wdl/cromwell-63.jar) to method java.io.Console.encoding()
WARNING: Please consider reporting this to the maintainers of org.python.core.PySystemState
WARNING: Use --illegal-access=warn to enable warnings of further illegal reflective access operations
WARNING: All illegal access operations will be denied in a future release
Workflow 30e9c2cb-85c9-4167-b8ca-cc924d68ae8f transitioned to state Failed
+ echo -e 'Done processing * 128 * tasks, on * 128 * cores'
+ for line in '{1..10}'
++ sed -n 9p
++ cat cores.txt
+ cores=256
+ tasks=256
+ tee -a cwl.cromwell/logs/bioinfoScaling_processes-1_host.txt cwl.cromwell/logs/bioinfoScaling_processes-2_host.txt
+ echo -n 256,256,
256,256,+ sed s/NTASKS/256/ cwl.cromwell/logs/ymls/host_process_workflow
+ sed -i s/LOG1/host1_tasks256.txt/ cwl.cromwell/logs/ymls/host_process_workflow.256.yml
+ sed -i s/LOG2/host2_tasks256.txt/ cwl.cromwell/logs/ymls/host_process_workflow.256.yml
+ sed s/CORES/256/ backend.conf
+ /usr/bin/time --format %U,%S,%e,%P,%K,%c,%w,%F,%I,%O,%r,%s,%x --append --output cwl.cromwell/logs/bioinfoScaling_processes-1_host.txt java -Dconfig.file=cwl.cromwell/logs/ymls/backend.conf.256 -jar /home/a-m/azzaea/software/wdl/cromwell-63.jar run host_process.cwl -i cwl.cromwell/logs/ymls/host_process_workflow.256.yml --type cwl -o workflow.options.json
WARNING: An illegal reflective access operation has occurred
WARNING: Illegal reflective access by org.python.core.PySystemState (file:/home/a-m/azzaea/software/wdl/cromwell-63.jar) to method java.io.Console.encoding()
WARNING: Please consider reporting this to the maintainers of org.python.core.PySystemState
WARNING: Use --illegal-access=warn to enable warnings of further illegal reflective access operations
WARNING: All illegal access operations will be denied in a future release
Workflow 9958f270-5491-4190-ac09-c7d08f4bdfcc transitioned to state Failed
+ /usr/bin/time --format %U,%S,%e,%P,%K,%c,%w,%F,%I,%O,%r,%s,%x --append --output cwl.cromwell/logs/bioinfoScaling_processes-2_host.txt java -Dconfig.file=cwl.cromwell/logs/ymls/backend.conf.256 -jar /home/a-m/azzaea/software/wdl/cromwell-63.jar run host_workflow.cwl -i cwl.cromwell/logs/ymls/host_process_workflow.256.yml --type cwl -o workflow.options.json
WARNING: An illegal reflective access operation has occurred
WARNING: Illegal reflective access by org.python.core.PySystemState (file:/home/a-m/azzaea/software/wdl/cromwell-63.jar) to method java.io.Console.encoding()
WARNING: Please consider reporting this to the maintainers of org.python.core.PySystemState
WARNING: Use --illegal-access=warn to enable warnings of further illegal reflective access operations
WARNING: All illegal access operations will be denied in a future release
Workflow 13277740-b031-4d74-bc6a-9d6bb1f641ad transitioned to state Failed
+ echo -e 'Done processing * 256 * tasks, on * 256 * cores'
+ for line in '{1..10}'
++ sed -n 10p
++ cat cores.txt
+ cores=512
+ tasks=512
+ tee -a cwl.cromwell/logs/bioinfoScaling_processes-1_host.txt cwl.cromwell/logs/bioinfoScaling_processes-2_host.txt
+ echo -n 512,512,
512,512,+ sed s/NTASKS/512/ cwl.cromwell/logs/ymls/host_process_workflow
+ sed -i s/LOG1/host1_tasks512.txt/ cwl.cromwell/logs/ymls/host_process_workflow.512.yml
+ sed -i s/LOG2/host2_tasks512.txt/ cwl.cromwell/logs/ymls/host_process_workflow.512.yml
+ sed s/CORES/512/ backend.conf
+ /usr/bin/time --format %U,%S,%e,%P,%K,%c,%w,%F,%I,%O,%r,%s,%x --append --output cwl.cromwell/logs/bioinfoScaling_processes-1_host.txt java -Dconfig.file=cwl.cromwell/logs/ymls/backend.conf.512 -jar /home/a-m/azzaea/software/wdl/cromwell-63.jar run host_process.cwl -i cwl.cromwell/logs/ymls/host_process_workflow.512.yml --type cwl -o workflow.options.json
WARNING: An illegal reflective access operation has occurred
WARNING: Illegal reflective access by org.python.core.PySystemState (file:/home/a-m/azzaea/software/wdl/cromwell-63.jar) to method java.io.Console.encoding()
WARNING: Please consider reporting this to the maintainers of org.python.core.PySystemState
WARNING: Use --illegal-access=warn to enable warnings of further illegal reflective access operations
WARNING: All illegal access operations will be denied in a future release
Workflow 0162c0cd-6dca-4c1f-bda0-0adba03f7d73 transitioned to state Failed
+ /usr/bin/time --format %U,%S,%e,%P,%K,%c,%w,%F,%I,%O,%r,%s,%x --append --output cwl.cromwell/logs/bioinfoScaling_processes-2_host.txt java -Dconfig.file=cwl.cromwell/logs/ymls/backend.conf.512 -jar /home/a-m/azzaea/software/wdl/cromwell-63.jar run host_workflow.cwl -i cwl.cromwell/logs/ymls/host_process_workflow.512.yml --type cwl -o workflow.options.json
WARNING: An illegal reflective access operation has occurred
WARNING: Illegal reflective access by org.python.core.PySystemState (file:/home/a-m/azzaea/software/wdl/cromwell-63.jar) to method java.io.Console.encoding()
WARNING: Please consider reporting this to the maintainers of org.python.core.PySystemState
WARNING: Use --illegal-access=warn to enable warnings of further illegal reflective access operations
WARNING: All illegal access operations will be denied in a future release
Workflow 6d1c4cc4-ca3d-48db-9618-5d787d06927d transitioned to state Failed
+ echo -e 'Done processing * 512 * tasks, on * 512 * cores'
+ echo '##############################################################################################'
+ cd cwl.cromwell/hosts
+ echo 'nodes processes tasks'
++ ls -1v
+ for file in '`ls -1v`'
++ wc -l
++ xargs cat
++ cut -d: -f2
++ cut -d, -f1
++ grep location host1_tasks1.txt
+ nodes=0
+ sed 's/_/ /g'
+ echo 0 host1_tasks1.txt
+ for file in '`ls -1v`'
++ wc -l
++ xargs cat
++ cut -d: -f2
++ cut -d, -f1
++ grep location host1_tasks2.txt
+ nodes=0
+ sed 's/_/ /g'
+ echo 0 host1_tasks2.txt
+ for file in '`ls -1v`'
++ wc -l
++ xargs cat
++ cut -d: -f2
++ cut -d, -f1
++ grep location host1_tasks4.txt
+ nodes=0
+ sed 's/_/ /g'
+ echo 0 host1_tasks4.txt
+ for file in '`ls -1v`'
++ wc -l
++ xargs cat
++ cut -d: -f2
++ cut -d, -f1
++ grep location host1_tasks8.txt
+ nodes=0
+ sed 's/_/ /g'
+ echo 0 host1_tasks8.txt
+ for file in '`ls -1v`'
++ wc -l
++ xargs cat
++ cut -d: -f2
++ cut -d, -f1
++ grep location host1_tasks16.txt
+ nodes=0
+ sed 's/_/ /g'
+ echo 0 host1_tasks16.txt
+ for file in '`ls -1v`'
++ wc -l
++ xargs cat
++ cut -d: -f2
++ cut -d, -f1
++ grep location host1_tasks32.txt
+ nodes=0
+ sed 's/_/ /g'
+ echo 0 host1_tasks32.txt
+ for file in '`ls -1v`'
++ wc -l
++ xargs cat
++ cut -d: -f2
++ cut -d, -f1
++ grep location host1_tasks64.txt
+ nodes=0
+ sed 's/_/ /g'
+ echo 0 host1_tasks64.txt
+ for file in '`ls -1v`'
++ wc -l
++ xargs cat
++ cut -d: -f2
++ cut -d, -f1
++ grep location host1_tasks128.txt
+ nodes=0
+ sed 's/_/ /g'
+ echo 0 host1_tasks128.txt
+ for file in '`ls -1v`'
++ wc -l
++ xargs cat
++ cut -d: -f2
++ cut -d, -f1
++ grep location host1_tasks256.txt
+ nodes=0
+ sed 's/_/ /g'
+ echo 0 host1_tasks256.txt
+ for file in '`ls -1v`'
++ wc -l
++ xargs cat
++ cut -d: -f2
++ cut -d, -f1
++ grep location host1_tasks512.txt
+ nodes=0
+ sed 's/_/ /g'
+ echo 0 host1_tasks512.txt
+ for file in '`ls -1v`'
++ wc -l
++ xargs cat
++ cut -d: -f2
++ cut -d, -f1
++ grep location host2_tasks1.txt
+ nodes=0
+ sed 's/_/ /g'
+ echo 0 host2_tasks1.txt
+ for file in '`ls -1v`'
++ wc -l
++ xargs cat
++ cut -d: -f2
++ cut -d, -f1
++ grep location host2_tasks2.txt
+ nodes=0
+ sed 's/_/ /g'
+ echo 0 host2_tasks2.txt
+ for file in '`ls -1v`'
++ wc -l
++ xargs cat
++ cut -d: -f2
++ cut -d, -f1
++ grep location host2_tasks4.txt
+ nodes=0
+ sed 's/_/ /g'
+ echo 0 host2_tasks4.txt
+ for file in '`ls -1v`'
++ wc -l
++ xargs cat
++ cut -d: -f2
++ cut -d, -f1
++ grep location host2_tasks8.txt
+ nodes=0
+ sed 's/_/ /g'
+ echo 0 host2_tasks8.txt
+ for file in '`ls -1v`'
++ wc -l
++ xargs cat
++ cut -d: -f2
++ cut -d, -f1
++ grep location host2_tasks16.txt
+ nodes=0
+ sed 's/_/ /g'
+ echo 0 host2_tasks16.txt
+ for file in '`ls -1v`'
++ wc -l
++ xargs cat
++ cut -d: -f2
++ cut -d, -f1
++ grep location host2_tasks32.txt
+ nodes=0
+ sed 's/_/ /g'
+ echo 0 host2_tasks32.txt
+ for file in '`ls -1v`'
++ wc -l
++ xargs cat
++ cut -d: -f2
++ cut -d, -f1
++ grep location host2_tasks64.txt
+ nodes=0
+ sed 's/_/ /g'
+ echo 0 host2_tasks64.txt
+ for file in '`ls -1v`'
++ wc -l
++ xargs cat
++ cut -d: -f2
++ cut -d, -f1
++ grep location host2_tasks128.txt
+ nodes=0
+ sed 's/_/ /g'
+ echo 0 host2_tasks128.txt
+ for file in '`ls -1v`'
++ wc -l
++ xargs cat
++ cut -d: -f2
++ cut -d, -f1
++ grep location host2_tasks256.txt
+ nodes=0
+ sed 's/_/ /g'
+ echo 0 host2_tasks256.txt
+ for file in '`ls -1v`'
++ wc -l
++ xargs cat
++ cut -d: -f2
++ cut -d, -f1
++ grep location host2_tasks512.txt
+ nodes=0
+ sed 's/_/ /g'
+ echo 0 host2_tasks512.txt
+ mail -s 'WfMS- Bio-Scalability' azzaea@gmail.com
+ echo 'Bio-Scalability analysis completed for CWL!'
