Analysis done on: 
Tue Jun 15 01:18:11 CDT 2021
+ nextflow=/home/a-m/azzaea/software/nextflow/21.04.1.5556
+ resultsDir=nf.nf
+ logsDir=nf.nf/logs
+ confsDir=nf.nf/logs/confs
+ hostsDir=nf.nf/hosts
+ mkdir -p nf.nf nf.nf/logs nf.nf/logs/confs nf.nf/hosts
+ progress=nf.nf/logs/progress_bioinfoScaling.txt
+ echo 'Starting BioInfo Scalability Analysis'
+ echo '##############################################################################################'
+ /home/a-m/azzaea/software/nextflow/21.04.1.5556 -v
+ echo '##############################################################################################'
+ ifstat -t -T -n -w
ifstat: invalid time constant divisor
+ log1=nf.nf/logs/bioinfoScaling_processes-1_host.txt
+ log2=nf.nf/logs/bioinfoScaling_processes-2_host.txt
+ tee -a nf.nf/logs/bioinfoScaling_processes-1_host.txt nf.nf/logs/bioinfoScaling_processes-2_host.txt
+ echo cores,tasks,user,system,elapsed,cpu,avMemory,involuntaryContextSwitch,voluntaryContextSwitch,faults,inputs,outputs,socketsIn,socketsOut,exitStatus
cores,tasks,user,system,elapsed,cpu,avMemory,involuntaryContextSwitch,voluntaryContextSwitch,faults,inputs,outputs,socketsIn,socketsOut,exitStatus
+ for line in '{1..10}'
++ sed -n 1p
++ cat cores.txt
+ cores=1
+ tasks=1
+ tee -a nf.nf/logs/bioinfoScaling_processes-1_host.txt nf.nf/logs/bioinfoScaling_processes-2_host.txt
+ echo -n 1,1,
1,1,+ sed s/CORES/1/ nextflow.config.tmpl
+ /usr/bin/time --format %U,%S,%e,%P,%K,%c,%w,%F,%I,%O,%r,%s,%x --append --output nf.nf/logs/bioinfoScaling_processes-1_host.txt /home/a-m/azzaea/software/nextflow/21.04.1.5556 run host_process.nf -c nf.nf/logs/confs/nextflow.config.1 -profile cluster --ntasks=1 --log=nf.nf/hosts/host1_tasks1.txt
N E X T F L O W  ~  version 21.04.1
Launching `host_process.nf` [mighty_hugle] - revision: b2ae3954f9
[-        ] process > host1 -

executor >  slurm (1)
[ed/a91ff9] process > host1 (1) [  0%] 0 of 1

executor >  slurm (1)
[ed/a91ff9] process > host1 (1) [100%] 1 of 1 ✔

executor >  slurm (1)
[ed/a91ff9] process > host1 (1) [100%] 1 of 1 ✔
Hostname: compute-7-1


+ /usr/bin/time --format %U,%S,%e,%P,%K,%c,%w,%F,%I,%O,%r,%s,%x --append --output nf.nf/logs/bioinfoScaling_processes-2_host.txt /home/a-m/azzaea/software/nextflow/21.04.1.5556 run host_workflow.nf -c nf.nf/logs/confs/nextflow.config.1 -profile cluster --ntasks=1 --log=nf.nf/hosts/host2_tasks1.txt
N E X T F L O W  ~  version 21.04.1
Launching `host_workflow.nf` [evil_lichterman] - revision: 84abddf17c
[-        ] process > host1 -
[-        ] process > host2 -

executor >  slurm (1)
[38/c0ed17] process > host1 (1) [  0%] 0 of 1
[-        ] process > host2     -

executor >  slurm (2)
[38/c0ed17] process > host1 (1) [100%] 1 of 1 ✔
[e3/a5539a] process > host2 (1) [  0%] 0 of 1

executor >  slurm (2)
[38/c0ed17] process > host1 (1) [100%] 1 of 1 ✔
[e3/a5539a] process > host2 (1) [100%] 1 of 1 ✔
Hostname: compute-7-1


+ echo -e 'Done processing * 1 * tasks, on * 1 * cores'
+ for line in '{1..10}'
++ sed -n 2p
++ cat cores.txt
+ cores=2
+ tasks=2
+ tee -a nf.nf/logs/bioinfoScaling_processes-1_host.txt nf.nf/logs/bioinfoScaling_processes-2_host.txt
+ echo -n 2,2,
2,2,+ sed s/CORES/2/ nextflow.config.tmpl
+ /usr/bin/time --format %U,%S,%e,%P,%K,%c,%w,%F,%I,%O,%r,%s,%x --append --output nf.nf/logs/bioinfoScaling_processes-1_host.txt /home/a-m/azzaea/software/nextflow/21.04.1.5556 run host_process.nf -c nf.nf/logs/confs/nextflow.config.2 -profile cluster --ntasks=2 --log=nf.nf/hosts/host1_tasks2.txt
N E X T F L O W  ~  version 21.04.1
Launching `host_process.nf` [determined_einstein] - revision: b2ae3954f9
[-        ] process > host1 -

executor >  slurm (2)
[02/0d3bb4] process > host1 (1) [  0%] 0 of 2

executor >  slurm (2)
[02/0d3bb4] process > host1 (1) [100%] 2 of 2 ✔
Hostname: compute-7-1


executor >  slurm (2)
[02/0d3bb4] process > host1 (1) [100%] 2 of 2 ✔
Hostname: compute-7-1


+ /usr/bin/time --format %U,%S,%e,%P,%K,%c,%w,%F,%I,%O,%r,%s,%x --append --output nf.nf/logs/bioinfoScaling_processes-2_host.txt /home/a-m/azzaea/software/nextflow/21.04.1.5556 run host_workflow.nf -c nf.nf/logs/confs/nextflow.config.2 -profile cluster --ntasks=2 --log=nf.nf/hosts/host2_tasks2.txt
N E X T F L O W  ~  version 21.04.1
Launching `host_workflow.nf` [romantic_cray] - revision: 84abddf17c
[-        ] process > host1 -
[-        ] process > host2 -

executor >  slurm (2)
[4f/79e3f6] process > host1 (2) [  0%] 0 of 2
[-        ] process > host2     -

executor >  slurm (2)
[4f/79e3f6] process > host1 (2) [100%] 2 of 2 ✔
[-        ] process > host2     [  0%] 0 of 2

executor >  slurm (4)
[4f/79e3f6] process > host1 (2) [100%] 2 of 2 ✔
[b4/6c03e1] process > host2 (2) [  0%] 0 of 2

executor >  slurm (4)
[4f/79e3f6] process > host1 (2) [100%] 2 of 2 ✔
[b4/6c03e1] process > host2 (2) [100%] 2 of 2 ✔
Hostname: compute-7-1


+ echo -e 'Done processing * 2 * tasks, on * 2 * cores'
+ for line in '{1..10}'
++ sed -n 3p
++ cat cores.txt
+ cores=4
+ tasks=4
+ tee -a nf.nf/logs/bioinfoScaling_processes-1_host.txt nf.nf/logs/bioinfoScaling_processes-2_host.txt
+ echo -n 4,4,
4,4,+ sed s/CORES/4/ nextflow.config.tmpl
+ /usr/bin/time --format %U,%S,%e,%P,%K,%c,%w,%F,%I,%O,%r,%s,%x --append --output nf.nf/logs/bioinfoScaling_processes-1_host.txt /home/a-m/azzaea/software/nextflow/21.04.1.5556 run host_process.nf -c nf.nf/logs/confs/nextflow.config.4 -profile cluster --ntasks=4 --log=nf.nf/hosts/host1_tasks4.txt
N E X T F L O W  ~  version 21.04.1
Launching `host_process.nf` [happy_allen] - revision: b2ae3954f9
[-        ] process > host1 -

executor >  slurm (4)
[dd/3a4ad8] process > host1 (3) [  0%] 0 of 4

executor >  slurm (4)
[b6/906add] process > host1 (4) [  0%] 0 of 4

executor >  slurm (4)
[b6/906add] process > host1 (4) [  0%] 0 of 4

executor >  slurm (4)
[b6/906add] process > host1 (4) [100%] 4 of 4 ✔
Hostname: compute-7-1


executor >  slurm (4)
[b6/906add] process > host1 (4) [100%] 4 of 4 ✔
Hostname: compute-7-1


+ /usr/bin/time --format %U,%S,%e,%P,%K,%c,%w,%F,%I,%O,%r,%s,%x --append --output nf.nf/logs/bioinfoScaling_processes-2_host.txt /home/a-m/azzaea/software/nextflow/21.04.1.5556 run host_workflow.nf -c nf.nf/logs/confs/nextflow.config.4 -profile cluster --ntasks=4 --log=nf.nf/hosts/host2_tasks4.txt
N E X T F L O W  ~  version 21.04.1
Launching `host_workflow.nf` [adoring_lamarr] - revision: 84abddf17c
[-        ] process > host1 -
[-        ] process > host2 -

executor >  slurm (4)
[ac/dc67b0] process > host1 (2) [  0%] 0 of 4
[-        ] process > host2     -

executor >  slurm (4)
[7b/6b60da] process > host1 (4) [  0%] 0 of 4
[-        ] process > host2     -

executor >  slurm (4)
[7b/6b60da] process > host1 (4) [  0%] 0 of 4
[-        ] process > host2     -

executor >  slurm (7)
[7b/6b60da] process > host1 (4) [100%] 4 of 4 ✔
[a0/4dac65] process > host2 (3) [  0%] 0 of 4

executor >  slurm (8)
[7b/6b60da] process > host1 (4) [100%] 4 of 4 ✔
[60/cd190f] process > host2 (4) [  0%] 0 of 4

executor >  slurm (8)
[7b/6b60da] process > host1 (4) [100%] 4 of 4 ✔
[60/cd190f] process > host2 (4) [100%] 4 of 4 ✔
Hostname: compute-7-1


+ echo -e 'Done processing * 4 * tasks, on * 4 * cores'
+ for line in '{1..10}'
++ sed -n 4p
++ cat cores.txt
+ cores=8
+ tasks=8
+ tee -a nf.nf/logs/bioinfoScaling_processes-1_host.txt nf.nf/logs/bioinfoScaling_processes-2_host.txt
+ echo -n 8,8,
8,8,+ sed s/CORES/8/ nextflow.config.tmpl
+ /usr/bin/time --format %U,%S,%e,%P,%K,%c,%w,%F,%I,%O,%r,%s,%x --append --output nf.nf/logs/bioinfoScaling_processes-1_host.txt /home/a-m/azzaea/software/nextflow/21.04.1.5556 run host_process.nf -c nf.nf/logs/confs/nextflow.config.8 -profile cluster --ntasks=8 --log=nf.nf/hosts/host1_tasks8.txt
N E X T F L O W  ~  version 21.04.1
Launching `host_process.nf` [ecstatic_ptolemy] - revision: b2ae3954f9
[-        ] process > host1 -

executor >  slurm (4)
[dc/2ae7cd] process > host1 (2) [  0%] 0 of 8

executor >  slurm (8)
[eb/7b1534] process > host1 (8) [  0%] 0 of 8

executor >  slurm (8)
[eb/7b1534] process > host1 (8) [  0%] 0 of 8

executor >  slurm (8)
[eb/7b1534] process > host1 (8) [100%] 8 of 8 ✔
Hostname: compute-7-1


+ /usr/bin/time --format %U,%S,%e,%P,%K,%c,%w,%F,%I,%O,%r,%s,%x --append --output nf.nf/logs/bioinfoScaling_processes-2_host.txt /home/a-m/azzaea/software/nextflow/21.04.1.5556 run host_workflow.nf -c nf.nf/logs/confs/nextflow.config.8 -profile cluster --ntasks=8 --log=nf.nf/hosts/host2_tasks8.txt
N E X T F L O W  ~  version 21.04.1
Launching `host_workflow.nf` [nice_shannon] - revision: 84abddf17c
[-        ] process > host1 -
[-        ] process > host2 -

executor >  slurm (3)
[27/b52f4e] process > host1 (5) [  0%] 0 of 8
[-        ] process > host2     -

executor >  slurm (8)
[76/528c02] process > host1 (7) [  0%] 0 of 8
[-        ] process > host2     -

executor >  slurm (8)
[76/528c02] process > host1 (7) [  0%] 0 of 8
[-        ] process > host2     -

executor >  slurm (13)
[76/528c02] process > host1 (7) [100%] 8 of 8 ✔
[fc/96b60b] process > host2 (4) [  0%] 0 of 8

executor >  slurm (16)
[76/528c02] process > host1 (7) [100%] 8 of 8 ✔
[02/afc374] process > host2 (8) [  0%] 0 of 8

executor >  slurm (16)
[76/528c02] process > host1 (7) [100%] 8 of 8 ✔
[02/afc374] process > host2 (8) [100%] 8 of 8 ✔
Hostname: compute-7-0
compute-7-1


executor >  slurm (16)
[76/528c02] process > host1 (7) [100%] 8 of 8 ✔
[02/afc374] process > host2 (8) [100%] 8 of 8 ✔
Hostname: compute-7-0
compute-7-1


+ echo -e 'Done processing * 8 * tasks, on * 8 * cores'
+ for line in '{1..10}'
++ sed -n 5p
++ cat cores.txt
+ cores=16
+ tasks=16
+ tee -a nf.nf/logs/bioinfoScaling_processes-1_host.txt nf.nf/logs/bioinfoScaling_processes-2_host.txt
+ echo -n 16,16,
16,16,+ sed s/CORES/16/ nextflow.config.tmpl
+ /usr/bin/time --format %U,%S,%e,%P,%K,%c,%w,%F,%I,%O,%r,%s,%x --append --output nf.nf/logs/bioinfoScaling_processes-1_host.txt /home/a-m/azzaea/software/nextflow/21.04.1.5556 run host_process.nf -c nf.nf/logs/confs/nextflow.config.16 -profile cluster --ntasks=16 --log=nf.nf/hosts/host1_tasks16.txt
N E X T F L O W  ~  version 21.04.1
Launching `host_process.nf` [suspicious_sinoussi] - revision: b2ae3954f9
[-        ] process > host1 -

executor >  slurm (4)
[06/7eaaf3] process > host1 (5) [  0%] 0 of 16

executor >  slurm (8)
[32/a31b2b] process > host1 (11) [  0%] 0 of 16

executor >  slurm (14)
[d9/bc8125] process > host1 (14) [  0%] 0 of 16

executor >  slurm (16)
[d7/75f6fa] process > host1 (16) [  0%] 0 of 16

executor >  slurm (16)
[b4/a6ea77] process > host1 (2)  [  6%] 1 of 16

executor >  slurm (16)
[d7/75f6fa] process > host1 (16) [100%] 16 of 16 ✔
Hostname: compute-7-1


+ /usr/bin/time --format %U,%S,%e,%P,%K,%c,%w,%F,%I,%O,%r,%s,%x --append --output nf.nf/logs/bioinfoScaling_processes-2_host.txt /home/a-m/azzaea/software/nextflow/21.04.1.5556 run host_workflow.nf -c nf.nf/logs/confs/nextflow.config.16 -profile cluster --ntasks=16 --log=nf.nf/hosts/host2_tasks16.txt
N E X T F L O W  ~  version 21.04.1
Launching `host_workflow.nf` [furious_carlsson] - revision: 84abddf17c
[-        ] process > host1 -
[-        ] process > host2 -

executor >  slurm (2)
[b6/d653e6] process > host1 (1) [  0%] 0 of 16
[-        ] process > host2     -

executor >  slurm (8)
[73/6b5ba9] process > host1 (10) [  0%] 0 of 16
[-        ] process > host2      -

executor >  slurm (14)
[0c/ac0f48] process > host1 (15) [  0%] 0 of 16
[-        ] process > host2      -

executor >  slurm (16)
[c9/0bcfb7] process > host1 (16) [  0%] 0 of 16
[-        ] process > host2      -

executor >  slurm (16)
[c9/0bcfb7] process > host1 (16) [  0%] 0 of 16
[-        ] process > host2      -

executor >  slurm (18)
[6e/aa5a91] process > host1 (12) [ 63%] 10 of 16
[1c/1418d8] process > host2 (2)  [  0%] 0 of 10

executor >  slurm (22)
[c9/0bcfb7] process > host1 (16) [100%] 16 of 16 ✔
[25/f10176] process > host2 (7)  [  0%] 0 of 16

executor >  slurm (26)
[c9/0bcfb7] process > host1 (16) [100%] 16 of 16 ✔
[30/6d17fc] process > host2 (10) [  0%] 0 of 16

executor >  slurm (30)
[c9/0bcfb7] process > host1 (16) [100%] 16 of 16 ✔
[f7/3c3033] process > host2 (14) [  0%] 0 of 16

executor >  slurm (32)
[c9/0bcfb7] process > host1 (16) [100%] 16 of 16 ✔
[db/c0d6c7] process > host2 (16) [  0%] 0 of 16

executor >  slurm (32)
[c9/0bcfb7] process > host1 (16) [100%] 16 of 16 ✔
[f7/5c899b] process > host2 (12) [ 75%] 12 of 16

executor >  slurm (32)
[c9/0bcfb7] process > host1 (16) [100%] 16 of 16 ✔
[db/c0d6c7] process > host2 (16) [100%] 16 of 16 ✔
Hostname: compute-7-0
compute-7-1


+ echo -e 'Done processing * 16 * tasks, on * 16 * cores'
+ for line in '{1..10}'
++ sed -n 6p
++ cat cores.txt
+ cores=32
+ tasks=32
+ tee -a nf.nf/logs/bioinfoScaling_processes-1_host.txt nf.nf/logs/bioinfoScaling_processes-2_host.txt
+ echo -n 32,32,
32,32,+ sed s/CORES/32/ nextflow.config.tmpl
+ /usr/bin/time --format %U,%S,%e,%P,%K,%c,%w,%F,%I,%O,%r,%s,%x --append --output nf.nf/logs/bioinfoScaling_processes-1_host.txt /home/a-m/azzaea/software/nextflow/21.04.1.5556 run host_process.nf -c nf.nf/logs/confs/nextflow.config.32 -profile cluster --ntasks=32 --log=nf.nf/hosts/host1_tasks32.txt
N E X T F L O W  ~  version 21.04.1
Launching `host_process.nf` [sad_meninsky] - revision: b2ae3954f9
[-        ] process > host1 -

executor >  slurm (3)
[07/ca605d] process > host1 (4) [  0%] 0 of 32

executor >  slurm (7)
[f3/dd17a7] process > host1 (7) [  0%] 0 of 32

executor >  slurm (12)
[2c/dcf64e] process > host1 (12) [  0%] 0 of 32

executor >  slurm (16)
[0d/45168c] process > host1 (24) [  0%] 0 of 32

executor >  slurm (20)
[06/75d48e] process > host1 (22) [  0%] 0 of 32

executor >  slurm (27)
[90/6c3c39] process > host1 (28) [  0%] 0 of 32

executor >  slurm (32)
[d1/ff8726] process > host1 (32) [  0%] 0 of 32

executor >  slurm (32)
[88/6fbbfe] process > host1 (3)  [  3%] 1 of 32

executor >  slurm (32)
[90/6c3c39] process > host1 (28) [ 84%] 27 of 32

executor >  slurm (32)
[d1/ff8726] process > host1 (32) [100%] 32 of 32 ✔
Hostname: compute-7-0
compute-7-1


executor >  slurm (32)
[d1/ff8726] process > host1 (32) [100%] 32 of 32 ✔
Hostname: compute-7-0
compute-7-1


+ /usr/bin/time --format %U,%S,%e,%P,%K,%c,%w,%F,%I,%O,%r,%s,%x --append --output nf.nf/logs/bioinfoScaling_processes-2_host.txt /home/a-m/azzaea/software/nextflow/21.04.1.5556 run host_workflow.nf -c nf.nf/logs/confs/nextflow.config.32 -profile cluster --ntasks=32 --log=nf.nf/hosts/host2_tasks32.txt
N E X T F L O W  ~  version 21.04.1
Launching `host_workflow.nf` [backstabbing_brown] - revision: 84abddf17c
[-        ] process > host1 -
[-        ] process > host2 -

[-        ] process > host1 [  0%] 0 of 32
[-        ] process > host2 -

executor >  slurm (4)
[9d/808aae] process > host1 (4) [  0%] 0 of 32
[-        ] process > host2     -

executor >  slurm (8)
[9f/bb6aea] process > host1 (10) [  0%] 0 of 32
[-        ] process > host2      -

executor >  slurm (13)
[b5/fccade] process > host1 (15) [  0%] 0 of 32
[-        ] process > host2      -

executor >  slurm (15)
[2e/dc7404] process > host1 (8)  [  0%] 0 of 32
[-        ] process > host2      -

executor >  slurm (19)
[ec/da53b7] process > host1 (22) [  0%] 0 of 32
[-        ] process > host2      -

executor >  slurm (25)
[8d/7df035] process > host1 (25) [  0%] 0 of 32
[-        ] process > host2      -

executor >  slurm (30)
[99/cf06fe] process > host1 (29) [  0%] 0 of 32
[-        ] process > host2      -

executor >  slurm (32)
[fd/0c2eaa] process > host1 (32) [  0%] 0 of 32
[-        ] process > host2      -

executor >  slurm (32)
[fd/0c2eaa] process > host1 (32) [  0%] 0 of 32
[-        ] process > host2      -

executor >  slurm (34)
[b5/fccade] process > host1 (15) [ 41%] 13 of 32
[14/ce10a7] process > host2 (2)  [  0%] 0 of 12

executor >  slurm (36)
[71/c69e65] process > host1 (24) [ 75%] 24 of 32
[0f/057b68] process > host2 (5)  [  0%] 0 of 24

executor >  slurm (40)
[fd/0c2eaa] process > host1 (32) [100%] 32 of 32 ✔
[fb/39bc0a] process > host2 (8)  [  0%] 0 of 32

executor >  slurm (45)
[fd/0c2eaa] process > host1 (32) [100%] 32 of 32 ✔
[36/5c914e] process > host2 (13) [  0%] 0 of 32

executor >  slurm (50)
[fd/0c2eaa] process > host1 (32) [100%] 32 of 32 ✔
[ba/9aa945] process > host2 (17) [  0%] 0 of 32

executor >  slurm (57)
[fd/0c2eaa] process > host1 (32) [100%] 32 of 32 ✔
[ed/030bd6] process > host2 (25) [  0%] 0 of 32

executor >  slurm (64)
[fd/0c2eaa] process > host1 (32) [100%] 32 of 32 ✔
[a7/541baf] process > host2 (32) [  0%] 0 of 32

executor >  slurm (64)
[fd/0c2eaa] process > host1 (32) [100%] 32 of 32 ✔
[ae/5ea9fe] process > host2 (19) [ 53%] 17 of 32

executor >  slurm (64)
[fd/0c2eaa] process > host1 (32) [100%] 32 of 32 ✔
[2b/fb3f71] process > host2 (30) [ 78%] 25 of 32

executor >  slurm (64)
[fd/0c2eaa] process > host1 (32) [100%] 32 of 32 ✔
[a7/541baf] process > host2 (32) [100%] 32 of 32 ✔
Hostname: compute-7-0
compute-7-1


+ echo -e 'Done processing * 32 * tasks, on * 32 * cores'
+ for line in '{1..10}'
++ sed -n 7p
++ cat cores.txt
+ cores=64
+ tasks=64
+ tee -a nf.nf/logs/bioinfoScaling_processes-1_host.txt nf.nf/logs/bioinfoScaling_processes-2_host.txt
+ echo -n 64,64,
64,64,+ sed s/CORES/64/ nextflow.config.tmpl
+ /usr/bin/time --format %U,%S,%e,%P,%K,%c,%w,%F,%I,%O,%r,%s,%x --append --output nf.nf/logs/bioinfoScaling_processes-1_host.txt /home/a-m/azzaea/software/nextflow/21.04.1.5556 run host_process.nf -c nf.nf/logs/confs/nextflow.config.64 -profile cluster --ntasks=64 --log=nf.nf/hosts/host1_tasks64.txt
N E X T F L O W  ~  version 21.04.1
Launching `host_process.nf` [elegant_noyce] - revision: b2ae3954f9
[-        ] process > host1 -

[-        ] process > host1 [  0%] 0 of 64

executor >  slurm (4)
[da/9d574b] process > host1 (5) [  0%] 0 of 64

executor >  slurm (8)
[1a/ee98fe] process > host1 (9) [  0%] 0 of 64

executor >  slurm (14)
[fb/ee6b31] process > host1 (19) [  0%] 0 of 64

executor >  slurm (20)
[a0/80ed84] process > host1 (20) [  0%] 0 of 64

executor >  slurm (29)
[7a/52168b] process > host1 (29) [  0%] 0 of 64

executor >  slurm (38)
[99/0e2196] process > host1 (35) [  0%] 0 of 64

executor >  slurm (48)
[90/bffac5] process > host1 (48) [  0%] 0 of 64

executor >  slurm (57)
[56/726e6d] process > host1 (62) [  0%] 0 of 64

executor >  slurm (62)
[bd/b01ced] process > host1 (61) [  0%] 0 of 64

executor >  slurm (64)
[87/94eb37] process > host1 (64) [  0%] 0 of 64

executor >  slurm (64)
[30/0eb3de] process > host1 (6)  [  9%] 6 of 64

executor >  slurm (64)
[e7/f64084] process > host1 (31) [ 36%] 23 of 64

executor >  slurm (64)
[f2/8e3720] process > host1 (55) [ 55%] 35 of 64

executor >  slurm (64)
[1c/f5d939] process > host1 (57) [ 84%] 54 of 64

executor >  slurm (64)
[87/94eb37] process > host1 (64) [100%] 64 of 64 ✔
Hostname: compute-7-0
compute-7-1


executor >  slurm (64)
[87/94eb37] process > host1 (64) [100%] 64 of 64 ✔
Hostname: compute-7-0
compute-7-1


+ /usr/bin/time --format %U,%S,%e,%P,%K,%c,%w,%F,%I,%O,%r,%s,%x --append --output nf.nf/logs/bioinfoScaling_processes-2_host.txt /home/a-m/azzaea/software/nextflow/21.04.1.5556 run host_workflow.nf -c nf.nf/logs/confs/nextflow.config.64 -profile cluster --ntasks=64 --log=nf.nf/hosts/host2_tasks64.txt
N E X T F L O W  ~  version 21.04.1
Launching `host_workflow.nf` [nice_pesquet] - revision: 84abddf17c
[-        ] process > host1 -
[-        ] process > host2 -

[-        ] process > host1 [  0%] 0 of 53
[-        ] process > host2 -

executor >  slurm (3)
[68/d9ea31] process > host1 (4) [  0%] 0 of 64
[-        ] process > host2     -

executor >  slurm (9)
[39/8f4914] process > host1 (10) [  0%] 0 of 64
[-        ] process > host2      -

executor >  slurm (14)
[6d/303b69] process > host1 (15) [  0%] 0 of 64
[-        ] process > host2      -

executor >  slurm (21)
[aa/117471] process > host1 (19) [  0%] 0 of 64
[-        ] process > host2      -

executor >  slurm (27)
[00/f72300] process > host1 (26) [  0%] 0 of 64
[-        ] process > host2      -

executor >  slurm (33)
[4f/09cf51] process > host1 (31) [  0%] 0 of 64
[-        ] process > host2      -

executor >  slurm (44)
[4c/7aabd5] process > host1 (54) [  0%] 0 of 64
[-        ] process > host2      -

executor >  slurm (52)
[76/328bb2] process > host1 (51) [  0%] 0 of 64
[-        ] process > host2      -

executor >  slurm (63)
[db/53223e] process > host1 (63) [  0%] 0 of 64
[-        ] process > host2      -

executor >  slurm (64)
[79/b05fe4] process > host1 (60) [  0%] 0 of 64
[-        ] process > host2      -

executor >  slurm (64)
[79/b05fe4] process > host1 (60) [  0%] 0 of 64
[-        ] process > host2      -

executor >  slurm (67)
[b0/32c7c8] process > host1 (22) [ 34%] 22 of 64
[6f/d42c46] process > host2 (3)  [  0%] 0 of 22

executor >  slurm (70)
[4c/9f5ccf] process > host1 (44) [ 52%] 33 of 64
[83/b68f66] process > host2 (6)  [  0%] 0 of 32

executor >  slurm (73)
[65/683c5f] process > host1 (59) [ 61%] 39 of 64
[ae/a63d6c] process > host2 (9)  [  0%] 0 of 39

executor >  slurm (78)
[65/683c5f] process > host1 (59) [ 61%] 39 of 64
[52/c563f9] process > host2 (14) [  0%] 0 of 39

executor >  slurm (84)
[65/683c5f] process > host1 (59) [ 61%] 39 of 64
[39/1118f0] process > host2 (21) [  0%] 0 of 39

executor >  slurm (90)
[65/683c5f] process > host1 (59) [ 61%] 39 of 64
[ce/a0ed2d] process > host2 (26) [  0%] 0 of 39

executor >  slurm (95)
[65/683c5f] process > host1 (59) [ 61%] 39 of 64
[a8/34fd11] process > host2 (31) [  0%] 0 of 39

executor >  slurm (99)
[65/683c5f] process > host1 (59) [ 61%] 39 of 64
[8b/ede85b] process > host2 (35) [  0%] 0 of 39

executor >  slurm (103)
[65/683c5f] process > host1 (59) [ 61%] 39 of 64
[e9/48b80a] process > host2 (39) [  0%] 0 of 39

executor >  slurm (103)
[5a/dda00e] process > host1 (21) [ 63%] 40 of 64
[e9/48b80a] process > host2 (39) [  0%] 0 of 39

executor >  slurm (106)
[79/b05fe4] process > host1 (60) [100%] 64 of 64 ✔
[ff/1bc85c] process > host2 (7)  [ 11%] 7 of 64

executor >  slurm (109)
[79/b05fe4] process > host1 (60) [100%] 64 of 64 ✔
[6b/37200d] process > host2 (24) [ 38%] 24 of 64

executor >  slurm (113)
[79/b05fe4] process > host1 (60) [100%] 64 of 64 ✔
[35/5f25ca] process > host2 (49) [ 61%] 39 of 64

executor >  slurm (118)
[79/b05fe4] process > host1 (60) [100%] 64 of 64 ✔
[15/2b403a] process > host2 (54) [ 61%] 39 of 64

executor >  slurm (123)
[79/b05fe4] process > host1 (60) [100%] 64 of 64 ✔
[df/18cfb0] process > host2 (59) [ 61%] 39 of 64

executor >  slurm (128)
[79/b05fe4] process > host1 (60) [100%] 64 of 64 ✔
[36/a621dd] process > host2 (64) [ 61%] 39 of 64

executor >  slurm (128)
[79/b05fe4] process > host1 (60) [100%] 64 of 64 ✔
[b8/f8d589] process > host2 (51) [ 80%] 51 of 64

executor >  slurm (128)
[79/b05fe4] process > host1 (60) [100%] 64 of 64 ✔
[36/a621dd] process > host2 (64) [100%] 64 of 64 ✔

executor >  slurm (128)
[79/b05fe4] process > host1 (60) [100%] 64 of 64 ✔
[36/a621dd] process > host2 (64) [100%] 64 of 64 ✔
Hostname: compute-7-2
compute-7-0
compute-7-1
compute-7-3


executor >  slurm (128)
[79/b05fe4] process > host1 (60) [100%] 64 of 64 ✔
[36/a621dd] process > host2 (64) [100%] 64 of 64 ✔
Hostname: compute-7-2
compute-7-0
compute-7-1
compute-7-3


+ echo -e 'Done processing * 64 * tasks, on * 64 * cores'
+ for line in '{1..10}'
++ sed -n 8p
++ cat cores.txt
+ cores=128
+ tasks=128
+ tee -a nf.nf/logs/bioinfoScaling_processes-1_host.txt nf.nf/logs/bioinfoScaling_processes-2_host.txt
+ echo -n 128,128,
128,128,+ sed s/CORES/128/ nextflow.config.tmpl
+ /usr/bin/time --format %U,%S,%e,%P,%K,%c,%w,%F,%I,%O,%r,%s,%x --append --output nf.nf/logs/bioinfoScaling_processes-1_host.txt /home/a-m/azzaea/software/nextflow/21.04.1.5556 run host_process.nf -c nf.nf/logs/confs/nextflow.config.128 -profile cluster --ntasks=128 --log=nf.nf/hosts/host1_tasks128.txt
N E X T F L O W  ~  version 21.04.1
Launching `host_process.nf` [kickass_brown] - revision: b2ae3954f9
[-        ] process > host1 -

executor >  slurm (1)
[a2/dbac22] process > host1 (3) [  0%] 0 of 80

executor >  slurm (3)
[bd/2507ab] process > host1 (1) [  0%] 0 of 128

executor >  slurm (8)
[bf/c5a6fa] process > host1 (15) [  0%] 0 of 128

executor >  slurm (12)
[14/985ee1] process > host1 (11) [  0%] 0 of 128

executor >  slurm (18)
[25/144d48] process > host1 (17) [  0%] 0 of 128

executor >  slurm (24)
[74/59b916] process > host1 (24) [  0%] 0 of 128

executor >  slurm (30)
[66/b6589d] process > host1 (30) [  0%] 0 of 128

executor >  slurm (37)
[0b/ab7cda] process > host1 (43) [  0%] 0 of 128

executor >  slurm (47)
[16/455aae] process > host1 (47) [  0%] 0 of 128

executor >  slurm (57)
[fc/dda542] process > host1 (54) [  0%] 0 of 128

executor >  slurm (69)
[08/9edfaa] process > host1 (70) [  0%] 0 of 128

executor >  slurm (79)
[d4/8b7f29] process > host1 (81) [  0%] 0 of 128

executor >  slurm (85)
[df/5ef092] process > host1 (84) [  0%] 0 of 128

executor >  slurm (91)
[28/5fb34c] process > host1 (89) [  0%] 0 of 128

executor >  slurm (95)
[16/2564f8] process > host1 (97) [  0%] 0 of 128

executor >  slurm (102)
[51/5a9644] process > host1 (118) [  0%] 0 of 128

executor >  slurm (109)
[f5/d3ce7e] process > host1 (106) [  0%] 0 of 128

executor >  slurm (119)
[44/3bf018] process > host1 (119) [  0%] 0 of 128

executor >  slurm (128)
[bc/ce903d] process > host1 (128) [  0%] 0 of 128

executor >  slurm (128)
[04/07eaa8] process > host1 (5)   [  3%] 4 of 128

executor >  slurm (128)
[c5/4dce9c] process > host1 (21)  [ 18%] 23 of 128

executor >  slurm (128)
[b9/112a94] process > host1 (46)  [ 27%] 34 of 128

executor >  slurm (128)
[69/117feb] process > host1 (126) [ 36%] 46 of 128

executor >  slurm (128)
[bc/ce903d] process > host1 (128) [ 38%] 48 of 128

executor >  slurm (128)
[e0/ec3c13] process > host1 (63)  [ 53%] 68 of 128

executor >  slurm (128)
[f5/d3ce7e] process > host1 (106) [ 88%] 113 of 128

executor >  slurm (128)
[e3/7bfb7b] process > host1 (121) [100%] 128 of 128 ✔
Hostname: compute-7-2
compute-7-0
compute-7-1


+ /usr/bin/time --format %U,%S,%e,%P,%K,%c,%w,%F,%I,%O,%r,%s,%x --append --output nf.nf/logs/bioinfoScaling_processes-2_host.txt /home/a-m/azzaea/software/nextflow/21.04.1.5556 run host_workflow.nf -c nf.nf/logs/confs/nextflow.config.128 -profile cluster --ntasks=128 --log=nf.nf/hosts/host2_tasks128.txt
N E X T F L O W  ~  version 21.04.1
Launching `host_workflow.nf` [deadly_mandelbrot] - revision: 84abddf17c
[-        ] process > host1 -
[-        ] process > host2 -

[-        ] process > host1 [  0%] 0 of 45
[-        ] process > host2 -

executor >  slurm (2)
[61/5d4e14] process > host1 (5) [  0%] 0 of 128
[-        ] process > host2     -

executor >  slurm (6)
[aa/355ad3] process > host1 (6) [  0%] 0 of 128
[-        ] process > host2     -

executor >  slurm (10)
[b4/48263e] process > host1 (10) [  0%] 0 of 128
[-        ] process > host2      -

executor >  slurm (14)
[c8/46e5a9] process > host1 (13) [  0%] 0 of 128
[-        ] process > host2      -

executor >  slurm (18)
[70/9d5efd] process > host1 (16) [  0%] 0 of 128
[-        ] process > host2      -

executor >  slurm (23)
[0e/6b3e94] process > host1 (17) [  0%] 0 of 128
[-        ] process > host2      -

executor >  slurm (29)
[c2/d65ac0] process > host1 (29) [  0%] 0 of 128
[-        ] process > host2      -

executor >  slurm (36)
[74/32ef84] process > host1 (39) [  0%] 0 of 128
[-        ] process > host2      -

executor >  slurm (44)
[8e/482547] process > host1 (45) [  0%] 0 of 128
[-        ] process > host2      -

executor >  slurm (52)
[45/e24f29] process > host1 (49) [  0%] 0 of 128
[-        ] process > host2      -

executor >  slurm (63)
[a0/2c3175] process > host1 (61) [  0%] 0 of 128
[-        ] process > host2      -

executor >  slurm (72)
[ca/e2cc74] process > host1 (62) [  0%] 0 of 128
[-        ] process > host2      -

executor >  slurm (78)
[b1/4dac18] process > host1 (74) [  0%] 0 of 128
[-        ] process > host2      -

executor >  slurm (84)
[41/011d77] process > host1 (85) [  0%] 0 of 128
[-        ] process > host2      -

executor >  slurm (95)
[04/0cb6fc] process > host1 (94) [  0%] 0 of 128
[-        ] process > host2      -

executor >  slurm (101)
[63/54eed3] process > host1 (99) [  0%] 0 of 128
[-        ] process > host2      -

executor >  slurm (106)
[46/c47a52] process > host1 (106) [  0%] 0 of 128
[-        ] process > host2       -

executor >  slurm (115)
[50/e09bcf] process > host1 (114) [  0%] 0 of 128
[-        ] process > host2       -

executor >  slurm (121)
[0a/378292] process > host1 (122) [  0%] 0 of 128
[-        ] process > host2       -

executor >  slurm (128)
[16/cebc86] process > host1 (111) [  0%] 0 of 128
[-        ] process > host2       -

executor >  slurm (128)
[7a/96a497] process > host1 (3)   [  2%] 3 of 128
[-        ] process > host2       [  0%] 0 of 1

executor >  slurm (130)
[c2/28858c] process > host1 (18)  [ 16%] 20 of 128
[8b/66611a] process > host2 (3)   [  0%] 0 of 19

executor >  slurm (132)
[35/bb9f92] process > host1 (35)  [ 27%] 34 of 128
[09/265727] process > host2 (2)   [  0%] 0 of 33

executor >  slurm (135)
[ab/2f18af] process > host1 (65)  [ 46%] 59 of 128
[a5/f0d2ff] process > host2 (7)   [  0%] 0 of 58

executor >  slurm (139)
[01/6e1bcb] process > host1 (71)  [ 55%] 71 of 128
[5f/e989c2] process > host2 (11)  [  0%] 0 of 71

executor >  slurm (142)
[5b/017edc] process > host1 (87)  [ 67%] 86 of 128
[53/bca0c2] process > host2 (14)  [  0%] 0 of 86

executor >  slurm (146)
[3b/7713ac] process > host1 (105) [ 82%] 105 of 128
[23/857987] process > host2 (18)  [  0%] 0 of 105

executor >  slurm (150)
[59/4f1a64] process > host1 (121) [ 94%] 120 of 128
[28/98bc77] process > host2 (22)  [  0%] 0 of 120

executor >  slurm (154)
[16/cebc86] process > host1 (111) [100%] 128 of 128 ✔
[cb/560b31] process > host2 (26)  [  0%] 0 of 128

executor >  slurm (160)
[16/cebc86] process > host1 (111) [100%] 128 of 128 ✔
[ab/c936cf] process > host2 (32)  [  0%] 0 of 128

executor >  slurm (166)
[16/cebc86] process > host1 (111) [100%] 128 of 128 ✔
[9a/61e600] process > host2 (38)  [  0%] 0 of 128

executor >  slurm (175)
[16/cebc86] process > host1 (111) [100%] 128 of 128 ✔
[62/7399ed] process > host2 (46)  [  0%] 0 of 128

executor >  slurm (183)
[16/cebc86] process > host1 (111) [100%] 128 of 128 ✔
[f4/9f27da] process > host2 (55)  [  0%] 0 of 128

executor >  slurm (193)
[16/cebc86] process > host1 (111) [100%] 128 of 128 ✔
[4b/04714f] process > host2 (65)  [  0%] 0 of 128

executor >  slurm (205)
[16/cebc86] process > host1 (111) [100%] 128 of 128 ✔
[49/c1b7f5] process > host2 (77)  [  0%] 0 of 128

executor >  slurm (214)
[16/cebc86] process > host1 (111) [100%] 128 of 128 ✔
[2c/998191] process > host2 (86)  [  0%] 0 of 128

executor >  slurm (226)
[16/cebc86] process > host1 (111) [100%] 128 of 128 ✔
[4a/456a90] process > host2 (98)  [  0%] 0 of 128

executor >  slurm (236)
[16/cebc86] process > host1 (111) [100%] 128 of 128 ✔
[d3/3e0545] process > host2 (108) [  0%] 0 of 128

executor >  slurm (247)
[16/cebc86] process > host1 (111) [100%] 128 of 128 ✔
[3b/023273] process > host2 (119) [  0%] 0 of 128

executor >  slurm (256)
[16/cebc86] process > host1 (111) [100%] 128 of 128 ✔
[99/59ad50] process > host2 (128) [  0%] 0 of 128

executor >  slurm (256)
[16/cebc86] process > host1 (111) [100%] 128 of 128 ✔
[09/265727] process > host2 (2)   [  3%] 4 of 128

executor >  slurm (256)
[16/cebc86] process > host1 (111) [100%] 128 of 128 ✔
[cb/560b31] process > host2 (26)  [ 20%] 26 of 128

executor >  slurm (256)
[16/cebc86] process > host1 (111) [100%] 128 of 128 ✔
[64/a7c39f] process > host2 (42)  [ 33%] 42 of 128

executor >  slurm (256)
[16/cebc86] process > host1 (111) [100%] 128 of 128 ✔
[1d/0610fe] process > host2 (59)  [ 46%] 59 of 128

executor >  slurm (256)
[16/cebc86] process > host1 (111) [100%] 128 of 128 ✔
[61/3d4f5b] process > host2 (74)  [ 55%] 70 of 128

executor >  slurm (256)
[16/cebc86] process > host1 (111) [100%] 128 of 128 ✔
[aa/86f6ce] process > host2 (122) [ 74%] 95 of 128

executor >  slurm (256)
[16/cebc86] process > host1 (111) [100%] 128 of 128 ✔
[1b/68c782] process > host2 (126) [ 77%] 98 of 128

executor >  slurm (256)
[16/cebc86] process > host1 (111) [100%] 128 of 128 ✔
[47/886944] process > host2 (112) [ 91%] 117 of 128

executor >  slurm (256)
[16/cebc86] process > host1 (111) [100%] 128 of 128 ✔
[99/59ad50] process > host2 (128) [100%] 128 of 128 ✔
Hostname: compute-7-2
compute-7-0
compute-7-1
compute-7-4
compute-7-3


executor >  slurm (256)
[16/cebc86] process > host1 (111) [100%] 128 of 128 ✔
[99/59ad50] process > host2 (128) [100%] 128 of 128 ✔
Hostname: compute-7-2
compute-7-0
compute-7-1
compute-7-4
compute-7-3


+ echo -e 'Done processing * 128 * tasks, on * 128 * cores'
+ for line in '{1..10}'
++ sed -n 9p
++ cat cores.txt
+ cores=256
+ tasks=256
+ tee -a nf.nf/logs/bioinfoScaling_processes-1_host.txt nf.nf/logs/bioinfoScaling_processes-2_host.txt
+ echo -n 256,256,
256,256,+ sed s/CORES/256/ nextflow.config.tmpl
+ /usr/bin/time --format %U,%S,%e,%P,%K,%c,%w,%F,%I,%O,%r,%s,%x --append --output nf.nf/logs/bioinfoScaling_processes-1_host.txt /home/a-m/azzaea/software/nextflow/21.04.1.5556 run host_process.nf -c nf.nf/logs/confs/nextflow.config.256 -profile cluster --ntasks=256 --log=nf.nf/hosts/host1_tasks256.txt
N E X T F L O W  ~  version 21.04.1
Launching `host_process.nf` [shrivelled_mahavira] - revision: b2ae3954f9
[-        ] process > host1 -

[-        ] process > host1 [  0%] 0 of 114

executor >  slurm (1)
[4a/a39db3] process > host1 (3) [  0%] 0 of 213

executor >  slurm (4)
[48/462ecc] process > host1 (4) [  0%] 0 of 256

executor >  slurm (8)
[6e/e138ba] process > host1 (9) [  0%] 0 of 256

executor >  slurm (14)
[01/bdf966] process > host1 (8) [  0%] 0 of 256

executor >  slurm (20)
[37/6b8d32] process > host1 (16) [  0%] 0 of 256

executor >  slurm (24)
[62/283aa5] process > host1 (24) [  0%] 0 of 256

executor >  slurm (28)
[d3/e85597] process > host1 (27) [  0%] 0 of 256

executor >  slurm (32)
[24/d07c09] process > host1 (33) [  0%] 0 of 256

executor >  slurm (37)
[ff/0b48e8] process > host1 (38) [  0%] 0 of 256

executor >  slurm (42)
[fe/9b5d51] process > host1 (42) [  0%] 0 of 256

executor >  slurm (51)
[c8/dc5215] process > host1 (49) [  0%] 0 of 256

executor >  slurm (57)
[13/62d3ef] process > host1 (59) [  0%] 0 of 256

executor >  slurm (63)
[fb/2f2539] process > host1 (65) [  0%] 0 of 256

executor >  slurm (73)
[34/41df14] process > host1 (73) [  0%] 0 of 256

executor >  slurm (82)
[83/bd3826] process > host1 (86) [  0%] 0 of 256

executor >  slurm (93)
[8d/f53ea1] process > host1 (94) [  0%] 0 of 256

executor >  slurm (97)
[14/4d8a4a] process > host1 (96) [  0%] 0 of 256

executor >  slurm (107)
[27/89ca7b] process > host1 (106) [  0%] 0 of 256

executor >  slurm (117)
[3e/d379cb] process > host1 (118) [  0%] 0 of 256

executor >  slurm (126)
[a5/3bcd4a] process > host1 (124) [  0%] 0 of 256

executor >  slurm (133)
[b9/7aeb67] process > host1 (133) [  0%] 0 of 256

executor >  slurm (136)
[0c/b9fa13] process > host1 (7)   [  2%] 6 of 256

executor >  slurm (140)
[8f/9571f6] process > host1 (140) [  6%] 16 of 256

executor >  slurm (144)
[6d/995592] process > host1 (47)  [ 19%] 48 of 256

executor >  slurm (148)
[8a/9bce23] process > host1 (148) [ 25%] 64 of 256

executor >  slurm (152)
[69/cd7fbf] process > host1 (152) [ 29%] 75 of 256

executor >  slurm (156)
[9e/06ee69] process > host1 (157) [ 33%] 85 of 256

executor >  slurm (160)
[fa/df27a0] process > host1 (117) [ 39%] 101 of 256

executor >  slurm (165)
[64/e55e94] process > host1 (165) [ 42%] 108 of 256

executor >  slurm (170)
[c9/c0f1d9] process > host1 (170) [ 42%] 108 of 256

executor >  slurm (175)
[86/b10f57] process > host1 (174) [ 42%] 108 of 256

executor >  slurm (179)
[9b/527bbc] process > host1 (178) [ 42%] 108 of 256

executor >  slurm (184)
[dc/2756bf] process > host1 (180) [ 42%] 108 of 256

executor >  slurm (191)
[b4/08be09] process > host1 (191) [ 42%] 108 of 256

executor >  slurm (197)
[9d/144765] process > host1 (205) [ 42%] 108 of 256

executor >  slurm (202)
[7d/2876a4] process > host1 (194) [ 42%] 108 of 256

executor >  slurm (212)
[03/df2044] process > host1 (213) [ 42%] 108 of 256

executor >  slurm (222)
[50/166568] process > host1 (223) [ 42%] 108 of 256

executor >  slurm (233)
[60/701dc6] process > host1 (236) [ 42%] 108 of 256

executor >  slurm (244)
[3f/49f335] process > host1 (241) [ 42%] 108 of 256

executor >  slurm (256)
[3b/7e2630] process > host1 (255) [ 42%] 108 of 256

executor >  slurm (256)
[30/41a22a] process > host1 (89)  [ 45%] 116 of 256

executor >  slurm (256)
[8f/9571f6] process > host1 (140) [ 55%] 140 of 256

executor >  slurm (256)
[e7/0c35c2] process > host1 (184) [ 67%] 171 of 256

executor >  slurm (256)
[3e/ab32af] process > host1 (208) [ 75%] 193 of 256

executor >  slurm (256)
[fa/5f37f4] process > host1 (235) [ 82%] 211 of 256

executor >  slurm (256)
[7a/0647a8] process > host1 (233) [ 88%] 226 of 256

executor >  slurm (256)
[58/1453bd] process > host1 (245) [ 95%] 243 of 256

executor >  slurm (256)
[3b/7e2630] process > host1 (255) [ 96%] 246 of 256

executor >  slurm (256)
[31/3d93f9] process > host1 (240) [100%] 256 of 256 ✔
Hostname: compute-7-2
compute-7-0
compute-7-1
compute-7-4
compute-7-3


executor >  slurm (256)
[31/3d93f9] process > host1 (240) [100%] 256 of 256 ✔
Hostname: compute-7-2
compute-7-0
compute-7-1
compute-7-4
compute-7-3


+ /usr/bin/time --format %U,%S,%e,%P,%K,%c,%w,%F,%I,%O,%r,%s,%x --append --output nf.nf/logs/bioinfoScaling_processes-2_host.txt /home/a-m/azzaea/software/nextflow/21.04.1.5556 run host_workflow.nf -c nf.nf/logs/confs/nextflow.config.256 -profile cluster --ntasks=256 --log=nf.nf/hosts/host2_tasks256.txt
N E X T F L O W  ~  version 21.04.1
Launching `host_workflow.nf` [furious_jepsen] - revision: 84abddf17c
[-        ] process > host1 -
[-        ] process > host2 -

[-        ] process > host1 [  0%] 0 of 55
[-        ] process > host2 -

executor >  slurm (1)
[ad/2460fc] process > host1 (1) [  0%] 0 of 117
[-        ] process > host2     -

executor >  slurm (2)
[ff/9a16d0] process > host1 (2) [  0%] 0 of 211
[-        ] process > host2     -

executor >  slurm (5)
[93/107885] process > host1 (5) [  0%] 0 of 256
[-        ] process > host2     -

executor >  slurm (10)
[74/0fee2f] process > host1 (9) [  0%] 0 of 256
[-        ] process > host2     -

executor >  slurm (15)
[c0/515bd7] process > host1 (15) [  0%] 0 of 256
[-        ] process > host2      -

executor >  slurm (19)
[3f/154359] process > host1 (19) [  0%] 0 of 256
[-        ] process > host2      -

executor >  slurm (24)
[e1/0194a1] process > host1 (25) [  0%] 0 of 256
[-        ] process > host2      -

executor >  slurm (33)
[de/38a083] process > host1 (33) [  0%] 0 of 256
[-        ] process > host2      -

executor >  slurm (40)
[51/23b77e] process > host1 (40) [  0%] 0 of 256
[-        ] process > host2      -

executor >  slurm (51)
[8d/decd92] process > host1 (50) [  0%] 0 of 256
[-        ] process > host2      -

executor >  slurm (63)
[10/7cf92d] process > host1 (61) [  0%] 0 of 256
[-        ] process > host2      -

executor >  slurm (72)
[63/490f60] process > host1 (72) [  0%] 0 of 256
[-        ] process > host2      -

executor >  slurm (78)
[64/c933bb] process > host1 (75) [  0%] 0 of 256
[-        ] process > host2      -

executor >  slurm (85)
[aa/18bc2f] process > host1 (91) [  0%] 0 of 256
[-        ] process > host2      -

executor >  slurm (93)
[8e/e00626] process > host1 (95) [  0%] 0 of 256
[-        ] process > host2      -

executor >  slurm (100)
[87/987f70] process > host1 (111) [  0%] 0 of 256
[-        ] process > host2       -

executor >  slurm (105)
[3e/6a55a6] process > host1 (100) [  0%] 0 of 256
[-        ] process > host2       -

executor >  slurm (113)
[65/6bb4b4] process > host1 (103) [  0%] 0 of 256
[-        ] process > host2       -

executor >  slurm (123)
[3e/9e81b3] process > host1 (120) [  0%] 0 of 256
[-        ] process > host2       -

executor >  slurm (132)
[97/dd9c76] process > host1 (129) [  0%] 0 of 256
[-        ] process > host2       -

executor >  slurm (141)
[ff/9b5603] process > host1 (159) [  0%] 0 of 256
[-        ] process > host2       -

executor >  slurm (148)
[bd/ee62c0] process > host1 (139) [  0%] 0 of 256
[-        ] process > host2       [  0%] 0 of 1

executor >  slurm (149)
[f5/b3676a] process > host1 (13)  [  5%] 12 of 256
[-        ] process > host2       [  0%] 0 of 12

executor >  slurm (153)
[a8/50b787] process > host1 (24)  [  9%] 23 of 256
[-        ] process > host2       [  0%] 0 of 23

executor >  slurm (157)
[6f/bf849f] process > host1 (48)  [ 18%] 46 of 256
[-        ] process > host2       [  0%] 0 of 46

executor >  slurm (161)
[27/1b04e1] process > host1 (76)  [ 24%] 61 of 256
[-        ] process > host2       [  0%] 0 of 60

executor >  slurm (164)
[26/5570b9] process > host1 (104) [ 31%] 79 of 256
[-        ] process > host2       [  0%] 0 of 79

executor >  slurm (168)
[2a/33bee9] process > host1 (163) [ 34%] 88 of 256
[-        ] process > host2       [  0%] 0 of 88

executor >  slurm (172)
[7d/0cb135] process > host1 (168) [ 34%] 88 of 256
[-        ] process > host2       [  0%] 0 of 88

executor >  slurm (177)
[7d/2c87c3] process > host1 (181) [ 34%] 88 of 256
[-        ] process > host2       [  0%] 0 of 88

executor >  slurm (182)
[69/4cfb2e] process > host1 (170) [ 34%] 88 of 256
[-        ] process > host2       [  0%] 0 of 88

executor >  slurm (187)
[1f/a3bd59] process > host1 (196) [ 34%] 88 of 256
[-        ] process > host2       [  0%] 0 of 88

executor >  slurm (191)
[25/ec680d] process > host1 (193) [ 34%] 88 of 256
[-        ] process > host2       [  0%] 0 of 88

executor >  slurm (196)
[2e/1fc569] process > host1 (190) [ 34%] 88 of 256
[-        ] process > host2       [  0%] 0 of 88

executor >  slurm (206)
[1f/f01716] process > host1 (230) [ 34%] 88 of 256
[-        ] process > host2       [  0%] 0 of 88

executor >  slurm (217)
[e4/a4535a] process > host1 (238) [ 34%] 88 of 256
[-        ] process > host2       [  0%] 0 of 88

executor >  slurm (223)
[e4/17b42b] process > host1 (199) [ 34%] 88 of 256
[-        ] process > host2       [  0%] 0 of 88

executor >  slurm (230)
[18/c8c1ca] process > host1 (210) [ 34%] 88 of 256
[-        ] process > host2       [  0%] 0 of 88

executor >  slurm (234)
[67/8399b3] process > host1 (223) [ 34%] 88 of 256
[-        ] process > host2       [  0%] 0 of 88

executor >  slurm (239)
[01/783c0f] process > host1 (240) [ 34%] 88 of 256
[-        ] process > host2       [  0%] 0 of 88

executor >  slurm (244)
[c7/19c152] process > host1 (250) [ 34%] 88 of 256
[-        ] process > host2       [  0%] 0 of 88

executor >  slurm (249)
[1f/41516b] process > host1 (252) [ 34%] 88 of 256
[-        ] process > host2       [  0%] 0 of 88

executor >  slurm (257)
[12/bef22c] process > host1 (256) [ 34%] 88 of 256
[d6/5ad3bd] process > host2 (1)   [  0%] 0 of 88

executor >  slurm (268)
[12/bef22c] process > host1 (256) [ 34%] 88 of 256
[94/40d8e9] process > host2 (12)  [  0%] 0 of 88

executor >  slurm (280)
[12/bef22c] process > host1 (256) [ 34%] 88 of 256
[d7/15ce24] process > host2 (24)  [  0%] 0 of 88

executor >  slurm (288)
[7f/4cf781] process > host1 (69)  [ 39%] 100 of 256
[94/6da53b] process > host2 (32)  [  0%] 0 of 99

executor >  slurm (292)
[51/87fa05] process > host1 (132) [ 48%] 124 of 256
[f1/f26b41] process > host2 (36)  [  0%] 0 of 124

executor >  slurm (295)
[34/17e2f3] process > host1 (150) [ 57%] 145 of 256
[d6/a3ccd3] process > host2 (39)  [  0%] 0 of 145

executor >  slurm (299)
[26/a9da7d] process > host1 (179) [ 64%] 165 of 256
[7e/fb502d] process > host2 (43)  [  0%] 0 of 165

executor >  slurm (304)
[27/557667] process > host1 (186) [ 72%] 185 of 256
[4e/d94840] process > host2 (48)  [  0%] 0 of 185

executor >  slurm (307)
[dd/acf61e] process > host1 (228) [ 81%] 208 of 256
[59/2fbd8b] process > host2 (51)  [  0%] 0 of 207

executor >  slurm (314)
[31/da2d82] process > host1 (236) [ 86%] 220 of 256
[db/7fbc86] process > host2 (58)  [  0%] 0 of 220

executor >  slurm (319)
[7a/2341b6] process > host1 (232) [ 94%] 240 of 256
[3d/ffc575] process > host2 (63)  [  0%] 0 of 239

executor >  slurm (322)
[12/bef22c] process > host1 (256) [100%] 256 of 256 ✔
[06/eb1e11] process > host2 (13)  [  5%] 12 of 256

executor >  slurm (327)
[12/bef22c] process > host1 (256) [100%] 256 of 256 ✔
[ec/6a5b89] process > host2 (71)  [ 11%] 28 of 256

executor >  slurm (338)
[12/bef22c] process > host1 (256) [100%] 256 of 256 ✔
[a0/8a1d82] process > host2 (82)  [ 11%] 28 of 256

executor >  slurm (350)
[12/bef22c] process > host1 (256) [100%] 256 of 256 ✔
[6e/459041] process > host2 (94)  [ 11%] 28 of 256

executor >  slurm (361)
[12/bef22c] process > host1 (256) [100%] 256 of 256 ✔
[46/1adce4] process > host2 (105) [ 11%] 28 of 256

executor >  slurm (372)
[12/bef22c] process > host1 (256) [100%] 256 of 256 ✔
[a6/9bb94c] process > host2 (116) [ 11%] 28 of 256

executor >  slurm (385)
[12/bef22c] process > host1 (256) [100%] 256 of 256 ✔
[e3/ffb3c5] process > host2 (128) [ 11%] 28 of 256

executor >  slurm (397)
[12/bef22c] process > host1 (256) [100%] 256 of 256 ✔
[68/1c3c54] process > host2 (141) [ 11%] 28 of 256

executor >  slurm (409)
[12/bef22c] process > host1 (256) [100%] 256 of 256 ✔
[5b/d5cd13] process > host2 (153) [ 11%] 28 of 256

executor >  slurm (422)
[12/bef22c] process > host1 (256) [100%] 256 of 256 ✔
[c4/ccc84b] process > host2 (166) [ 11%] 28 of 256

executor >  slurm (432)
[12/bef22c] process > host1 (256) [100%] 256 of 256 ✔
[54/e46aca] process > host2 (176) [ 11%] 28 of 256

executor >  slurm (442)
[12/bef22c] process > host1 (256) [100%] 256 of 256 ✔
[c8/fe98b1] process > host2 (186) [ 11%] 28 of 256

executor >  slurm (454)
[12/bef22c] process > host1 (256) [100%] 256 of 256 ✔
[ac/9d6c8f] process > host2 (198) [ 11%] 28 of 256

executor >  slurm (467)
[12/bef22c] process > host1 (256) [100%] 256 of 256 ✔
[dc/0707be] process > host2 (211) [ 11%] 28 of 256

executor >  slurm (478)
[12/bef22c] process > host1 (256) [100%] 256 of 256 ✔
[b0/cb8daa] process > host2 (222) [ 11%] 28 of 256

executor >  slurm (490)
[12/bef22c] process > host1 (256) [100%] 256 of 256 ✔
[d7/9e38ea] process > host2 (234) [ 11%] 28 of 256

executor >  slurm (503)
[12/bef22c] process > host1 (256) [100%] 256 of 256 ✔
[1b/48c3a6] process > host2 (247) [ 11%] 29 of 256

executor >  slurm (508)
[12/bef22c] process > host1 (256) [100%] 256 of 256 ✔
[17/9413c7] process > host2 (252) [ 18%] 47 of 256

executor >  slurm (512)
[12/bef22c] process > host1 (256) [100%] 256 of 256 ✔
[be/b691be] process > host2 (65)  [ 25%] 65 of 256

executor >  slurm (512)
[12/bef22c] process > host1 (256) [100%] 256 of 256 ✔
[89/cce3be] process > host2 (83)  [ 32%] 83 of 256

executor >  slurm (512)
[12/bef22c] process > host1 (256) [100%] 256 of 256 ✔
[74/014327] process > host2 (113) [ 43%] 110 of 256

executor >  slurm (512)
[12/bef22c] process > host1 (256) [100%] 256 of 256 ✔
[78/7be569] process > host2 (149) [ 50%] 127 of 256

executor >  slurm (512)
[12/bef22c] process > host1 (256) [100%] 256 of 256 ✔
[dc/7f86b7] process > host2 (162) [ 55%] 141 of 256

executor >  slurm (512)
[12/bef22c] process > host1 (256) [100%] 256 of 256 ✔
[38/ae1025] process > host2 (232) [ 68%] 175 of 256

executor >  slurm (512)
[12/bef22c] process > host1 (256) [100%] 256 of 256 ✔
[b2/a0e9be] process > host2 (246) [ 71%] 181 of 256

executor >  slurm (512)
[12/bef22c] process > host1 (256) [100%] 256 of 256 ✔
[03/ed094a] process > host2 (112) [ 72%] 184 of 256

executor >  slurm (512)
[12/bef22c] process > host1 (256) [100%] 256 of 256 ✔
[77/68114a] process > host2 (179) [ 81%] 208 of 256

executor >  slurm (512)
[12/bef22c] process > host1 (256) [100%] 256 of 256 ✔
[e1/67e57e] process > host2 (240) [ 95%] 242 of 256

executor >  slurm (512)
[12/bef22c] process > host1 (256) [100%] 256 of 256 ✔
[82/64cbde] process > host2 (255) [100%] 255 of 256

executor >  slurm (512)
[12/bef22c] process > host1 (256) [100%] 256 of 256 ✔
[cd/6815d8] process > host2 (256) [100%] 256 of 256 ✔
Hostname: compute-7-2
compute-7-0
compute-7-1
compute-7-4
compute-7-3


executor >  slurm (512)
[12/bef22c] process > host1 (256) [100%] 256 of 256 ✔
[cd/6815d8] process > host2 (256) [100%] 256 of 256 ✔
Hostname: compute-7-2
compute-7-0
compute-7-1
compute-7-4
compute-7-3


+ echo -e 'Done processing * 256 * tasks, on * 256 * cores'
+ for line in '{1..10}'
++ sed -n 10p
++ cat cores.txt
+ cores=512
+ tasks=512
+ tee -a nf.nf/logs/bioinfoScaling_processes-1_host.txt nf.nf/logs/bioinfoScaling_processes-2_host.txt
+ echo -n 512,512,
512,512,+ sed s/CORES/512/ nextflow.config.tmpl
+ /usr/bin/time --format %U,%S,%e,%P,%K,%c,%w,%F,%I,%O,%r,%s,%x --append --output nf.nf/logs/bioinfoScaling_processes-1_host.txt /home/a-m/azzaea/software/nextflow/21.04.1.5556 run host_process.nf -c nf.nf/logs/confs/nextflow.config.512 -profile cluster --ntasks=512 --log=nf.nf/hosts/host1_tasks512.txt
N E X T F L O W  ~  version 21.04.1
Launching `host_process.nf` [admiring_hawking] - revision: b2ae3954f9
[-        ] process > host1 -

[-        ] process > host1 [  0%] 0 of 67

executor >  slurm (1)
[35/f8ab3b] process > host1 (3) [  0%] 0 of 143

executor >  slurm (2)
[7b/035b28] process > host1 (2) [  0%] 0 of 221

executor >  slurm (3)
[3c/c11bea] process > host1 (4) [  0%] 0 of 347

executor >  slurm (5)
[42/f214fd] process > host1 (5) [  0%] 0 of 512

executor >  slurm (9)
[ca/85bca6] process > host1 (8) [  0%] 0 of 512

executor >  slurm (14)
[43/62e26a] process > host1 (14) [  0%] 0 of 512

executor >  slurm (20)
[95/32e612] process > host1 (16) [  0%] 0 of 512

executor >  slurm (27)
[9c/5659e5] process > host1 (25) [  0%] 0 of 512

executor >  slurm (36)
[a8/26c3ef] process > host1 (44) [  0%] 0 of 512

executor >  slurm (45)
[55/e23fad] process > host1 (42) [  0%] 0 of 512

executor >  slurm (55)
[bd/79d024] process > host1 (54) [  0%] 0 of 512

executor >  slurm (65)
[c3/9e5163] process > host1 (64) [  0%] 0 of 512

executor >  slurm (73)
[b0/3bbdb5] process > host1 (72) [  0%] 0 of 512

executor >  slurm (79)
[e2/2a3fb9] process > host1 (79) [  0%] 0 of 512

executor >  slurm (83)
[75/98a3be] process > host1 (83) [  0%] 0 of 512

executor >  slurm (88)
[16/4158dd] process > host1 (86) [  0%] 0 of 512

executor >  slurm (99)
[25/68480e] process > host1 (99) [  0%] 0 of 512

executor >  slurm (107)
[8e/d66151] process > host1 (112) [  0%] 0 of 512

executor >  slurm (116)
[a1/884c13] process > host1 (108) [  0%] 0 of 512

executor >  slurm (126)
[2f/98f2ea] process > host1 (127) [  0%] 0 of 512

executor >  slurm (131)
[35/f8ab3b] process > host1 (3)   [  0%] 1 of 512

executor >  slurm (134)
[95/32e612] process > host1 (16)  [  4%] 20 of 512

executor >  slurm (138)
[a8/694cc4] process > host1 (33)  [  5%] 26 of 512

executor >  slurm (143)
[27/68f62f] process > host1 (143) [  8%] 43 of 512

executor >  slurm (147)
[65/c5a642] process > host1 (149) [ 12%] 60 of 512

executor >  slurm (151)
[27/0a4a93] process > host1 (164) [ 14%] 72 of 512

executor >  slurm (156)
[69/a70050] process > host1 (158) [ 14%] 72 of 512

executor >  slurm (160)
[ba/1bae1c] process > host1 (146) [ 14%] 72 of 512

executor >  slurm (165)
[4e/746cf0] process > host1 (159) [ 14%] 72 of 512

executor >  slurm (170)
[c1/e755d9] process > host1 (183) [ 14%] 72 of 512

executor >  slurm (175)
[2c/09ac95] process > host1 (181) [ 14%] 72 of 512

executor >  slurm (179)
[63/f964ed] process > host1 (179) [ 14%] 72 of 512

executor >  slurm (184)
[4b/5e0a8f] process > host1 (171) [ 14%] 72 of 512

executor >  slurm (190)
[f6/9e6cc3] process > host1 (190) [ 14%] 72 of 512

executor >  slurm (201)
[70/d84fb8] process > host1 (202) [ 14%] 72 of 512

executor >  slurm (209)
[4b/54c711] process > host1 (220) [ 14%] 72 of 512

executor >  slurm (219)
[6b/fc58b0] process > host1 (215) [ 14%] 72 of 512

executor >  slurm (230)
[dc/185bce] process > host1 (234) [ 14%] 72 of 512

executor >  slurm (242)
[8f/637e9e] process > host1 (231) [ 14%] 72 of 512

executor >  slurm (252)
[99/24861f] process > host1 (280) [ 14%] 72 of 512

executor >  slurm (261)
[2a/4ef8e5] process > host1 (263) [ 14%] 72 of 512

executor >  slurm (273)
[6f/4efde9] process > host1 (256) [ 14%] 72 of 512

executor >  slurm (285)
[55/443980] process > host1 (294) [ 14%] 72 of 512

executor >  slurm (297)
[fb/f4e365] process > host1 (285) [ 14%] 72 of 512

executor >  slurm (309)
[12/0bfa8b] process > host1 (309) [ 15%] 76 of 512

executor >  slurm (317)
[dc/b24580] process > host1 (58)  [ 19%] 96 of 512

executor >  slurm (322)
[36/bee70c] process > host1 (122) [ 24%] 122 of 512

executor >  slurm (327)
[53/fe446f] process > host1 (152) [ 29%] 146 of 512

executor >  slurm (337)
[50/14a359] process > host1 (163) [ 33%] 167 of 512

executor >  slurm (344)
[0e/edbfe4] process > host1 (184) [ 35%] 180 of 512

executor >  slurm (348)
[a9/9fc88a] process > host1 (208) [ 42%] 213 of 512

executor >  slurm (354)
[19/b2790f] process > host1 (230) [ 46%] 237 of 512

executor >  slurm (359)
[8d/58eac8] process > host1 (345) [ 49%] 253 of 512

executor >  slurm (366)
[16/fae61b] process > host1 (297) [ 53%] 271 of 512

executor >  slurm (374)
[71/fcdbe4] process > host1 (375) [ 54%] 278 of 512

executor >  slurm (385)
[89/3ca2ca] process > host1 (378) [ 54%] 278 of 512

executor >  slurm (398)
[fe/06c5a4] process > host1 (381) [ 54%] 278 of 512

executor >  slurm (408)
[fe/025d1b] process > host1 (424) [ 54%] 278 of 512

executor >  slurm (422)
[43/c621e9] process > host1 (435) [ 54%] 278 of 512

executor >  slurm (432)
[1b/fc0027] process > host1 (439) [ 54%] 278 of 512

executor >  slurm (442)
[2d/ede65c] process > host1 (446) [ 54%] 278 of 512

executor >  slurm (453)
[ad/e74bd5] process > host1 (455) [ 54%] 278 of 512

executor >  slurm (464)
[77/9ed451] process > host1 (456) [ 54%] 278 of 512

executor >  slurm (475)
[09/74cebf] process > host1 (447) [ 54%] 278 of 512

executor >  slurm (488)
[2d/9589b2] process > host1 (508) [ 54%] 278 of 512

executor >  slurm (500)
[f6/b2f9dd] process > host1 (507) [ 54%] 278 of 512

executor >  slurm (512)
[cb/8e0402] process > host1 (512) [ 54%] 278 of 512

executor >  slurm (512)
[34/d0bd36] process > host1 (266) [ 57%] 294 of 512

executor >  slurm (512)
[b1/7570f6] process > host1 (300) [ 61%] 312 of 512

executor >  slurm (512)
[70/a870cb] process > host1 (315) [ 63%] 325 of 512

executor >  slurm (512)
[98/8b7a42] process > host1 (366) [ 66%] 338 of 512

executor >  slurm (512)
[c6/d4ff2a] process > host1 (347) [ 69%] 354 of 512

executor >  slurm (512)
[89/3ca2ca] process > host1 (378) [ 75%] 383 of 512

executor >  slurm (512)
[1b/fc0027] process > host1 (439) [ 81%] 415 of 512

executor >  slurm (512)
[fa/8c78ba] process > host1 (440) [ 83%] 426 of 512

executor >  slurm (512)
[9e/3b5e5b] process > host1 (509) [ 86%] 438 of 512

executor >  slurm (512)
[cb/8e0402] process > host1 (512) [ 87%] 447 of 512

executor >  slurm (512)
[2d/ede65c] process > host1 (446) [ 91%] 467 of 512

executor >  slurm (512)
[a5/d3e886] process > host1 (468) [ 95%] 484 of 512

executor >  slurm (512)
[2d/9589b2] process > host1 (508) [ 97%] 499 of 512

executor >  slurm (512)
[4d/6e7738] process > host1 (481) [ 98%] 503 of 512

executor >  slurm (512)
[ea/1ee835] process > host1 (498) [100%] 512 of 512 ✔

executor >  slurm (512)
[ea/1ee835] process > host1 (498) [100%] 512 of 512 ✔
Hostname: compute-7-2
compute-7-0
compute-7-1
compute-7-4
compute-7-3


+ /usr/bin/time --format %U,%S,%e,%P,%K,%c,%w,%F,%I,%O,%r,%s,%x --append --output nf.nf/logs/bioinfoScaling_processes-2_host.txt /home/a-m/azzaea/software/nextflow/21.04.1.5556 run host_workflow.nf -c nf.nf/logs/confs/nextflow.config.512 -profile cluster --ntasks=512 --log=nf.nf/hosts/host2_tasks512.txt
N E X T F L O W  ~  version 21.04.1
Launching `host_workflow.nf` [ridiculous_edison] - revision: 84abddf17c
[-        ] process > host1 -
[-        ] process > host2 -

[-        ] process > host1 [  0%] 0 of 72
[-        ] process > host2 -

executor >  slurm (1)
[b4/def1eb] process > host1 (2) [  0%] 0 of 130
[-        ] process > host2     -

executor >  slurm (2)
[a2/1d1c7f] process > host1 (4) [  0%] 0 of 207
[-        ] process > host2     -

executor >  slurm (3)
[6c/5cca53] process > host1 (1) [  0%] 0 of 346
[-        ] process > host2     -

executor >  slurm (5)
[1a/0ab9bf] process > host1 (3) [  0%] 0 of 512
[-        ] process > host2     -

executor >  slurm (9)
[71/ce876a] process > host1 (9) [  0%] 0 of 512
[-        ] process > host2     -

executor >  slurm (13)
[b3/55eb02] process > host1 (13) [  0%] 0 of 512
[-        ] process > host2      -

executor >  slurm (16)
[41/ee9286] process > host1 (21) [  0%] 0 of 512
[-        ] process > host2      -

executor >  slurm (22)
[04/9b70b0] process > host1 (18) [  0%] 0 of 512
[-        ] process > host2      -

executor >  slurm (28)
[9e/a139c1] process > host1 (28) [  0%] 0 of 512
[-        ] process > host2      -

executor >  slurm (36)
[3b/0f6710] process > host1 (32) [  0%] 0 of 512
[-        ] process > host2      -

executor >  slurm (45)
[c2/d11132] process > host1 (45) [  0%] 0 of 512
[-        ] process > host2      -

executor >  slurm (55)
[ad/655b20] process > host1 (56) [  0%] 0 of 512
[-        ] process > host2      -

executor >  slurm (67)
[8f/f39186] process > host1 (64) [  0%] 0 of 512
[-        ] process > host2      -

executor >  slurm (76)
[47/cc2a69] process > host1 (70) [  0%] 0 of 512
[-        ] process > host2      -

executor >  slurm (81)
[94/362334] process > host1 (76) [  0%] 0 of 512
[-        ] process > host2      -

executor >  slurm (90)
[a4/cef134] process > host1 (94) [  0%] 0 of 512
[-        ] process > host2      -

executor >  slurm (98)
[b0/507474] process > host1 (97) [  0%] 0 of 512
[-        ] process > host2      -

executor >  slurm (103)
[86/8ee3de] process > host1 (93) [  0%] 0 of 512
[-        ] process > host2      -

executor >  slurm (109)
[11/66cc8c] process > host1 (124) [  0%] 0 of 512
[-        ] process > host2       -

executor >  slurm (119)
[6b/63442a] process > host1 (109) [  0%] 0 of 512
[-        ] process > host2       -

executor >  slurm (123)
[b4/def1eb] process > host1 (2)   [  0%] 1 of 512
[-        ] process > host2       [  0%] 0 of 1

executor >  slurm (125)
[5e/730155] process > host1 (22)  [  3%] 17 of 512
[-        ] process > host2       [  0%] 0 of 17

executor >  slurm (129)
[60/bca6f3] process > host1 (130) [  6%] 29 of 512
[-        ] process > host2       [  0%] 0 of 29

executor >  slurm (133)
[9d/307898] process > host1 (141) [  9%] 45 of 512
[-        ] process > host2       [  0%] 0 of 45

executor >  slurm (136)
[33/19bb3d] process > host1 (143) [ 12%] 59 of 512
[-        ] process > host2       [  0%] 0 of 59

executor >  slurm (139)
[0b/ef52f0] process > host1 (134) [ 16%] 81 of 512
[-        ] process > host2       [  0%] 0 of 81

executor >  slurm (143)
[ea/2f6fc7] process > host1 (135) [ 16%] 81 of 512
[-        ] process > host2       [  0%] 0 of 81

executor >  slurm (148)
[0a/e41560] process > host1 (144) [ 16%] 81 of 512
[-        ] process > host2       [  0%] 0 of 81

executor >  slurm (153)
[e7/52120c] process > host1 (153) [ 16%] 81 of 512
[-        ] process > host2       [  0%] 0 of 81

executor >  slurm (158)
[79/51f987] process > host1 (168) [ 16%] 81 of 512
[-        ] process > host2       [  0%] 0 of 81

executor >  slurm (163)
[c0/1d0c6b] process > host1 (177) [ 16%] 81 of 512
[-        ] process > host2       [  0%] 0 of 81

executor >  slurm (168)
[1c/27e12b] process > host1 (163) [ 16%] 81 of 512
[-        ] process > host2       [  0%] 0 of 81

executor >  slurm (172)
[50/9cc77a] process > host1 (164) [ 16%] 81 of 512
[-        ] process > host2       [  0%] 0 of 81

executor >  slurm (177)
[8a/e0f444] process > host1 (156) [ 16%] 81 of 512
[-        ] process > host2       [  0%] 0 of 81

executor >  slurm (182)
[27/841192] process > host1 (199) [ 16%] 81 of 512
[-        ] process > host2       [  0%] 0 of 81

executor >  slurm (187)
[fa/7cd580] process > host1 (187) [ 16%] 81 of 512
[-        ] process > host2       [  0%] 0 of 81

executor >  slurm (192)
[3f/5ef93f] process > host1 (200) [ 16%] 81 of 512
[-        ] process > host2       [  0%] 0 of 81

executor >  slurm (200)
[14/dfed27] process > host1 (195) [ 16%] 81 of 512
[-        ] process > host2       [  0%] 0 of 81

executor >  slurm (209)
[be/b1cac5] process > host1 (218) [ 16%] 81 of 512
[-        ] process > host2       [  0%] 0 of 81

executor >  slurm (219)
[52/052f9f] process > host1 (213) [ 16%] 81 of 512
[-        ] process > host2       [  0%] 0 of 81

executor >  slurm (231)
[07/92e516] process > host1 (240) [ 16%] 81 of 512
[-        ] process > host2       [  0%] 0 of 81

executor >  slurm (240)
[c7/5a7ccf] process > host1 (253) [ 16%] 81 of 512
[-        ] process > host2       [  0%] 0 of 81

executor >  slurm (251)
[83/ec64aa] process > host1 (251) [ 16%] 81 of 512
[-        ] process > host2       [  0%] 0 of 81

executor >  slurm (263)
[b8/67499b] process > host1 (263) [ 16%] 81 of 512
[-        ] process > host2       [  0%] 0 of 81

executor >  slurm (271)
[ca/b36b70] process > host1 (50)  [ 17%] 88 of 512
[-        ] process > host2       [  0%] 0 of 87

executor >  slurm (276)
[76/a42096] process > host1 (84)  [ 21%] 107 of 512
[-        ] process > host2       [  0%] 0 of 106

executor >  slurm (281)
[90/f80336] process > host1 (278) [ 23%] 120 of 512
[-        ] process > host2       [  0%] 0 of 118

executor >  slurm (284)
[6e/726d49] process > host1 (137) [ 26%] 135 of 512
[-        ] process > host2       [  0%] 0 of 134

executor >  slurm (288)
[00/0137b6] process > host1 (167) [ 31%] 157 of 512
[-        ] process > host2       [  0%] 0 of 157

executor >  slurm (294)
[96/0ab7b5] process > host1 (174) [ 35%] 179 of 512
[-        ] process > host2       [  0%] 0 of 179

executor >  slurm (299)
[78/be2356] process > host1 (206) [ 40%] 206 of 512
[-        ] process > host2       [  0%] 0 of 206

executor >  slurm (303)
[a2/e86b06] process > host1 (242) [ 44%] 225 of 512
[-        ] process > host2       [  0%] 0 of 224

executor >  slurm (307)
[26/06d428] process > host1 (235) [ 47%] 239 of 512
[-        ] process > host2       [  0%] 0 of 239

executor >  slurm (314)
[ea/6536e4] process > host1 (338) [ 49%] 251 of 512
[-        ] process > host2       [  0%] 0 of 251

executor >  slurm (324)
[0a/9bdfa5] process > host1 (319) [ 49%] 251 of 512
[-        ] process > host2       [  0%] 0 of 251

executor >  slurm (334)
[25/dc8e92] process > host1 (337) [ 49%] 251 of 512
[-        ] process > host2       [  0%] 0 of 251

executor >  slurm (344)
[ae/698bf3] process > host1 (336) [ 49%] 251 of 512
[-        ] process > host2       [  0%] 0 of 251

executor >  slurm (356)
[b0/8c506d] process > host1 (356) [ 49%] 251 of 512
[-        ] process > host2       [  0%] 0 of 251

executor >  slurm (368)
[59/7835c3] process > host1 (359) [ 49%] 251 of 512
[-        ] process > host2       [  0%] 0 of 251

executor >  slurm (380)
[58/e7f34d] process > host1 (379) [ 49%] 251 of 512
[-        ] process > host2       [  0%] 0 of 251

executor >  slurm (392)
[0c/61f444] process > host1 (410) [ 49%] 251 of 512
[-        ] process > host2       [  0%] 0 of 251

executor >  slurm (403)
[90/6e2297] process > host1 (413) [ 49%] 251 of 512
[-        ] process > host2       [  0%] 0 of 251

executor >  slurm (416)
[ab/d1fed6] process > host1 (441) [ 49%] 251 of 512
[-        ] process > host2       [  0%] 0 of 251

executor >  slurm (430)
[52/d49b5e] process > host1 (419) [ 49%] 251 of 512
[-        ] process > host2       [  0%] 0 of 251

executor >  slurm (443)
[ea/5e8996] process > host1 (432) [ 49%] 251 of 512
[-        ] process > host2       [  0%] 0 of 251

executor >  slurm (454)
[63/e5a55e] process > host1 (474) [ 49%] 251 of 512
[-        ] process > host2       [  0%] 0 of 251

executor >  slurm (465)
[66/ef4d58] process > host1 (455) [ 49%] 251 of 512
[-        ] process > host2       [  0%] 0 of 251

executor >  slurm (477)
[7c/a06e3f] process > host1 (473) [ 49%] 251 of 512
[-        ] process > host2       [  0%] 0 of 251

executor >  slurm (490)
[d2/a34c9e] process > host1 (509) [ 49%] 253 of 512
[-        ] process > host2       [  0%] 0 of 253

executor >  slurm (494)
[3a/957b96] process > host1 (261) [ 53%] 270 of 512
[-        ] process > host2       [  0%] 0 of 269

executor >  slurm (502)
[10/7fdbf5] process > host1 (292) [ 55%] 283 of 512
[-        ] process > host2       [  0%] 0 of 283

executor >  slurm (511)
[7e/93b8c2] process > host1 (296) [ 59%] 303 of 512
[-        ] process > host2       [  0%] 0 of 302

executor >  slurm (517)
[ec/35e5f0] process > host1 (339) [ 62%] 318 of 512
[01/c97224] process > host2 (5)   [  0%] 0 of 318

executor >  slurm (522)
[15/167313] process > host1 (366) [ 69%] 351 of 512
[3c/95b3d0] process > host2 (9)   [  0%] 0 of 351

executor >  slurm (529)
[09/1b957c] process > host1 (348) [ 71%] 365 of 512
[0b/cc8f42] process > host2 (17)  [  0%] 0 of 365

executor >  slurm (537)
[8b/1594a6] process > host1 (392) [ 74%] 379 of 512
[f4/692994] process > host2 (25)  [  0%] 0 of 378

executor >  slurm (544)
[a5/33251b] process > host1 (447) [ 77%] 392 of 512
[71/423b55] process > host2 (32)  [  0%] 0 of 392

executor >  slurm (555)
[63/dbf0e7] process > host1 (482) [ 78%] 399 of 512
[5e/62b9d1] process > host2 (43)  [  0%] 0 of 399

executor >  slurm (569)
[63/dbf0e7] process > host1 (482) [ 78%] 399 of 512
[1e/4d0bbb] process > host2 (57)  [  0%] 0 of 399

executor >  slurm (582)
[63/dbf0e7] process > host1 (482) [ 78%] 399 of 512
[79/9d17b3] process > host2 (70)  [  0%] 0 of 399

executor >  slurm (594)
[63/dbf0e7] process > host1 (482) [ 78%] 399 of 512
[88/959c22] process > host2 (82)  [  0%] 0 of 399

executor >  slurm (607)
[63/dbf0e7] process > host1 (482) [ 78%] 399 of 512
[09/b462cf] process > host2 (95)  [  0%] 0 of 399

executor >  slurm (620)
[63/dbf0e7] process > host1 (482) [ 78%] 399 of 512
[ad/4f11b3] process > host2 (108) [  0%] 0 of 399

executor >  slurm (631)
[63/dbf0e7] process > host1 (482) [ 78%] 399 of 512
[41/0923f9] process > host2 (119) [  0%] 0 of 399

executor >  slurm (643)
[63/dbf0e7] process > host1 (482) [ 78%] 399 of 512
[12/179b6d] process > host2 (131) [  0%] 0 of 399

executor >  slurm (656)
[63/dbf0e7] process > host1 (482) [ 78%] 399 of 512
[5d/ec4cc3] process > host2 (144) [  0%] 0 of 399

executor >  slurm (667)
[63/dbf0e7] process > host1 (482) [ 78%] 399 of 512
[12/100d1e] process > host2 (155) [  0%] 0 of 399

executor >  slurm (680)
[63/dbf0e7] process > host1 (482) [ 78%] 399 of 512
[0e/610cf4] process > host2 (169) [  0%] 0 of 399

executor >  slurm (693)
[63/dbf0e7] process > host1 (482) [ 78%] 399 of 512
[15/e86f9e] process > host2 (181) [  0%] 0 of 399

executor >  slurm (705)
[63/dbf0e7] process > host1 (482) [ 78%] 399 of 512
[2f/7c5f19] process > host2 (193) [  0%] 0 of 399

executor >  slurm (716)
[63/dbf0e7] process > host1 (482) [ 78%] 399 of 512
[e0/b35aa0] process > host2 (204) [  0%] 0 of 399

executor >  slurm (728)
[63/dbf0e7] process > host1 (482) [ 78%] 399 of 512
[40/c70ec3] process > host2 (216) [  0%] 0 of 399

executor >  slurm (741)
[63/dbf0e7] process > host1 (482) [ 78%] 399 of 512
[a3/5f0054] process > host2 (229) [  0%] 0 of 399

executor >  slurm (751)
[b7/c99738] process > host1 (351) [ 80%] 408 of 512
[47/1d737a] process > host2 (239) [  0%] 0 of 407

executor >  slurm (759)
[59/44916f] process > host1 (382) [ 83%] 423 of 512
[52/4b1512] process > host2 (247) [  0%] 0 of 423

executor >  slurm (768)
[a5/4b37b8] process > host1 (440) [ 85%] 437 of 512
[ab/69f7f3] process > host2 (256) [  0%] 0 of 437

executor >  slurm (778)
[8f/381019] process > host1 (470) [ 88%] 453 of 512
[13/6880b3] process > host2 (266) [  0%] 0 of 453

executor >  slurm (782)
[eb/2bc5e5] process > host1 (459) [ 92%] 471 of 512
[00/44f5a5] process > host2 (270) [  0%] 0 of 471

executor >  slurm (788)
[9d/e155cf] process > host1 (499) [ 95%] 485 of 512
[39/91cb06] process > host2 (276) [  0%] 0 of 485

executor >  slurm (796)
[1a/dcf389] process > host1 (512) [ 99%] 505 of 512
[78/61d781] process > host2 (284) [  2%] 8 of 505

executor >  slurm (807)
[1a/dcf389] process > host1 (512) [ 99%] 505 of 512
[c0/53e3b7] process > host2 (24)  [  5%] 24 of 505

executor >  slurm (817)
[1a/dcf389] process > host1 (512) [ 99%] 505 of 512
[ac/55d9c4] process > host2 (41)  [  8%] 41 of 505

executor >  slurm (824)
[1a/dcf389] process > host1 (512) [ 99%] 505 of 512
[ea/6070ef] process > host2 (94)  [ 17%] 84 of 505

executor >  slurm (835)
[1a/dcf389] process > host1 (512) [ 99%] 505 of 512
[18/83a636] process > host2 (123) [ 19%] 98 of 505

executor >  slurm (846)
[1a/dcf389] process > host1 (512) [ 99%] 505 of 512
[7e/e358f8] process > host2 (335) [ 22%] 110 of 505

executor >  slurm (854)
[1a/dcf389] process > host1 (512) [ 99%] 505 of 512
[30/dc3749] process > host2 (187) [ 24%] 122 of 505

executor >  slurm (864)
[1a/dcf389] process > host1 (512) [ 99%] 505 of 512
[8a/bdbcb9] process > host2 (352) [ 25%] 127 of 505

executor >  slurm (876)
[1a/dcf389] process > host1 (512) [ 99%] 505 of 512
[64/dcfea0] process > host2 (364) [ 25%] 127 of 505

executor >  slurm (888)
[1a/dcf389] process > host1 (512) [ 99%] 505 of 512
[0d/8bb913] process > host2 (376) [ 25%] 127 of 505

executor >  slurm (895)
[1a/dcf389] process > host1 (512) [ 99%] 505 of 512
[0e/277954] process > host2 (383) [ 25%] 127 of 505

executor >  slurm (907)
[1a/dcf389] process > host1 (512) [ 99%] 505 of 512
[c8/6b9823] process > host2 (395) [ 25%] 127 of 505

executor >  slurm (919)
[1a/dcf389] process > host1 (512) [ 99%] 505 of 512
[7b/527076] process > host2 (407) [ 25%] 127 of 505

executor >  slurm (933)
[1a/dcf389] process > host1 (512) [ 99%] 505 of 512
[7a/07f582] process > host2 (421) [ 25%] 127 of 505

executor >  slurm (944)
[1a/dcf389] process > host1 (512) [ 99%] 505 of 512
[71/9b988b] process > host2 (432) [ 25%] 127 of 505

executor >  slurm (956)
[1a/dcf389] process > host1 (512) [ 99%] 505 of 512
[b0/d60179] process > host2 (444) [ 25%] 127 of 505

executor >  slurm (969)
[1a/dcf389] process > host1 (512) [ 99%] 505 of 512
[4d/d3b599] process > host2 (456) [ 25%] 127 of 505

executor >  slurm (983)
[1a/dcf389] process > host1 (512) [ 99%] 505 of 512
[f1/cbdf71] process > host2 (471) [ 25%] 127 of 505

executor >  slurm (995)
[1a/dcf389] process > host1 (512) [ 99%] 505 of 512
[b6/932464] process > host2 (483) [ 25%] 127 of 505

executor >  slurm (1002)
[e1/514581] process > host1 (450) [100%] 512 of 512 ✔
[3c/a742a4] process > host2 (490) [ 28%] 142 of 512

executor >  slurm (1011)
[e1/514581] process > host1 (450) [100%] 512 of 512 ✔
[5c/483aa1] process > host2 (140) [ 31%] 158 of 512

executor >  slurm (1022)
[e1/514581] process > host1 (450) [100%] 512 of 512 ✔
[13/3ba801] process > host2 (167) [ 34%] 172 of 512

executor >  slurm (1024)
[e1/514581] process > host1 (450) [100%] 512 of 512 ✔
[01/f8907b] process > host2 (189) [ 36%] 183 of 512

executor >  slurm (1024)
[e1/514581] process > host1 (450) [100%] 512 of 512 ✔
[52/ac7726] process > host2 (207) [ 38%] 197 of 512

executor >  slurm (1024)
[e1/514581] process > host1 (450) [100%] 512 of 512 ✔
[17/d3b158] process > host2 (223) [ 41%] 211 of 512

executor >  slurm (1024)
[e1/514581] process > host1 (450) [100%] 512 of 512 ✔
[02/652a07] process > host2 (240) [ 44%] 223 of 512

executor >  slurm (1024)
[e1/514581] process > host1 (450) [100%] 512 of 512 ✔
[d0/ceb855] process > host2 (257) [ 47%] 239 of 512

executor >  slurm (1024)
[e1/514581] process > host1 (450) [100%] 512 of 512 ✔
[66/9ec5b0] process > host2 (277) [ 49%] 253 of 512

executor >  slurm (1024)
[e1/514581] process > host1 (450) [100%] 512 of 512 ✔
[f8/7ed275] process > host2 (294) [ 52%] 265 of 512

executor >  slurm (1024)
[e1/514581] process > host1 (450) [100%] 512 of 512 ✔
[31/b46f51] process > host2 (312) [ 54%] 278 of 512

executor >  slurm (1024)
[e1/514581] process > host1 (450) [100%] 512 of 512 ✔
[1e/ef1b53] process > host2 (340) [ 57%] 293 of 512

executor >  slurm (1024)
[e1/514581] process > host1 (450) [100%] 512 of 512 ✔
[77/619114] process > host2 (375) [ 60%] 306 of 512

executor >  slurm (1024)
[e1/514581] process > host1 (450) [100%] 512 of 512 ✔
[a5/177628] process > host2 (418) [ 64%] 330 of 512

executor >  slurm (1024)
[e1/514581] process > host1 (450) [100%] 512 of 512 ✔
[80/9162ba] process > host2 (133) [ 65%] 333 of 512

executor >  slurm (1024)
[e1/514581] process > host1 (450) [100%] 512 of 512 ✔
[22/7122f7] process > host2 (264) [ 69%] 351 of 512

executor >  slurm (1024)
[e1/514581] process > host1 (450) [100%] 512 of 512 ✔
[57/bc0b73] process > host2 (326) [ 72%] 368 of 512

executor >  slurm (1024)
[e1/514581] process > host1 (450) [100%] 512 of 512 ✔
[64/956f5c] process > host2 (359) [ 75%] 385 of 512

executor >  slurm (1024)
[e1/514581] process > host1 (450) [100%] 512 of 512 ✔
[7c/f4430b] process > host2 (427) [ 82%] 422 of 512

executor >  slurm (1024)
[e1/514581] process > host1 (450) [100%] 512 of 512 ✔
[b9/2cf93c] process > host2 (476) [ 85%] 436 of 512

executor >  slurm (1024)
[e1/514581] process > host1 (450) [100%] 512 of 512 ✔
[d5/85b341] process > host2 (502) [ 88%] 448 of 512

executor >  slurm (1024)
[e1/514581] process > host1 (450) [100%] 512 of 512 ✔
[d0/e99b8c] process > host2 (508) [ 89%] 454 of 512

executor >  slurm (1024)
[e1/514581] process > host1 (450) [100%] 512 of 512 ✔
[80/a524e9] process > host2 (357) [ 89%] 458 of 512

executor >  slurm (1024)
[e1/514581] process > host1 (450) [100%] 512 of 512 ✔
[c7/c0ba46] process > host2 (453) [ 93%] 477 of 512

executor >  slurm (1024)
[e1/514581] process > host1 (450) [100%] 512 of 512 ✔
[05/ef094c] process > host2 (475) [ 96%] 493 of 512

executor >  slurm (1024)
[e1/514581] process > host1 (450) [100%] 512 of 512 ✔
[9a/c5253e] process > host2 (511) [100%] 510 of 512

executor >  slurm (1024)
[e1/514581] process > host1 (450) [100%] 512 of 512 ✔
[bf/d2ac86] process > host2 (512) [100%] 511 of 512

executor >  slurm (1024)
[e1/514581] process > host1 (450) [100%] 512 of 512 ✔
[0e/4a6a02] process > host2 (428) [100%] 512 of 512 ✔

executor >  slurm (1024)
[e1/514581] process > host1 (450) [100%] 512 of 512 ✔
[0e/4a6a02] process > host2 (428) [100%] 512 of 512 ✔
Hostname: compute-7-2
compute-7-0
compute-7-1
compute-7-4
compute-7-3


executor >  slurm (1024)
[e1/514581] process > host1 (450) [100%] 512 of 512 ✔
[0e/4a6a02] process > host2 (428) [100%] 512 of 512 ✔
Hostname: compute-7-2
compute-7-0
compute-7-1
compute-7-4
compute-7-3


+ echo -e 'Done processing * 512 * tasks, on * 512 * cores'
+ echo '##############################################################################################'
+ cd nf.nf/hosts
+ echo 'nodes processes tasks'
++ ls -1v
+ for file in '`ls -1v`'
+ sed 's/_/ /g'
++ wc -l host1_tasks1.txt
+ echo 1 host1_tasks1.txt
+ for file in '`ls -1v`'
+ sed 's/_/ /g'
++ wc -l host1_tasks2.txt
+ echo 1 host1_tasks2.txt
+ for file in '`ls -1v`'
+ sed 's/_/ /g'
++ wc -l host1_tasks4.txt
+ echo 1 host1_tasks4.txt
+ for file in '`ls -1v`'
+ sed 's/_/ /g'
++ wc -l host1_tasks8.txt
+ echo 1 host1_tasks8.txt
+ for file in '`ls -1v`'
+ sed 's/_/ /g'
++ wc -l host1_tasks16.txt
+ echo 1 host1_tasks16.txt
+ for file in '`ls -1v`'
+ sed 's/_/ /g'
++ wc -l host1_tasks32.txt
+ echo 2 host1_tasks32.txt
+ for file in '`ls -1v`'
+ sed 's/_/ /g'
++ wc -l host1_tasks64.txt
+ echo 2 host1_tasks64.txt
+ for file in '`ls -1v`'
+ sed 's/_/ /g'
++ wc -l host1_tasks128.txt
+ echo 3 host1_tasks128.txt
+ for file in '`ls -1v`'
+ sed 's/_/ /g'
++ wc -l host1_tasks256.txt
+ echo 5 host1_tasks256.txt
+ for file in '`ls -1v`'
+ sed 's/_/ /g'
++ wc -l host1_tasks512.txt
+ echo 5 host1_tasks512.txt
+ for file in '`ls -1v`'
+ sed 's/_/ /g'
++ wc -l host2_tasks1.txt
+ echo 1 host2_tasks1.txt
+ for file in '`ls -1v`'
+ sed 's/_/ /g'
++ wc -l host2_tasks2.txt
+ echo 1 host2_tasks2.txt
+ for file in '`ls -1v`'
+ sed 's/_/ /g'
++ wc -l host2_tasks4.txt
+ echo 1 host2_tasks4.txt
+ for file in '`ls -1v`'
+ sed 's/_/ /g'
++ wc -l host2_tasks8.txt
+ echo 2 host2_tasks8.txt
+ for file in '`ls -1v`'
+ sed 's/_/ /g'
++ wc -l host2_tasks16.txt
+ echo 2 host2_tasks16.txt
+ for file in '`ls -1v`'
+ sed 's/_/ /g'
++ wc -l host2_tasks32.txt
+ echo 2 host2_tasks32.txt
+ for file in '`ls -1v`'
+ sed 's/_/ /g'
++ wc -l host2_tasks64.txt
+ echo 4 host2_tasks64.txt
+ for file in '`ls -1v`'
+ sed 's/_/ /g'
++ wc -l host2_tasks128.txt
+ echo 5 host2_tasks128.txt
+ for file in '`ls -1v`'
+ sed 's/_/ /g'
++ wc -l host2_tasks256.txt
+ echo 5 host2_tasks256.txt
+ for file in '`ls -1v`'
+ sed 's/_/ /g'
++ wc -l host2_tasks512.txt
+ echo 5 host2_tasks512.txt
+ mail -s 'WfMS- Bio-Scalability' azzaea@gmail.com
+ echo 'Bio-Scalability analysis completed for Nextflow!'
