Analysis done on: 
Sun Jun 20 17:24:00 CDT 2021
+ nextflow=/home/a-m/azzaea/software/nextflow/21.04.1.5556
+ resultsDir=nf.nf
+ logsDir=nf.nf/logs
+ confsDir=nf.nf/logs/confs
+ hostsDir=nf.nf/hosts
+ mkdir -p nf.nf nf.nf/logs nf.nf/logs/confs nf.nf/hosts
+ progress=nf.nf/logs/progress_bioinfoScaling.txt
+ echo 'Starting BioInfo Scalability Analysis'
+ echo '##############################################################################################'
+ /home/a-m/azzaea/software/nextflow/21.04.1.5556 -v
+ echo '##############################################################################################'
+ ifstat -t -T -n -w
ifstat: invalid time constant divisor
+ log1=nf.nf/logs/bioinfoScaling_processes-1_host.txt
+ log2=nf.nf/logs/bioinfoScaling_processes-2_host.txt
+ tee -a nf.nf/logs/bioinfoScaling_processes-1_host.txt nf.nf/logs/bioinfoScaling_processes-2_host.txt
+ echo cores,tasks,user,system,elapsed,cpu,avMemory,involuntaryContextSwitch,voluntaryContextSwitch,faults,inputs,outputs,socketsIn,socketsOut,exitStatus
cores,tasks,user,system,elapsed,cpu,avMemory,involuntaryContextSwitch,voluntaryContextSwitch,faults,inputs,outputs,socketsIn,socketsOut,exitStatus
+ for line in '{1..10}'
++ sed -n 1p
++ cat cores.txt
+ cores=1
+ tasks=1
+ tee -a nf.nf/logs/bioinfoScaling_processes-1_host.txt nf.nf/logs/bioinfoScaling_processes-2_host.txt
+ echo -n 1,1,
1,1,+ sed s/CORES/1/ nextflow.config.tmpl
+ /usr/bin/time --format %U,%S,%e,%P,%K,%c,%w,%F,%I,%O,%r,%s,%x --append --output nf.nf/logs/bioinfoScaling_processes-1_host.txt /home/a-m/azzaea/software/nextflow/21.04.1.5556 run host_process.nf -c nf.nf/logs/confs/nextflow.config.1 -profile cluster --ntasks=1 --log=nf.nf/hosts/host1_tasks1.txt
N E X T F L O W  ~  version 21.04.1
Launching `host_process.nf` [mad_crick] - revision: b2ae3954f9
[-        ] process > host1 [  0%] 0 of 1

executor >  slurm (1)
[86/df2e57] process > host1 (1) [  0%] 0 of 1

executor >  slurm (1)
[86/df2e57] process > host1 (1) [  0%] 0 of 1

executor >  slurm (1)
[86/df2e57] process > host1 (1) [100%] 1 of 1 ✔
Hostname: compute-7-4


+ /usr/bin/time --format %U,%S,%e,%P,%K,%c,%w,%F,%I,%O,%r,%s,%x --append --output nf.nf/logs/bioinfoScaling_processes-2_host.txt /home/a-m/azzaea/software/nextflow/21.04.1.5556 run host_workflow.nf -c nf.nf/logs/confs/nextflow.config.1 -profile cluster --ntasks=1 --log=nf.nf/hosts/host2_tasks1.txt
N E X T F L O W  ~  version 21.04.1
Launching `host_workflow.nf` [shrivelled_wozniak] - revision: 84abddf17c
[-        ] process > host1 -
[-        ] process > host2 -

executor >  slurm (1)
[46/d8b063] process > host1 (1) [  0%] 0 of 1
[-        ] process > host2     -

executor >  slurm (1)
[46/d8b063] process > host1 (1) [  0%] 0 of 1
[-        ] process > host2     -

executor >  slurm (2)
[46/d8b063] process > host1 (1) [100%] 1 of 1 ✔
[71/7b5f15] process > host2 (1) [  0%] 0 of 1

executor >  slurm (2)
[46/d8b063] process > host1 (1) [100%] 1 of 1 ✔
[71/7b5f15] process > host2 (1) [100%] 1 of 1 ✔

executor >  slurm (2)
[46/d8b063] process > host1 (1) [100%] 1 of 1 ✔
[71/7b5f15] process > host2 (1) [100%] 1 of 1 ✔
Hostname: compute-7-4


+ echo -e 'Done processing * 1 * tasks, on * 1 * cores'
+ for line in '{1..10}'
++ sed -n 2p
++ cat cores.txt
+ cores=2
+ tasks=2
+ tee -a nf.nf/logs/bioinfoScaling_processes-1_host.txt nf.nf/logs/bioinfoScaling_processes-2_host.txt
+ echo -n 2,2,
2,2,+ sed s/CORES/2/ nextflow.config.tmpl
+ /usr/bin/time --format %U,%S,%e,%P,%K,%c,%w,%F,%I,%O,%r,%s,%x --append --output nf.nf/logs/bioinfoScaling_processes-1_host.txt /home/a-m/azzaea/software/nextflow/21.04.1.5556 run host_process.nf -c nf.nf/logs/confs/nextflow.config.2 -profile cluster --ntasks=2 --log=nf.nf/hosts/host1_tasks2.txt
N E X T F L O W  ~  version 21.04.1
Launching `host_process.nf` [festering_goldwasser] - revision: b2ae3954f9
[-        ] process > host1 -

executor >  slurm (2)
[c9/21e861] process > host1 (1) [  0%] 0 of 2

executor >  slurm (2)
[c9/21e861] process > host1 (1) [  0%] 0 of 2

executor >  slurm (2)
[c9/21e861] process > host1 (1) [100%] 2 of 2 ✔
Hostname: compute-7-4


executor >  slurm (2)
[c9/21e861] process > host1 (1) [100%] 2 of 2 ✔
Hostname: compute-7-4


+ /usr/bin/time --format %U,%S,%e,%P,%K,%c,%w,%F,%I,%O,%r,%s,%x --append --output nf.nf/logs/bioinfoScaling_processes-2_host.txt /home/a-m/azzaea/software/nextflow/21.04.1.5556 run host_workflow.nf -c nf.nf/logs/confs/nextflow.config.2 -profile cluster --ntasks=2 --log=nf.nf/hosts/host2_tasks2.txt
N E X T F L O W  ~  version 21.04.1
Launching `host_workflow.nf` [prickly_miescher] - revision: 84abddf17c
[-        ] process > host1 [  0%] 0 of 2
[-        ] process > host2 -

executor >  slurm (2)
[e8/0f71c3] process > host1 (2) [  0%] 0 of 2
[-        ] process > host2     -

executor >  slurm (2)
[e8/0f71c3] process > host1 (2) [  0%] 0 of 2
[-        ] process > host2     -

executor >  slurm (3)
[e8/0f71c3] process > host1 (2) [100%] 2 of 2 ✔
[97/c93902] process > host2 (1) [  0%] 0 of 2

executor >  slurm (4)
[e8/0f71c3] process > host1 (2) [100%] 2 of 2 ✔
[e6/12b842] process > host2 (2) [  0%] 0 of 2

executor >  slurm (4)
[e8/0f71c3] process > host1 (2) [100%] 2 of 2 ✔
[e6/12b842] process > host2 (2) [100%] 2 of 2 ✔

executor >  slurm (4)
[e8/0f71c3] process > host1 (2) [100%] 2 of 2 ✔
[e6/12b842] process > host2 (2) [100%] 2 of 2 ✔
Hostname: compute-7-4


+ echo -e 'Done processing * 2 * tasks, on * 2 * cores'
+ for line in '{1..10}'
++ sed -n 3p
++ cat cores.txt
+ cores=4
+ tasks=4
+ tee -a nf.nf/logs/bioinfoScaling_processes-1_host.txt nf.nf/logs/bioinfoScaling_processes-2_host.txt
+ echo -n 4,4,
4,4,+ sed s/CORES/4/ nextflow.config.tmpl
+ /usr/bin/time --format %U,%S,%e,%P,%K,%c,%w,%F,%I,%O,%r,%s,%x --append --output nf.nf/logs/bioinfoScaling_processes-1_host.txt /home/a-m/azzaea/software/nextflow/21.04.1.5556 run host_process.nf -c nf.nf/logs/confs/nextflow.config.4 -profile cluster --ntasks=4 --log=nf.nf/hosts/host1_tasks4.txt
N E X T F L O W  ~  version 21.04.1
Launching `host_process.nf` [mad_stone] - revision: b2ae3954f9
[-        ] process > host1 -

executor >  slurm (2)
[28/020f0e] process > host1 (2) [  0%] 0 of 4

executor >  slurm (4)
[36/989ae9] process > host1 (1) [  0%] 0 of 4

executor >  slurm (4)
[ce/0f83db] process > host1 (3) [ 25%] 1 of 4

executor >  slurm (4)
[36/989ae9] process > host1 (1) [100%] 4 of 4 ✔
Hostname: compute-7-4


executor >  slurm (4)
[36/989ae9] process > host1 (1) [100%] 4 of 4 ✔
Hostname: compute-7-4


+ /usr/bin/time --format %U,%S,%e,%P,%K,%c,%w,%F,%I,%O,%r,%s,%x --append --output nf.nf/logs/bioinfoScaling_processes-2_host.txt /home/a-m/azzaea/software/nextflow/21.04.1.5556 run host_workflow.nf -c nf.nf/logs/confs/nextflow.config.4 -profile cluster --ntasks=4 --log=nf.nf/hosts/host2_tasks4.txt
N E X T F L O W  ~  version 21.04.1
Launching `host_workflow.nf` [distracted_shaw] - revision: 84abddf17c
[-        ] process > host1 [  0%] 0 of 4
[-        ] process > host2 -

executor >  slurm (4)
[8b/1cd395] process > host1 (4) [  0%] 0 of 4
[-        ] process > host2     -

executor >  slurm (4)
[8b/1cd395] process > host1 (4) [100%] 4 of 4 ✔
[-        ] process > host2     [  0%] 0 of 4

executor >  slurm (8)
[8b/1cd395] process > host1 (4) [100%] 4 of 4 ✔
[e5/da49da] process > host2 (4) [  0%] 0 of 4

executor >  slurm (8)
[8b/1cd395] process > host1 (4) [100%] 4 of 4 ✔
[85/f04fbe] process > host2 (2) [ 50%] 2 of 4

executor >  slurm (8)
[8b/1cd395] process > host1 (4) [100%] 4 of 4 ✔
[e5/da49da] process > host2 (4) [100%] 4 of 4 ✔
Hostname: compute-7-4


+ echo -e 'Done processing * 4 * tasks, on * 4 * cores'
+ for line in '{1..10}'
++ sed -n 4p
++ cat cores.txt
+ cores=8
+ tasks=8
+ tee -a nf.nf/logs/bioinfoScaling_processes-1_host.txt nf.nf/logs/bioinfoScaling_processes-2_host.txt
+ echo -n 8,8,
8,8,+ sed s/CORES/8/ nextflow.config.tmpl
+ /usr/bin/time --format %U,%S,%e,%P,%K,%c,%w,%F,%I,%O,%r,%s,%x --append --output nf.nf/logs/bioinfoScaling_processes-1_host.txt /home/a-m/azzaea/software/nextflow/21.04.1.5556 run host_process.nf -c nf.nf/logs/confs/nextflow.config.8 -profile cluster --ntasks=8 --log=nf.nf/hosts/host1_tasks8.txt
N E X T F L O W  ~  version 21.04.1
Launching `host_process.nf` [crazy_visvesvaraya] - revision: b2ae3954f9
[-        ] process > host1 -

executor >  slurm (2)
[14/2ff66a] process > host1 (1) [  0%] 0 of 8

executor >  slurm (7)
[63/86501d] process > host1 (7) [  0%] 0 of 8

executor >  slurm (8)
[77/e7dd7a] process > host1 (8) [  0%] 0 of 8

executor >  slurm (8)
[78/85d175] process > host1 (2) [ 13%] 1 of 8

executor >  slurm (8)
[77/e7dd7a] process > host1 (8) [100%] 8 of 8 ✔
Hostname: compute-7-4


+ /usr/bin/time --format %U,%S,%e,%P,%K,%c,%w,%F,%I,%O,%r,%s,%x --append --output nf.nf/logs/bioinfoScaling_processes-2_host.txt /home/a-m/azzaea/software/nextflow/21.04.1.5556 run host_workflow.nf -c nf.nf/logs/confs/nextflow.config.8 -profile cluster --ntasks=8 --log=nf.nf/hosts/host2_tasks8.txt
N E X T F L O W  ~  version 21.04.1
Launching `host_workflow.nf` [goofy_brattain] - revision: 84abddf17c
[-        ] process > host1 -
[-        ] process > host2 -

executor >  slurm (4)
[36/82a93e] process > host1 (1) [  0%] 0 of 8
[-        ] process > host2     -

executor >  slurm (8)
[6b/605734] process > host1 (8) [  0%] 0 of 8
[-        ] process > host2     -

executor >  slurm (8)
[c3/261710] process > host1 (2) [ 13%] 1 of 8
[-        ] process > host2     [  0%] 0 of 2

executor >  slurm (13)
[6b/605734] process > host1 (8) [100%] 8 of 8 ✔
[99/957f60] process > host2 (5) [  0%] 0 of 8

executor >  slurm (16)
[6b/605734] process > host1 (8) [100%] 8 of 8 ✔
[7e/c5adb9] process > host2 (8) [  0%] 0 of 8

executor >  slurm (16)
[6b/605734] process > host1 (8) [100%] 8 of 8 ✔
[e3/a2455a] process > host2 (1) [ 13%] 1 of 8

executor >  slurm (16)
[6b/605734] process > host1 (8) [100%] 8 of 8 ✔
[7e/c5adb9] process > host2 (8) [100%] 8 of 8 ✔
Hostname: compute-7-2
compute-7-4


+ echo -e 'Done processing * 8 * tasks, on * 8 * cores'
+ for line in '{1..10}'
++ sed -n 5p
++ cat cores.txt
+ cores=16
+ tasks=16
+ tee -a nf.nf/logs/bioinfoScaling_processes-1_host.txt nf.nf/logs/bioinfoScaling_processes-2_host.txt
+ echo -n 16,16,
16,16,+ sed s/CORES/16/ nextflow.config.tmpl
+ /usr/bin/time --format %U,%S,%e,%P,%K,%c,%w,%F,%I,%O,%r,%s,%x --append --output nf.nf/logs/bioinfoScaling_processes-1_host.txt /home/a-m/azzaea/software/nextflow/21.04.1.5556 run host_process.nf -c nf.nf/logs/confs/nextflow.config.16 -profile cluster --ntasks=16 --log=nf.nf/hosts/host1_tasks16.txt
N E X T F L O W  ~  version 21.04.1
Launching `host_process.nf` [elated_gutenberg] - revision: b2ae3954f9
[-        ] process > host1 -

executor >  slurm (5)
[15/8df0eb] process > host1 (5) [  0%] 0 of 16

executor >  slurm (10)
[57/59e5cc] process > host1 (10) [  0%] 0 of 16

executor >  slurm (15)
[21/321e88] process > host1 (8)  [  0%] 0 of 16

executor >  slurm (16)
[f2/b545fd] process > host1 (16) [  0%] 0 of 16

executor >  slurm (16)
[f2/b545fd] process > host1 (16) [  0%] 0 of 16

executor >  slurm (16)
[f2/b545fd] process > host1 (16) [100%] 16 of 16 ✔

executor >  slurm (16)
[f2/b545fd] process > host1 (16) [100%] 16 of 16 ✔
Hostname: compute-7-4


+ /usr/bin/time --format %U,%S,%e,%P,%K,%c,%w,%F,%I,%O,%r,%s,%x --append --output nf.nf/logs/bioinfoScaling_processes-2_host.txt /home/a-m/azzaea/software/nextflow/21.04.1.5556 run host_workflow.nf -c nf.nf/logs/confs/nextflow.config.16 -profile cluster --ntasks=16 --log=nf.nf/hosts/host2_tasks16.txt
N E X T F L O W  ~  version 21.04.1
Launching `host_workflow.nf` [jolly_newton] - revision: 84abddf17c
[-        ] process > host1 -

executor >  slurm (3)
[85/aaec4e] process > host1 (1) [  0%] 0 of 16
[-        ] process > host2     -

executor >  slurm (5)
[39/18de94] process > host1 (5) [  0%] 0 of 16
[-        ] process > host2     -

executor >  slurm (10)
[50/e4db92] process > host1 (7) [  0%] 0 of 16
[-        ] process > host2     -

executor >  slurm (16)
[0a/d56bcd] process > host1 (16) [  0%] 0 of 16
[-        ] process > host2      -

executor >  slurm (16)
[a9/6cbf49] process > host1 (2)  [  6%] 1 of 16
[-        ] process > host2      [  0%] 0 of 1

executor >  slurm (18)
[0a/d56bcd] process > host1 (16) [100%] 16 of 16 ✔
[36/e4214d] process > host2 (2)  [  0%] 0 of 16

executor >  slurm (23)
[0a/d56bcd] process > host1 (16) [100%] 16 of 16 ✔
[a6/586903] process > host2 (7)  [  0%] 0 of 16

executor >  slurm (28)
[0a/d56bcd] process > host1 (16) [100%] 16 of 16 ✔
[ee/10766d] process > host2 (12) [  0%] 0 of 16

executor >  slurm (32)
[0a/d56bcd] process > host1 (16) [100%] 16 of 16 ✔
[cb/1fa324] process > host2 (16) [  0%] 0 of 16

executor >  slurm (32)
[0a/d56bcd] process > host1 (16) [100%] 16 of 16 ✔
[cb/1fa324] process > host2 (16) [  0%] 0 of 16

executor >  slurm (32)
[0a/d56bcd] process > host1 (16) [100%] 16 of 16 ✔
[cb/1fa324] process > host2 (16) [100%] 16 of 16 ✔
Hostname: compute-7-2
compute-7-4
compute-7-3


+ echo -e 'Done processing * 16 * tasks, on * 16 * cores'
+ for line in '{1..10}'
++ sed -n 6p
++ cat cores.txt
+ cores=32
+ tasks=32
+ tee -a nf.nf/logs/bioinfoScaling_processes-1_host.txt nf.nf/logs/bioinfoScaling_processes-2_host.txt
+ echo -n 32,32,
32,32,+ sed s/CORES/32/ nextflow.config.tmpl
+ /usr/bin/time --format %U,%S,%e,%P,%K,%c,%w,%F,%I,%O,%r,%s,%x --append --output nf.nf/logs/bioinfoScaling_processes-1_host.txt /home/a-m/azzaea/software/nextflow/21.04.1.5556 run host_process.nf -c nf.nf/logs/confs/nextflow.config.32 -profile cluster --ntasks=32 --log=nf.nf/hosts/host1_tasks32.txt
N E X T F L O W  ~  version 21.04.1
Launching `host_process.nf` [desperate_raman] - revision: b2ae3954f9
[-        ] process > host1 -

executor >  slurm (1)
[fe/27a70c] process > host1 (1) [  0%] 0 of 32

executor >  slurm (5)
[f6/0cdc0e] process > host1 (5) [  0%] 0 of 32

executor >  slurm (11)
[72/676fbb] process > host1 (12) [  0%] 0 of 32

executor >  slurm (16)
[7e/54f53d] process > host1 (24) [  0%] 0 of 32

executor >  slurm (23)
[11/d96319] process > host1 (20) [  0%] 0 of 32

executor >  slurm (32)
[2e/594e91] process > host1 (32) [  0%] 0 of 32

executor >  slurm (32)
[44/ccad69] process > host1 (3)  [  9%] 3 of 32

executor >  slurm (32)
[45/600cfa] process > host1 (21) [ 63%] 20 of 32

executor >  slurm (32)
[2e/594e91] process > host1 (32) [100%] 32 of 32 ✔

executor >  slurm (32)
[2e/594e91] process > host1 (32) [100%] 32 of 32 ✔
Hostname: compute-7-2
compute-7-4


executor >  slurm (32)
[2e/594e91] process > host1 (32) [100%] 32 of 32 ✔
Hostname: compute-7-2
compute-7-4


+ /usr/bin/time --format %U,%S,%e,%P,%K,%c,%w,%F,%I,%O,%r,%s,%x --append --output nf.nf/logs/bioinfoScaling_processes-2_host.txt /home/a-m/azzaea/software/nextflow/21.04.1.5556 run host_workflow.nf -c nf.nf/logs/confs/nextflow.config.32 -profile cluster --ntasks=32 --log=nf.nf/hosts/host2_tasks32.txt
N E X T F L O W  ~  version 21.04.1
Launching `host_workflow.nf` [gloomy_goldstine] - revision: 84abddf17c
[-        ] process > host1 -
[-        ] process > host2 -

executor >  slurm (4)
[51/721078] process > host1 (1) [  0%] 0 of 32
[-        ] process > host2     -

executor >  slurm (9)
[ed/373a2b] process > host1 (8) [  0%] 0 of 32
[-        ] process > host2     -

executor >  slurm (17)
[89/a19f4c] process > host1 (18) [  0%] 0 of 32
[-        ] process > host2      -

executor >  slurm (26)
[c6/2b3e72] process > host1 (26) [  0%] 0 of 32
[-        ] process > host2      -

executor >  slurm (32)
[8f/af5e8c] process > host1 (32) [  0%] 0 of 32
[-        ] process > host2      -

executor >  slurm (32)
[56/b69c87] process > host1 (7)  [ 22%] 7 of 32
[-        ] process > host2      [  0%] 0 of 7

executor >  slurm (35)
[80/212837] process > host1 (16) [ 63%] 20 of 32
[22/0e5067] process > host2 (3)  [  0%] 0 of 20

executor >  slurm (38)
[8f/af5e8c] process > host1 (32) [100%] 32 of 32 ✔
[9e/896ffc] process > host2 (6)  [  0%] 0 of 32

executor >  slurm (43)
[8f/af5e8c] process > host1 (32) [100%] 32 of 32 ✔
[f6/35d150] process > host2 (11) [  0%] 0 of 32

executor >  slurm (48)
[8f/af5e8c] process > host1 (32) [100%] 32 of 32 ✔
[71/938f31] process > host2 (16) [  0%] 0 of 32

executor >  slurm (54)
[8f/af5e8c] process > host1 (32) [100%] 32 of 32 ✔
[b7/a8501d] process > host2 (22) [  0%] 0 of 32

executor >  slurm (62)
[8f/af5e8c] process > host1 (32) [100%] 32 of 32 ✔
[1d/2e5b07] process > host2 (30) [  0%] 0 of 32

executor >  slurm (64)
[8f/af5e8c] process > host1 (32) [100%] 32 of 32 ✔
[9c/077bdd] process > host2 (32) [  0%] 0 of 32

executor >  slurm (64)
[8f/af5e8c] process > host1 (32) [100%] 32 of 32 ✔
[b3/8e8dd7] process > host2 (8)  [ 25%] 8 of 32

executor >  slurm (64)
[8f/af5e8c] process > host1 (32) [100%] 32 of 32 ✔
[9c/077bdd] process > host2 (32) [100%] 32 of 32 ✔
Hostname: compute-7-2
compute-7-4


executor >  slurm (64)
[8f/af5e8c] process > host1 (32) [100%] 32 of 32 ✔
[9c/077bdd] process > host2 (32) [100%] 32 of 32 ✔
Hostname: compute-7-2
compute-7-4


+ echo -e 'Done processing * 32 * tasks, on * 32 * cores'
+ for line in '{1..10}'
++ sed -n 7p
++ cat cores.txt
+ cores=64
+ tasks=64
+ tee -a nf.nf/logs/bioinfoScaling_processes-1_host.txt nf.nf/logs/bioinfoScaling_processes-2_host.txt
+ echo -n 64,64,
64,64,+ sed s/CORES/64/ nextflow.config.tmpl
+ /usr/bin/time --format %U,%S,%e,%P,%K,%c,%w,%F,%I,%O,%r,%s,%x --append --output nf.nf/logs/bioinfoScaling_processes-1_host.txt /home/a-m/azzaea/software/nextflow/21.04.1.5556 run host_process.nf -c nf.nf/logs/confs/nextflow.config.64 -profile cluster --ntasks=64 --log=nf.nf/hosts/host1_tasks64.txt
N E X T F L O W  ~  version 21.04.1
Launching `host_process.nf` [mighty_engelbart] - revision: b2ae3954f9
[-        ] process > host1 -

executor >  slurm (2)
[05/e199ff] process > host1 (1) [  0%] 0 of 64

executor >  slurm (7)
[1d/bc3d47] process > host1 (10) [  0%] 0 of 64

executor >  slurm (13)
[56/067815] process > host1 (13) [  0%] 0 of 64

executor >  slurm (22)
[d1/79eea6] process > host1 (22) [  0%] 0 of 64

executor >  slurm (32)
[17/716dd9] process > host1 (23) [  0%] 0 of 64

executor >  slurm (45)
[8a/4e8ce3] process > host1 (41) [  0%] 0 of 64

executor >  slurm (57)
[7a/79dfd5] process > host1 (48) [  0%] 0 of 64

executor >  slurm (62)
[5e/18404e] process > host1 (62) [  0%] 0 of 64

executor >  slurm (64)
[21/b4a416] process > host1 (64) [  0%] 0 of 64

executor >  slurm (64)
[21/b4a416] process > host1 (64) [  0%] 0 of 64

executor >  slurm (64)
[33/304af0] process > host1 (11) [ 16%] 10 of 64

executor >  slurm (64)
[ac/80a1f3] process > host1 (27) [ 45%] 29 of 64

executor >  slurm (64)
[df/273ccd] process > host1 (35) [ 66%] 42 of 64

executor >  slurm (64)
[21/b4a416] process > host1 (64) [ 91%] 58 of 64

executor >  slurm (64)
[c0/df3c79] process > host1 (58) [100%] 64 of 64 ✔

executor >  slurm (64)
[c0/df3c79] process > host1 (58) [100%] 64 of 64 ✔
Hostname: compute-7-2
compute-7-4
compute-7-3


executor >  slurm (64)
[c0/df3c79] process > host1 (58) [100%] 64 of 64 ✔
Hostname: compute-7-2
compute-7-4
compute-7-3


+ /usr/bin/time --format %U,%S,%e,%P,%K,%c,%w,%F,%I,%O,%r,%s,%x --append --output nf.nf/logs/bioinfoScaling_processes-2_host.txt /home/a-m/azzaea/software/nextflow/21.04.1.5556 run host_workflow.nf -c nf.nf/logs/confs/nextflow.config.64 -profile cluster --ntasks=64 --log=nf.nf/hosts/host2_tasks64.txt
N E X T F L O W  ~  version 21.04.1
Launching `host_workflow.nf` [wise_bhabha] - revision: 84abddf17c
[-        ] process > host1 -

[-        ] process > host1 [  0%] 0 of 39
[-        ] process > host2 -

executor >  slurm (5)
[b3/b60de5] process > host1 (5) [  0%] 0 of 64
[-        ] process > host2     -

executor >  slurm (11)
[af/88d9f0] process > host1 (8) [  0%] 0 of 64
[-        ] process > host2     -

executor >  slurm (19)
[72/233038] process > host1 (18) [  0%] 0 of 64
[-        ] process > host2      -

executor >  slurm (26)
[a1/6be92a] process > host1 (33) [  0%] 0 of 64
[-        ] process > host2      -

executor >  slurm (38)
[ce/680ea5] process > host1 (38) [  0%] 0 of 64
[-        ] process > host2      -

executor >  slurm (49)
[3e/8f12f0] process > host1 (40) [  0%] 0 of 64
[-        ] process > host2      -

executor >  slurm (62)
[7c/6d648f] process > host1 (63) [  0%] 0 of 64
[-        ] process > host2      -

executor >  slurm (64)
[2e/0697b8] process > host1 (64) [  0%] 0 of 64
[-        ] process > host2      -

executor >  slurm (64)
[2e/0697b8] process > host1 (64) [  0%] 0 of 64
[-        ] process > host2      [  0%] 0 of 1

executor >  slurm (66)
[82/4900a3] process > host1 (16) [ 36%] 23 of 64
[84/c23d0a] process > host2 (2)  [  0%] 0 of 23

executor >  slurm (69)
[7d/57051b] process > host1 (29) [ 48%] 31 of 64
[47/dc6d51] process > host2 (5)  [  0%] 0 of 30

executor >  slurm (72)
[5c/86bb8e] process > host1 (55) [ 70%] 45 of 64
[76/8571f4] process > host2 (8)  [  0%] 0 of 45

executor >  slurm (77)
[42/5f8f85] process > host1 (60) [ 80%] 51 of 64
[2a/06af24] process > host2 (13) [  0%] 0 of 51

executor >  slurm (82)
[42/5f8f85] process > host1 (60) [ 80%] 51 of 64
[e1/83ffef] process > host2 (18) [  0%] 0 of 51

executor >  slurm (88)
[42/5f8f85] process > host1 (60) [ 80%] 51 of 64
[63/6e8555] process > host2 (24) [  0%] 0 of 51

executor >  slurm (93)
[42/5f8f85] process > host1 (60) [ 80%] 51 of 64
[d6/4c6304] process > host2 (29) [  0%] 0 of 51

executor >  slurm (99)
[42/5f8f85] process > host1 (60) [ 80%] 51 of 64
[bf/1ddab7] process > host2 (35) [  0%] 0 of 51

executor >  slurm (105)
[42/5f8f85] process > host1 (60) [ 80%] 51 of 64
[b3/c84c8f] process > host2 (41) [  0%] 0 of 51

executor >  slurm (112)
[42/5f8f85] process > host1 (60) [ 80%] 51 of 64
[eb/abafff] process > host2 (48) [  0%] 0 of 51

executor >  slurm (115)
[42/5f8f85] process > host1 (60) [ 80%] 51 of 64
[f2/10a8ed] process > host2 (51) [  0%] 0 of 51

executor >  slurm (115)
[a1/6be92a] process > host1 (33) [ 81%] 52 of 64
[f2/10a8ed] process > host2 (51) [  0%] 0 of 52

executor >  slurm (119)
[2e/0697b8] process > host1 (64) [100%] 64 of 64 ✔
[94/34a8bc] process > host2 (11) [ 19%] 12 of 64

executor >  slurm (122)
[2e/0697b8] process > host1 (64) [100%] 64 of 64 ✔
[20/b25eaf] process > host2 (38) [ 59%] 38 of 64

executor >  slurm (127)
[2e/0697b8] process > host1 (64) [100%] 64 of 64 ✔
[98/57fe03] process > host2 (63) [ 80%] 51 of 64

executor >  slurm (128)
[2e/0697b8] process > host1 (64) [100%] 64 of 64 ✔
[71/414b04] process > host2 (64) [ 80%] 51 of 64

executor >  slurm (128)
[2e/0697b8] process > host1 (64) [100%] 64 of 64 ✔
[f1/f293e1] process > host2 (60) [ 94%] 60 of 64

executor >  slurm (128)
[2e/0697b8] process > host1 (64) [100%] 64 of 64 ✔
[71/414b04] process > host2 (64) [100%] 64 of 64 ✔
Hostname: compute-7-2
compute-7-0
compute-7-1
compute-7-4
compute-7-3


executor >  slurm (128)
[2e/0697b8] process > host1 (64) [100%] 64 of 64 ✔
[71/414b04] process > host2 (64) [100%] 64 of 64 ✔
Hostname: compute-7-2
compute-7-0
compute-7-1
compute-7-4
compute-7-3


+ echo -e 'Done processing * 64 * tasks, on * 64 * cores'
+ for line in '{1..10}'
++ sed -n 8p
++ cat cores.txt
+ cores=128
+ tasks=128
+ tee -a nf.nf/logs/bioinfoScaling_processes-1_host.txt nf.nf/logs/bioinfoScaling_processes-2_host.txt
+ echo -n 128,128,
128,128,+ sed s/CORES/128/ nextflow.config.tmpl
+ /usr/bin/time --format %U,%S,%e,%P,%K,%c,%w,%F,%I,%O,%r,%s,%x --append --output nf.nf/logs/bioinfoScaling_processes-1_host.txt /home/a-m/azzaea/software/nextflow/21.04.1.5556 run host_process.nf -c nf.nf/logs/confs/nextflow.config.128 -profile cluster --ntasks=128 --log=nf.nf/hosts/host1_tasks128.txt
N E X T F L O W  ~  version 21.04.1
Launching `host_process.nf` [cheeky_watson] - revision: b2ae3954f9
[-        ] process > host1 -

executor >  slurm (1)
[fe/8ff3cd] process > host1 (2) [  0%] 0 of 128

executor >  slurm (6)
[57/323ed2] process > host1 (6) [  0%] 0 of 128

executor >  slurm (11)
[aa/8d716d] process > host1 (12) [  0%] 0 of 128

executor >  slurm (16)
[9b/6b7ebb] process > host1 (20) [  0%] 0 of 128

executor >  slurm (21)
[2b/0a505d] process > host1 (25) [  0%] 0 of 128

executor >  slurm (26)
[6a/781944] process > host1 (26) [  0%] 0 of 128

executor >  slurm (32)
[27/7266f8] process > host1 (34) [  0%] 0 of 128

executor >  slurm (40)
[80/a63ae1] process > host1 (39) [  0%] 0 of 128

executor >  slurm (47)
[05/08c3a2] process > host1 (45) [  0%] 0 of 128

executor >  slurm (60)
[92/61af9e] process > host1 (64) [  0%] 0 of 128

executor >  slurm (69)
[c4/0970eb] process > host1 (73) [  0%] 0 of 128

executor >  slurm (83)
[e5/23568a] process > host1 (83) [  0%] 0 of 128

executor >  slurm (94)
[1b/f5f1ab] process > host1 (94) [  0%] 0 of 128

executor >  slurm (103)
[ba/988624] process > host1 (102) [  0%] 0 of 128

executor >  slurm (108)
[7a/725cf5] process > host1 (109) [  0%] 0 of 128

executor >  slurm (114)
[f0/bdaa98] process > host1 (114) [  0%] 0 of 128

executor >  slurm (121)
[e8/cbb398] process > host1 (121) [  0%] 0 of 128

executor >  slurm (128)
[9d/060400] process > host1 (128) [  0%] 0 of 128

executor >  slurm (128)
[9d/060400] process > host1 (128) [  0%] 0 of 128

executor >  slurm (128)
[eb/23b534] process > host1 (29)  [ 14%] 18 of 128

executor >  slurm (128)
[06/478581] process > host1 (65)  [ 26%] 33 of 128

executor >  slurm (128)
[23/3602bf] process > host1 (85)  [ 43%] 55 of 128

executor >  slurm (128)
[cc/9755ea] process > host1 (117) [ 62%] 79 of 128

executor >  slurm (128)
[9d/060400] process > host1 (128) [ 66%] 84 of 128

executor >  slurm (128)
[9f/5fc1c6] process > host1 (37)  [ 78%] 100 of 128

executor >  slurm (128)
[0f/c46418] process > host1 (124) [ 99%] 127 of 128

executor >  slurm (128)
[58/6d7284] process > host1 (127) [100%] 128 of 128 ✔
Hostname: compute-7-2
compute-7-0
compute-7-4
compute-7-3


executor >  slurm (128)
[58/6d7284] process > host1 (127) [100%] 128 of 128 ✔
Hostname: compute-7-2
compute-7-0
compute-7-4
compute-7-3


+ /usr/bin/time --format %U,%S,%e,%P,%K,%c,%w,%F,%I,%O,%r,%s,%x --append --output nf.nf/logs/bioinfoScaling_processes-2_host.txt /home/a-m/azzaea/software/nextflow/21.04.1.5556 run host_workflow.nf -c nf.nf/logs/confs/nextflow.config.128 -profile cluster --ntasks=128 --log=nf.nf/hosts/host2_tasks128.txt
N E X T F L O W  ~  version 21.04.1
Launching `host_workflow.nf` [stupefied_cuvier] - revision: 84abddf17c
[-        ] process > host1 -
[-        ] process > host2 -

[-        ] process > host1 [  0%] 0 of 76
[-        ] process > host2 -

executor >  slurm (3)
[87/9e0870] process > host1 (2) [  0%] 0 of 128
[-        ] process > host2     -

executor >  slurm (8)
[1d/405c66] process > host1 (9) [  0%] 0 of 128
[-        ] process > host2     -

executor >  slurm (13)
[79/a066f7] process > host1 (13) [  0%] 0 of 128
[-        ] process > host2      -

executor >  slurm (20)
[1b/e83a94] process > host1 (16) [  0%] 0 of 128
[-        ] process > host2      -

executor >  slurm (27)
[b1/5af2df] process > host1 (25) [  0%] 0 of 128
[-        ] process > host2      -

executor >  slurm (34)
[b0/ff0caf] process > host1 (41) [  0%] 0 of 128
[-        ] process > host2      -

executor >  slurm (43)
[59/f10f35] process > host1 (36) [  0%] 0 of 128
[-        ] process > host2      -

executor >  slurm (54)
[6d/bc2eaf] process > host1 (51) [  0%] 0 of 128
[-        ] process > host2      -

executor >  slurm (62)
[27/ad8b54] process > host1 (71) [  0%] 0 of 128
[-        ] process > host2      -

executor >  slurm (72)
[70/887a47] process > host1 (72) [  0%] 0 of 128
[-        ] process > host2      -

executor >  slurm (82)
[1a/64abca] process > host1 (84) [  0%] 0 of 128
[-        ] process > host2      -

executor >  slurm (95)
[79/6b6abf] process > host1 (102) [  0%] 0 of 128
[-        ] process > host2       -

executor >  slurm (107)
[49/d9f5cc] process > host1 (96)  [  0%] 0 of 128
[-        ] process > host2       -

executor >  slurm (116)
[ce/440631] process > host1 (116) [  0%] 0 of 128
[-        ] process > host2       -

executor >  slurm (125)
[0f/8f5ea4] process > host1 (128) [  0%] 0 of 128
[-        ] process > host2       -

executor >  slurm (128)
[7b/d28010] process > host1 (126) [  0%] 0 of 128
[-        ] process > host2       -

executor >  slurm (128)
[7b/d28010] process > host1 (126) [  0%] 0 of 128
[-        ] process > host2       -

executor >  slurm (130)
[2d/5657bb] process > host1 (10)  [  9%] 11 of 128
[ce/656b27] process > host2 (2)   [  0%] 0 of 10

executor >  slurm (132)
[6b/e8df3d] process > host1 (28)  [ 25%] 32 of 128
[aa/f88475] process > host2 (4)   [  0%] 0 of 32

executor >  slurm (134)
[0e/5022f7] process > host1 (53)  [ 36%] 46 of 128
[69/d7d9a9] process > host2 (6)   [  0%] 0 of 45

executor >  slurm (138)
[39/886df3] process > host1 (60)  [ 47%] 60 of 128
[70/79c4bd] process > host2 (10)  [  0%] 0 of 60

executor >  slurm (141)
[8d/12141e] process > host1 (74)  [ 56%] 72 of 128
[ae/9eb4df] process > host2 (12)  [  0%] 0 of 72

executor >  slurm (146)
[8f/0052c6] process > host1 (101) [ 71%] 91 of 128
[d7/20bfef] process > host2 (18)  [  0%] 0 of 91

executor >  slurm (151)
[d3/72c4c6] process > host1 (117) [ 84%] 108 of 128
[17/e4c90a] process > host2 (23)  [  0%] 0 of 108

executor >  slurm (155)
[7b/d28010] process > host1 (126) [ 93%] 119 of 128
[ef/b58447] process > host2 (27)  [  0%] 0 of 119

executor >  slurm (161)
[7b/d28010] process > host1 (126) [ 93%] 119 of 128
[4c/407bd7] process > host2 (33)  [  0%] 0 of 119

executor >  slurm (167)
[7b/d28010] process > host1 (126) [ 93%] 119 of 128
[6d/da4784] process > host2 (39)  [  0%] 0 of 119

executor >  slurm (175)
[7b/d28010] process > host1 (126) [ 93%] 119 of 128
[27/730bb4] process > host2 (46)  [  0%] 0 of 119

executor >  slurm (181)
[7b/d28010] process > host1 (126) [ 93%] 119 of 128
[88/eb5bd5] process > host2 (53)  [  0%] 0 of 119

executor >  slurm (193)
[7b/d28010] process > host1 (126) [ 93%] 119 of 128
[eb/ad6de4] process > host2 (65)  [  0%] 0 of 119

executor >  slurm (202)
[7b/d28010] process > host1 (126) [ 93%] 119 of 128
[f2/910966] process > host2 (74)  [  0%] 0 of 119

executor >  slurm (207)
[7b/d28010] process > host1 (126) [ 93%] 119 of 128
[cd/d0c140] process > host2 (79)  [  0%] 0 of 119

executor >  slurm (222)
[7b/d28010] process > host1 (126) [ 93%] 119 of 128
[47/23d8df] process > host2 (94)  [  0%] 0 of 119

executor >  slurm (234)
[7b/d28010] process > host1 (126) [ 93%] 119 of 128
[83/0bea5a] process > host2 (106) [  0%] 0 of 119

executor >  slurm (247)
[7b/d28010] process > host1 (126) [ 93%] 119 of 128
[b5/fe5e10] process > host2 (119) [  0%] 0 of 119

executor >  slurm (249)
[bf/583f15] process > host1 (107) [100%] 128 of 128 ✔
[ae/9eb4df] process > host2 (12)  [ 10%] 13 of 128

executor >  slurm (254)
[bf/583f15] process > host1 (107) [100%] 128 of 128 ✔
[a2/9acfe3] process > host2 (126) [ 29%] 37 of 128

executor >  slurm (256)
[bf/583f15] process > host1 (107) [100%] 128 of 128 ✔
[86/8896f2] process > host2 (58)  [ 45%] 58 of 128

executor >  slurm (256)
[bf/583f15] process > host1 (107) [100%] 128 of 128 ✔
[7e/f7f5ad] process > host2 (80)  [ 63%] 80 of 128

executor >  slurm (256)
[bf/583f15] process > host1 (107) [100%] 128 of 128 ✔
[83/0bea5a] process > host2 (106) [ 83%] 106 of 128

executor >  slurm (256)
[bf/583f15] process > host1 (107) [100%] 128 of 128 ✔
[b5/fe5e10] process > host2 (119) [ 92%] 118 of 128

executor >  slurm (256)
[bf/583f15] process > host1 (107) [100%] 128 of 128 ✔
[fd/e4e1a7] process > host2 (115) [ 93%] 119 of 128

executor >  slurm (256)
[bf/583f15] process > host1 (107) [100%] 128 of 128 ✔
[cd/7a84c0] process > host2 (128) [100%] 128 of 128 ✔
Hostname: compute-7-2
compute-7-0
compute-7-1
compute-7-4
compute-7-3


executor >  slurm (256)
[bf/583f15] process > host1 (107) [100%] 128 of 128 ✔
[cd/7a84c0] process > host2 (128) [100%] 128 of 128 ✔
Hostname: compute-7-2
compute-7-0
compute-7-1
compute-7-4
compute-7-3


+ echo -e 'Done processing * 128 * tasks, on * 128 * cores'
+ for line in '{1..10}'
++ sed -n 9p
++ cat cores.txt
+ cores=256
+ tasks=256
+ tee -a nf.nf/logs/bioinfoScaling_processes-1_host.txt nf.nf/logs/bioinfoScaling_processes-2_host.txt
+ echo -n 256,256,
256,256,+ sed s/CORES/256/ nextflow.config.tmpl
+ /usr/bin/time --format %U,%S,%e,%P,%K,%c,%w,%F,%I,%O,%r,%s,%x --append --output nf.nf/logs/bioinfoScaling_processes-1_host.txt /home/a-m/azzaea/software/nextflow/21.04.1.5556 run host_process.nf -c nf.nf/logs/confs/nextflow.config.256 -profile cluster --ntasks=256 --log=nf.nf/hosts/host1_tasks256.txt
N E X T F L O W  ~  version 21.04.1
Launching `host_process.nf` [angry_euclid] - revision: b2ae3954f9
[-        ] process > host1 -

executor >  slurm (1)
[eb/8099e5] process > host1 (2) [  0%] 0 of 95

executor >  slurm (2)
[23/ad1da4] process > host1 (1) [  0%] 0 of 254

executor >  slurm (6)
[d8/b76531] process > host1 (6) [  0%] 0 of 256

executor >  slurm (13)
[fa/32b81b] process > host1 (13) [  0%] 0 of 256

executor >  slurm (22)
[22/3e8884] process > host1 (25) [  0%] 0 of 256

executor >  slurm (31)
[04/ab68e3] process > host1 (39) [  0%] 0 of 256

executor >  slurm (43)
[5f/c27438] process > host1 (43) [  0%] 0 of 256

executor >  slurm (56)
[c4/6bf70b] process > host1 (56) [  0%] 0 of 256

executor >  slurm (62)
[5f/7e8fe4] process > host1 (68) [  0%] 0 of 256

executor >  slurm (71)
[a6/b2df44] process > host1 (72) [  0%] 0 of 256

executor >  slurm (82)
[b8/49a362] process > host1 (75) [  0%] 0 of 256

executor >  slurm (87)
[22/0aecd3] process > host1 (88) [  0%] 0 of 256

executor >  slurm (99)
[13/9a9f6b] process > host1 (99) [  0%] 0 of 256

executor >  slurm (106)
[53/d94ace] process > host1 (93) [  0%] 0 of 256

executor >  slurm (115)
[86/48ba38] process > host1 (124) [  0%] 0 of 256

executor >  slurm (125)
[db/42523c] process > host1 (127) [  0%] 0 of 256

executor >  slurm (137)
[cc/c5de9d] process > host1 (149) [  0%] 0 of 256

executor >  slurm (149)
[e6/d86e8b] process > host1 (140) [  0%] 0 of 256

executor >  slurm (158)
[50/5b7693] process > host1 (166) [  0%] 0 of 256

executor >  slurm (172)
[da/213be5] process > host1 (161) [  0%] 0 of 256

executor >  slurm (185)
[3e/baac46] process > host1 (186) [  0%] 0 of 256

executor >  slurm (200)
[ce/8e1536] process > host1 (183) [  0%] 0 of 256

executor >  slurm (207)
[eb/8099e5] process > host1 (2)   [  0%] 1 of 256

executor >  slurm (210)
[c5/25449f] process > host1 (14)  [  4%] 11 of 256

executor >  slurm (215)
[f0/12c538] process > host1 (211) [ 12%] 30 of 256

executor >  slurm (219)
[b3/141854] process > host1 (77)  [ 26%] 66 of 256

executor >  slurm (223)
[36/0fb8f0] process > host1 (169) [ 32%] 81 of 256

executor >  slurm (229)
[cf/339e3e] process > host1 (229) [ 32%] 81 of 256

executor >  slurm (241)
[e1/b43677] process > host1 (241) [ 32%] 81 of 256

executor >  slurm (248)
[b1/4c8574] process > host1 (239) [ 32%] 81 of 256

executor >  slurm (256)
[ab/742671] process > host1 (256) [ 32%] 81 of 256

executor >  slurm (256)
[50/61450b] process > host1 (80)  [ 38%] 96 of 256

executor >  slurm (256)
[51/5ca86f] process > host1 (115) [ 48%] 123 of 256

executor >  slurm (256)
[81/bc7c03] process > host1 (144) [ 57%] 147 of 256

executor >  slurm (256)
[0a/ec6051] process > host1 (184) [ 70%] 180 of 256

executor >  slurm (256)
[c1/2f3605] process > host1 (230) [ 80%] 204 of 256

executor >  slurm (256)
[ab/742671] process > host1 (256) [ 90%] 230 of 256

executor >  slurm (256)
[7b/d42f04] process > host1 (96)  [ 91%] 232 of 256

executor >  slurm (256)
[c0/e28732] process > host1 (209) [100%] 256 of 256 ✔
Hostname: compute-7-2
compute-7-0
compute-7-1
compute-7-4
compute-7-3


executor >  slurm (256)
[c0/e28732] process > host1 (209) [100%] 256 of 256 ✔
Hostname: compute-7-2
compute-7-0
compute-7-1
compute-7-4
compute-7-3


+ /usr/bin/time --format %U,%S,%e,%P,%K,%c,%w,%F,%I,%O,%r,%s,%x --append --output nf.nf/logs/bioinfoScaling_processes-2_host.txt /home/a-m/azzaea/software/nextflow/21.04.1.5556 run host_workflow.nf -c nf.nf/logs/confs/nextflow.config.256 -profile cluster --ntasks=256 --log=nf.nf/hosts/host2_tasks256.txt
N E X T F L O W  ~  version 21.04.1
Launching `host_workflow.nf` [awesome_pesquet] - revision: 84abddf17c
[-        ] process > host1 -
[-        ] process > host2 -

executor >  slurm (1)
[4b/092ea8] process > host1 (3) [  0%] 0 of 175
[-        ] process > host2     -

executor >  slurm (3)
[30/73f53a] process > host1 (1) [  0%] 0 of 256
[-        ] process > host2     -

executor >  slurm (10)
[dd/1d0367] process > host1 (10) [  0%] 0 of 256
[-        ] process > host2      -

executor >  slurm (15)
[df/0f68b3] process > host1 (12) [  0%] 0 of 256
[-        ] process > host2      -

executor >  slurm (22)
[74/db2270] process > host1 (21) [  0%] 0 of 256
[-        ] process > host2      -

executor >  slurm (32)
[fc/947480] process > host1 (24) [  0%] 0 of 256
[-        ] process > host2      -

executor >  slurm (42)
[0f/85e3d5] process > host1 (40) [  0%] 0 of 256
[-        ] process > host2      -

executor >  slurm (55)
[4c/947caa] process > host1 (54) [  0%] 0 of 256
[-        ] process > host2      -

executor >  slurm (66)
[1f/942aba] process > host1 (66) [  0%] 0 of 256
[-        ] process > host2      -

executor >  slurm (77)
[40/6142e2] process > host1 (77) [  0%] 0 of 256
[-        ] process > host2      -

executor >  slurm (82)
[61/267c2c] process > host1 (83) [  0%] 0 of 256
[-        ] process > host2      -

executor >  slurm (88)
[6d/077299] process > host1 (88) [  0%] 0 of 256
[-        ] process > host2      -

executor >  slurm (97)
[ef/01bdd4] process > host1 (97) [  0%] 0 of 256
[-        ] process > host2      -

executor >  slurm (110)
[a6/a00bf9] process > host1 (124) [  0%] 0 of 256
[-        ] process > host2       -

executor >  slurm (120)
[b8/cf6e96] process > host1 (115) [  0%] 0 of 256
[-        ] process > host2       -

executor >  slurm (130)
[b3/e186ce] process > host1 (143) [  0%] 0 of 256
[-        ] process > host2       -

executor >  slurm (145)
[d8/d35e0f] process > host1 (150) [  0%] 0 of 256
[-        ] process > host2       -

executor >  slurm (159)
[19/7277b2] process > host1 (164) [  0%] 0 of 256
[-        ] process > host2       -

executor >  slurm (167)
[80/1096ab] process > host1 (173) [  0%] 0 of 256
[-        ] process > host2       -

executor >  slurm (178)
[3e/a144ad] process > host1 (177) [  0%] 0 of 256
[-        ] process > host2       -

executor >  slurm (191)
[27/6eb52e] process > host1 (181) [  0%] 0 of 256
[-        ] process > host2       -

executor >  slurm (201)
[e0/4f30fb] process > host1 (207) [  0%] 0 of 256
[-        ] process > host2       -

executor >  slurm (203)
[df/0f68b3] process > host1 (12)  [  6%] 15 of 256
[-        ] process > host2       [  0%] 0 of 15

executor >  slurm (207)
[d6/5e2515] process > host1 (27)  [  9%] 24 of 256
[-        ] process > host2       [  0%] 0 of 24

executor >  slurm (211)
[da/1d597e] process > host1 (86)  [ 17%] 43 of 256
[-        ] process > host2       [  0%] 0 of 42

executor >  slurm (215)
[81/53b1b4] process > host1 (201) [ 21%] 55 of 256
[-        ] process > host2       [  0%] 0 of 55

executor >  slurm (218)
[27/d72fe7] process > host1 (200) [ 28%] 71 of 256
[-        ] process > host2       [  0%] 0 of 71

executor >  slurm (223)
[a7/b1ceb3] process > host1 (223) [ 28%] 71 of 256
[-        ] process > host2       [  0%] 0 of 71

executor >  slurm (228)
[3c/0f8afc] process > host1 (235) [ 28%] 71 of 256
[-        ] process > host2       [  0%] 0 of 71

executor >  slurm (235)
[7f/723a46] process > host1 (238) [ 28%] 71 of 256
[-        ] process > host2       [  0%] 0 of 71

executor >  slurm (247)
[53/65f7ee] process > host1 (247) [ 28%] 71 of 256
[-        ] process > host2       [  0%] 0 of 71

executor >  slurm (255)
[13/bbd2a2] process > host1 (255) [ 28%] 71 of 256
[-        ] process > host2       [  0%] 0 of 71

executor >  slurm (267)
[3a/d1418d] process > host1 (256) [ 28%] 71 of 256
[fb/3238d0] process > host2 (11)  [  0%] 0 of 71

executor >  slurm (277)
[3a/d1418d] process > host1 (256) [ 28%] 71 of 256
[51/14fc39] process > host2 (21)  [  0%] 0 of 71

executor >  slurm (289)
[3a/d1418d] process > host1 (256) [ 28%] 71 of 256
[1d/466000] process > host2 (33)  [  0%] 0 of 71

executor >  slurm (304)
[3a/d1418d] process > host1 (256) [ 28%] 71 of 256
[0a/2a9260] process > host2 (48)  [  0%] 0 of 71

executor >  slurm (316)
[3a/d1418d] process > host1 (256) [ 28%] 71 of 256
[df/5c62ab] process > host2 (60)  [  0%] 0 of 71

executor >  slurm (327)
[3a/d1418d] process > host1 (256) [ 28%] 71 of 256
[5c/dd3dc1] process > host2 (71)  [  0%] 0 of 71

executor >  slurm (328)
[e6/29401a] process > host1 (45)  [ 33%] 85 of 256
[89/ddb3c7] process > host2 (72)  [  0%] 0 of 84

executor >  slurm (334)
[6a/02ee0d] process > host1 (75)  [ 41%] 106 of 256
[b6/ae6f56] process > host2 (78)  [  0%] 0 of 106

executor >  slurm (338)
[1b/e0585b] process > host1 (96)  [ 50%] 127 of 256
[86/d06fb9] process > host2 (82)  [  0%] 0 of 127

executor >  slurm (343)
[93/a1c2a6] process > host1 (109) [ 58%] 149 of 256
[7a/6daba9] process > host2 (87)  [  0%] 0 of 149

executor >  slurm (349)
[a8/68f8db] process > host1 (190) [ 71%] 183 of 256
[d7/a0c578] process > host2 (93)  [  0%] 0 of 183

executor >  slurm (354)
[10/e7edd9] process > host1 (203) [ 82%] 211 of 256
[eb/d3ba24] process > host2 (98)  [  0%] 0 of 211

executor >  slurm (360)
[4a/e76be6] process > host1 (242) [ 91%] 233 of 256
[11/fd784a] process > host2 (104) [  0%] 0 of 233

executor >  slurm (365)
[13/bbd2a2] process > host1 (255) [ 96%] 247 of 256
[01/0a0bfd] process > host2 (6)   [  2%] 5 of 247

executor >  slurm (372)
[13/bbd2a2] process > host1 (255) [ 96%] 247 of 256
[7b/bec0d9] process > host2 (116) [ 17%] 42 of 247

executor >  slurm (382)
[13/bbd2a2] process > host1 (255) [ 96%] 247 of 256
[82/297ba1] process > host2 (63)  [ 25%] 61 of 247

executor >  slurm (397)
[13/bbd2a2] process > host1 (255) [ 96%] 247 of 256
[46/c34b06] process > host2 (141) [ 28%] 69 of 247

executor >  slurm (411)
[13/bbd2a2] process > host1 (255) [ 96%] 247 of 256
[23/aa38f5] process > host2 (155) [ 28%] 69 of 247

executor >  slurm (426)
[13/bbd2a2] process > host1 (255) [ 96%] 247 of 256
[32/156dd5] process > host2 (170) [ 28%] 69 of 247

executor >  slurm (439)
[13/bbd2a2] process > host1 (255) [ 96%] 247 of 256
[30/22a734] process > host2 (183) [ 28%] 69 of 247

executor >  slurm (455)
[13/bbd2a2] process > host1 (255) [ 96%] 247 of 256
[20/cbd775] process > host2 (199) [ 28%] 69 of 247

executor >  slurm (471)
[13/bbd2a2] process > host1 (255) [ 96%] 247 of 256
[f6/0ec205] process > host2 (215) [ 28%] 69 of 247

executor >  slurm (486)
[13/bbd2a2] process > host1 (255) [ 96%] 247 of 256
[89/ae139d] process > host2 (230) [ 28%] 69 of 247

executor >  slurm (502)
[13/bbd2a2] process > host1 (255) [ 96%] 247 of 256
[f3/ee3d8d] process > host2 (246) [ 28%] 69 of 247

executor >  slurm (503)
[13/bbd2a2] process > host1 (255) [ 96%] 247 of 256
[b0/39b463] process > host2 (247) [ 28%] 69 of 247

executor >  slurm (503)
[85/c5e55e] process > host1 (216) [ 97%] 249 of 256
[b0/39b463] process > host2 (247) [ 28%] 69 of 248

executor >  slurm (509)
[3a/d1418d] process > host1 (256) [100%] 256 of 256 ✔
[be/d88385] process > host2 (97)  [ 38%] 97 of 256

executor >  slurm (512)
[3a/d1418d] process > host1 (256) [100%] 256 of 256 ✔
[c7/c966d7] process > host2 (120) [ 47%] 120 of 256

executor >  slurm (512)
[3a/d1418d] process > host1 (256) [100%] 256 of 256 ✔
[17/3cb3f2] process > host2 (154) [ 54%] 138 of 256

executor >  slurm (512)
[3a/d1418d] process > host1 (256) [100%] 256 of 256 ✔
[52/ea751b] process > host2 (177) [ 60%] 153 of 256

executor >  slurm (512)
[3a/d1418d] process > host1 (256) [100%] 256 of 256 ✔
[66/628db2] process > host2 (208) [ 66%] 168 of 256

executor >  slurm (512)
[3a/d1418d] process > host1 (256) [100%] 256 of 256 ✔
[b0/23a9ce] process > host2 (240) [ 73%] 186 of 256

executor >  slurm (512)
[3a/d1418d] process > host1 (256) [100%] 256 of 256 ✔
[5c/614ab6] process > host2 (245) [ 73%] 188 of 256

executor >  slurm (512)
[3a/d1418d] process > host1 (256) [100%] 256 of 256 ✔
[b1/400b7b] process > host2 (134) [ 76%] 195 of 256

executor >  slurm (512)
[3a/d1418d] process > host1 (256) [100%] 256 of 256 ✔
[56/2f8115] process > host2 (175) [ 83%] 212 of 256

executor >  slurm (512)
[3a/d1418d] process > host1 (256) [100%] 256 of 256 ✔
[a3/732a79] process > host2 (206) [ 89%] 227 of 256

executor >  slurm (512)
[3a/d1418d] process > host1 (256) [100%] 256 of 256 ✔
[28/f0cbcc] process > host2 (243) [ 95%] 244 of 256

executor >  slurm (512)
[3a/d1418d] process > host1 (256) [100%] 256 of 256 ✔
[15/c715a2] process > host2 (256) [100%] 256 of 256 ✔

executor >  slurm (512)
[3a/d1418d] process > host1 (256) [100%] 256 of 256 ✔
[15/c715a2] process > host2 (256) [100%] 256 of 256 ✔
Hostname: compute-7-2
compute-7-0
compute-7-1
compute-7-4
compute-7-3


+ echo -e 'Done processing * 256 * tasks, on * 256 * cores'
+ for line in '{1..10}'
++ sed -n 10p
++ cat cores.txt
+ cores=512
+ tasks=512
+ tee -a nf.nf/logs/bioinfoScaling_processes-1_host.txt nf.nf/logs/bioinfoScaling_processes-2_host.txt
+ echo -n 512,512,
512,512,+ sed s/CORES/512/ nextflow.config.tmpl
+ /usr/bin/time --format %U,%S,%e,%P,%K,%c,%w,%F,%I,%O,%r,%s,%x --append --output nf.nf/logs/bioinfoScaling_processes-1_host.txt /home/a-m/azzaea/software/nextflow/21.04.1.5556 run host_process.nf -c nf.nf/logs/confs/nextflow.config.512 -profile cluster --ntasks=512 --log=nf.nf/hosts/host1_tasks512.txt
N E X T F L O W  ~  version 21.04.1
Launching `host_process.nf` [silly_shannon] - revision: b2ae3954f9
[-        ] process > host1 -

executor >  slurm (1)
[27/4b063f] process > host1 (4) [  0%] 0 of 98

executor >  slurm (2)
[d8/cfc04e] process > host1 (1) [  0%] 0 of 203

executor >  slurm (3)
[1f/489ce2] process > host1 (3) [  0%] 0 of 364

executor >  slurm (5)
[2c/1b2d0d] process > host1 (5) [  0%] 0 of 512

executor >  slurm (12)
[71/c22b3c] process > host1 (12) [  0%] 0 of 512

executor >  slurm (20)
[d4/1de548] process > host1 (21) [  0%] 0 of 512

executor >  slurm (29)
[93/df6ed8] process > host1 (29) [  0%] 0 of 512

executor >  slurm (37)
[aa/848cf8] process > host1 (42) [  0%] 0 of 512

executor >  slurm (47)
[7e/422c92] process > host1 (54) [  0%] 0 of 512

executor >  slurm (61)
[30/4c8a4d] process > host1 (66) [  0%] 0 of 512

executor >  slurm (69)
[e0/715322] process > host1 (69) [  0%] 0 of 512

executor >  slurm (74)
[ba/4c601c] process > host1 (77) [  0%] 0 of 512

executor >  slurm (80)
[fc/6be8e9] process > host1 (75) [  0%] 0 of 512

executor >  slurm (90)
[cd/dd3a96] process > host1 (96) [  0%] 0 of 512

executor >  slurm (100)
[8e/02a612] process > host1 (110) [  0%] 0 of 512

executor >  slurm (112)
[01/d194ba] process > host1 (100) [  0%] 0 of 512

executor >  slurm (121)
[89/eb7f65] process > host1 (124) [  0%] 0 of 512

executor >  slurm (130)
[32/9f67f2] process > host1 (128) [  0%] 0 of 512

executor >  slurm (143)
[de/45df8b] process > host1 (142) [  0%] 0 of 512

executor >  slurm (154)
[4a/e4694a] process > host1 (155) [  0%] 0 of 512

executor >  slurm (166)
[06/c97422] process > host1 (167) [  0%] 0 of 512

executor >  slurm (178)
[6a/a49886] process > host1 (177) [  0%] 0 of 512

executor >  slurm (182)
[81/d01e5b] process > host1 (6)   [  1%] 6 of 512

executor >  slurm (186)
[f5/00f2a8] process > host1 (22)  [  4%] 21 of 512

executor >  slurm (190)
[77/7e3f75] process > host1 (198) [  7%] 36 of 512

executor >  slurm (195)
[46/d6f927] process > host1 (59)  [ 10%] 51 of 512

executor >  slurm (199)
[8e/02a612] process > host1 (110) [ 16%] 81 of 512

executor >  slurm (204)
[06/c97422] process > host1 (167) [ 20%] 101 of 512

executor >  slurm (209)
[32/89b1ae] process > host1 (212) [ 21%] 106 of 512

executor >  slurm (218)
[9d/d85958] process > host1 (229) [ 21%] 106 of 512

executor >  slurm (232)
[2c/48fe83] process > host1 (249) [ 21%] 106 of 512

executor >  slurm (245)
[93/3a0993] process > host1 (255) [ 21%] 106 of 512

executor >  slurm (255)
[c1/995340] process > host1 (231) [ 21%] 106 of 512

executor >  slurm (270)
[df/272601] process > host1 (280) [ 21%] 106 of 512

executor >  slurm (284)
[99/bea27a] process > host1 (258) [ 21%] 106 of 512

executor >  slurm (300)
[49/c5c590] process > host1 (291) [ 21%] 106 of 512

executor >  slurm (314)
[04/c90d50] process > host1 (314) [ 21%] 106 of 512

executor >  slurm (328)
[2b/6d7a6b] process > host1 (326) [ 21%] 106 of 512

executor >  slurm (342)
[ae/075e7d] process > host1 (317) [ 21%] 106 of 512

executor >  slurm (357)
[ad/5b273e] process > host1 (364) [ 21%] 106 of 512

executor >  slurm (370)
[ab/323344] process > host1 (368) [ 21%] 106 of 512

executor >  slurm (384)
[54/38a438] process > host1 (391) [ 21%] 106 of 512

executor >  slurm (400)
[fb/c5ef73] process > host1 (385) [ 21%] 106 of 512

executor >  slurm (416)
[7c/ced5c9] process > host1 (422) [ 21%] 106 of 512

executor >  slurm (432)
[7f/a50948] process > host1 (433) [ 21%] 106 of 512

executor >  slurm (446)
[73/f0018f] process > host1 (457) [ 21%] 106 of 512

executor >  slurm (461)
[36/eb47a3] process > host1 (53)  [ 22%] 112 of 512

executor >  slurm (471)
[74/f42185] process > host1 (115) [ 27%] 136 of 512

executor >  slurm (483)
[57/f6974c] process > host1 (138) [ 31%] 161 of 512

executor >  slurm (492)
[82/eb5a99] process > host1 (186) [ 37%] 187 of 512

executor >  slurm (502)
[e8/995d90] process > host1 (220) [ 40%] 205 of 512

executor >  slurm (508)
[28/77b245] process > host1 (247) [ 44%] 223 of 512

executor >  slurm (512)
[64/9747f7] process > host1 (276) [ 50%] 258 of 512

executor >  slurm (512)
[11/94da90] process > host1 (343) [ 54%] 274 of 512

executor >  slurm (512)
[04/89f103] process > host1 (372) [ 58%] 298 of 512

executor >  slurm (512)
[08/b908bb] process > host1 (394) [ 61%] 314 of 512

executor >  slurm (512)
[24/c45740] process > host1 (445) [ 63%] 324 of 512

executor >  slurm (512)
[fc/75b900] process > host1 (215) [ 64%] 330 of 512

executor >  slurm (512)
[0f/122d44] process > host1 (259) [ 68%] 346 of 512

executor >  slurm (512)
[f4/3ccfda] process > host1 (292) [ 71%] 362 of 512

executor >  slurm (512)
[ae/075e7d] process > host1 (317) [ 74%] 377 of 512

executor >  slurm (512)
[16/313be2] process > host1 (406) [ 77%] 394 of 512

executor >  slurm (512)
[92/24314c] process > host1 (421) [ 80%] 412 of 512

executor >  slurm (512)
[2d/dd5692] process > host1 (450) [ 84%] 431 of 512

executor >  slurm (512)
[1f/d3a7e7] process > host1 (492) [ 88%] 448 of 512

executor >  slurm (512)
[50/057477] process > host1 (512) [ 96%] 491 of 512

executor >  slurm (512)
[e5/fee984] process > host1 (328) [ 97%] 498 of 512

executor >  slurm (512)
[80/e9a9bc] process > host1 (456) [100%] 512 of 512 ✔

executor >  slurm (512)
[80/e9a9bc] process > host1 (456) [100%] 512 of 512 ✔
Hostname: compute-7-2
compute-7-0
compute-7-1
compute-7-4
compute-7-3


+ /usr/bin/time --format %U,%S,%e,%P,%K,%c,%w,%F,%I,%O,%r,%s,%x --append --output nf.nf/logs/bioinfoScaling_processes-2_host.txt /home/a-m/azzaea/software/nextflow/21.04.1.5556 run host_workflow.nf -c nf.nf/logs/confs/nextflow.config.512 -profile cluster --ntasks=512 --log=nf.nf/hosts/host2_tasks512.txt
N E X T F L O W  ~  version 21.04.1
Launching `host_workflow.nf` [confident_thompson] - revision: 84abddf17c
[-        ] process > host1 -

[-        ] process > host1 [  0%] 0 of 57
[-        ] process > host2 -

executor >  slurm (1)
[6c/f7f34c] process > host1 (3) [  0%] 0 of 146
[-        ] process > host2     -

executor >  slurm (2)
[fb/e9235b] process > host1 (2) [  0%] 0 of 260
[-        ] process > host2     -

executor >  slurm (3)
[47/ade8f8] process > host1 (4) [  0%] 0 of 401
[-        ] process > host2     -

executor >  slurm (4)
[8a/f2774c] process > host1 (1) [  0%] 0 of 512
[-        ] process > host2     -

executor >  slurm (9)
[09/57e8d1] process > host1 (12) [  0%] 0 of 512
[-        ] process > host2      -

executor >  slurm (15)
[51/c71c8b] process > host1 (15) [  0%] 0 of 512
[-        ] process > host2      -

executor >  slurm (26)
[70/d41eef] process > host1 (28) [  0%] 0 of 512
[-        ] process > host2      -

executor >  slurm (35)
[ab/34dfe2] process > host1 (38) [  0%] 0 of 512
[-        ] process > host2      -

executor >  slurm (47)
[30/cc9192] process > host1 (47) [  0%] 0 of 512
[-        ] process > host2      -

executor >  slurm (60)
[94/e771db] process > host1 (66) [  0%] 0 of 512
[-        ] process > host2      -

executor >  slurm (72)
[2c/9ec3af] process > host1 (74) [  0%] 0 of 512
[-        ] process > host2      -

executor >  slurm (79)
[f8/2969dc] process > host1 (81) [  0%] 0 of 512
[-        ] process > host2      -

executor >  slurm (88)
[d3/92eb3f] process > host1 (94) [  0%] 0 of 512
[-        ] process > host2      -

executor >  slurm (97)
[9b/311f83] process > host1 (97) [  0%] 0 of 512
[-        ] process > host2      -

executor >  slurm (103)
[7c/96a7b1] process > host1 (102) [  0%] 0 of 512
[-        ] process > host2       -

executor >  slurm (115)
[54/f66a3c] process > host1 (117) [  0%] 0 of 512
[-        ] process > host2       -

executor >  slurm (126)
[4a/5402c2] process > host1 (138) [  0%] 0 of 512
[-        ] process > host2       -

executor >  slurm (138)
[f2/2c27cc] process > host1 (129) [  0%] 0 of 512
[-        ] process > host2       -

executor >  slurm (143)
[cb/2bf2d0] process > host1 (126) [  0%] 0 of 512
[-        ] process > host2       -

executor >  slurm (153)
[85/a95fcb] process > host1 (154) [  0%] 0 of 512
[-        ] process > host2       -

executor >  slurm (165)
[5e/cb489a] process > host1 (162) [  0%] 0 of 512
[-        ] process > host2       -

executor >  slurm (173)
[92/999e4e] process > host1 (184) [  0%] 0 of 512
[-        ] process > host2       -

executor >  slurm (175)
[50/0d5101] process > host1 (20)  [  3%] 16 of 512
[-        ] process > host2       [  0%] 0 of 16

executor >  slurm (179)
[b5/421f42] process > host1 (175) [  7%] 34 of 512
[-        ] process > host2       [  0%] 0 of 34

executor >  slurm (184)
[66/53dec0] process > host1 (68)  [ 10%] 53 of 512
[-        ] process > host2       [  0%] 0 of 52

executor >  slurm (188)
[4a/f1cf44] process > host1 (96)  [ 13%] 68 of 512
[-        ] process > host2       [  0%] 0 of 68

executor >  slurm (192)
[a4/0cc443] process > host1 (145) [ 16%] 84 of 512
[-        ] process > host2       [  0%] 0 of 83

executor >  slurm (197)
[e8/bc4602] process > host1 (214) [ 19%] 95 of 512
[-        ] process > host2       [  0%] 0 of 95

executor >  slurm (205)
[51/402e22] process > host1 (195) [ 19%] 95 of 512
[-        ] process > host2       [  0%] 0 of 95

executor >  slurm (216)
[5d/6691eb] process > host1 (192) [ 19%] 95 of 512
[-        ] process > host2       [  0%] 0 of 95

executor >  slurm (225)
[81/0f5f6c] process > host1 (232) [ 19%] 95 of 512
[-        ] process > host2       [  0%] 0 of 95

executor >  slurm (234)
[b8/18837b] process > host1 (233) [ 19%] 95 of 512
[-        ] process > host2       [  0%] 0 of 95

executor >  slurm (245)
[e6/4c1538] process > host1 (219) [ 19%] 95 of 512
[-        ] process > host2       [  0%] 0 of 95

executor >  slurm (255)
[62/52257f] process > host1 (270) [ 19%] 95 of 512
[-        ] process > host2       [  0%] 0 of 95

executor >  slurm (269)
[0c/617802] process > host1 (272) [ 19%] 95 of 512
[-        ] process > host2       [  0%] 0 of 95

executor >  slurm (280)
[5d/d47cef] process > host1 (291) [ 19%] 95 of 512
[-        ] process > host2       [  0%] 0 of 95

executor >  slurm (292)
[27/ec8e74] process > host1 (283) [ 19%] 95 of 512
[-        ] process > host2       [  0%] 0 of 95

executor >  slurm (304)
[d4/78b754] process > host1 (304) [ 19%] 95 of 512
[-        ] process > host2       [  0%] 0 of 95

executor >  slurm (319)
[f4/e9a487] process > host1 (308) [ 19%] 95 of 512
[-        ] process > host2       [  0%] 0 of 95

executor >  slurm (331)
[13/38a384] process > host1 (325) [ 19%] 95 of 512
[-        ] process > host2       [  0%] 0 of 95

executor >  slurm (347)
[1c/f5173f] process > host1 (343) [ 19%] 95 of 512
[-        ] process > host2       [  0%] 0 of 95

executor >  slurm (361)
[ee/b966ac] process > host1 (358) [ 19%] 95 of 512
[-        ] process > host2       [  0%] 0 of 95

executor >  slurm (374)
[a4/eb865c] process > host1 (371) [ 19%] 95 of 512
[-        ] process > host2       [  0%] 0 of 95

executor >  slurm (389)
[fc/d3d380] process > host1 (377) [ 19%] 95 of 512
[-        ] process > host2       [  0%] 0 of 95

executor >  slurm (405)
[51/df44f0] process > host1 (417) [ 19%] 95 of 512
[-        ] process > host2       [  0%] 0 of 95

executor >  slurm (421)
[75/ea040e] process > host1 (425) [ 19%] 95 of 512
[-        ] process > host2       [  0%] 0 of 95

executor >  slurm (433)
[95/4cf424] process > host1 (61)  [ 20%] 104 of 512
[-        ] process > host2       [  0%] 0 of 103

executor >  slurm (442)
[52/0c6e07] process > host1 (92)  [ 25%] 126 of 512
[-        ] process > host2       [  0%] 0 of 126

executor >  slurm (451)
[49/db6263] process > host1 (139) [ 29%] 149 of 512
[-        ] process > host2       [  0%] 0 of 149

executor >  slurm (457)
[6e/76a68f] process > host1 (459) [ 34%] 172 of 512
[-        ] process > host2       [  0%] 0 of 172

executor >  slurm (461)
[a7/e140ac] process > host1 (202) [ 40%] 204 of 512
[-        ] process > host2       [  0%] 0 of 204

executor >  slurm (465)
[51/b26117] process > host1 (267) [ 48%] 244 of 512
[-        ] process > host2       [  0%] 0 of 244

executor >  slurm (471)
[2d/c09cff] process > host1 (439) [ 50%] 257 of 512
[-        ] process > host2       [  0%] 0 of 257

executor >  slurm (478)
[93/2c3794] process > host1 (331) [ 53%] 273 of 512
[-        ] process > host2       [  0%] 0 of 273

executor >  slurm (484)
[d0/128930] process > host1 (374) [ 58%] 296 of 512
[-        ] process > host2       [  0%] 0 of 296

executor >  slurm (491)
[fa/d0b744] process > host1 (404) [ 61%] 314 of 512
[-        ] process > host2       [  0%] 0 of 314

executor >  slurm (504)
[1f/bdf8e5] process > host1 (492) [ 62%] 317 of 512
[-        ] process > host2       [  0%] 0 of 317

executor >  slurm (516)
[4a/fa9eb9] process > host1 (512) [ 62%] 317 of 512
[7e/19cec1] process > host2 (4)   [  0%] 0 of 317

executor >  slurm (529)
[4a/fa9eb9] process > host1 (512) [ 62%] 317 of 512
[c7/29bf78] process > host2 (17)  [  0%] 0 of 317

executor >  slurm (543)
[4a/fa9eb9] process > host1 (512) [ 62%] 317 of 512
[25/f66aab] process > host2 (31)  [  0%] 0 of 317

executor >  slurm (560)
[4a/fa9eb9] process > host1 (512) [ 62%] 317 of 512
[a0/da640c] process > host2 (48)  [  0%] 0 of 317

executor >  slurm (577)
[4a/fa9eb9] process > host1 (512) [ 62%] 317 of 512
[10/4d53b2] process > host2 (65)  [  0%] 0 of 317

executor >  slurm (593)
[4a/fa9eb9] process > host1 (512) [ 62%] 317 of 512
[1d/4acd48] process > host2 (81)  [  0%] 0 of 317

executor >  slurm (609)
[4a/fa9eb9] process > host1 (512) [ 62%] 317 of 512
[24/befa61] process > host2 (97)  [  0%] 0 of 317

executor >  slurm (627)
[4a/fa9eb9] process > host1 (512) [ 62%] 317 of 512
[23/3c4f8b] process > host2 (115) [  0%] 0 of 317

executor >  slurm (640)
[4a/fa9eb9] process > host1 (512) [ 62%] 317 of 512
[8c/57f1f3] process > host2 (128) [  0%] 0 of 317

executor >  slurm (657)
[4a/fa9eb9] process > host1 (512) [ 62%] 317 of 512
[ef/4885f1] process > host2 (145) [  0%] 0 of 317

executor >  slurm (674)
[4a/fa9eb9] process > host1 (512) [ 62%] 317 of 512
[06/ee2f2f] process > host2 (162) [  0%] 0 of 317

executor >  slurm (690)
[4a/fa9eb9] process > host1 (512) [ 62%] 317 of 512
[e7/205501] process > host2 (178) [  0%] 0 of 317

executor >  slurm (705)
[4a/fa9eb9] process > host1 (512) [ 62%] 317 of 512
[f8/92fb07] process > host2 (193) [  0%] 0 of 317

executor >  slurm (719)
[4a/fa9eb9] process > host1 (512) [ 62%] 317 of 512
[a9/69937a] process > host2 (207) [  0%] 0 of 317

executor >  slurm (731)
[5f/a903fb] process > host1 (275) [ 65%] 332 of 512
[63/0933b5] process > host2 (219) [  0%] 0 of 332

executor >  slurm (745)
[fe/2a985b] process > host1 (293) [ 68%] 349 of 512
[e6/e6ed52] process > host2 (233) [  0%] 0 of 349

executor >  slurm (756)
[df/1ed51c] process > host1 (332) [ 71%] 366 of 512
[75/2e0253] process > host2 (244) [  0%] 0 of 366

executor >  slurm (767)
[1c/f5173f] process > host1 (343) [ 75%] 383 of 512
[3d/05f321] process > host2 (255) [  0%] 0 of 383

executor >  slurm (777)
[25/0d1745] process > host1 (375) [ 79%] 402 of 512
[a9/dde358] process > host2 (265) [  0%] 0 of 402

executor >  slurm (788)
[d5/c49b11] process > host1 (409) [ 83%] 424 of 512
[7f/151684] process > host2 (276) [  0%] 0 of 423

executor >  slurm (795)
[24/cf1a43] process > host1 (464) [ 90%] 463 of 512
[72/d8612b] process > host2 (283) [  0%] 0 of 463

executor >  slurm (808)
[f7/e0a937] process > host1 (485) [ 94%] 483 of 512
[14/0741dd] process > host2 (296) [  0%] 0 of 482

executor >  slurm (813)
[24/42e077] process > host1 (493) [ 96%] 489 of 512
[05/96567b] process > host2 (25)  [  3%] 15 of 489

executor >  slurm (818)
[24/42e077] process > host1 (493) [ 96%] 489 of 512
[89/da5aae] process > host2 (54)  [  5%] 24 of 489

executor >  slurm (831)
[24/42e077] process > host1 (493) [ 96%] 489 of 512
[1e/325ce9] process > host2 (319) [ 11%] 55 of 489

executor >  slurm (848)
[24/42e077] process > host1 (493) [ 96%] 489 of 512
[01/496446] process > host2 (336) [ 11%] 55 of 489

executor >  slurm (861)
[24/42e077] process > host1 (493) [ 96%] 489 of 512
[70/ff81b7] process > host2 (349) [ 11%] 55 of 489

executor >  slurm (878)
[24/42e077] process > host1 (493) [ 96%] 489 of 512
[37/b40d49] process > host2 (366) [ 11%] 55 of 489

executor >  slurm (895)
[24/42e077] process > host1 (493) [ 96%] 489 of 512
[8d/0ea7a7] process > host2 (383) [ 11%] 55 of 489

executor >  slurm (912)
[24/42e077] process > host1 (493) [ 96%] 489 of 512
[17/725707] process > host2 (400) [ 11%] 55 of 489

executor >  slurm (930)
[24/42e077] process > host1 (493) [ 96%] 489 of 512
[a3/f7ac01] process > host2 (418) [ 11%] 55 of 489

executor >  slurm (947)
[24/42e077] process > host1 (493) [ 96%] 489 of 512
[62/3aae4b] process > host2 (435) [ 11%] 55 of 489

executor >  slurm (964)
[24/42e077] process > host1 (493) [ 96%] 489 of 512
[1e/7e5e09] process > host2 (451) [ 11%] 55 of 489

executor >  slurm (981)
[24/42e077] process > host1 (493) [ 96%] 489 of 512
[c6/9b3b55] process > host2 (469) [ 11%] 55 of 489

executor >  slurm (998)
[24/42e077] process > host1 (493) [ 96%] 489 of 512
[0d/fe3aab] process > host2 (486) [ 11%] 55 of 489

executor >  slurm (1001)
[24/42e077] process > host1 (493) [ 96%] 489 of 512
[db/bf5103] process > host2 (489) [ 11%] 55 of 489

executor >  slurm (1001)
[1a/bce443] process > host1 (321) [ 96%] 491 of 512
[db/bf5103] process > host2 (489) [ 11%] 55 of 490

executor >  slurm (1011)
[f3/4f8661] process > host1 (477) [ 99%] 509 of 512
[41/3d9922] process > host2 (499) [ 11%] 55 of 509

executor >  slurm (1023)
[4a/fa9eb9] process > host1 (512) [100%] 512 of 512 ✔
[2a/aef97f] process > host2 (511) [ 13%] 69 of 512

executor >  slurm (1024)
[4a/fa9eb9] process > host1 (512) [100%] 512 of 512 ✔
[58/899d44] process > host2 (62)  [ 17%] 86 of 512

executor >  slurm (1024)
[4a/fa9eb9] process > host1 (512) [100%] 512 of 512 ✔
[20/06d044] process > host2 (86)  [ 20%] 104 of 512

executor >  slurm (1024)
[4a/fa9eb9] process > host1 (512) [100%] 512 of 512 ✔
[0d/2609b3] process > host2 (134) [ 24%] 123 of 512

executor >  slurm (1024)
[4a/fa9eb9] process > host1 (512) [100%] 512 of 512 ✔
[18/ff50ea] process > host2 (152) [ 27%] 140 of 512

executor >  slurm (1024)
[4a/fa9eb9] process > host1 (512) [100%] 512 of 512 ✔
[41/04811e] process > host2 (169) [ 30%] 155 of 512

executor >  slurm (1024)
[4a/fa9eb9] process > host1 (512) [100%] 512 of 512 ✔
[9f/3346dd] process > host2 (200) [ 34%] 172 of 512

executor >  slurm (1024)
[4a/fa9eb9] process > host1 (512) [100%] 512 of 512 ✔
[93/966de0] process > host2 (235) [ 37%] 189 of 512

executor >  slurm (1024)
[4a/fa9eb9] process > host1 (512) [100%] 512 of 512 ✔
[31/10bba5] process > host2 (333) [ 45%] 230 of 512

executor >  slurm (1024)
[4a/fa9eb9] process > host1 (512) [100%] 512 of 512 ✔
[af/bf56f2] process > host2 (67)  [ 46%] 236 of 512

executor >  slurm (1024)
[4a/fa9eb9] process > host1 (512) [100%] 512 of 512 ✔
[19/a88b16] process > host2 (191) [ 49%] 252 of 512

executor >  slurm (1024)
[4a/fa9eb9] process > host1 (512) [100%] 512 of 512 ✔
[25/1d95f9] process > host2 (218) [ 51%] 263 of 512

executor >  slurm (1024)
[4a/fa9eb9] process > host1 (512) [100%] 512 of 512 ✔
[bf/f85932] process > host2 (270) [ 55%] 280 of 512

executor >  slurm (1024)
[4a/fa9eb9] process > host1 (512) [100%] 512 of 512 ✔
[86/4c9680] process > host2 (307) [ 59%] 301 of 512

executor >  slurm (1024)
[4a/fa9eb9] process > host1 (512) [100%] 512 of 512 ✔
[fd/bd2cfa] process > host2 (326) [ 63%] 320 of 512

executor >  slurm (1024)
[4a/fa9eb9] process > host1 (512) [100%] 512 of 512 ✔
[1e/6fd754] process > host2 (352) [ 67%] 342 of 512

executor >  slurm (1024)
[4a/fa9eb9] process > host1 (512) [100%] 512 of 512 ✔
[c3/251fdb] process > host2 (380) [ 70%] 359 of 512

executor >  slurm (1024)
[4a/fa9eb9] process > host1 (512) [100%] 512 of 512 ✔
[1e/d67502] process > host2 (429) [ 77%] 396 of 512

executor >  slurm (1024)
[4a/fa9eb9] process > host1 (512) [100%] 512 of 512 ✔
[5f/cfce4d] process > host2 (476) [ 81%] 414 of 512

executor >  slurm (1024)
[4a/fa9eb9] process > host1 (512) [100%] 512 of 512 ✔
[58/16d3c9] process > host2 (512) [ 83%] 425 of 512

executor >  slurm (1024)
[4a/fa9eb9] process > host1 (512) [100%] 512 of 512 ✔
[52/b8676e] process > host2 (340) [ 85%] 435 of 512

executor >  slurm (1024)
[4a/fa9eb9] process > host1 (512) [100%] 512 of 512 ✔
[df/7fb291] process > host2 (392) [ 88%] 451 of 512

executor >  slurm (1024)
[4a/fa9eb9] process > host1 (512) [100%] 512 of 512 ✔
[56/80c513] process > host2 (447) [ 91%] 467 of 512

executor >  slurm (1024)
[4a/fa9eb9] process > host1 (512) [100%] 512 of 512 ✔
[12/95a59a] process > host2 (472) [ 95%] 484 of 512

executor >  slurm (1024)
[4a/fa9eb9] process > host1 (512) [100%] 512 of 512 ✔
[3c/eadce8] process > host2 (501) [ 98%] 501 of 512

executor >  slurm (1024)
[4a/fa9eb9] process > host1 (512) [100%] 512 of 512 ✔
[18/b02bc7] process > host2 (509) [ 99%] 509 of 512

executor >  slurm (1024)
[4a/fa9eb9] process > host1 (512) [100%] 512 of 512 ✔
[6d/3c4b5d] process > host2 (477) [100%] 512 of 512 ✔
Hostname: compute-7-2
compute-7-0
compute-7-1
compute-7-4
compute-7-3


+ echo -e 'Done processing * 512 * tasks, on * 512 * cores'
+ echo '##############################################################################################'
+ cd nf.nf/hosts
+ echo 'nodes processes tasks'
++ ls -1v
+ for file in '`ls -1v`'
+ sed 's/_/ /g'
++ wc -l host1_tasks1.txt
+ echo 1 host1_tasks1.txt
+ for file in '`ls -1v`'
+ sed 's/_/ /g'
++ wc -l host1_tasks2.txt
+ echo 1 host1_tasks2.txt
+ for file in '`ls -1v`'
+ sed 's/_/ /g'
++ wc -l host1_tasks4.txt
+ echo 1 host1_tasks4.txt
+ for file in '`ls -1v`'
+ sed 's/_/ /g'
++ wc -l host1_tasks8.txt
+ echo 1 host1_tasks8.txt
+ for file in '`ls -1v`'
+ sed 's/_/ /g'
++ wc -l host1_tasks16.txt
+ echo 1 host1_tasks16.txt
+ for file in '`ls -1v`'
+ sed 's/_/ /g'
++ wc -l host1_tasks32.txt
+ echo 2 host1_tasks32.txt
+ for file in '`ls -1v`'
+ sed 's/_/ /g'
++ wc -l host1_tasks64.txt
+ echo 3 host1_tasks64.txt
+ for file in '`ls -1v`'
+ sed 's/_/ /g'
++ wc -l host1_tasks128.txt
+ echo 4 host1_tasks128.txt
+ for file in '`ls -1v`'
+ sed 's/_/ /g'
++ wc -l host1_tasks256.txt
+ echo 5 host1_tasks256.txt
+ for file in '`ls -1v`'
+ sed 's/_/ /g'
++ wc -l host1_tasks512.txt
+ echo 5 host1_tasks512.txt
+ for file in '`ls -1v`'
+ sed 's/_/ /g'
++ wc -l host2_tasks1.txt
+ echo 1 host2_tasks1.txt
+ for file in '`ls -1v`'
+ sed 's/_/ /g'
++ wc -l host2_tasks2.txt
+ echo 1 host2_tasks2.txt
+ for file in '`ls -1v`'
+ sed 's/_/ /g'
++ wc -l host2_tasks4.txt
+ echo 1 host2_tasks4.txt
+ for file in '`ls -1v`'
+ sed 's/_/ /g'
++ wc -l host2_tasks8.txt
+ echo 2 host2_tasks8.txt
+ for file in '`ls -1v`'
+ sed 's/_/ /g'
++ wc -l host2_tasks16.txt
+ echo 3 host2_tasks16.txt
+ for file in '`ls -1v`'
+ sed 's/_/ /g'
++ wc -l host2_tasks32.txt
+ echo 2 host2_tasks32.txt
+ for file in '`ls -1v`'
+ sed 's/_/ /g'
++ wc -l host2_tasks64.txt
+ echo 5 host2_tasks64.txt
+ for file in '`ls -1v`'
+ sed 's/_/ /g'
++ wc -l host2_tasks128.txt
+ echo 5 host2_tasks128.txt
+ for file in '`ls -1v`'
+ sed 's/_/ /g'
++ wc -l host2_tasks256.txt
+ echo 5 host2_tasks256.txt
+ for file in '`ls -1v`'
+ sed 's/_/ /g'
++ wc -l host2_tasks512.txt
+ echo 5 host2_tasks512.txt
+ mail -s 'WfMS- Bio-Scalability' azzaea@gmail.com
+ echo 'Bio-Scalability analysis completed for Nextflow!'
