OrderedDict([
	('hostTask', OrderedDict([
		('inputs', [
			(
				'i',
				'Int',
				None
			)
		]),
		('raw_commandline', [
			"r'''\n\t\thostname\t\n\t'''"
		]),
		('outputs', [
			(
				'taskID',
				'Int',
				"'i'"
			),
			(
				'result',
				'String',
				'(read_string((stdout)))'
			)
		]),
		('runtime', OrderedDict([
			('cpu', '1')
		]))
	])),
	('catHostsTask', OrderedDict([
		('inputs', [
			(
				'result1',
				'String',
				None
			),
			(
				'logfile',
				'String',
				None
			)
		]),
		('raw_commandline', [
			'r\'\'\'\n\t\techo "\'\'\'',
			"';'.join(str(x) for x in result1)",
			'r\'\'\'"| tr ";" "\\n" | sort -u > \'\'\'',
			'logfile',
			"r'''\n\t'''"
		]),
		('outputs', [
			(
				'result',
				'File',
				'str(logfile)'
			)
		])
	]))
])





OrderedDict([
	('hostwf', OrderedDict([
		('wf_declarations', OrderedDict([
			('logfile1', OrderedDict([
				('name', 'logfile1'),
				('type', 'String'),
				('value', u'"log1.txt"')
			])),
			('ntasks', OrderedDict([
				('name', 'ntasks'),
				('type', 'Int'),
				('value', u'"2"')
			]))
		])),
		('scatter0', {
			'body': OrderedDict([
				('call0', {
					'alias': 'host1',
					'task': 'hostTask',
					'io': OrderedDict([
						('i', 'n')
					])
				})
			]),
			'item': 'n',
			'collection': '(range(ntasks))'
		}),
		('call1', {
			'alias': 'catHostsTask',
			'task': 'catHostsTask',
			'io': OrderedDict([
				('result1', '(host1_result)'),
				('logfile', 'logfile1')
			])
		})
	]))
])