Analysis done on: 
Mon Jun 14 22:12:55 CDT 2021
+ nextflow=/home/a-m/azzaea/software/nextflow/21.04.1.5556
+ resultsDir=nf.nf
+ logsDir=nf.nf/logs
+ confsDir=nf.nf/logs/confs
+ hostsDir=nf.nf/hosts
+ mkdir -p nf.nf nf.nf/logs nf.nf/logs/confs nf.nf/hosts
+ progress=nf.nf/logs/progress_bioinfoScaling.txt
+ echo 'Starting BioInfo Scalability Analysis'
+ echo '##############################################################################################'
+ /home/a-m/azzaea/software/nextflow/21.04.1.5556 -v
+ echo '##############################################################################################'
+ ifstat -t -T -n -w
ifstat: invalid time constant divisor
+ log1=nf.nf/logs/bioinfoScaling_processes-1_host.txt
+ log2=nf.nf/logs/bioinfoScaling_processes-2_host.txt
+ tee -a nf.nf/logs/bioinfoScaling_processes-1_host.txt nf.nf/logs/bioinfoScaling_processes-2_host.txt
+ echo cores,tasks,user,system,elapsed,cpu,avMemory,involuntaryContextSwitch,voluntaryContextSwitch,faults,inputs,outputs,socketsIn,socketsOut,exitStatus
cores,tasks,user,system,elapsed,cpu,avMemory,involuntaryContextSwitch,voluntaryContextSwitch,faults,inputs,outputs,socketsIn,socketsOut,exitStatus
+ for line in '{1..10}'
++ sed -n 1p
++ cat cores.txt
+ cores=1
+ tasks=1
+ tee -a nf.nf/logs/bioinfoScaling_processes-1_host.txt nf.nf/logs/bioinfoScaling_processes-2_host.txt
+ echo -n 1,1,
1,1,+ sed s/CORES/1/ nextflow.config.tmpl
+ /usr/bin/time --format %U,%S,%e,%P,%K,%c,%w,%F,%I,%O,%r,%s,%x --append --output nf.nf/logs/bioinfoScaling_processes-1_host.txt /home/a-m/azzaea/software/nextflow/21.04.1.5556 run host_process.nf -c nf.nf/logs/confs/nextflow.config.1 -profile cluster --ntasks=1 --log=nf.nf/hosts/host1_tasks1.txt
N E X T F L O W  ~  version 21.04.1
Launching `host_process.nf` [drunk_becquerel] - revision: b2ae3954f9
[-        ] process > host1 -

executor >  slurm (1)
[b1/982b24] process > host1 (1) [  0%] 0 of 1

executor >  slurm (1)
[b1/982b24] process > host1 (1) [100%] 1 of 1 ✔
Hostname: compute-7-1


executor >  slurm (1)
[b1/982b24] process > host1 (1) [100%] 1 of 1 ✔
Hostname: compute-7-1


+ /usr/bin/time --format %U,%S,%e,%P,%K,%c,%w,%F,%I,%O,%r,%s,%x --append --output nf.nf/logs/bioinfoScaling_processes-2_host.txt /home/a-m/azzaea/software/nextflow/21.04.1.5556 run host_workflow.nf -c nf.nf/logs/confs/nextflow.config.1 -profile cluster --ntasks=1 --log=nf.nf/hosts/host2_tasks1.txt
N E X T F L O W  ~  version 21.04.1
Launching `host_workflow.nf` [tiny_khorana] - revision: 84abddf17c
[-        ] process > host1 -
[-        ] process > host2 -

executor >  slurm (1)
[9f/ada722] process > host1 (1) [  0%] 0 of 1
[-        ] process > host2     -

executor >  slurm (2)
[9f/ada722] process > host1 (1) [100%] 1 of 1 ✔
[03/469409] process > host2 (1) [  0%] 0 of 1

executor >  slurm (2)
[9f/ada722] process > host1 (1) [100%] 1 of 1 ✔
[03/469409] process > host2 (1) [100%] 1 of 1 ✔
Hostname: compute-7-1


+ echo -e 'Done processing * 1 * tasks, on * 1 * cores'
+ for line in '{1..10}'
++ sed -n 2p
++ cat cores.txt
+ cores=2
+ tasks=2
+ tee -a nf.nf/logs/bioinfoScaling_processes-1_host.txt nf.nf/logs/bioinfoScaling_processes-2_host.txt
+ echo -n 2,2,
2,2,+ sed s/CORES/2/ nextflow.config.tmpl
+ /usr/bin/time --format %U,%S,%e,%P,%K,%c,%w,%F,%I,%O,%r,%s,%x --append --output nf.nf/logs/bioinfoScaling_processes-1_host.txt /home/a-m/azzaea/software/nextflow/21.04.1.5556 run host_process.nf -c nf.nf/logs/confs/nextflow.config.2 -profile cluster --ntasks=2 --log=nf.nf/hosts/host1_tasks2.txt
N E X T F L O W  ~  version 21.04.1
Launching `host_process.nf` [kickass_hodgkin] - revision: b2ae3954f9
[-        ] process > host1 -

executor >  slurm (2)
[6d/957f08] process > host1 (1) [  0%] 0 of 2

executor >  slurm (2)
[6d/957f08] process > host1 (1) [  0%] 0 of 2

executor >  slurm (2)
[6d/957f08] process > host1 (1) [100%] 2 of 2 ✔
Hostname: compute-7-1


executor >  slurm (2)
[6d/957f08] process > host1 (1) [100%] 2 of 2 ✔
Hostname: compute-7-1


+ /usr/bin/time --format %U,%S,%e,%P,%K,%c,%w,%F,%I,%O,%r,%s,%x --append --output nf.nf/logs/bioinfoScaling_processes-2_host.txt /home/a-m/azzaea/software/nextflow/21.04.1.5556 run host_workflow.nf -c nf.nf/logs/confs/nextflow.config.2 -profile cluster --ntasks=2 --log=nf.nf/hosts/host2_tasks2.txt
N E X T F L O W  ~  version 21.04.1
Launching `host_workflow.nf` [stoic_miescher] - revision: 84abddf17c
[-        ] process > host1 -

executor >  slurm (2)
[74/258e69] process > host1 (2) [  0%] 0 of 2
[-        ] process > host2     -

executor >  slurm (2)
[74/258e69] process > host1 (2) [100%] 2 of 2 ✔
[-        ] process > host2     [  0%] 0 of 2

executor >  slurm (4)
[74/258e69] process > host1 (2) [100%] 2 of 2 ✔
[a5/e18df6] process > host2 (2) [  0%] 0 of 2

executor >  slurm (4)
[74/258e69] process > host1 (2) [100%] 2 of 2 ✔
[a5/e18df6] process > host2 (2) [100%] 2 of 2 ✔
Hostname: compute-7-1


+ echo -e 'Done processing * 2 * tasks, on * 2 * cores'
+ for line in '{1..10}'
++ sed -n 3p
++ cat cores.txt
+ cores=4
+ tasks=4
+ tee -a nf.nf/logs/bioinfoScaling_processes-1_host.txt nf.nf/logs/bioinfoScaling_processes-2_host.txt
+ echo -n 4,4,
4,4,+ sed s/CORES/4/ nextflow.config.tmpl
+ /usr/bin/time --format %U,%S,%e,%P,%K,%c,%w,%F,%I,%O,%r,%s,%x --append --output nf.nf/logs/bioinfoScaling_processes-1_host.txt /home/a-m/azzaea/software/nextflow/21.04.1.5556 run host_process.nf -c nf.nf/logs/confs/nextflow.config.4 -profile cluster --ntasks=4 --log=nf.nf/hosts/host1_tasks4.txt
N E X T F L O W  ~  version 21.04.1
Launching `host_process.nf` [prickly_hodgkin] - revision: b2ae3954f9
[-        ] process > host1 -

executor >  slurm (4)
[a8/895b74] process > host1 (3) [  0%] 0 of 4

executor >  slurm (4)
[a8/895b74] process > host1 (3) [100%] 4 of 4 ✔
Hostname: compute-7-1


executor >  slurm (4)
[a8/895b74] process > host1 (3) [100%] 4 of 4 ✔
Hostname: compute-7-1


+ /usr/bin/time --format %U,%S,%e,%P,%K,%c,%w,%F,%I,%O,%r,%s,%x --append --output nf.nf/logs/bioinfoScaling_processes-2_host.txt /home/a-m/azzaea/software/nextflow/21.04.1.5556 run host_workflow.nf -c nf.nf/logs/confs/nextflow.config.4 -profile cluster --ntasks=4 --log=nf.nf/hosts/host2_tasks4.txt
N E X T F L O W  ~  version 21.04.1
Launching `host_workflow.nf` [compassionate_crick] - revision: 84abddf17c
[-        ] process > host1 -
[-        ] process > host2 -

executor >  slurm (4)
[27/caf61d] process > host1 (4) [  0%] 0 of 4
[-        ] process > host2     -

executor >  slurm (4)
[27/caf61d] process > host1 (4) [100%] 4 of 4 ✔
[-        ] process > host2     [  0%] 0 of 4

executor >  slurm (8)
[27/caf61d] process > host1 (4) [100%] 4 of 4 ✔
[9b/75d417] process > host2 (4) [  0%] 0 of 4

executor >  slurm (8)
[27/caf61d] process > host1 (4) [100%] 4 of 4 ✔
[9b/75d417] process > host2 (4) [100%] 4 of 4 ✔

executor >  slurm (8)
[27/caf61d] process > host1 (4) [100%] 4 of 4 ✔
[9b/75d417] process > host2 (4) [100%] 4 of 4 ✔
Hostname: compute-7-0
compute-7-1


+ echo -e 'Done processing * 4 * tasks, on * 4 * cores'
+ for line in '{1..10}'
++ sed -n 4p
++ cat cores.txt
+ cores=8
+ tasks=8
+ tee -a nf.nf/logs/bioinfoScaling_processes-1_host.txt nf.nf/logs/bioinfoScaling_processes-2_host.txt
+ echo -n 8,8,
8,8,+ sed s/CORES/8/ nextflow.config.tmpl
+ /usr/bin/time --format %U,%S,%e,%P,%K,%c,%w,%F,%I,%O,%r,%s,%x --append --output nf.nf/logs/bioinfoScaling_processes-1_host.txt /home/a-m/azzaea/software/nextflow/21.04.1.5556 run host_process.nf -c nf.nf/logs/confs/nextflow.config.8 -profile cluster --ntasks=8 --log=nf.nf/hosts/host1_tasks8.txt
N E X T F L O W  ~  version 21.04.1
Launching `host_process.nf` [magical_mcclintock] - revision: b2ae3954f9
[-        ] process > host1 -

executor >  slurm (4)
[cb/6c9922] process > host1 (5) [  0%] 0 of 8

executor >  slurm (8)
[70/8a2576] process > host1 (8) [  0%] 0 of 8

executor >  slurm (8)
[70/8a2576] process > host1 (8) [  0%] 0 of 8

executor >  slurm (8)
[70/8a2576] process > host1 (8) [100%] 8 of 8 ✔
Hostname: compute-7-1


+ /usr/bin/time --format %U,%S,%e,%P,%K,%c,%w,%F,%I,%O,%r,%s,%x --append --output nf.nf/logs/bioinfoScaling_processes-2_host.txt /home/a-m/azzaea/software/nextflow/21.04.1.5556 run host_workflow.nf -c nf.nf/logs/confs/nextflow.config.8 -profile cluster --ntasks=8 --log=nf.nf/hosts/host2_tasks8.txt
N E X T F L O W  ~  version 21.04.1
Launching `host_workflow.nf` [suspicious_gutenberg] - revision: 84abddf17c
[-        ] process > host1 -
[-        ] process > host2 -

executor >  slurm (5)
[2a/5f7780] process > host1 (2) [  0%] 0 of 8
[-        ] process > host2     -

executor >  slurm (8)
[7f/ebb59d] process > host1 (8) [  0%] 0 of 8
[-        ] process > host2     -

executor >  slurm (8)
[7f/ebb59d] process > host1 (8) [  0%] 0 of 8
[-        ] process > host2     -

executor >  slurm (11)
[7f/ebb59d] process > host1 (8) [100%] 8 of 8 ✔
[88/6aedc9] process > host2 (3) [  0%] 0 of 8

executor >  slurm (15)
[7f/ebb59d] process > host1 (8) [100%] 8 of 8 ✔
[23/7c30a1] process > host2 (7) [  0%] 0 of 8

executor >  slurm (16)
[7f/ebb59d] process > host1 (8) [100%] 8 of 8 ✔
[c2/cfea8d] process > host2 (8) [  0%] 0 of 8

executor >  slurm (16)
[7f/ebb59d] process > host1 (8) [100%] 8 of 8 ✔
[c2/cfea8d] process > host2 (8) [100%] 8 of 8 ✔

executor >  slurm (16)
[7f/ebb59d] process > host1 (8) [100%] 8 of 8 ✔
[c2/cfea8d] process > host2 (8) [100%] 8 of 8 ✔
Hostname: compute-7-1


+ echo -e 'Done processing * 8 * tasks, on * 8 * cores'
+ for line in '{1..10}'
++ sed -n 5p
++ cat cores.txt
+ cores=16
+ tasks=16
+ tee -a nf.nf/logs/bioinfoScaling_processes-1_host.txt nf.nf/logs/bioinfoScaling_processes-2_host.txt
+ echo -n 16,16,
16,16,+ sed s/CORES/16/ nextflow.config.tmpl
+ /usr/bin/time --format %U,%S,%e,%P,%K,%c,%w,%F,%I,%O,%r,%s,%x --append --output nf.nf/logs/bioinfoScaling_processes-1_host.txt /home/a-m/azzaea/software/nextflow/21.04.1.5556 run host_process.nf -c nf.nf/logs/confs/nextflow.config.16 -profile cluster --ntasks=16 --log=nf.nf/hosts/host1_tasks16.txt
N E X T F L O W  ~  version 21.04.1
Launching `host_process.nf` [cranky_hopper] - revision: b2ae3954f9
[-        ] process > host1 -

executor >  slurm (5)
[26/77d16b] process > host1 (4) [  0%] 0 of 16

executor >  slurm (11)
[19/df0726] process > host1 (11) [  0%] 0 of 16

executor >  slurm (16)
[39/c39c88] process > host1 (16) [  0%] 0 of 16

executor >  slurm (16)
[39/c39c88] process > host1 (16) [  0%] 0 of 16

executor >  slurm (16)
[39/c39c88] process > host1 (16) [100%] 16 of 16 ✔
Hostname: compute-7-0
compute-7-1


executor >  slurm (16)
[39/c39c88] process > host1 (16) [100%] 16 of 16 ✔
Hostname: compute-7-0
compute-7-1


+ /usr/bin/time --format %U,%S,%e,%P,%K,%c,%w,%F,%I,%O,%r,%s,%x --append --output nf.nf/logs/bioinfoScaling_processes-2_host.txt /home/a-m/azzaea/software/nextflow/21.04.1.5556 run host_workflow.nf -c nf.nf/logs/confs/nextflow.config.16 -profile cluster --ntasks=16 --log=nf.nf/hosts/host2_tasks16.txt
N E X T F L O W  ~  version 21.04.1
Launching `host_workflow.nf` [nasty_swirles] - revision: 84abddf17c
[-        ] process > host1 -
[-        ] process > host2 -

executor >  slurm (3)
[e0/7088e0] process > host1 (5) [  0%] 0 of 16
[-        ] process > host2     -

executor >  slurm (7)
[98/4d40d0] process > host1 (8) [  0%] 0 of 16
[-        ] process > host2     -

executor >  slurm (12)
[c4/b6284b] process > host1 (11) [  0%] 0 of 16
[-        ] process > host2      -

executor >  slurm (16)
[2f/973a93] process > host1 (16) [  0%] 0 of 16
[-        ] process > host2      -

executor >  slurm (16)
[2f/973a93] process > host1 (16) [  0%] 0 of 16
[-        ] process > host2      [  0%] 0 of 1

executor >  slurm (19)
[2f/973a93] process > host1 (16) [100%] 16 of 16 ✔
[a4/774c62] process > host2 (3)  [  0%] 0 of 16

executor >  slurm (24)
[2f/973a93] process > host1 (16) [100%] 16 of 16 ✔
[38/9e3101] process > host2 (8)  [  0%] 0 of 16

executor >  slurm (28)
[2f/973a93] process > host1 (16) [100%] 16 of 16 ✔
[b4/4f9945] process > host2 (12) [  0%] 0 of 16

executor >  slurm (32)
[2f/973a93] process > host1 (16) [100%] 16 of 16 ✔
[07/fe0128] process > host2 (16) [  0%] 0 of 16

executor >  slurm (32)
[2f/973a93] process > host1 (16) [100%] 16 of 16 ✔
[07/fe0128] process > host2 (16) [100%] 16 of 16 ✔
Hostname: compute-7-0
compute-7-1


+ echo -e 'Done processing * 16 * tasks, on * 16 * cores'
+ for line in '{1..10}'
++ sed -n 6p
++ cat cores.txt
+ cores=32
+ tasks=32
+ tee -a nf.nf/logs/bioinfoScaling_processes-1_host.txt nf.nf/logs/bioinfoScaling_processes-2_host.txt
+ echo -n 32,32,
32,32,+ sed s/CORES/32/ nextflow.config.tmpl
+ /usr/bin/time --format %U,%S,%e,%P,%K,%c,%w,%F,%I,%O,%r,%s,%x --append --output nf.nf/logs/bioinfoScaling_processes-1_host.txt /home/a-m/azzaea/software/nextflow/21.04.1.5556 run host_process.nf -c nf.nf/logs/confs/nextflow.config.32 -profile cluster --ntasks=32 --log=nf.nf/hosts/host1_tasks32.txt
N E X T F L O W  ~  version 21.04.1
Launching `host_process.nf` [crazy_boyd] - revision: b2ae3954f9
[-        ] process > host1 -

executor >  slurm (3)
[1a/b685ec] process > host1 (2) [  0%] 0 of 32

executor >  slurm (8)
[ca/0d366a] process > host1 (11) [  0%] 0 of 32

executor >  slurm (15)
[df/282022] process > host1 (20) [  0%] 0 of 32

executor >  slurm (21)
[f6/43123e] process > host1 (19) [  0%] 0 of 32

executor >  slurm (27)
[9f/cd05f4] process > host1 (27) [  0%] 0 of 32

executor >  slurm (32)
[d6/d2fec3] process > host1 (32) [  0%] 0 of 32

executor >  slurm (32)
[bf/0dda2d] process > host1 (5)  [ 16%] 5 of 32

executor >  slurm (32)
[f6/43123e] process > host1 (19) [ 66%] 21 of 32

executor >  slurm (32)
[d6/d2fec3] process > host1 (32) [100%] 32 of 32 ✔
Hostname: compute-7-0
compute-7-1


executor >  slurm (32)
[d6/d2fec3] process > host1 (32) [100%] 32 of 32 ✔
Hostname: compute-7-0
compute-7-1


+ /usr/bin/time --format %U,%S,%e,%P,%K,%c,%w,%F,%I,%O,%r,%s,%x --append --output nf.nf/logs/bioinfoScaling_processes-2_host.txt /home/a-m/azzaea/software/nextflow/21.04.1.5556 run host_workflow.nf -c nf.nf/logs/confs/nextflow.config.32 -profile cluster --ntasks=32 --log=nf.nf/hosts/host2_tasks32.txt
N E X T F L O W  ~  version 21.04.1
Launching `host_workflow.nf` [confident_church] - revision: 84abddf17c
[-        ] process > host1 -
[-        ] process > host2 -

executor >  slurm (1)
[39/e8cb29] process > host1 (3) [  0%] 0 of 32
[-        ] process > host2     -

executor >  slurm (4)
[6e/80d212] process > host1 (4) [  0%] 0 of 32
[-        ] process > host2     -

executor >  slurm (11)
[c2/c8bc10] process > host1 (10) [  0%] 0 of 32
[-        ] process > host2      -

executor >  slurm (16)
[f4/afd1a4] process > host1 (18) [  0%] 0 of 32
[-        ] process > host2      -

executor >  slurm (22)
[7b/c092e5] process > host1 (21) [  0%] 0 of 32
[-        ] process > host2      -

executor >  slurm (27)
[4d/2d73b5] process > host1 (23) [  0%] 0 of 32
[-        ] process > host2      -

executor >  slurm (32)
[ea/1331c7] process > host1 (32) [  0%] 0 of 32
[-        ] process > host2      -

executor >  slurm (33)
[15/e39ba5] process > host1 (9)  [ 28%] 9 of 32
[79/c9bd4d] process > host2 (1)  [  0%] 0 of 8

executor >  slurm (35)
[42/2541d5] process > host1 (30) [ 97%] 31 of 32 ✔
[da/52ac2d] process > host2 (3)  [  0%] 0 of 31

executor >  slurm (41)
[ea/1331c7] process > host1 (32) [100%] 32 of 32 ✔
[27/4c1a3f] process > host2 (9)  [  0%] 0 of 32

executor >  slurm (48)
[ea/1331c7] process > host1 (32) [100%] 32 of 32 ✔
[ab/4954b3] process > host2 (16) [  0%] 0 of 32

executor >  slurm (54)
[ea/1331c7] process > host1 (32) [100%] 32 of 32 ✔
[f6/e10000] process > host2 (22) [  0%] 0 of 32

executor >  slurm (59)
[ea/1331c7] process > host1 (32) [100%] 32 of 32 ✔
[a3/a5baf6] process > host2 (27) [  0%] 0 of 32

executor >  slurm (64)
[ea/1331c7] process > host1 (32) [100%] 32 of 32 ✔
[e1/d3803e] process > host2 (32) [  0%] 0 of 32

executor >  slurm (64)
[ea/1331c7] process > host1 (32) [100%] 32 of 32 ✔
[47/c24d13] process > host2 (13) [ 31%] 10 of 32

executor >  slurm (64)
[ea/1331c7] process > host1 (32) [100%] 32 of 32 ✔
[54/efd0b5] process > host2 (31) [ 75%] 24 of 32

executor >  slurm (64)
[ea/1331c7] process > host1 (32) [100%] 32 of 32 ✔
[e1/d3803e] process > host2 (32) [100%] 32 of 32 ✔
Hostname: compute-7-1


+ echo -e 'Done processing * 32 * tasks, on * 32 * cores'
+ for line in '{1..10}'
++ sed -n 7p
++ cat cores.txt
+ cores=64
+ tasks=64
+ tee -a nf.nf/logs/bioinfoScaling_processes-1_host.txt nf.nf/logs/bioinfoScaling_processes-2_host.txt
+ echo -n 64,64,
64,64,+ sed s/CORES/64/ nextflow.config.tmpl
+ /usr/bin/time --format %U,%S,%e,%P,%K,%c,%w,%F,%I,%O,%r,%s,%x --append --output nf.nf/logs/bioinfoScaling_processes-1_host.txt /home/a-m/azzaea/software/nextflow/21.04.1.5556 run host_process.nf -c nf.nf/logs/confs/nextflow.config.64 -profile cluster --ntasks=64 --log=nf.nf/hosts/host1_tasks64.txt
N E X T F L O W  ~  version 21.04.1
Launching `host_process.nf` [gloomy_yalow] - revision: b2ae3954f9
[-        ] process > host1 -

[-        ] process > host1 [  0%] 0 of 58

executor >  slurm (4)
[fc/93a70a] process > host1 (5) [  0%] 0 of 64

executor >  slurm (8)
[69/8ea8b2] process > host1 (9) [  0%] 0 of 64

executor >  slurm (12)
[34/3d0db6] process > host1 (13) [  0%] 0 of 64

executor >  slurm (16)
[82/b573fd] process > host1 (17) [  0%] 0 of 64

executor >  slurm (22)
[b1/852800] process > host1 (24) [  0%] 0 of 64

executor >  slurm (27)
[fb/77139d] process > host1 (25) [  0%] 0 of 64

executor >  slurm (35)
[6f/627155] process > host1 (37) [  0%] 0 of 64

executor >  slurm (42)
[b4/982beb] process > host1 (40) [  0%] 0 of 64

executor >  slurm (52)
[5d/ead6e9] process > host1 (47) [  0%] 0 of 64

executor >  slurm (62)
[de/759368] process > host1 (62) [  0%] 0 of 64

executor >  slurm (64)
[6b/0081fa] process > host1 (64) [  0%] 0 of 64

executor >  slurm (64)
[6b/0081fa] process > host1 (64) [  0%] 0 of 64

executor >  slurm (64)
[4d/769d6c] process > host1 (18) [ 27%] 17 of 64

executor >  slurm (64)
[eb/3557ce] process > host1 (38) [ 53%] 34 of 64

executor >  slurm (64)
[bf/8a150e] process > host1 (54) [ 80%] 51 of 64

executor >  slurm (64)
[6b/0081fa] process > host1 (64) [ 95%] 61 of 64

executor >  slurm (64)
[8c/a2e468] process > host1 (34) [100%] 64 of 64 ✔
Hostname: compute-7-0
compute-7-1
compute-7-4


executor >  slurm (64)
[8c/a2e468] process > host1 (34) [100%] 64 of 64 ✔
Hostname: compute-7-0
compute-7-1
compute-7-4


+ /usr/bin/time --format %U,%S,%e,%P,%K,%c,%w,%F,%I,%O,%r,%s,%x --append --output nf.nf/logs/bioinfoScaling_processes-2_host.txt /home/a-m/azzaea/software/nextflow/21.04.1.5556 run host_workflow.nf -c nf.nf/logs/confs/nextflow.config.64 -profile cluster --ntasks=64 --log=nf.nf/hosts/host2_tasks64.txt
N E X T F L O W  ~  version 21.04.1
Launching `host_workflow.nf` [zen_williams] - revision: 84abddf17c
[-        ] process > host1 -
[-        ] process > host2 -

executor >  slurm (4)
[ad/f4914c] process > host1 (4) [  0%] 0 of 64
[-        ] process > host2     -

executor >  slurm (10)
[26/ef507c] process > host1 (10) [  0%] 0 of 64
[-        ] process > host2      -

executor >  slurm (15)
[52/44e06e] process > host1 (14) [  0%] 0 of 64
[-        ] process > host2      -

executor >  slurm (21)
[28/d3b956] process > host1 (25) [  0%] 0 of 64
[-        ] process > host2      -

executor >  slurm (29)
[08/801997] process > host1 (29) [  0%] 0 of 64
[-        ] process > host2      -

executor >  slurm (37)
[33/97bb88] process > host1 (32) [  0%] 0 of 64
[-        ] process > host2      -

executor >  slurm (45)
[fe/3ae892] process > host1 (45) [  0%] 0 of 64
[-        ] process > host2      -

executor >  slurm (49)
[3c/79a33f] process > host1 (52) [  0%] 0 of 64
[-        ] process > host2      -

executor >  slurm (58)
[1a/e9b8c4] process > host1 (58) [  0%] 0 of 64
[-        ] process > host2      -

executor >  slurm (64)
[ef/d7a3db] process > host1 (64) [  0%] 0 of 64
[-        ] process > host2      -

executor >  slurm (64)
[ba/809da8] process > host1 (1)  [  2%] 1 of 64
[-        ] process > host2      [  0%] 0 of 1

executor >  slurm (66)
[d5/5ca4ea] process > host1 (19) [ 30%] 19 of 64
[3a/4429f9] process > host2 (2)  [  0%] 0 of 19

executor >  slurm (69)
[17/b22a2b] process > host1 (38) [ 45%] 29 of 64
[96/1f28f9] process > host2 (5)  [  0%] 0 of 29

executor >  slurm (72)
[3d/88ec49] process > host1 (46) [ 69%] 44 of 64
[cd/e1c4f2] process > host2 (8)  [  0%] 0 of 44

executor >  slurm (76)
[ef/d7a3db] process > host1 (64) [ 84%] 54 of 64
[e0/f3f877] process > host2 (12) [  0%] 0 of 54

executor >  slurm (81)
[ef/d7a3db] process > host1 (64) [ 84%] 54 of 64
[7e/fb3cc9] process > host2 (17) [  0%] 0 of 54

executor >  slurm (89)
[ef/d7a3db] process > host1 (64) [ 84%] 54 of 64
[59/e17ac9] process > host2 (25) [  0%] 0 of 54

executor >  slurm (94)
[ef/d7a3db] process > host1 (64) [ 84%] 54 of 64
[3e/c1d924] process > host2 (30) [  0%] 0 of 54

executor >  slurm (101)
[ef/d7a3db] process > host1 (64) [ 84%] 54 of 64
[1a/9a13eb] process > host2 (37) [  0%] 0 of 54

executor >  slurm (105)
[ef/d7a3db] process > host1 (64) [ 84%] 54 of 64
[d8/823169] process > host2 (41) [  0%] 0 of 54

executor >  slurm (110)
[ef/d7a3db] process > host1 (64) [ 84%] 54 of 64
[ce/fe3128] process > host2 (46) [  0%] 0 of 54

executor >  slurm (116)
[ef/d7a3db] process > host1 (64) [ 84%] 54 of 64
[6f/a3354c] process > host2 (52) [  0%] 0 of 54

executor >  slurm (118)
[ef/d7a3db] process > host1 (64) [ 84%] 54 of 64
[89/832a9f] process > host2 (54) [  0%] 0 of 54

executor >  slurm (118)
[28/d3b956] process > host1 (25) [ 88%] 56 of 64
[89/832a9f] process > host2 (54) [  0%] 0 of 56

executor >  slurm (122)
[9b/7ebf8b] process > host1 (56) [100%] 64 of 64 ✔
[f0/855cc4] process > host2 (22) [ 34%] 22 of 64

executor >  slurm (125)
[9b/7ebf8b] process > host1 (56) [100%] 64 of 64 ✔
[5e/bdfc5c] process > host2 (49) [ 77%] 49 of 64

executor >  slurm (128)
[9b/7ebf8b] process > host1 (56) [100%] 64 of 64 ✔
[5f/f58cc6] process > host2 (64) [ 84%] 54 of 64

executor >  slurm (128)
[9b/7ebf8b] process > host1 (56) [100%] 64 of 64 ✔
[5f/f58cc6] process > host2 (64) [100%] 64 of 64 ✔
Hostname: compute-7-2
compute-7-0
compute-7-1
compute-7-4
compute-7-3


+ echo -e 'Done processing * 64 * tasks, on * 64 * cores'
+ for line in '{1..10}'
++ sed -n 8p
++ cat cores.txt
+ cores=128
+ tasks=128
+ tee -a nf.nf/logs/bioinfoScaling_processes-1_host.txt nf.nf/logs/bioinfoScaling_processes-2_host.txt
+ echo -n 128,128,
128,128,+ sed s/CORES/128/ nextflow.config.tmpl
+ /usr/bin/time --format %U,%S,%e,%P,%K,%c,%w,%F,%I,%O,%r,%s,%x --append --output nf.nf/logs/bioinfoScaling_processes-1_host.txt /home/a-m/azzaea/software/nextflow/21.04.1.5556 run host_process.nf -c nf.nf/logs/confs/nextflow.config.128 -profile cluster --ntasks=128 --log=nf.nf/hosts/host1_tasks128.txt
N E X T F L O W  ~  version 21.04.1
Launching `host_process.nf` [focused_bhabha] - revision: b2ae3954f9
[-        ] process > host1 -

executor >  slurm (1)
[05/04a883] process > host1 (2) [  0%] 0 of 128

executor >  slurm (6)
[eb/f55e2e] process > host1 (6) [  0%] 0 of 128

executor >  slurm (10)
[09/7cc24a] process > host1 (9) [  0%] 0 of 128

executor >  slurm (16)
[5b/e85e27] process > host1 (20) [  0%] 0 of 128

executor >  slurm (23)
[4b/2b24df] process > host1 (24) [  0%] 0 of 128

executor >  slurm (29)
[ea/424d85] process > host1 (27) [  0%] 0 of 128

executor >  slurm (35)
[b2/bb51ff] process > host1 (35) [  0%] 0 of 128

executor >  slurm (43)
[86/a2b0b0] process > host1 (44) [  0%] 0 of 128

executor >  slurm (48)
[34/ddf0eb] process > host1 (48) [  0%] 0 of 128

executor >  slurm (53)
[ab/d9b45f] process > host1 (51) [  0%] 0 of 128

executor >  slurm (63)
[40/c73cf0] process > host1 (63) [  0%] 0 of 128

executor >  slurm (70)
[83/7f3b0e] process > host1 (66) [  0%] 0 of 128

executor >  slurm (80)
[52/9cadfa] process > host1 (88) [  0%] 0 of 128

executor >  slurm (90)
[e4/fea71c] process > host1 (86) [  0%] 0 of 128

executor >  slurm (100)
[db/6b3056] process > host1 (104) [  0%] 0 of 128

executor >  slurm (110)
[84/f67156] process > host1 (110) [  0%] 0 of 128

executor >  slurm (119)
[2b/5cebdf] process > host1 (121) [  0%] 0 of 128

executor >  slurm (128)
[23/3651d1] process > host1 (128) [  0%] 0 of 128

executor >  slurm (128)
[23/3651d1] process > host1 (128) [  0%] 0 of 128

executor >  slurm (128)
[5e/53aed0] process > host1 (30)  [ 20%] 26 of 128

executor >  slurm (128)
[c0/c999b9] process > host1 (43)  [ 29%] 37 of 128

executor >  slurm (128)
[ef/5e15c6] process > host1 (70)  [ 41%] 52 of 128

executor >  slurm (128)
[4b/cfc813] process > host1 (91)  [ 52%] 67 of 128

executor >  slurm (128)
[d5/ab2a20] process > host1 (111) [ 66%] 84 of 128

executor >  slurm (128)
[23/3651d1] process > host1 (128) [ 70%] 89 of 128

executor >  slurm (128)
[15/4a10d0] process > host1 (80)  [ 85%] 109 of 128

executor >  slurm (128)
[57/b864b4] process > host1 (125) [100%] 128 of 128 ✔
Hostname: compute-7-2
compute-7-0
compute-7-1
compute-7-4


executor >  slurm (128)
[57/b864b4] process > host1 (125) [100%] 128 of 128 ✔
Hostname: compute-7-2
compute-7-0
compute-7-1
compute-7-4


+ /usr/bin/time --format %U,%S,%e,%P,%K,%c,%w,%F,%I,%O,%r,%s,%x --append --output nf.nf/logs/bioinfoScaling_processes-2_host.txt /home/a-m/azzaea/software/nextflow/21.04.1.5556 run host_workflow.nf -c nf.nf/logs/confs/nextflow.config.128 -profile cluster --ntasks=128 --log=nf.nf/hosts/host2_tasks128.txt
N E X T F L O W  ~  version 21.04.1
Launching `host_workflow.nf` [magical_stonebraker] - revision: 84abddf17c
[-        ] process > host1 -
[-        ] process > host2 -

[-        ] process > host1 [  0%] 0 of 78
[-        ] process > host2 -

executor >  slurm (3)
[e6/1cf42b] process > host1 (1) [  0%] 0 of 128
[-        ] process > host2     -

executor >  slurm (7)
[4b/bb4149] process > host1 (7) [  0%] 0 of 128
[-        ] process > host2     -

executor >  slurm (11)
[5b/bc7f17] process > host1 (14) [  0%] 0 of 128
[-        ] process > host2      -

executor >  slurm (16)
[55/165e58] process > host1 (24) [  0%] 0 of 128
[-        ] process > host2      -

executor >  slurm (21)
[97/45777f] process > host1 (19) [  0%] 0 of 128
[-        ] process > host2      -

executor >  slurm (26)
[01/b58d31] process > host1 (26) [  0%] 0 of 128
[-        ] process > host2      -

executor >  slurm (32)
[4e/4db87b] process > host1 (28) [  0%] 0 of 128
[-        ] process > host2      -

executor >  slurm (38)
[87/364741] process > host1 (30) [  0%] 0 of 128
[-        ] process > host2      -

executor >  slurm (48)
[79/101154] process > host1 (50) [  0%] 0 of 128
[-        ] process > host2      -

executor >  slurm (59)
[bd/676fc3] process > host1 (66) [  0%] 0 of 128
[-        ] process > host2      -

executor >  slurm (70)
[71/326d84] process > host1 (70) [  0%] 0 of 128
[-        ] process > host2      -

executor >  slurm (78)
[22/c68238] process > host1 (72) [  0%] 0 of 128
[-        ] process > host2      -

executor >  slurm (85)
[eb/2719b6] process > host1 (85) [  0%] 0 of 128
[-        ] process > host2      -

executor >  slurm (90)
[e6/197a86] process > host1 (95) [  0%] 0 of 128
[-        ] process > host2      -

executor >  slurm (95)
[f1/79d2b1] process > host1 (89) [  0%] 0 of 128
[-        ] process > host2      -

executor >  slurm (101)
[b2/905002] process > host1 (106) [  0%] 0 of 128
[-        ] process > host2       -

executor >  slurm (108)
[13/bed19b] process > host1 (108) [  0%] 0 of 128
[-        ] process > host2       -

executor >  slurm (116)
[8b/cea40f] process > host1 (124) [  0%] 0 of 128
[-        ] process > host2       -

executor >  slurm (126)
[1f/44a3de] process > host1 (126) [  0%] 0 of 128
[-        ] process > host2       -

executor >  slurm (128)
[b3/d65712] process > host1 (128) [  0%] 0 of 128
[-        ] process > host2       -

executor >  slurm (128)
[82/da5a4b] process > host1 (4)   [  3%] 4 of 128
[-        ] process > host2       [  0%] 0 of 4

executor >  slurm (130)
[81/ef2f98] process > host1 (23)  [ 14%] 18 of 128
[83/cf88ec] process > host2 (2)   [  0%] 0 of 18

executor >  slurm (133)
[74/cde88e] process > host1 (29)  [ 20%] 25 of 128
[7d/32d650] process > host2 (5)   [  0%] 0 of 24

executor >  slurm (134)
[4c/86a9b1] process > host1 (47)  [ 23%] 29 of 128
[2f/c36360] process > host2 (6)   [  0%] 0 of 29

executor >  slurm (137)
[aa/400325] process > host1 (83)  [ 33%] 42 of 128
[51/5251ac] process > host2 (9)   [  0%] 0 of 42

executor >  slurm (140)
[af/8ff7cc] process > host1 (105) [ 49%] 63 of 128
[fe/355b50] process > host2 (12)  [  0%] 0 of 64

executor >  slurm (143)
[50/7e8611] process > host1 (114) [ 64%] 82 of 128
[61/4cf26c] process > host2 (15)  [  0%] 0 of 82

executor >  slurm (148)
[b3/d65712] process > host1 (128) [ 66%] 85 of 128
[d2/689ddd] process > host2 (20)  [  0%] 0 of 85

executor >  slurm (153)
[b3/d65712] process > host1 (128) [ 66%] 85 of 128
[37/0947cb] process > host2 (25)  [  0%] 0 of 85

executor >  slurm (158)
[b3/d65712] process > host1 (128) [ 66%] 85 of 128
[51/9b244c] process > host2 (30)  [  0%] 0 of 85

executor >  slurm (163)
[b3/d65712] process > host1 (128) [ 66%] 85 of 128
[fa/d7ef25] process > host2 (35)  [  0%] 0 of 85

executor >  slurm (168)
[b3/d65712] process > host1 (128) [ 66%] 85 of 128
[a8/dcd586] process > host2 (40)  [  0%] 0 of 85

executor >  slurm (173)
[b3/d65712] process > host1 (128) [ 66%] 85 of 128
[66/07859e] process > host2 (45)  [  0%] 0 of 85

executor >  slurm (182)
[b3/d65712] process > host1 (128) [ 66%] 85 of 128
[6c/355b3f] process > host2 (54)  [  0%] 0 of 85

executor >  slurm (188)
[b3/d65712] process > host1 (128) [ 66%] 85 of 128
[ed/77bacf] process > host2 (60)  [  0%] 0 of 85

executor >  slurm (197)
[b3/d65712] process > host1 (128) [ 66%] 85 of 128
[c9/9b68df] process > host2 (69)  [  0%] 0 of 85

executor >  slurm (203)
[b3/d65712] process > host1 (128) [ 66%] 85 of 128
[e2/017869] process > host2 (75)  [  0%] 0 of 85

executor >  slurm (210)
[b3/d65712] process > host1 (128) [ 66%] 85 of 128
[9b/158b22] process > host2 (82)  [  0%] 0 of 85

executor >  slurm (213)
[b3/d65712] process > host1 (128) [ 66%] 85 of 128
[e0/ebe2f3] process > host2 (85)  [  0%] 0 of 85

executor >  slurm (213)
[34/3c52ac] process > host1 (35)  [ 70%] 90 of 128
[e0/ebe2f3] process > host2 (85)  [  0%] 0 of 90

executor >  slurm (217)
[10/39fe2a] process > host1 (69)  [ 91%] 117 of 128
[de/14f5f3] process > host2 (89)  [  0%] 0 of 117

executor >  slurm (220)
[eb/2719b6] process > host1 (85)  [100%] 128 of 128 ✔
[91/9340a7] process > host2 (14)  [ 11%] 14 of 128

executor >  slurm (224)
[eb/2719b6] process > host1 (85)  [100%] 128 of 128 ✔
[b0/8534bc] process > host2 (38)  [ 30%] 38 of 128

executor >  slurm (229)
[eb/2719b6] process > host1 (85)  [100%] 128 of 128 ✔
[1b/849cd8] process > host2 (101) [ 55%] 71 of 128

executor >  slurm (233)
[eb/2719b6] process > host1 (85)  [100%] 128 of 128 ✔
[03/4d4899] process > host2 (105) [ 66%] 85 of 128

executor >  slurm (244)
[eb/2719b6] process > host1 (85)  [100%] 128 of 128 ✔
[3e/2821ee] process > host2 (116) [ 66%] 85 of 128

executor >  slurm (253)
[eb/2719b6] process > host1 (85)  [100%] 128 of 128 ✔
[11/d4dc04] process > host2 (125) [ 66%] 85 of 128

executor >  slurm (256)
[eb/2719b6] process > host1 (85)  [100%] 128 of 128 ✔
[8a/827492] process > host2 (128) [ 66%] 85 of 128

executor >  slurm (256)
[eb/2719b6] process > host1 (85)  [100%] 128 of 128 ✔
[1b/849cd8] process > host2 (101) [ 79%] 101 of 128

executor >  slurm (256)
[eb/2719b6] process > host1 (85)  [100%] 128 of 128 ✔
[b6/843f10] process > host2 (127) [ 99%] 127 of 128

executor >  slurm (256)
[eb/2719b6] process > host1 (85)  [100%] 128 of 128 ✔
[8a/827492] process > host2 (128) [100%] 128 of 128 ✔
Hostname: compute-7-2
compute-7-0
compute-7-1
compute-7-4
compute-7-3


executor >  slurm (256)
[eb/2719b6] process > host1 (85)  [100%] 128 of 128 ✔
[8a/827492] process > host2 (128) [100%] 128 of 128 ✔
Hostname: compute-7-2
compute-7-0
compute-7-1
compute-7-4
compute-7-3


+ echo -e 'Done processing * 128 * tasks, on * 128 * cores'
+ for line in '{1..10}'
++ sed -n 9p
++ cat cores.txt
+ cores=256
+ tasks=256
+ tee -a nf.nf/logs/bioinfoScaling_processes-1_host.txt nf.nf/logs/bioinfoScaling_processes-2_host.txt
+ echo -n 256,256,
256,256,+ sed s/CORES/256/ nextflow.config.tmpl
+ /usr/bin/time --format %U,%S,%e,%P,%K,%c,%w,%F,%I,%O,%r,%s,%x --append --output nf.nf/logs/bioinfoScaling_processes-1_host.txt /home/a-m/azzaea/software/nextflow/21.04.1.5556 run host_process.nf -c nf.nf/logs/confs/nextflow.config.256 -profile cluster --ntasks=256 --log=nf.nf/hosts/host1_tasks256.txt
N E X T F L O W  ~  version 21.04.1
Launching `host_process.nf` [spontaneous_mclean] - revision: b2ae3954f9
[-        ] process > host1 -

executor >  slurm (1)
[98/e73108] process > host1 (2) [  0%] 0 of 121

executor >  slurm (2)
[ad/86de6a] process > host1 (1) [  0%] 0 of 225

executor >  slurm (6)
[3f/81e571] process > host1 (7) [  0%] 0 of 256

executor >  slurm (11)
[a8/4ed92a] process > host1 (11) [  0%] 0 of 256

executor >  slurm (15)
[68/86ee68] process > host1 (8)  [  0%] 0 of 256

executor >  slurm (20)
[6f/4269b8] process > host1 (21) [  0%] 0 of 256

executor >  slurm (26)
[8e/247b35] process > host1 (26) [  0%] 0 of 256

executor >  slurm (29)
[86/dd960c] process > host1 (30) [  0%] 0 of 256

executor >  slurm (34)
[2d/3bc549] process > host1 (34) [  0%] 0 of 256

executor >  slurm (40)
[87/ba9465] process > host1 (40) [  0%] 0 of 256

executor >  slurm (45)
[a2/0481bd] process > host1 (45) [  0%] 0 of 256

executor >  slurm (54)
[49/9bd259] process > host1 (49) [  0%] 0 of 256

executor >  slurm (65)
[4b/780193] process > host1 (65) [  0%] 0 of 256

executor >  slurm (75)
[0d/0ebfef] process > host1 (75) [  0%] 0 of 256

executor >  slurm (82)
[1c/407ae6] process > host1 (76) [  0%] 0 of 256

executor >  slurm (91)
[73/d94b10] process > host1 (97) [  0%] 0 of 256

executor >  slurm (96)
[1a/f8409a] process > host1 (94) [  0%] 0 of 256

executor >  slurm (103)
[8a/71fcee] process > host1 (103) [  0%] 0 of 256

executor >  slurm (114)
[1d/d1037c] process > host1 (113) [  0%] 0 of 256

executor >  slurm (118)
[e3/348147] process > host1 (118) [  0%] 0 of 256

executor >  slurm (123)
[4e/8d9605] process > host1 (127) [  0%] 0 of 256

executor >  slurm (131)
[c0/c921d7] process > host1 (134) [  0%] 0 of 256

executor >  slurm (132)
[00/7570dd] process > host1 (14)  [  5%] 12 of 256

executor >  slurm (136)
[cc/fffa14] process > host1 (122) [ 10%] 25 of 256

executor >  slurm (139)
[49/9bd259] process > host1 (49)  [ 21%] 54 of 256

executor >  slurm (143)
[0d/0ebfef] process > host1 (75)  [ 28%] 72 of 256

executor >  slurm (147)
[2f/20ad2c] process > host1 (108) [ 34%] 87 of 256

executor >  slurm (151)
[d3/7d73dc] process > host1 (140) [ 40%] 102 of 256

executor >  slurm (157)
[d0/fa9f2e] process > host1 (157) [ 40%] 102 of 256

executor >  slurm (165)
[c2/9e0e12] process > host1 (167) [ 40%] 102 of 256

executor >  slurm (175)
[78/a7b3ff] process > host1 (175) [ 40%] 102 of 256

executor >  slurm (181)
[57/4866df] process > host1 (183) [ 40%] 102 of 256

executor >  slurm (191)
[dc/4e9777] process > host1 (191) [ 40%] 102 of 256

executor >  slurm (200)
[50/1287cd] process > host1 (210) [ 40%] 102 of 256

executor >  slurm (212)
[fd/f61713] process > host1 (199) [ 40%] 102 of 256

executor >  slurm (224)
[8e/bb9af8] process > host1 (233) [ 40%] 102 of 256

executor >  slurm (236)
[6d/1d78a9] process > host1 (221) [ 40%] 102 of 256

executor >  slurm (248)
[4d/64a816] process > host1 (244) [ 40%] 102 of 256

executor >  slurm (256)
[43/39fa8a] process > host1 (256) [ 40%] 102 of 256

executor >  slurm (256)
[58/71739a] process > host1 (87)  [ 43%] 110 of 256

executor >  slurm (256)
[78/bde333] process > host1 (129) [ 51%] 130 of 256

executor >  slurm (256)
[4b/858877] process > host1 (153) [ 60%] 153 of 256

executor >  slurm (256)
[4b/c8e642] process > host1 (184) [ 71%] 182 of 256

executor >  slurm (256)
[e3/db2a5a] process > host1 (212) [ 78%] 199 of 256

executor >  slurm (256)
[fe/a8d02c] process > host1 (227) [ 84%] 216 of 256

executor >  slurm (256)
[3a/932a3c] process > host1 (254) [ 92%] 236 of 256

executor >  slurm (256)
[43/39fa8a] process > host1 (256) [ 93%] 238 of 256

executor >  slurm (256)
[06/3a40a2] process > host1 (236) [ 97%] 249 of 256

executor >  slurm (256)
[b4/0b8286] process > host1 (246) [100%] 256 of 256 ✔
Hostname: compute-7-2
compute-7-0
compute-7-1
compute-7-4
compute-7-3


executor >  slurm (256)
[b4/0b8286] process > host1 (246) [100%] 256 of 256 ✔
Hostname: compute-7-2
compute-7-0
compute-7-1
compute-7-4
compute-7-3


+ /usr/bin/time --format %U,%S,%e,%P,%K,%c,%w,%F,%I,%O,%r,%s,%x --append --output nf.nf/logs/bioinfoScaling_processes-2_host.txt /home/a-m/azzaea/software/nextflow/21.04.1.5556 run host_workflow.nf -c nf.nf/logs/confs/nextflow.config.256 -profile cluster --ntasks=256 --log=nf.nf/hosts/host2_tasks256.txt
N E X T F L O W  ~  version 21.04.1
Launching `host_workflow.nf` [dreamy_chandrasekhar] - revision: 84abddf17c
[-        ] process > host1 -
[-        ] process > host2 -

[-        ] process > host1 [  0%] 0 of 82
[-        ] process > host2 -

executor >  slurm (1)
[42/a96d0f] process > host1 (3) [  0%] 0 of 149
[-        ] process > host2     -

executor >  slurm (2)
[ab/40b92f] process > host1 (2) [  0%] 0 of 256
[-        ] process > host2     -

executor >  slurm (6)
[ef/82f90b] process > host1 (6) [  0%] 0 of 256
[-        ] process > host2     -

executor >  slurm (11)
[39/431f97] process > host1 (14) [  0%] 0 of 256
[-        ] process > host2      -

executor >  slurm (16)
[1f/4ec996] process > host1 (17) [  0%] 0 of 256
[-        ] process > host2      -

executor >  slurm (21)
[ea/6f5431] process > host1 (20) [  0%] 0 of 256
[-        ] process > host2      -

executor >  slurm (28)
[21/7572f0] process > host1 (28) [  0%] 0 of 256
[-        ] process > host2      -

executor >  slurm (38)
[14/643b94] process > host1 (38) [  0%] 0 of 256
[-        ] process > host2      -

executor >  slurm (47)
[45/8399a9] process > host1 (44) [  0%] 0 of 256
[-        ] process > host2      -

executor >  slurm (58)
[92/9bb056] process > host1 (59) [  0%] 0 of 256
[-        ] process > host2      -

executor >  slurm (68)
[89/dbb36c] process > host1 (66) [  0%] 0 of 256
[-        ] process > host2      -

executor >  slurm (77)
[9b/0d74e9] process > host1 (81) [  0%] 0 of 256
[-        ] process > host2      -

executor >  slurm (84)
[8a/b53ade] process > host1 (85) [  0%] 0 of 256
[-        ] process > host2      -

executor >  slurm (93)
[dd/a1b31d] process > host1 (100) [  0%] 0 of 256
[-        ] process > host2       -

executor >  slurm (98)
[a4/63f5ce] process > host1 (104) [  0%] 0 of 256
[-        ] process > host2       -

executor >  slurm (104)
[40/796b18] process > host1 (89)  [  0%] 0 of 256
[-        ] process > host2       -

executor >  slurm (114)
[7b/8769e1] process > host1 (117) [  0%] 0 of 256
[-        ] process > host2       -

executor >  slurm (119)
[ae/313665] process > host1 (121) [  0%] 0 of 256
[-        ] process > host2       -

executor >  slurm (125)
[20/0f4139] process > host1 (125) [  0%] 0 of 256
[-        ] process > host2       -

executor >  slurm (135)
[fb/110531] process > host1 (136) [  0%] 0 of 256
[-        ] process > host2       -

executor >  slurm (147)
[8f/7e0a52] process > host1 (147) [  0%] 0 of 256
[-        ] process > host2       -

executor >  slurm (154)
[25/0d9fd4] process > host1 (166) [  0%] 0 of 256
[-        ] process > host2       [  0%] 0 of 1

executor >  slurm (156)
[39/431f97] process > host1 (14)  [  4%] 11 of 256
[-        ] process > host2       [  0%] 0 of 11

executor >  slurm (158)
[0e/028bee] process > host1 (30)  [ 13%] 34 of 256
[-        ] process > host2       [  0%] 0 of 34

executor >  slurm (162)
[92/9bb056] process > host1 (59)  [ 23%] 58 of 256
[-        ] process > host2       [  0%] 0 of 57

executor >  slurm (165)
[db/6d6540] process > host1 (78)  [ 29%] 74 of 256
[-        ] process > host2       [  0%] 0 of 73

executor >  slurm (168)
[df/b6600f] process > host1 (102) [ 35%] 89 of 256
[-        ] process > host2       [  0%] 0 of 89

executor >  slurm (172)
[6d/d6e779] process > host1 (172) [ 39%] 100 of 256
[-        ] process > host2       [  0%] 0 of 100

executor >  slurm (175)
[a8/5cd59b] process > host1 (107) [ 45%] 114 of 256
[-        ] process > host2       [  0%] 0 of 114

executor >  slurm (178)
[9b/58b72b] process > host1 (148) [ 51%] 130 of 256
[-        ] process > host2       [  0%] 0 of 130

executor >  slurm (183)
[2d/277fbe] process > host1 (187) [ 52%] 134 of 256
[-        ] process > host2       [  0%] 0 of 134

executor >  slurm (188)
[be/ebc372] process > host1 (182) [ 52%] 134 of 256
[-        ] process > host2       [  0%] 0 of 134

executor >  slurm (193)
[0b/86a821] process > host1 (194) [ 52%] 134 of 256
[-        ] process > host2       [  0%] 0 of 134

executor >  slurm (198)
[b4/d63bac] process > host1 (203) [ 52%] 134 of 256
[-        ] process > host2       [  0%] 0 of 134

executor >  slurm (207)
[a1/757e24] process > host1 (209) [ 52%] 134 of 256
[-        ] process > host2       [  0%] 0 of 134

executor >  slurm (215)
[40/903cfa] process > host1 (216) [ 52%] 134 of 256
[-        ] process > host2       [  0%] 0 of 134

executor >  slurm (222)
[80/81f18b] process > host1 (244) [ 52%] 134 of 256
[-        ] process > host2       [  0%] 0 of 134

executor >  slurm (234)
[85/14839b] process > host1 (234) [ 52%] 134 of 256
[-        ] process > host2       [  0%] 0 of 134

executor >  slurm (244)
[1c/d3ae42] process > host1 (245) [ 52%] 134 of 256
[-        ] process > host2       [  0%] 0 of 134

executor >  slurm (254)
[12/a6c737] process > host1 (254) [ 52%] 134 of 256
[-        ] process > host2       [  0%] 0 of 134

executor >  slurm (261)
[d9/02160d] process > host1 (256) [ 52%] 134 of 256
[8c/5218bf] process > host2 (5)   [  0%] 0 of 134

executor >  slurm (271)
[d9/02160d] process > host1 (256) [ 52%] 134 of 256
[2c/a96b4f] process > host2 (15)  [  0%] 0 of 134

executor >  slurm (282)
[d9/02160d] process > host1 (256) [ 52%] 134 of 256
[ac/c62e4b] process > host2 (26)  [  0%] 0 of 134

executor >  slurm (295)
[d9/02160d] process > host1 (256) [ 52%] 134 of 256
[6a/748536] process > host2 (39)  [  0%] 0 of 134

executor >  slurm (306)
[d9/02160d] process > host1 (256) [ 52%] 134 of 256
[1b/439983] process > host2 (50)  [  0%] 0 of 134

executor >  slurm (318)
[d9/02160d] process > host1 (256) [ 52%] 134 of 256
[88/714774] process > host2 (62)  [  0%] 0 of 134

executor >  slurm (322)
[6c/40d115] process > host1 (159) [ 61%] 156 of 256
[3f/ed88d6] process > host2 (66)  [  0%] 0 of 155

executor >  slurm (325)
[ca/9ef077] process > host1 (178) [ 71%] 182 of 256
[60/7f0e8a] process > host2 (69)  [  0%] 0 of 181

executor >  slurm (329)
[65/b7dcc4] process > host1 (202) [ 80%] 204 of 256
[30/6b26ad] process > host2 (73)  [  0%] 0 of 204

executor >  slurm (335)
[80/81f18b] process > host1 (244) [ 87%] 222 of 256
[0f/d5ddd2] process > host2 (79)  [  0%] 0 of 221

executor >  slurm (339)
[39/87c68e] process > host1 (255) [ 98%] 251 of 256
[03/dc2074] process > host2 (2)   [  1%] 2 of 251

executor >  slurm (343)
[39/87c68e] process > host1 (255) [ 98%] 251 of 256
[60/aabc96] process > host2 (22)  [  8%] 19 of 251

executor >  slurm (352)
[39/87c68e] process > host1 (255) [ 98%] 251 of 256
[32/82a4bd] process > host2 (54)  [ 15%] 37 of 251

executor >  slurm (363)
[39/87c68e] process > host1 (255) [ 98%] 251 of 256
[1a/2a89ab] process > host2 (107) [ 16%] 40 of 251

executor >  slurm (374)
[39/87c68e] process > host1 (255) [ 98%] 251 of 256
[31/8a88fe] process > host2 (118) [ 16%] 40 of 251

executor >  slurm (384)
[39/87c68e] process > host1 (255) [ 98%] 251 of 256
[10/a50de5] process > host2 (128) [ 16%] 40 of 251

executor >  slurm (395)
[39/87c68e] process > host1 (255) [ 98%] 251 of 256
[b4/fe12ae] process > host2 (139) [ 16%] 40 of 251

executor >  slurm (407)
[39/87c68e] process > host1 (255) [ 98%] 251 of 256
[c2/c6f7c8] process > host2 (151) [ 16%] 40 of 251

executor >  slurm (421)
[39/87c68e] process > host1 (255) [ 98%] 251 of 256
[16/10e1da] process > host2 (164) [ 16%] 40 of 251

executor >  slurm (432)
[39/87c68e] process > host1 (255) [ 98%] 251 of 256
[ae/3e3831] process > host2 (176) [ 16%] 40 of 251

executor >  slurm (441)
[39/87c68e] process > host1 (255) [ 98%] 251 of 256
[a8/5d104d] process > host2 (185) [ 16%] 40 of 251

executor >  slurm (454)
[39/87c68e] process > host1 (255) [ 98%] 251 of 256
[11/7e56ce] process > host2 (198) [ 16%] 40 of 251

executor >  slurm (467)
[39/87c68e] process > host1 (255) [ 98%] 251 of 256
[22/31cd6e] process > host2 (211) [ 16%] 40 of 251

executor >  slurm (481)
[39/87c68e] process > host1 (255) [ 98%] 251 of 256
[5b/0cfaac] process > host2 (225) [ 16%] 40 of 251

executor >  slurm (493)
[39/87c68e] process > host1 (255) [ 98%] 251 of 256
[2c/fa3aec] process > host2 (237) [ 16%] 40 of 251

executor >  slurm (500)
[39/87c68e] process > host1 (255) [ 98%] 251 of 256
[7a/d5572e] process > host2 (244) [ 16%] 40 of 251

executor >  slurm (507)
[39/87c68e] process > host1 (255) [ 98%] 251 of 256
[9c/76977f] process > host2 (251) [ 16%] 40 of 251

executor >  slurm (508)
[d9/02160d] process > host1 (256) [100%] 256 of 256 ✔
[04/5ae7ba] process > host2 (252) [ 17%] 43 of 256

executor >  slurm (512)
[d9/02160d] process > host1 (256) [100%] 256 of 256 ✔
[df/d5b776] process > host2 (59)  [ 23%] 60 of 256

executor >  slurm (512)
[d9/02160d] process > host1 (256) [100%] 256 of 256 ✔
[69/786dc7] process > host2 (80)  [ 31%] 80 of 256

executor >  slurm (512)
[d9/02160d] process > host1 (256) [100%] 256 of 256 ✔
[56/4966ee] process > host2 (99)  [ 38%] 98 of 256

executor >  slurm (512)
[d9/02160d] process > host1 (256) [100%] 256 of 256 ✔
[42/bdeb4d] process > host2 (121) [ 46%] 117 of 256

executor >  slurm (512)
[d9/02160d] process > host1 (256) [100%] 256 of 256 ✔
[3a/223ae9] process > host2 (144) [ 55%] 140 of 256

executor >  slurm (512)
[d9/02160d] process > host1 (256) [100%] 256 of 256 ✔
[ad/5450a0] process > host2 (169) [ 63%] 162 of 256

executor >  slurm (512)
[d9/02160d] process > host1 (256) [100%] 256 of 256 ✔
[ab/a3a4be] process > host2 (197) [ 71%] 181 of 256

executor >  slurm (512)
[d9/02160d] process > host1 (256) [100%] 256 of 256 ✔
[46/7daf18] process > host2 (243) [ 84%] 214 of 256

executor >  slurm (512)
[d9/02160d] process > host1 (256) [100%] 256 of 256 ✔
[9c/76977f] process > host2 (251) [ 87%] 222 of 256

executor >  slurm (512)
[d9/02160d] process > host1 (256) [100%] 256 of 256 ✔
[bd/9fb2fc] process > host2 (173) [ 90%] 230 of 256

executor >  slurm (512)
[d9/02160d] process > host1 (256) [100%] 256 of 256 ✔
[56/a5e43b] process > host2 (255) [100%] 255 of 256 ✔

executor >  slurm (512)
[d9/02160d] process > host1 (256) [100%] 256 of 256 ✔
[61/1c075b] process > host2 (256) [100%] 256 of 256 ✔
Hostname: compute-7-2
compute-7-0
compute-7-1
compute-7-4
compute-7-3


+ echo -e 'Done processing * 256 * tasks, on * 256 * cores'
+ for line in '{1..10}'
++ sed -n 10p
++ cat cores.txt
+ cores=512
+ tasks=512
+ tee -a nf.nf/logs/bioinfoScaling_processes-1_host.txt nf.nf/logs/bioinfoScaling_processes-2_host.txt
+ echo -n 512,512,
512,512,+ sed s/CORES/512/ nextflow.config.tmpl
+ /usr/bin/time --format %U,%S,%e,%P,%K,%c,%w,%F,%I,%O,%r,%s,%x --append --output nf.nf/logs/bioinfoScaling_processes-1_host.txt /home/a-m/azzaea/software/nextflow/21.04.1.5556 run host_process.nf -c nf.nf/logs/confs/nextflow.config.512 -profile cluster --ntasks=512 --log=nf.nf/hosts/host1_tasks512.txt
N E X T F L O W  ~  version 21.04.1
Launching `host_process.nf` [high_mayer] - revision: b2ae3954f9
[-        ] process > host1 -

[-        ] process > host1 [  0%] 0 of 80

executor >  slurm (1)
[98/47fb44] process > host1 (2) [  0%] 0 of 176

executor >  slurm (1)
[98/47fb44] process > host1 (2) [  0%] 0 of 275

executor >  slurm (2)
[dc/34221f] process > host1 (4) [  0%] 0 of 370

executor >  slurm (3)
[d1/e6256d] process > host1 (3) [  0%] 0 of 480

executor >  slurm (7)
[b2/0c46b8] process > host1 (6) [  0%] 0 of 512

executor >  slurm (10)
[64/530424] process > host1 (11) [  0%] 0 of 512

executor >  slurm (16)
[09/282526] process > host1 (19) [  0%] 0 of 512

executor >  slurm (22)
[49/e6ce5c] process > host1 (24) [  0%] 0 of 512

executor >  slurm (31)
[6a/d71652] process > host1 (26) [  0%] 0 of 512

executor >  slurm (41)
[c8/83cbfd] process > host1 (50) [  0%] 0 of 512

executor >  slurm (51)
[d7/6829f0] process > host1 (51) [  0%] 0 of 512

executor >  slurm (62)
[56/0aad08] process > host1 (64) [  0%] 0 of 512

executor >  slurm (69)
[7a/419d1f] process > host1 (79) [  0%] 0 of 512

executor >  slurm (77)
[cf/6e80aa] process > host1 (74) [  0%] 0 of 512

executor >  slurm (82)
[c7/b72556] process > host1 (93) [  0%] 0 of 512

executor >  slurm (93)
[9e/461815] process > host1 (87) [  0%] 0 of 512

executor >  slurm (101)
[be/6adf9d] process > host1 (104) [  0%] 0 of 512

executor >  slurm (106)
[d2/6a28b8] process > host1 (102) [  0%] 0 of 512

executor >  slurm (116)
[61/044977] process > host1 (116) [  0%] 0 of 512

executor >  slurm (124)
[0e/efd4d3] process > host1 (130) [  0%] 0 of 512

executor >  slurm (131)
[27/c5f903] process > host1 (131) [  0%] 0 of 512

executor >  slurm (133)
[84/4a916d] process > host1 (13)  [  2%] 12 of 512

executor >  slurm (136)
[af/69c8ef] process > host1 (35)  [  6%] 33 of 512

executor >  slurm (139)
[3d/a16ee5] process > host1 (59)  [  9%] 47 of 512

executor >  slurm (143)
[73/e8ac11] process > host1 (77)  [ 13%] 69 of 512

executor >  slurm (147)
[11/ef98e3] process > host1 (106) [ 17%] 87 of 512

executor >  slurm (152)
[b8/33cb48] process > host1 (152) [ 19%] 99 of 512

executor >  slurm (157)
[d9/1bd0bb] process > host1 (165) [ 19%] 99 of 512

executor >  slurm (166)
[ff/7f914e] process > host1 (168) [ 19%] 99 of 512

executor >  slurm (171)
[48/c221ae] process > host1 (171) [ 19%] 99 of 512

executor >  slurm (175)
[71/59d405] process > host1 (175) [ 19%] 99 of 512

executor >  slurm (180)
[7f/54f17f] process > host1 (195) [ 19%] 99 of 512

executor >  slurm (186)
[0c/c3e8e5] process > host1 (179) [ 19%] 99 of 512

executor >  slurm (194)
[d0/979978] process > host1 (181) [ 19%] 99 of 512

executor >  slurm (204)
[0f/74c8c6] process > host1 (208) [ 19%] 99 of 512

executor >  slurm (217)
[bf/a64a34] process > host1 (212) [ 19%] 99 of 512

executor >  slurm (228)
[80/4d0670] process > host1 (233) [ 19%] 99 of 512

executor >  slurm (241)
[ca/254563] process > host1 (236) [ 19%] 99 of 512

executor >  slurm (253)
[9b/a36d3e] process > host1 (270) [ 19%] 99 of 512

executor >  slurm (260)
[7a/abd79c] process > host1 (267) [ 19%] 99 of 512

executor >  slurm (271)
[2a/3d034e] process > host1 (253) [ 19%] 99 of 512

executor >  slurm (283)
[38/dbe81d] process > host1 (297) [ 19%] 99 of 512

executor >  slurm (296)
[14/931cc5] process > host1 (295) [ 19%] 99 of 512

executor >  slurm (308)
[4b/9176a2] process > host1 (322) [ 19%] 99 of 512

executor >  slurm (320)
[d1/317a12] process > host1 (317) [ 19%] 99 of 512

executor >  slurm (327)
[0e/fd5612] process > host1 (110) [ 23%] 120 of 512

executor >  slurm (336)
[8d/b2587e] process > host1 (145) [ 27%] 138 of 512

executor >  slurm (346)
[d9/1bd0bb] process > host1 (165) [ 31%] 157 of 512

executor >  slurm (354)
[ec/6b1bff] process > host1 (197) [ 35%] 177 of 512

executor >  slurm (359)
[28/613905] process > host1 (178) [ 38%] 195 of 512

executor >  slurm (364)
[7d/537c8b] process > host1 (214) [ 42%] 213 of 512

executor >  slurm (368)
[b6/a70a95] process > host1 (365) [ 45%] 230 of 512

executor >  slurm (373)
[2c/0d300a] process > host1 (276) [ 52%] 264 of 512

executor >  slurm (377)
[fb/7e5dff] process > host1 (303) [ 55%] 280 of 512

executor >  slurm (385)
[01/3e45c3] process > host1 (320) [ 59%] 301 of 512

executor >  slurm (396)
[67/044731] process > host1 (383) [ 59%] 303 of 512

executor >  slurm (407)
[41/3454db] process > host1 (417) [ 59%] 303 of 512

executor >  slurm (420)
[98/4178fa] process > host1 (428) [ 59%] 303 of 512

executor >  slurm (432)
[c7/e02ac5] process > host1 (422) [ 59%] 303 of 512

executor >  slurm (446)
[80/3b9008] process > host1 (467) [ 59%] 303 of 512

executor >  slurm (458)
[bc/1cda48] process > host1 (449) [ 59%] 303 of 512

executor >  slurm (469)
[cd/44b0d7] process > host1 (460) [ 59%] 303 of 512

executor >  slurm (471)
[7f/9601d9] process > host1 (476) [ 59%] 303 of 512

executor >  slurm (480)
[a8/fba195] process > host1 (445) [ 59%] 303 of 512

executor >  slurm (490)
[89/3924db] process > host1 (506) [ 59%] 303 of 512

executor >  slurm (501)
[81/031274] process > host1 (489) [ 59%] 303 of 512

executor >  slurm (512)
[60/87c6ce] process > host1 (512) [ 59%] 303 of 512

executor >  slurm (512)
[df/6b1c57] process > host1 (274) [ 60%] 308 of 512

executor >  slurm (512)
[4a/166b8b] process > host1 (323) [ 65%] 331 of 512

executor >  slurm (512)
[48/df61b8] process > host1 (352) [ 68%] 348 of 512

executor >  slurm (512)
[10/aa7d4f] process > host1 (342) [ 71%] 365 of 512

executor >  slurm (512)
[71/17bd3c] process > host1 (388) [ 75%] 382 of 512

executor >  slurm (512)
[a7/260eb2] process > host1 (374) [ 78%] 398 of 512

executor >  slurm (512)
[eb/97e1c7] process > host1 (435) [ 81%] 413 of 512

executor >  slurm (512)
[80/3b9008] process > host1 (467) [ 84%] 429 of 512

executor >  slurm (512)
[50/5523bc] process > host1 (494) [ 92%] 470 of 512

executor >  slurm (512)
[20/707811] process > host1 (481) [ 95%] 486 of 512

executor >  slurm (512)
[60/87c6ce] process > host1 (512) [ 95%] 487 of 512

executor >  slurm (512)
[9b/879a1d] process > host1 (405) [ 96%] 490 of 512

executor >  slurm (512)
[f1/263c55] process > host1 (510) [100%] 511 of 512

executor >  slurm (512)
[89/3924db] process > host1 (506) [100%] 512 of 512 ✔
Hostname: compute-7-2
compute-7-0
compute-7-1
compute-7-4
compute-7-3


executor >  slurm (512)
[89/3924db] process > host1 (506) [100%] 512 of 512 ✔
Hostname: compute-7-2
compute-7-0
compute-7-1
compute-7-4
compute-7-3


+ /usr/bin/time --format %U,%S,%e,%P,%K,%c,%w,%F,%I,%O,%r,%s,%x --append --output nf.nf/logs/bioinfoScaling_processes-2_host.txt /home/a-m/azzaea/software/nextflow/21.04.1.5556 run host_workflow.nf -c nf.nf/logs/confs/nextflow.config.512 -profile cluster --ntasks=512 --log=nf.nf/hosts/host2_tasks512.txt
N E X T F L O W  ~  version 21.04.1
Launching `host_workflow.nf` [silly_khorana] - revision: 84abddf17c
[-        ] process > host1 -
[-        ] process > host2 -

[-        ] process > host1 [  0%] 0 of 52
[-        ] process > host2 -

executor >  slurm (1)
[e0/ca7e7c] process > host1 (2) [  0%] 0 of 149
[-        ] process > host2     -

executor >  slurm (1)
[e0/ca7e7c] process > host1 (2) [  0%] 0 of 246
[-        ] process > host2     -

executor >  slurm (2)
[f5/981c7a] process > host1 (5) [  0%] 0 of 382
[-        ] process > host2     -

executor >  slurm (3)
[f5/981c7a] process > host1 (5) [  0%] 0 of 450
[-        ] process > host2     -

executor >  slurm (7)
[18/e0e840] process > host1 (7) [  0%] 0 of 512
[-        ] process > host2     -

executor >  slurm (12)
[21/23b271] process > host1 (13) [  0%] 0 of 512
[-        ] process > host2      -

executor >  slurm (16)
[ae/538980] process > host1 (17) [  0%] 0 of 512
[-        ] process > host2      -

executor >  slurm (21)
[11/a3725c] process > host1 (25) [  0%] 0 of 512
[-        ] process > host2      -

executor >  slurm (27)
[1f/d415e8] process > host1 (19) [  0%] 0 of 512
[-        ] process > host2      -

executor >  slurm (33)
[e1/58c4b3] process > host1 (38) [  0%] 0 of 512
[-        ] process > host2      -

executor >  slurm (40)
[18/cb0b20] process > host1 (46) [  0%] 0 of 512
[-        ] process > host2      -

executor >  slurm (49)
[97/6d90fc] process > host1 (42) [  0%] 0 of 512
[-        ] process > host2      -

executor >  slurm (59)
[44/2cbcfc] process > host1 (56) [  0%] 0 of 512
[-        ] process > host2      -

executor >  slurm (68)
[67/7dec6c] process > host1 (74) [  0%] 0 of 512
[-        ] process > host2      -

executor >  slurm (76)
[3f/995823] process > host1 (69) [  0%] 0 of 512
[-        ] process > host2      -

executor >  slurm (81)
[a6/24cb8a] process > host1 (81) [  0%] 0 of 512
[-        ] process > host2      -

executor >  slurm (86)
[6c/33769d] process > host1 (86) [  0%] 0 of 512
[-        ] process > host2      -

executor >  slurm (92)
[c6/76ce17] process > host1 (93) [  0%] 0 of 512
[-        ] process > host2      -

executor >  slurm (102)
[38/05ffce] process > host1 (107) [  0%] 0 of 512
[-        ] process > host2       -

executor >  slurm (108)
[b5/1f938d] process > host1 (105) [  0%] 0 of 512
[-        ] process > host2       -

executor >  slurm (114)
[3d/93cf9e] process > host1 (114) [  0%] 0 of 512
[-        ] process > host2       -

executor >  slurm (118)
[90/903e5a] process > host1 (4)   [  1%] 4 of 512
[-        ] process > host2       [  0%] 0 of 2

executor >  slurm (120)
[12/a5ef5d] process > host1 (16)  [  3%] 17 of 512
[-        ] process > host2       [  0%] 0 of 17

executor >  slurm (123)
[ec/ede340] process > host1 (30)  [  7%] 37 of 512
[-        ] process > host2       [  0%] 0 of 37

executor >  slurm (127)
[55/685632] process > host1 (43)  [  9%] 45 of 512
[-        ] process > host2       [  0%] 0 of 45

executor >  slurm (130)
[61/e56534] process > host1 (73)  [ 12%] 61 of 512
[-        ] process > host2       [  0%] 0 of 60

executor >  slurm (133)
[31/8e8408] process > host1 (97)  [ 16%] 80 of 512
[-        ] process > host2       [  0%] 0 of 80

executor >  slurm (137)
[9d/0e75e8] process > host1 (145) [ 20%] 100 of 512
[-        ] process > host2       [  0%] 0 of 100

executor >  slurm (142)
[07/5851f5] process > host1 (137) [ 20%] 100 of 512
[-        ] process > host2       [  0%] 0 of 100

executor >  slurm (147)
[48/58afcd] process > host1 (142) [ 20%] 100 of 512
[-        ] process > host2       [  0%] 0 of 100

executor >  slurm (152)
[07/7267ba] process > host1 (152) [ 20%] 100 of 512
[-        ] process > host2       [  0%] 0 of 100

executor >  slurm (157)
[4d/df6495] process > host1 (163) [ 20%] 100 of 512
[-        ] process > host2       [  0%] 0 of 100

executor >  slurm (166)
[c8/3dd952] process > host1 (170) [ 20%] 100 of 512
[-        ] process > host2       [  0%] 0 of 100

executor >  slurm (171)
[8a/0a4ecc] process > host1 (156) [ 20%] 100 of 512
[-        ] process > host2       [  0%] 0 of 100

executor >  slurm (177)
[f9/62d99a] process > host1 (195) [ 20%] 100 of 512
[-        ] process > host2       [  0%] 0 of 100

executor >  slurm (182)
[8a/e52b67] process > host1 (180) [ 20%] 100 of 512
[-        ] process > host2       [  0%] 0 of 100

executor >  slurm (187)
[e5/5136e8] process > host1 (181) [ 20%] 100 of 512
[-        ] process > host2       [  0%] 0 of 100

executor >  slurm (192)
[d7/483506] process > host1 (185) [ 20%] 100 of 512
[-        ] process > host2       [  0%] 0 of 100

executor >  slurm (197)
[05/6a4ca7] process > host1 (196) [ 20%] 100 of 512
[-        ] process > host2       [  0%] 0 of 100

executor >  slurm (206)
[66/745aaf] process > host1 (216) [ 20%] 100 of 512
[-        ] process > host2       [  0%] 0 of 100

executor >  slurm (215)
[15/c9df76] process > host1 (208) [ 20%] 100 of 512
[-        ] process > host2       [  0%] 0 of 100

executor >  slurm (221)
[0b/300afc] process > host1 (221) [ 20%] 100 of 512
[-        ] process > host2       [  0%] 0 of 100

executor >  slurm (226)
[e4/19c166] process > host1 (234) [ 20%] 100 of 512
[-        ] process > host2       [  0%] 0 of 100

executor >  slurm (239)
[21/1742c1] process > host1 (245) [ 20%] 100 of 512
[-        ] process > host2       [  0%] 0 of 100

executor >  slurm (247)
[20/ea76c2] process > host1 (261) [ 20%] 100 of 512
[-        ] process > host2       [  0%] 0 of 100

executor >  slurm (255)
[84/7602c2] process > host1 (61)  [ 21%] 109 of 512
[-        ] process > host2       [  0%] 0 of 109

executor >  slurm (260)
[95/bf140f] process > host1 (116) [ 25%] 127 of 512
[-        ] process > host2       [  0%] 0 of 127

executor >  slurm (263)
[48/58afcd] process > host1 (142) [ 29%] 147 of 512
[-        ] process > host2       [  0%] 0 of 146

executor >  slurm (267)
[46/28035b] process > host1 (158) [ 33%] 170 of 512
[-        ] process > host2       [  0%] 0 of 169

executor >  slurm (272)
[51/2f0a5c] process > host1 (177) [ 38%] 193 of 512
[-        ] process > host2       [  0%] 0 of 193

executor >  slurm (276)
[a2/24d763] process > host1 (215) [ 42%] 216 of 512
[-        ] process > host2       [  0%] 0 of 216

executor >  slurm (282)
[bc/04c307] process > host1 (235) [ 45%] 232 of 512
[-        ] process > host2       [  0%] 0 of 231

executor >  slurm (286)
[6a/149b46] process > host1 (285) [ 47%] 243 of 512
[-        ] process > host2       [  0%] 0 of 243

executor >  slurm (295)
[f8/d1d5e2] process > host1 (274) [ 47%] 243 of 512
[-        ] process > host2       [  0%] 0 of 243

executor >  slurm (303)
[93/44b65e] process > host1 (310) [ 47%] 243 of 512
[-        ] process > host2       [  0%] 0 of 243

executor >  slurm (316)
[ce/e49e2b] process > host1 (320) [ 47%] 243 of 512
[-        ] process > host2       [  0%] 0 of 243

executor >  slurm (327)
[e2/705c3d] process > host1 (327) [ 47%] 243 of 512
[-        ] process > host2       [  0%] 0 of 243

executor >  slurm (340)
[9c/5278c7] process > host1 (330) [ 47%] 243 of 512
[-        ] process > host2       [  0%] 0 of 243

executor >  slurm (352)
[4a/5c1463] process > host1 (352) [ 47%] 243 of 512
[-        ] process > host2       [  0%] 0 of 243

executor >  slurm (365)
[f5/7d2cc6] process > host1 (377) [ 47%] 243 of 512
[-        ] process > host2       [  0%] 0 of 243

executor >  slurm (376)
[2a/3a4b9d] process > host1 (372) [ 47%] 243 of 512
[-        ] process > host2       [  0%] 0 of 243

executor >  slurm (389)
[fa/426b87] process > host1 (410) [ 47%] 243 of 512
[-        ] process > host2       [  0%] 0 of 243

executor >  slurm (399)
[1e/c0bee6] process > host1 (393) [ 47%] 243 of 512
[-        ] process > host2       [  0%] 0 of 243

executor >  slurm (412)
[a0/7d62f9] process > host1 (415) [ 47%] 243 of 512
[-        ] process > host2       [  0%] 0 of 243

executor >  slurm (426)
[ab/f0b6d5] process > host1 (432) [ 47%] 243 of 512
[-        ] process > host2       [  0%] 0 of 243

executor >  slurm (439)
[de/cf85a5] process > host1 (445) [ 47%] 243 of 512
[-        ] process > host2       [  0%] 0 of 243

executor >  slurm (453)
[fd/6d1609] process > host1 (477) [ 47%] 243 of 512
[-        ] process > host2       [  0%] 0 of 243

executor >  slurm (465)
[c2/c87edb] process > host1 (462) [ 47%] 243 of 512
[-        ] process > host2       [  0%] 0 of 243

executor >  slurm (478)
[29/0c31b5] process > host1 (476) [ 47%] 243 of 512
[-        ] process > host2       [  0%] 0 of 243

executor >  slurm (492)
[a0/30c5c1] process > host1 (504) [ 48%] 244 of 512
[-        ] process > host2       [  0%] 0 of 244

executor >  slurm (496)
[ef/129568] process > host1 (496) [ 52%] 264 of 512
[-        ] process > host2       [  0%] 0 of 264

executor >  slurm (501)
[43/ae9b7c] process > host1 (287) [ 57%] 291 of 512
[-        ] process > host2       [  0%] 0 of 291

executor >  slurm (506)
[57/d14a7a] process > host1 (321) [ 60%] 308 of 512
[-        ] process > host2       [  0%] 0 of 308

executor >  slurm (511)
[72/90753b] process > host1 (485) [ 63%] 325 of 512
[-        ] process > host2       [  0%] 0 of 325

executor >  slurm (517)
[88/95d4c9] process > host1 (382) [ 72%] 368 of 512
[70/3caa40] process > host2 (6)   [  0%] 0 of 368

executor >  slurm (522)
[1e/c0bee6] process > host1 (393) [ 75%] 383 of 512
[fa/18f136] process > host2 (10)  [  0%] 0 of 383

executor >  slurm (530)
[5c/49cbd8] process > host1 (428) [ 78%] 399 of 512
[7b/29f3d0] process > host2 (17)  [  0%] 0 of 399

executor >  slurm (538)
[5d/9d2398] process > host1 (449) [ 81%] 414 of 512
[15/bc40c8] process > host2 (26)  [  0%] 0 of 414

executor >  slurm (547)
[2c/ea1f1d] process > host1 (491) [ 84%] 429 of 512
[ea/8e48cb] process > host2 (35)  [  0%] 0 of 429

executor >  slurm (561)
[47/1cedd4] process > host1 (502) [ 84%] 431 of 512
[76/b3bf95] process > host2 (49)  [  0%] 0 of 431

executor >  slurm (574)
[47/1cedd4] process > host1 (502) [ 84%] 431 of 512
[3e/fbc30d] process > host2 (61)  [  0%] 0 of 431

executor >  slurm (587)
[47/1cedd4] process > host1 (502) [ 84%] 431 of 512
[ed/15c22c] process > host2 (75)  [  0%] 0 of 431

executor >  slurm (600)
[47/1cedd4] process > host1 (502) [ 84%] 431 of 512
[dd/80e9d4] process > host2 (87)  [  0%] 0 of 431

executor >  slurm (611)
[47/1cedd4] process > host1 (502) [ 84%] 431 of 512
[cc/8cb7a4] process > host2 (99)  [  0%] 0 of 431

executor >  slurm (623)
[47/1cedd4] process > host1 (502) [ 84%] 431 of 512
[f4/51fe2d] process > host2 (111) [  0%] 0 of 431

executor >  slurm (637)
[47/1cedd4] process > host1 (502) [ 84%] 431 of 512
[e6/9c09a0] process > host2 (125) [  0%] 0 of 431

executor >  slurm (648)
[47/1cedd4] process > host1 (502) [ 84%] 431 of 512
[b6/a47ab0] process > host2 (136) [  0%] 0 of 431

executor >  slurm (662)
[47/1cedd4] process > host1 (502) [ 84%] 431 of 512
[8d/e176ce] process > host2 (151) [  0%] 0 of 431

executor >  slurm (676)
[47/1cedd4] process > host1 (502) [ 84%] 431 of 512
[2c/68b661] process > host2 (164) [  0%] 0 of 431

executor >  slurm (690)
[47/1cedd4] process > host1 (502) [ 84%] 431 of 512
[39/c75b17] process > host2 (178) [  0%] 0 of 431

executor >  slurm (703)
[47/1cedd4] process > host1 (502) [ 84%] 431 of 512
[1b/945cda] process > host2 (191) [  0%] 0 of 431

executor >  slurm (716)
[47/1cedd4] process > host1 (502) [ 84%] 431 of 512
[17/d630ab] process > host2 (204) [  0%] 0 of 431

executor >  slurm (730)
[47/1cedd4] process > host1 (502) [ 84%] 431 of 512
[f4/8a761f] process > host2 (218) [  0%] 0 of 431

executor >  slurm (743)
[47/1cedd4] process > host1 (502) [ 84%] 431 of 512
[fb/643c06] process > host2 (231) [  0%] 0 of 431

executor >  slurm (755)
[68/0c7377] process > host1 (406) [ 87%] 446 of 512
[3d/019905] process > host2 (243) [  0%] 0 of 446

executor >  slurm (765)
[31/a1c7ac] process > host1 (439) [ 90%] 461 of 512
[8a/e6c679] process > host2 (253) [  0%] 0 of 461

executor >  slurm (772)
[4d/cda223] process > host1 (460) [ 93%] 477 of 512
[fa/228130] process > host2 (260) [  0%] 0 of 476

executor >  slurm (780)
[20/aeff39] process > host1 (492) [ 96%] 493 of 512
[52/58c24f] process > host2 (268) [  0%] 0 of 493

executor >  slurm (788)
[bf/6b482f] process > host1 (512) [100%] 511 of 512
[d1/9d7a8b] process > host2 (276) [  0%] 0 of 510

executor >  slurm (797)
[bf/6b482f] process > host1 (512) [100%] 511 of 512
[f3/7af611] process > host2 (51)  [  9%] 48 of 511

executor >  slurm (807)
[bf/6b482f] process > host1 (512) [100%] 511 of 512
[19/8d6fd2] process > host2 (109) [ 13%] 64 of 511

executor >  slurm (818)
[bf/6b482f] process > host1 (512) [100%] 511 of 512
[72/508ac7] process > host2 (128) [ 16%] 81 of 511

executor >  slurm (829)
[bf/6b482f] process > host1 (512) [100%] 511 of 512
[68/787ac3] process > host2 (148) [ 19%] 98 of 511

executor >  slurm (840)
[bf/6b482f] process > host1 (512) [100%] 511 of 512
[58/0b265b] process > host2 (174) [ 22%] 113 of 511

executor >  slurm (853)
[bf/6b482f] process > host1 (512) [100%] 511 of 512
[51/b83a9b] process > host2 (341) [ 23%] 120 of 511

executor >  slurm (867)
[bf/6b482f] process > host1 (512) [100%] 511 of 512
[ad/43fe45] process > host2 (355) [ 23%] 120 of 511

executor >  slurm (881)
[bf/6b482f] process > host1 (512) [100%] 511 of 512
[5d/11832a] process > host2 (369) [ 23%] 120 of 511

executor >  slurm (895)
[bf/6b482f] process > host1 (512) [100%] 511 of 512
[28/ee3eeb] process > host2 (383) [ 23%] 120 of 511

executor >  slurm (908)
[bf/6b482f] process > host1 (512) [100%] 511 of 512
[50/983037] process > host2 (396) [ 23%] 120 of 511

executor >  slurm (921)
[bf/6b482f] process > host1 (512) [100%] 511 of 512
[14/34f7d5] process > host2 (409) [ 23%] 120 of 511

executor >  slurm (936)
[bf/6b482f] process > host1 (512) [100%] 511 of 512
[14/38fcc7] process > host2 (424) [ 23%] 120 of 511

executor >  slurm (950)
[bf/6b482f] process > host1 (512) [100%] 511 of 512
[d3/b2fea5] process > host2 (438) [ 23%] 120 of 511

executor >  slurm (964)
[bf/6b482f] process > host1 (512) [100%] 511 of 512
[90/8f0ee8] process > host2 (452) [ 23%] 120 of 511

executor >  slurm (979)
[bf/6b482f] process > host1 (512) [100%] 511 of 512
[08/f97606] process > host2 (467) [ 23%] 120 of 511

executor >  slurm (993)
[bf/6b482f] process > host1 (512) [100%] 511 of 512
[9b/bdb4bb] process > host2 (481) [ 23%] 120 of 511

executor >  slurm (1007)
[bf/6b482f] process > host1 (512) [100%] 511 of 512
[3b/4d8df4] process > host2 (495) [ 23%] 120 of 511

executor >  slurm (1020)
[bf/6b482f] process > host1 (512) [100%] 511 of 512
[a7/fde828] process > host2 (508) [ 23%] 120 of 511

executor >  slurm (1023)
[bf/6b482f] process > host1 (512) [100%] 511 of 512
[46/fa957a] process > host2 (511) [ 23%] 120 of 511

executor >  slurm (1024)
[1a/a7f3ff] process > host1 (453) [100%] 512 of 512 ✔
[3b/513db6] process > host2 (52)  [ 24%] 124 of 512

executor >  slurm (1024)
[1a/a7f3ff] process > host1 (453) [100%] 512 of 512 ✔
[dd/29835d] process > host2 (81)  [ 28%] 141 of 512

executor >  slurm (1024)
[1a/a7f3ff] process > host1 (453) [100%] 512 of 512 ✔
[82/04c72b] process > host2 (102) [ 31%] 157 of 512

executor >  slurm (1024)
[1a/a7f3ff] process > host1 (453) [100%] 512 of 512 ✔
[64/c9572e] process > host2 (172) [ 34%] 172 of 512

executor >  slurm (1024)
[1a/a7f3ff] process > host1 (453) [100%] 512 of 512 ✔
[82/ac64ec] process > host2 (203) [ 37%] 191 of 512

executor >  slurm (1024)
[1a/a7f3ff] process > host1 (453) [100%] 512 of 512 ✔
[ab/39b2f7] process > host2 (223) [ 41%] 208 of 512

executor >  slurm (1024)
[1a/a7f3ff] process > host1 (453) [100%] 512 of 512 ✔
[3d/019905] process > host2 (243) [ 44%] 227 of 512

executor >  slurm (1024)
[1a/a7f3ff] process > host1 (453) [100%] 512 of 512 ✔
[6e/689522] process > host2 (266) [ 47%] 243 of 512

executor >  slurm (1024)
[1a/a7f3ff] process > host1 (453) [100%] 512 of 512 ✔
[45/a8a69d] process > host2 (294) [ 50%] 258 of 512

executor >  slurm (1024)
[1a/a7f3ff] process > host1 (453) [100%] 512 of 512 ✔
[eb/0e9041] process > host2 (345) [ 60%] 309 of 512

executor >  slurm (1024)
[1a/a7f3ff] process > host1 (453) [100%] 512 of 512 ✔
[6d/9d2231] process > host2 (361) [ 63%] 325 of 512

executor >  slurm (1024)
[1a/a7f3ff] process > host1 (453) [100%] 512 of 512 ✔
[7f/3a070b] process > host2 (411) [ 67%] 343 of 512

executor >  slurm (1024)
[1a/a7f3ff] process > host1 (453) [100%] 512 of 512 ✔
[7e/01e045] process > host2 (171) [ 69%] 351 of 512

executor >  slurm (1024)
[1a/a7f3ff] process > host1 (453) [100%] 512 of 512 ✔
[9f/5ca929] process > host2 (271) [ 72%] 369 of 512

executor >  slurm (1024)
[1a/a7f3ff] process > host1 (453) [100%] 512 of 512 ✔
[40/f5a3d0] process > host2 (417) [ 81%] 417 of 512

executor >  slurm (1024)
[1a/a7f3ff] process > host1 (453) [100%] 512 of 512 ✔
[9e/24f367] process > host2 (450) [ 85%] 433 of 512

executor >  slurm (1024)
[1a/a7f3ff] process > host1 (453) [100%] 512 of 512 ✔
[18/79b956] process > host2 (496) [ 88%] 450 of 512

executor >  slurm (1024)
[1a/a7f3ff] process > host1 (453) [100%] 512 of 512 ✔
[00/96d18f] process > host2 (512) [ 91%] 466 of 512

executor >  slurm (1024)
[1a/a7f3ff] process > host1 (453) [100%] 512 of 512 ✔
[ac/fc1edb] process > host2 (440) [ 93%] 478 of 512

executor >  slurm (1024)
[1a/a7f3ff] process > host1 (453) [100%] 512 of 512 ✔
[44/90220c] process > host2 (469) [ 97%] 497 of 512

executor >  slurm (1024)
[1a/a7f3ff] process > host1 (453) [100%] 512 of 512 ✔
[bb/36682d] process > host2 (486) [100%] 512 of 512 ✔

executor >  slurm (1024)
[1a/a7f3ff] process > host1 (453) [100%] 512 of 512 ✔
[bb/36682d] process > host2 (486) [100%] 512 of 512 ✔
Hostname: compute-7-2
compute-7-0
compute-7-1
compute-7-4
compute-7-3


+ echo -e 'Done processing * 512 * tasks, on * 512 * cores'
+ echo '##############################################################################################'
+ cd nf.nf/hosts
+ echo 'nodes processes tasks'
++ ls -1v
+ for file in '`ls -1v`'
+ sed 's/_/ /g'
++ wc -l host1_tasks1.txt
+ echo 1 host1_tasks1.txt
+ for file in '`ls -1v`'
+ sed 's/_/ /g'
++ wc -l host1_tasks2.txt
+ echo 1 host1_tasks2.txt
+ for file in '`ls -1v`'
+ sed 's/_/ /g'
++ wc -l host1_tasks4.txt
+ echo 1 host1_tasks4.txt
+ for file in '`ls -1v`'
+ sed 's/_/ /g'
++ wc -l host1_tasks8.txt
+ echo 1 host1_tasks8.txt
+ for file in '`ls -1v`'
+ sed 's/_/ /g'
++ wc -l host1_tasks16.txt
+ echo 2 host1_tasks16.txt
+ for file in '`ls -1v`'
+ sed 's/_/ /g'
++ wc -l host1_tasks32.txt
+ echo 2 host1_tasks32.txt
+ for file in '`ls -1v`'
+ sed 's/_/ /g'
++ wc -l host1_tasks64.txt
+ echo 3 host1_tasks64.txt
+ for file in '`ls -1v`'
+ sed 's/_/ /g'
++ wc -l host1_tasks128.txt
+ echo 4 host1_tasks128.txt
+ for file in '`ls -1v`'
+ sed 's/_/ /g'
++ wc -l host1_tasks256.txt
+ echo 5 host1_tasks256.txt
+ for file in '`ls -1v`'
+ sed 's/_/ /g'
++ wc -l host1_tasks512.txt
+ echo 5 host1_tasks512.txt
+ for file in '`ls -1v`'
+ sed 's/_/ /g'
++ wc -l host2_tasks1.txt
+ echo 1 host2_tasks1.txt
+ for file in '`ls -1v`'
+ sed 's/_/ /g'
++ wc -l host2_tasks2.txt
+ echo 1 host2_tasks2.txt
+ for file in '`ls -1v`'
+ sed 's/_/ /g'
++ wc -l host2_tasks4.txt
+ echo 2 host2_tasks4.txt
+ for file in '`ls -1v`'
+ sed 's/_/ /g'
++ wc -l host2_tasks8.txt
+ echo 1 host2_tasks8.txt
+ for file in '`ls -1v`'
+ sed 's/_/ /g'
++ wc -l host2_tasks16.txt
+ echo 2 host2_tasks16.txt
+ for file in '`ls -1v`'
+ sed 's/_/ /g'
++ wc -l host2_tasks32.txt
+ echo 1 host2_tasks32.txt
+ for file in '`ls -1v`'
+ sed 's/_/ /g'
++ wc -l host2_tasks64.txt
+ echo 5 host2_tasks64.txt
+ for file in '`ls -1v`'
+ sed 's/_/ /g'
++ wc -l host2_tasks128.txt
+ echo 5 host2_tasks128.txt
+ for file in '`ls -1v`'
+ sed 's/_/ /g'
++ wc -l host2_tasks256.txt
+ echo 5 host2_tasks256.txt
+ for file in '`ls -1v`'
+ sed 's/_/ /g'
++ wc -l host2_tasks512.txt
+ echo 5 host2_tasks512.txt
+ mail -s 'WfMS- Bio-Scalability' azzaea@gmail.com
+ echo 'Bio-Scalability analysis completed for Nextflow!'
